#ClusterEigenvalue -49.664
# g emean emean / nmean nmean domean / config->nTotalSites s2mean / config->nTotalSites staggmag / config->nTotalSites epert / config->nTotalSites ess->getGroundStateEnergy() * config->nClusters ess->getGroundStateEnergy() * config->nClusters / nmean 
0 -198.655 -6.20798 32 0.0164766 0.967047 8.95085e+18 0 -198.656 -6.20799 
0.02 -198.753 -6.21104 32 0.0161797 0.967641 8.30428e+18 -0.109989 -198.656 -6.20799 
0.04 -198.839 -6.21373 32 0.0164492 0.967102 8.38188e+18 -0.238546 -198.656 -6.20799 
0.06 -198.857 -6.21429 32 0.0169141 0.966172 9.27907e+18 -0.292012 -198.656 -6.20799 
0.08 -198.912 -6.21601 32 0.0167422 0.966516 8.65837e+18 -0.465163 -198.656 -6.20799 
0.1 -198.913 -6.21604 32 0.0174688 0.965062 9.51737e+18 -0.612952 -198.656 -6.20799 
0.12 -198.894 -6.21543 32 0.0178242 0.964352 8.38138e+18 -0.71982 -198.656 -6.20799 
0.14 -198.821 -6.21315 32 0.0180195 0.963961 8.49674e+18 -0.807536 -198.656 -6.20799 
0.16 -198.688 -6.209 32 0.018832 0.962336 9.19664e+18 -1.02406 -198.656 -6.20799 
0.18 -198.514 -6.20356 32 0.020082 0.959836 9.45086e+18 -1.26089 -198.656 -6.20799 
0.2 -198.491 -6.20284 32 0.0195 0.961 8.80443e+18 -1.19692 -198.656 -6.20799 
0.22 -198.361 -6.19879 32 0.0208398 0.95832 8.75183e+18 -1.34158 -198.656 -6.20799 
0.24 -198.205 -6.1939 32 0.021457 0.957086 9.15528e+18 -1.51871 -198.656 -6.20799 
0.26 -197.833 -6.18227 32 0.0225117 0.954977 8.66464e+18 -1.66038 -198.656 -6.20799 
0.28 -197.636 -6.17612 32 0.0236211 0.952758 9.0789e+18 -1.83016 -198.656 -6.20799 
0.3 -197.478 -6.17119 32 0.0237969 0.952406 9.41605e+18 -1.9287 -198.656 -6.20799 
0.32 -197.217 -6.16302 32 0.0247383 0.950523 9.36669e+18 -2.00001 -198.656 -6.20799 
0.34 -196.903 -6.15323 32 0.0261055 0.947789 8.53313e+18 -2.12957 -198.656 -6.20799 
0.36 -196.497 -6.14053 32 0.0271484 0.945703 8.84918e+18 -2.36089 -198.656 -6.20799 
0.38 -196.452 -6.13913 32 0.0278516 0.944297 8.9693e+18 -2.31434 -198.656 -6.20799 
0.4 -196.082 -6.12757 32 0.0288125 0.942375 8.55396e+18 -2.56344 -198.656 -6.20799 
0.42 -195.711 -6.11596 32 0.0292773 0.941445 8.99091e+18 -2.71592 -198.656 -6.20799 
0.44 -195.309 -6.10341 32 0.032125 0.93575 8.32907e+18 -2.80679 -198.656 -6.20799 
0.46 -194.987 -6.09333 32 0.0327344 0.934531 9.39984e+18 -3.03401 -198.656 -6.20799 
0.48 -194.826 -6.08832 32 0.0332305 0.933539 7.89045e+18 -3.01805 -198.656 -6.20799 
0.5 -194.482 -6.07755 32 0.0346719 0.930656 9.27143e+18 -3.1457 -198.656 -6.20799 
0.52 -194.048 -6.06399 32 0.0352383 0.929523 8.21903e+18 -3.30755 -198.656 -6.20799 
0.54 -193.708 -6.05338 32 0.0367969 0.926406 8.31119e+18 -3.55378 -198.656 -6.20799 
0.56 -193.421 -6.0444 32 0.0384219 0.923156 8.50683e+18 -3.59182 -198.656 -6.20799 
0.58 -193.385 -6.04327 32 0.038332 0.923336 7.93621e+18 -3.55957 -198.656 -6.20799 
0.6 -192.633 -6.01979 32 0.0401797 0.919641 8.61758e+18 -3.84918 -198.656 -6.20799 
0.62 -192.364 -6.01137 32 0.0403242 0.919352 8.09646e+18 -3.83491 -198.656 -6.20799 
0.64 -192.232 -6.00726 32 0.0415625 0.916875 8.92354e+18 -3.9446 -198.656 -6.20799 
0.66 -191.821 -5.9944 32 0.0423555 0.915289 7.63998e+18 -4.07464 -198.656 -6.20799 
0.68 -191.442 -5.98258 32 0.0433594 0.913281 9.20593e+18 -4.18726 -198.656 -6.20799 
0.7 -190.959 -5.96746 32 0.0450625 0.909875 8.19597e+18 -4.36672 -198.656 -6.20799 
0.72 -190.964 -5.96763 32 0.0447969 0.910406 8.75838e+18 -4.37706 -198.656 -6.20799 
0.74 -190.336 -5.94801 32 0.0468789 0.906242 8.88946e+18 -4.51935 -198.656 -6.20799 
0.76 -190.337 -5.94803 32 0.0468242 0.906352 8.83988e+18 -4.63304 -198.656 -6.20799 
0.78 -189.834 -5.9323 32 0.0483203 0.903359 8.21918e+18 -4.74505 -198.656 -6.20799 
0.8 -189.745 -5.92953 32 0.0490273 0.901945 8.18992e+18 -4.68725 -198.656 -6.20799 
0.82 -189.753 -5.92977 32 0.0486797 0.902641 8.0515e+18 -4.7344 -198.656 -6.20799 
0.84 -189.301 -5.91567 32 0.0496836 0.900633 8.47015e+18 -4.88311 -198.656 -6.20799 
0.86 -188.824 -5.90074 32 0.0505742 0.898852 8.04134e+18 -4.98268 -198.656 -6.20799 
0.88 -189.155 -5.91109 32 0.0499531 0.900094 7.69907e+18 -4.98734 -198.656 -6.20799 
0.9 -188.915 -5.90359 32 0.0515859 0.896828 8.47023e+18 -5.12259 -198.656 -6.20799 
0.92 -188.598 -5.8937 32 0.0521172 0.895766 7.97079e+18 -5.17086 -198.656 -6.20799 
0.94 -188.208 -5.88151 32 0.0525859 0.894828 8.09819e+18 -5.17806 -198.656 -6.20799 
0.96 -188.329 -5.88527 32 0.0526797 0.894641 8.64915e+18 -5.21797 -198.656 -6.20799 
0.98 -187.93 -5.87282 32 0.0537266 0.892547 8.11095e+18 -5.27979 -198.656 -6.20799 
