#ClusterEigenvalue -30.7231
# g emean emean / nmean nmean domean / config->nTotalSites s2mean / config->nTotalSites staggmag / config->nTotalSites epert / config->nTotalSites ess->getGroundStateEnergy() * config->nClusters ess->getGroundStateEnergy() * config->nClusters / nmean 
0 -122.892 -3.84039 32 0.0417656 0.916469 8.49934e+18 0 -122.892 -3.84039 
0.02 -123.022 -3.84445 32 0.0424141 0.915172 8.2426e+18 -0.141863 -122.892 -3.84039 
0.04 -123.092 -3.84661 32 0.0430313 0.913938 8.67199e+18 -0.231472 -122.892 -3.84039 
0.06 -123.188 -3.84962 32 0.0423008 0.915398 8.08681e+18 -0.369628 -122.892 -3.84039 
0.08 -123.26 -3.85189 32 0.0432617 0.913477 8.50373e+18 -0.513951 -122.892 -3.84039 
0.1 -123.279 -3.85247 32 0.0426523 0.914695 8.6454e+18 -0.587208 -122.892 -3.84039 
0.12 -123.315 -3.8536 32 0.0432266 0.913547 8.23734e+18 -0.723856 -122.892 -3.84039 
0.14 -123.337 -3.85428 32 0.042793 0.914414 8.24944e+18 -0.868361 -122.892 -3.84039 
0.16 -123.3 -3.85314 32 0.04375 0.9125 8.3643e+18 -1.01392 -122.892 -3.84039 
0.18 -123.312 -3.85349 32 0.043918 0.912164 8.01028e+18 -1.08051 -122.892 -3.84039 
0.2 -123.289 -3.85279 32 0.0451211 0.909758 8.0747e+18 -1.23979 -122.892 -3.84039 
0.22 -123.255 -3.85173 32 0.0464258 0.907148 8.12457e+18 -1.34801 -122.892 -3.84039 
0.24 -123.21 -3.8503 32 0.0468789 0.906242 8.26119e+18 -1.45253 -122.892 -3.84039 
0.26 -123.177 -3.84928 32 0.0456914 0.908617 8.11376e+18 -1.57894 -122.892 -3.84039 
0.28 -123.016 -3.84424 32 0.0481602 0.90368 8.57925e+18 -1.72958 -122.892 -3.84039 
0.3 -122.921 -3.84128 32 0.0491133 0.901773 8.03442e+18 -1.87344 -122.892 -3.84039 
0.32 -122.84 -3.83875 32 0.0504961 0.899008 8.55071e+18 -2.0288 -122.892 -3.84039 
0.34 -122.717 -3.8349 32 0.0520703 0.895859 8.15087e+18 -2.16328 -122.892 -3.84039 
0.36 -122.685 -3.83391 32 0.0507617 0.898477 7.9481e+18 -2.22264 -122.892 -3.84039 
0.38 -122.463 -3.82698 32 0.0526328 0.894734 8.20606e+18 -2.39127 -122.892 -3.84039 
0.4 -122.32 -3.82249 32 0.0541758 0.891648 8.23258e+18 -2.54423 -122.892 -3.84039 
0.42 -122.255 -3.82046 32 0.0547891 0.890422 7.95156e+18 -2.61272 -122.892 -3.84039 
0.44 -122.097 -3.81555 32 0.0557617 0.888477 8.199e+18 -2.80432 -122.892 -3.84039 
0.46 -122.001 -3.81252 32 0.056168 0.887664 7.72076e+18 -2.83748 -122.892 -3.84039 
0.48 -121.812 -3.80662 32 0.056457 0.887086 8.58091e+18 -2.9396 -122.892 -3.84039 
0.5 -121.602 -3.80005 32 0.0573633 0.885273 7.94089e+18 -3.12178 -122.892 -3.84039 
0.52 -121.453 -3.7954 32 0.0590195 0.881961 8.50344e+18 -3.27046 -122.892 -3.84039 
0.54 -121.177 -3.78679 32 0.0605313 0.878937 7.98737e+18 -3.37094 -122.892 -3.84039 
0.56 -121.152 -3.786 32 0.0613828 0.877234 7.61786e+18 -3.45516 -122.892 -3.84039 
0.58 -120.97 -3.78033 32 0.0615508 0.876898 7.65561e+18 -3.526 -122.892 -3.84039 
0.6 -120.824 -3.77574 32 0.0626875 0.874625 7.86573e+18 -3.71961 -122.892 -3.84039 
0.62 -120.727 -3.77272 32 0.064125 0.87175 7.92713e+18 -3.78458 -122.892 -3.84039 
0.64 -120.512 -3.766 32 0.063793 0.872414 8.00935e+18 -3.91392 -122.892 -3.84039 
0.66 -120.345 -3.76077 32 0.0651367 0.869727 7.95573e+18 -3.98354 -122.892 -3.84039 
0.68 -120.272 -3.7585 32 0.0648984 0.870203 8.01158e+18 -3.99526 -122.892 -3.84039 
0.7 -120.004 -3.75011 32 0.0672383 0.865523 8.08191e+18 -4.18586 -122.892 -3.84039 
0.72 -119.752 -3.74224 32 0.0678008 0.864398 7.70116e+18 -4.31547 -122.892 -3.84039 
0.74 -119.698 -3.74056 32 0.0681094 0.863781 8.31746e+18 -4.28682 -122.892 -3.84039 
0.76 -119.426 -3.73207 32 0.0693555 0.861289 7.79152e+18 -4.51391 -122.892 -3.84039 
0.78 -119.64 -3.73874 32 0.0685859 0.862828 7.99983e+18 -4.49613 -122.892 -3.84039 
0.8 -119.267 -3.72709 32 0.0713594 0.857281 8.5033e+18 -4.66454 -122.892 -3.84039 
0.82 -119.025 -3.71954 32 0.0713242 0.857352 7.5409e+18 -4.78825 -122.892 -3.84039 
0.84 -118.936 -3.71675 32 0.0729609 0.854078 8.0961e+18 -4.75555 -122.892 -3.84039 
0.86 -118.921 -3.71629 32 0.0722461 0.855508 7.80096e+18 -4.88725 -122.892 -3.84039 
0.88 -118.843 -3.71383 32 0.0726289 0.854742 8.11758e+18 -4.91224 -122.892 -3.84039 
0.9 -118.798 -3.71243 32 0.0725352 0.85493 7.70822e+18 -4.92988 -122.892 -3.84039 
0.92 -118.552 -3.70476 32 0.0737266 0.852547 8.41633e+18 -5.03916 -122.892 -3.84039 
0.94 -118.528 -3.704 32 0.0727695 0.854461 7.71614e+18 -5.0532 -122.892 -3.84039 
0.96 -118.355 -3.69859 32 0.0736875 0.852625 8.24094e+18 -5.13097 -122.892 -3.84039 
0.98 -118.153 -3.69227 32 0.0747227 0.850555 7.93873e+18 -5.21104 -122.892 -3.84039 
