#ClusterEigenvalue -65.2621
# g emean emean / nmean nmean domean / config->nTotalSites s2mean / config->nTotalSites staggmag / config->nTotalSites epert / config->nTotalSites ess->getGroundStateEnergy() * config->nClusters ess->getGroundStateEnergy() * config->nClusters / nmean 
0 -261.048 -8.15776 32 0.00933984 0.98132 8.85653e+18 0 -261.048 -8.15777 
0.02 -261.178 -8.16182 32 0.010043 0.979914 8.4641e+18 -0.159996 -261.048 -8.15777 
0.04 -261.188 -8.16212 32 0.00923047 0.981539 9.79666e+18 -0.194017 -261.048 -8.15777 
0.06 -261.226 -8.1633 32 0.00969531 0.980609 8.31437e+18 -0.342582 -261.048 -8.15777 
0.08 -261.244 -8.16387 32 0.010125 0.97975 8.90142e+18 -0.510947 -261.048 -8.15777 
0.1 -261.168 -8.16151 32 0.0102188 0.979563 9.13906e+18 -0.714668 -261.048 -8.15777 
0.12 -261.097 -8.15929 32 0.0108672 0.978266 8.65794e+18 -0.665102 -261.048 -8.15777 
0.14 -260.972 -8.15538 32 0.0110391 0.977922 8.97816e+18 -0.81563 -261.048 -8.15777 
0.16 -260.771 -8.1491 32 0.0120234 0.975953 8.88218e+18 -1.0223 -261.048 -8.15777 
0.18 -260.654 -8.14543 32 0.0122773 0.975445 8.37886e+18 -1.04029 -261.048 -8.15777 
0.2 -260.506 -8.1408 32 0.0128789 0.974242 8.68208e+18 -1.1415 -261.048 -8.15777 
0.22 -260.071 -8.12721 32 0.0142188 0.971562 9.13957e+18 -1.42231 -261.048 -8.15777 
0.24 -259.715 -8.11609 32 0.015418 0.969164 1.00773e+19 -1.64975 -261.048 -8.15777 
0.26 -259.507 -8.10958 32 0.0157813 0.968437 9.35207e+18 -1.63398 -261.048 -8.15777 
0.28 -259.099 -8.09686 32 0.0165625 0.966875 8.21983e+18 -1.89173 -261.048 -8.15777 
0.3 -258.983 -8.09322 32 0.016543 0.966914 9.20507e+18 -1.84693 -261.048 -8.15777 
0.32 -258.385 -8.07453 32 0.0186289 0.962742 9.20276e+18 -2.01595 -261.048 -8.15777 
0.34 -258.489 -8.07779 32 0.0183594 0.963281 8.71392e+18 -2.01567 -261.048 -8.15777 
0.36 -257.831 -8.05721 32 0.0196133 0.960773 9.18597e+18 -2.20915 -261.048 -8.15777 
0.38 -257.295 -8.04048 32 0.0210195 0.957961 8.68561e+18 -2.36855 -261.048 -8.15777 
0.4 -257.011 -8.0316 32 0.02225 0.9555 8.92894e+18 -2.50859 -261.048 -8.15777 
0.42 -256.173 -8.0054 32 0.0240742 0.951852 8.64324e+18 -2.72474 -261.048 -8.15777 
0.44 -256.359 -8.01121 32 0.0235547 0.952891 8.81603e+18 -2.65547 -261.048 -8.15777 
0.46 -255.776 -7.99299 32 0.0253398 0.94932 8.95337e+18 -2.80848 -261.048 -8.15777 
0.48 -254.936 -7.96674 32 0.0268125 0.946375 9.20507e+18 -3.02047 -261.048 -8.15777 
0.5 -254.585 -7.95577 32 0.0278281 0.944344 8.04804e+18 -3.13609 -261.048 -8.15777 
0.52 -254.329 -7.94777 32 0.0280508 0.943898 8.50006e+18 -3.20875 -261.048 -8.15777 
0.54 -253.379 -7.91808 32 0.0310937 0.937812 8.78418e+18 -3.42053 -261.048 -8.15777 
0.56 -252.759 -7.89871 32 0.0323438 0.935312 8.37461e+18 -3.54553 -261.048 -8.15777 
0.58 -252.17 -7.88031 32 0.0329023 0.934195 8.56995e+18 -3.72434 -261.048 -8.15777 
0.6 -251.96 -7.87374 32 0.0341172 0.931766 7.41509e+18 -3.82547 -261.048 -8.15777 
0.62 -251.739 -7.86684 32 0.0342109 0.931578 7.38158e+18 -3.9266 -261.048 -8.15777 
0.64 -250.608 -7.8315 32 0.0363867 0.927227 8.26003e+18 -4.10507 -261.048 -8.15777 
0.66 -250.53 -7.82907 32 0.036832 0.926336 8.35493e+18 -4.06862 -261.048 -8.15777 
0.68 -250.082 -7.81505 32 0.037832 0.924336 9.00511e+18 -4.2223 -261.048 -8.15777 
0.7 -249.87 -7.80843 32 0.0386406 0.922719 9.46138e+18 -4.32131 -261.048 -8.15777 
0.72 -249.361 -7.79254 32 0.0390469 0.921906 9.00763e+18 -4.37696 -261.048 -8.15777 
0.74 -249.045 -7.78267 32 0.0397539 0.920492 8.2578e+18 -4.49538 -261.048 -8.15777 
0.76 -248.597 -7.76866 32 0.0414062 0.917188 8.61917e+18 -4.56628 -261.048 -8.15777 
0.78 -248.945 -7.77954 32 0.040332 0.919336 8.29203e+18 -4.52367 -261.048 -8.15777 
0.8 -247.84 -7.745 32 0.0429883 0.914023 7.76111e+18 -4.7574 -261.048 -8.15777 
0.82 -247.049 -7.72029 32 0.0447734 0.910453 7.88433e+18 -4.98126 -261.048 -8.15777 
0.84 -247.13 -7.72282 32 0.0444453 0.911109 8.10979e+18 -4.87208 -261.048 -8.15777 
0.86 -246.503 -7.70323 32 0.0455391 0.908922 8.58487e+18 -5.12667 -261.048 -8.15777 
0.88 -246.21 -7.69406 32 0.0464961 0.907008 8.70312e+18 -5.11418 -261.048 -8.15777 
0.9 -246.676 -7.70862 32 0.0448672 0.910266 8.68352e+18 -5.01133 -261.048 -8.15777 
0.92 -246.263 -7.69573 32 0.0460469 0.907906 7.79735e+18 -5.12651 -261.048 -8.15777 
0.94 -245.609 -7.67527 32 0.0475195 0.904961 8.80825e+18 -5.20095 -261.048 -8.15777 
0.96 -245.862 -7.68317 32 0.0471875 0.905625 7.9107e+18 -5.2516 -261.048 -8.15777 
0.98 -245.518 -7.67243 32 0.0474844 0.905031 8.94047e+18 -5.23952 -261.048 -8.15777 
