#ClusterEigenvalue -38.1762
# g emean emean / nmean nmean domean / config->nTotalSites s2mean / config->nTotalSites staggmag / config->nTotalSites epert / config->nTotalSites ess->getGroundStateEnergy() * config->nClusters ess->getGroundStateEnergy() * config->nClusters / nmean 
0 -152.705 -4.77203 32 0.0279063 0.944187 9.32757e+18 0 -152.705 -4.77203 
0.02 -152.811 -4.77535 32 0.0278672 0.944266 8.75615e+18 -0.116797 -152.705 -4.77203 
0.04 -152.911 -4.77847 32 0.0279375 0.944125 8.30399e+18 -0.250833 -152.705 -4.77203 
0.06 -152.976 -4.78051 32 0.0276875 0.944625 8.81625e+18 -0.36519 -152.705 -4.77203 
0.08 -153.023 -4.78196 32 0.0285234 0.942953 8.5461e+18 -0.493485 -152.705 -4.77203 
0.1 -153.044 -4.78262 32 0.027832 0.944336 8.44378e+18 -0.568375 -152.705 -4.77203 
0.12 -153.053 -4.78292 32 0.0291289 0.941742 8.55706e+18 -0.743838 -152.705 -4.77203 
0.14 -153.029 -4.78216 32 0.030043 0.939914 8.379e+18 -0.833069 -152.705 -4.77203 
0.16 -153 -4.78124 32 0.0293242 0.941352 8.73806e+18 -0.957134 -152.705 -4.77203 
0.18 -152.917 -4.77864 32 0.0305742 0.938852 8.68943e+18 -1.13317 -152.705 -4.77203 
0.2 -152.846 -4.77643 32 0.0311133 0.937773 8.74196e+18 -1.19744 -152.705 -4.77203 
0.22 -152.804 -4.77512 32 0.031082 0.937836 8.78742e+18 -1.35132 -152.705 -4.77203 
0.24 -152.72 -4.7725 32 0.0328164 0.934367 8.52463e+18 -1.51157 -152.705 -4.77203 
0.26 -152.502 -4.76569 32 0.0332539 0.933492 8.55742e+18 -1.62298 -152.705 -4.77203 
0.28 -152.498 -4.76557 32 0.0333164 0.933367 8.53032e+18 -1.6293 -152.705 -4.77203 
0.3 -152.293 -4.75916 32 0.034125 0.93175 8.68827e+18 -1.86752 -152.705 -4.77203 
0.32 -152.151 -4.75473 32 0.0356133 0.928773 8.55497e+18 -2.00242 -152.705 -4.77203 
0.34 -151.925 -4.74766 32 0.0370703 0.925859 8.54819e+18 -2.14897 -152.705 -4.77203 
0.36 -151.794 -4.74355 32 0.0366758 0.926648 8.54207e+18 -2.22209 -152.705 -4.77203 
0.38 -151.504 -4.73449 32 0.0402422 0.919516 8.86042e+18 -2.40588 -152.705 -4.77203 
0.4 -151.353 -4.72979 32 0.0395703 0.920859 8.44493e+18 -2.55847 -152.705 -4.77203 
0.42 -151.244 -4.72637 32 0.0411641 0.917672 8.00063e+18 -2.61488 -152.705 -4.77203 
0.44 -150.937 -4.71678 32 0.0421836 0.915633 8.6289e+18 -2.70845 -152.705 -4.77203 
0.46 -150.641 -4.70752 32 0.0431758 0.913648 8.58718e+18 -2.92687 -152.705 -4.77203 
0.48 -150.687 -4.70897 32 0.0432461 0.913508 8.26529e+18 -2.94765 -152.705 -4.77203 
0.5 -150.261 -4.69566 32 0.0448008 0.910398 8.53522e+18 -3.17315 -152.705 -4.77203 
0.52 -149.919 -4.68498 32 0.0469844 0.906031 8.20037e+18 -3.32205 -152.705 -4.77203 
0.54 -149.758 -4.67993 32 0.0474062 0.905188 8.20851e+18 -3.46126 -152.705 -4.77203 
0.56 -149.438 -4.66995 32 0.049207 0.901586 8.12147e+18 -3.61489 -152.705 -4.77203 
0.58 -149.378 -4.66805 32 0.0474805 0.905039 8.09646e+18 -3.61296 -152.705 -4.77203 
0.6 -149.132 -4.66037 32 0.0494062 0.901188 8.35688e+18 -3.71207 -152.705 -4.77203 
0.62 -148.912 -4.65349 32 0.0505664 0.898867 8.25369e+18 -3.80883 -152.705 -4.77203 
0.64 -148.805 -4.65015 32 0.0504922 0.899016 7.96287e+18 -3.90643 -152.705 -4.77203 
0.66 -148.547 -4.64209 32 0.0524414 0.895117 8.71356e+18 -4.01223 -152.705 -4.77203 
0.68 -148.255 -4.63298 32 0.0534961 0.893008 8.83779e+18 -4.12637 -152.705 -4.77203 
0.7 -147.922 -4.62255 32 0.0545977 0.890805 8.70557e+18 -4.18119 -152.705 -4.77203 
0.72 -147.976 -4.62425 32 0.0543164 0.891367 8.21435e+18 -4.33876 -152.705 -4.77203 
0.74 -147.538 -4.61055 32 0.0566328 0.886734 8.24447e+18 -4.51228 -152.705 -4.77203 
0.76 -147.475 -4.60859 32 0.0565078 0.886984 8.37561e+18 -4.5344 -152.705 -4.77203 
0.78 -147.2 -4.59999 32 0.0586406 0.882719 8.41647e+18 -4.68955 -152.705 -4.77203 
0.8 -146.887 -4.59021 32 0.058457 0.883086 8.61766e+18 -4.7593 -152.705 -4.77203 
0.82 -146.718 -4.58495 32 0.0593711 0.881258 8.1451e+18 -4.84092 -152.705 -4.77203 
0.84 -146.749 -4.5859 32 0.0593594 0.881281 8.40761e+18 -4.81359 -152.705 -4.77203 
0.86 -146.572 -4.58037 32 0.0593555 0.881289 8.18855e+18 -4.90994 -152.705 -4.77203 
0.88 -146.271 -4.57098 32 0.0610312 0.877937 8.3581e+18 -4.99114 -152.705 -4.77203 
0.9 -146.034 -4.56357 32 0.0613594 0.877281 8.91396e+18 -5.12236 -152.705 -4.77203 
0.92 -146.1 -4.56563 32 0.0615156 0.876969 8.16463e+18 -5.07893 -152.705 -4.77203 
0.94 -146.077 -4.56492 32 0.0619023 0.876195 8.17919e+18 -5.14559 -152.705 -4.77203 
0.96 -145.991 -4.56222 32 0.0615508 0.876898 7.90465e+18 -5.12668 -152.705 -4.77203 
0.98 -145.688 -4.55274 32 0.0631094 0.873781 8.07722e+18 -5.24371 -152.705 -4.77203 
