#ClusterEigenvalue -9.51754
# g emean emean / nmean nmean domean / config->nTotalSites s2mean / config->nTotalSites staggmag / config->nTotalSites epert / config->nTotalSites ess->getGroundStateEnergy() * config->nClusters ess->getGroundStateEnergy() * config->nClusters / nmean 
0 -38.0702 -1.18969 32 0.248492 0.503016 4.68619e+18 0 -38.0702 -1.18969 
0.02 -38.2028 -1.19384 32 0.249551 0.500898 4.55699e+18 -0.135137 -38.0702 -1.18969 
0.04 -38.3115 -1.19723 32 0.250594 0.498812 4.56838e+18 -0.251116 -38.0702 -1.18969 
0.06 -38.4188 -1.20059 32 0.250227 0.499547 4.6088e+18 -0.368524 -38.0702 -1.18969 
0.08 -38.4884 -1.20276 32 0.24984 0.50032 4.62264e+18 -0.446768 -38.0702 -1.18969 
0.1 -38.6196 -1.20686 32 0.249223 0.501555 4.64469e+18 -0.598176 -38.0702 -1.18969 
0.12 -38.735 -1.21047 32 0.249172 0.501656 4.64699e+18 -0.745577 -38.0702 -1.18969 
0.14 -38.8166 -1.21302 32 0.250059 0.499883 4.59857e+18 -0.852826 -38.0702 -1.18969 
0.16 -38.8983 -1.21557 32 0.250293 0.499414 4.63049e+18 -0.959779 -38.0702 -1.18969 
0.18 -38.969 -1.21778 32 0.251117 0.497766 4.64764e+18 -1.06458 -38.0702 -1.18969 
0.2 -39.0417 -1.22005 32 0.249598 0.500805 4.63229e+18 -1.16971 -38.0702 -1.18969 
0.22 -39.0944 -1.2217 32 0.249457 0.501086 4.64238e+18 -1.25338 -38.0702 -1.18969 
0.24 -39.181 -1.22441 32 0.250188 0.499625 4.63928e+18 -1.39223 -38.0702 -1.18969 
0.26 -39.2611 -1.22691 32 0.250379 0.499242 4.59944e+18 -1.5355 -38.0702 -1.18969 
0.28 -39.3213 -1.22879 32 0.250273 0.499453 4.6039e+18 -1.64521 -38.0702 -1.18969 
0.3 -39.3866 -1.23083 32 0.250242 0.499516 4.58762e+18 -1.78041 -38.0702 -1.18969 
0.32 -39.4317 -1.23224 32 0.250605 0.498789 4.60441e+18 -1.88445 -38.0702 -1.18969 
0.34 -39.4762 -1.23363 32 0.25025 0.4995 4.52738e+18 -1.99038 -38.0702 -1.18969 
0.36 -39.5053 -1.23454 32 0.250414 0.499172 4.61702e+18 -2.07861 -38.0702 -1.18969 
0.38 -39.5568 -1.23615 32 0.250332 0.499336 4.62567e+18 -2.21096 -38.0702 -1.18969 
0.4 -39.5741 -1.23669 32 0.251008 0.497984 4.55253e+18 -2.27834 -38.0702 -1.18969 
0.42 -39.5941 -1.23732 32 0.249574 0.500852 4.59994e+18 -2.34898 -38.0702 -1.18969 
0.44 -39.6235 -1.23823 32 0.250504 0.498992 4.61414e+18 -2.47725 -38.0702 -1.18969 
0.46 -39.6533 -1.23917 32 0.249824 0.500352 4.58445e+18 -2.59432 -38.0702 -1.18969 
0.48 -39.6548 -1.23921 32 0.249586 0.500828 4.66522e+18 -2.66024 -38.0702 -1.18969 
0.5 -39.6738 -1.2398 32 0.249648 0.500703 4.60318e+18 -2.75523 -38.0702 -1.18969 
0.52 -39.6789 -1.23997 32 0.249305 0.501391 4.59252e+18 -2.87285 -38.0702 -1.18969 
0.54 -39.6827 -1.24008 32 0.250273 0.499453 4.59144e+18 -2.95277 -38.0702 -1.18969 
0.56 -39.6813 -1.24004 32 0.250023 0.499953 4.61248e+18 -3.01799 -38.0702 -1.18969 
0.58 -39.682 -1.24006 32 0.249742 0.500516 4.65081e+18 -3.1078 -38.0702 -1.18969 
0.6 -39.673 -1.23978 32 0.249723 0.500555 4.60441e+18 -3.22508 -38.0702 -1.18969 
0.62 -39.6652 -1.23954 32 0.250277 0.499445 4.61154e+18 -3.32771 -38.0702 -1.18969 
0.64 -39.6564 -1.23926 32 0.249395 0.501211 4.60779e+18 -3.35942 -38.0702 -1.18969 
0.66 -39.6352 -1.2386 32 0.249199 0.501602 4.65737e+18 -3.46914 -38.0702 -1.18969 
0.68 -39.6083 -1.23776 32 0.250105 0.499789 4.60088e+18 -3.55122 -38.0702 -1.18969 
0.7 -39.5965 -1.23739 32 0.250031 0.499938 4.63712e+18 -3.62193 -38.0702 -1.18969 
0.72 -39.5828 -1.23696 32 0.250328 0.499344 4.64051e+18 -3.69967 -38.0702 -1.18969 
0.74 -39.5414 -1.23567 32 0.249965 0.50007 4.64137e+18 -3.75179 -38.0702 -1.18969 
0.76 -39.5096 -1.23468 32 0.249652 0.500695 4.66522e+18 -3.85061 -38.0702 -1.18969 
0.78 -39.4857 -1.23393 32 0.250293 0.499414 4.56788e+18 -3.9108 -38.0702 -1.18969 
0.8 -39.4406 -1.23252 32 0.251098 0.497805 4.58495e+18 -3.99939 -38.0702 -1.18969 
0.82 -39.3897 -1.23093 32 0.250387 0.499227 4.61068e+18 -4.06746 -38.0702 -1.18969 
0.84 -39.337 -1.22928 32 0.249539 0.500922 4.58229e+18 -4.14961 -38.0702 -1.18969 
0.86 -39.307 -1.22834 32 0.249637 0.500727 4.60167e+18 -4.19297 -38.0702 -1.18969 
0.88 -39.2946 -1.22796 32 0.250285 0.49943 4.59547e+18 -4.2477 -38.0702 -1.18969 
0.9 -39.2268 -1.22584 32 0.251355 0.497289 4.58863e+18 -4.30688 -38.0702 -1.18969 
0.92 -39.1963 -1.22488 32 0.25134 0.49732 4.55116e+18 -4.35744 -38.0702 -1.18969 
0.94 -39.1434 -1.22323 32 0.248629 0.502742 4.64534e+18 -4.42122 -38.0702 -1.18969 
0.96 -39.0752 -1.2211 32 0.251125 0.49775 4.6168e+18 -4.48783 -38.0702 -1.18969 
0.98 -39.0579 -1.22056 32 0.250879 0.498242 4.64036e+18 -4.52173 -38.0702 -1.18969 
