#ClusterEigenvalue -41.9748
# g emean emean / nmean nmean domean / config->nTotalSites s2mean / config->nTotalSites staggmag / config->nTotalSites epert / config->nTotalSites ess->getGroundStateEnergy() * config->nClusters ess->getGroundStateEnergy() * config->nClusters / nmean 
0 -167.899 -5.24685 32 0.0226797 0.954641 8.88758e+18 0 -167.899 -5.24686 
0.02 -168.004 -5.25013 32 0.0234609 0.953078 8.34434e+18 -0.116057 -167.899 -5.24686 
0.04 -168.089 -5.25279 32 0.0233008 0.953398 8.73432e+18 -0.236687 -167.899 -5.24686 
0.06 -168.161 -5.25502 32 0.0236563 0.952688 8.55439e+18 -0.38736 -167.899 -5.24686 
0.08 -168.199 -5.25621 32 0.0236367 0.952727 8.89609e+18 -0.507508 -167.899 -5.24686 
0.1 -168.195 -5.25609 32 0.0240469 0.951906 8.62991e+18 -0.616706 -167.899 -5.24686 
0.12 -168.203 -5.25636 32 0.0251523 0.949695 8.73504e+18 -0.706698 -167.899 -5.24686 
0.14 -168.184 -5.25574 32 0.0252227 0.949555 8.50388e+18 -0.881017 -167.899 -5.24686 
0.16 -168.113 -5.25354 32 0.0249922 0.950016 8.37216e+18 -0.976902 -167.899 -5.24686 
0.18 -168.089 -5.25278 32 0.0248164 0.950367 8.09978e+18 -1.08397 -167.899 -5.24686 
0.2 -167.895 -5.24671 32 0.0265781 0.946844 8.96418e+18 -1.2515 -167.899 -5.24686 
0.22 -167.844 -5.24512 32 0.0271836 0.945633 8.61485e+18 -1.37141 -167.899 -5.24686 
0.24 -167.748 -5.24213 32 0.0277461 0.944508 9.20788e+18 -1.48651 -167.899 -5.24686 
0.26 -167.54 -5.23564 32 0.0285742 0.942852 8.79802e+18 -1.61518 -167.899 -5.24686 
0.28 -167.418 -5.2318 32 0.0288789 0.942242 7.71549e+18 -1.72556 -167.899 -5.24686 
0.3 -167.291 -5.22783 32 0.0299687 0.940063 8.76083e+18 -1.86157 -167.899 -5.24686 
0.32 -166.954 -5.21731 32 0.0318047 0.936391 8.86006e+18 -2.09975 -167.899 -5.24686 
0.34 -166.837 -5.21365 32 0.0318047 0.936391 8.10129e+18 -1.99656 -167.899 -5.24686 
0.36 -166.561 -5.20505 32 0.0330273 0.933945 8.14121e+18 -2.21126 -167.899 -5.24686 
0.38 -166.421 -5.20064 32 0.0334453 0.933109 8.44313e+18 -2.2784 -167.899 -5.24686 
0.4 -166.177 -5.19303 32 0.0357813 0.928437 8.27452e+18 -2.50349 -167.899 -5.24686 
0.42 -165.697 -5.17803 32 0.0369687 0.926063 8.08176e+18 -2.74473 -167.899 -5.24686 
0.44 -165.66 -5.17687 32 0.0374063 0.925188 8.92505e+18 -2.76007 -167.899 -5.24686 
0.46 -165.505 -5.17204 32 0.0385586 0.922883 8.15649e+18 -2.86951 -167.899 -5.24686 
0.48 -165.223 -5.16321 32 0.038918 0.922164 8.64007e+18 -2.85895 -167.899 -5.24686 
0.5 -164.817 -5.15052 32 0.0410586 0.917883 8.56239e+18 -3.25375 -167.899 -5.24686 
0.52 -164.616 -5.14424 32 0.0419336 0.916133 8.70485e+18 -3.30501 -167.899 -5.24686 
0.54 -164.274 -5.13356 32 0.0429023 0.914195 8.04754e+18 -3.35075 -167.899 -5.24686 
0.56 -163.897 -5.12179 32 0.0439805 0.912039 8.92051e+18 -3.64657 -167.899 -5.24686 
0.58 -163.588 -5.11211 32 0.04525 0.9095 8.01381e+18 -3.74662 -167.899 -5.24686 
0.6 -163.59 -5.11218 32 0.0459414 0.908117 8.52362e+18 -3.76066 -167.899 -5.24686 
0.62 -163.465 -5.10827 32 0.0448164 0.910367 8.3442e+18 -3.77644 -167.899 -5.24686 
0.64 -163.103 -5.09698 32 0.04725 0.9055 8.32099e+18 -3.98574 -167.899 -5.24686 
0.66 -162.654 -5.08293 32 0.0487148 0.90257 8.80825e+18 -4.18274 -167.899 -5.24686 
0.68 -162.783 -5.08698 32 0.0471797 0.905641 7.81508e+18 -4.04976 -167.899 -5.24686 
0.7 -162.293 -5.07166 32 0.0500273 0.899945 7.79065e+18 -4.21603 -167.899 -5.24686 
0.72 -162.006 -5.06269 32 0.0511094 0.897781 8.40559e+18 -4.37736 -167.899 -5.24686 
0.74 -161.797 -5.05616 32 0.0515313 0.896938 8.35047e+18 -4.46886 -167.899 -5.24686 
0.76 -161.637 -5.05116 32 0.0519609 0.896078 8.31682e+18 -4.45279 -167.899 -5.24686 
0.78 -161.566 -5.04893 32 0.0523359 0.895328 8.64511e+18 -4.57141 -167.899 -5.24686 
0.8 -161.214 -5.03794 32 0.0537031 0.892594 8.39514e+18 -4.68799 -167.899 -5.24686 
0.82 -161.075 -5.03359 32 0.0543242 0.891352 8.22437e+18 -4.82467 -167.899 -5.24686 
0.84 -160.668 -5.02088 32 0.0558828 0.888234 8.12471e+18 -4.81401 -167.899 -5.24686 
0.86 -160.768 -5.024 32 0.055293 0.889414 8.09581e+18 -4.94414 -167.899 -5.24686 
0.88 -160.621 -5.01941 32 0.055375 0.88925 8.04047e+18 -4.9336 -167.899 -5.24686 
0.9 -160.204 -5.00637 32 0.0566875 0.886625 8.18992e+18 -5.07315 -167.899 -5.24686 
0.92 -160.06 -5.00188 32 0.0578555 0.884289 8.39291e+18 -5.12822 -167.899 -5.24686 
0.94 -159.77 -4.99281 32 0.0591875 0.881625 8.05762e+18 -5.2187 -167.899 -5.24686 
0.96 -159.819 -4.99436 32 0.0580937 0.883813 7.85197e+18 -5.23131 -167.899 -5.24686 
0.98 -159.609 -4.98777 32 0.0589219 0.882156 8.45221e+18 -5.30197 -167.899 -5.24686 
