#ClusterEigenvalue -57.436
# g emean emean / nmean nmean domean / config->nTotalSites s2mean / config->nTotalSites staggmag / config->nTotalSites epert / config->nTotalSites ess->getGroundStateEnergy() * config->nClusters ess->getGroundStateEnergy() * config->nClusters / nmean 
0 -229.743 -7.17948 32 0.01325 0.9735 9.52803e+18 0 -229.744 -7.1795 
0.02 -229.842 -7.18258 32 0.0126211 0.974758 8.74613e+18 -0.112801 -229.744 -7.1795 
0.04 -229.893 -7.18416 32 0.0127656 0.974469 8.92037e+18 -0.195278 -229.744 -7.1795 
0.06 -229.968 -7.1865 32 0.0135469 0.972906 8.46331e+18 -0.416061 -229.744 -7.1795 
0.08 -229.951 -7.18596 32 0.012875 0.97425 8.18214e+18 -0.44786 -229.744 -7.1795 
0.1 -229.915 -7.18484 32 0.0135703 0.972859 9.20752e+18 -0.631727 -229.744 -7.1795 
0.12 -229.864 -7.18326 32 0.0144844 0.971031 8.84608e+18 -0.711573 -229.744 -7.1795 
0.14 -229.736 -7.17925 32 0.0144297 0.971141 8.444e+18 -0.862299 -229.744 -7.1795 
0.16 -229.603 -7.1751 32 0.0153008 0.969398 8.76228e+18 -1.06527 -229.744 -7.1795 
0.18 -229.548 -7.17338 32 0.0154766 0.969047 8.51714e+18 -1.08646 -229.744 -7.1795 
0.2 -229.34 -7.16689 32 0.0159297 0.968141 8.40134e+18 -1.14452 -229.744 -7.1795 
0.22 -229.121 -7.16002 32 0.0170742 0.965852 8.94112e+18 -1.39407 -229.744 -7.1795 
0.24 -228.829 -7.15089 32 0.0174023 0.965195 8.45603e+18 -1.50617 -229.744 -7.1795 
0.26 -228.618 -7.14432 32 0.0182383 0.963523 9.17769e+18 -1.66878 -229.744 -7.1795 
0.28 -228.406 -7.13768 32 0.0186641 0.962672 1.01265e+19 -1.80669 -229.744 -7.1795 
0.3 -228.068 -7.12711 32 0.0202227 0.959555 9.62517e+18 -1.91094 -229.744 -7.1795 
0.32 -227.897 -7.12177 32 0.020293 0.959414 8.88434e+18 -1.93981 -229.744 -7.1795 
0.34 -227.252 -7.10162 32 0.0217148 0.95657 8.84622e+18 -2.13501 -229.744 -7.1795 
0.36 -227.193 -7.09978 32 0.0223047 0.955391 9.67791e+18 -2.20212 -229.744 -7.1795 
0.38 -226.826 -7.08832 32 0.0235586 0.952883 9.18252e+18 -2.3524 -229.744 -7.1795 
0.4 -226.162 -7.06756 32 0.0254531 0.949094 9.24859e+18 -2.72118 -229.744 -7.1795 
0.42 -226.323 -7.07259 32 0.0241953 0.951609 8.95409e+18 -2.52994 -229.744 -7.1795 
0.44 -225.762 -7.05506 32 0.0262031 0.947594 9.25407e+18 -2.7431 -229.744 -7.1795 
0.46 -224.979 -7.03059 32 0.0281758 0.943648 8.92837e+18 -2.93255 -229.744 -7.1795 
0.48 -224.887 -7.02771 32 0.0291484 0.941703 8.37151e+18 -3.05325 -229.744 -7.1795 
0.5 -224.143 -7.00446 32 0.0318867 0.936227 8.34052e+18 -3.21726 -229.744 -7.1795 
0.52 -223.482 -6.9838 32 0.0326055 0.934789 8.38931e+18 -3.35008 -229.744 -7.1795 
0.54 -223.434 -6.98233 32 0.0327969 0.934406 8.93175e+18 -3.4465 -229.744 -7.1795 
0.56 -222.958 -6.96744 32 0.0342617 0.931477 8.03377e+18 -3.57494 -229.744 -7.1795 
0.58 -222.79 -6.96219 32 0.0344531 0.931094 9.13171e+18 -3.70646 -229.744 -7.1795 
0.6 -222.296 -6.94674 32 0.0356641 0.928672 8.45142e+18 -3.7371 -229.744 -7.1795 
0.62 -222.222 -6.94442 32 0.0361367 0.927727 8.95272e+18 -3.7999 -229.744 -7.1795 
0.64 -221.14 -6.91062 32 0.0392969 0.921406 8.30939e+18 -4.1202 -229.744 -7.1795 
0.66 -221.189 -6.91217 32 0.0388867 0.922227 8.61722e+18 -4.07464 -229.744 -7.1795 
0.68 -220.732 -6.89788 32 0.0410156 0.917969 7.80016e+18 -4.29579 -229.744 -7.1795 
0.7 -219.775 -6.86798 32 0.0423242 0.915352 9.29363e+18 -4.39718 -229.744 -7.1795 
0.72 -220.26 -6.88313 32 0.0414219 0.917156 8.7818e+18 -4.44158 -229.744 -7.1795 
0.74 -219.579 -6.86185 32 0.0428242 0.914352 8.99754e+18 -4.53806 -229.744 -7.1795 
0.76 -219.278 -6.85245 32 0.0431367 0.913727 8.27329e+18 -4.6406 -229.744 -7.1795 
0.78 -218.988 -6.84339 32 0.0441172 0.911766 8.91244e+18 -4.70448 -229.744 -7.1795 
0.8 -218.946 -6.84207 32 0.0438125 0.912375 8.56887e+18 -4.71382 -229.744 -7.1795 
0.82 -218.386 -6.82455 32 0.0457227 0.908555 9.19203e+18 -4.76841 -229.744 -7.1795 
0.84 -218.159 -6.81747 32 0.0467109 0.906578 7.50047e+18 -5.01724 -229.744 -7.1795 
0.86 -217.533 -6.79791 32 0.0487305 0.902539 9.14944e+18 -5.01888 -229.744 -7.1795 
0.88 -217.777 -6.80554 32 0.0470938 0.905813 8.40746e+18 -5.00626 -229.744 -7.1795 
0.9 -217.48 -6.79625 32 0.0479102 0.90418 8.21305e+18 -5.0476 -229.744 -7.1795 
0.92 -217.106 -6.78458 32 0.0495312 0.900937 8.48781e+18 -5.22814 -229.744 -7.1795 
0.94 -216.691 -6.77158 32 0.0505391 0.898922 6.92286e+18 -5.33349 -229.744 -7.1795 
0.96 -216.826 -6.7758 32 0.0499531 0.900094 8.33353e+18 -5.27151 -229.744 -7.1795 
0.98 -216.805 -6.77514 32 0.0493828 0.901234 8.45401e+18 -5.29755 -229.744 -7.1795 
