#ClusterEigenvalue -23.5935
# g emean emean / nmean nmean domean / config->nTotalSites s2mean / config->nTotalSites staggmag / config->nTotalSites epert / config->nTotalSites ess->getGroundStateEnergy() * config->nClusters ess->getGroundStateEnergy() * config->nClusters / nmean 
0 -94.374 -2.94919 32 0.0689023 0.862195 8.13213e+18 0 -94.374 -2.94919 
0.02 -94.4986 -2.95308 32 0.0695352 0.86093 8.02995e+18 -0.131583 -94.374 -2.94919 
0.04 -94.5964 -2.95614 32 0.0698125 0.860375 8.0466e+18 -0.249177 -94.374 -2.94919 
0.06 -94.66 -2.95813 32 0.0696875 0.860625 7.97901e+18 -0.334193 -94.374 -2.94919 
0.08 -94.7548 -2.96109 32 0.0698555 0.860289 7.97533e+18 -0.470288 -94.374 -2.94919 
0.1 -94.8411 -2.96379 32 0.0699922 0.860016 7.77271e+18 -0.638945 -94.374 -2.94919 
0.12 -94.8815 -2.96505 32 0.0694063 0.861187 7.95141e+18 -0.729026 -94.374 -2.94919 
0.14 -94.9404 -2.96689 32 0.0705742 0.858852 8.158e+18 -0.873795 -94.374 -2.94919 
0.16 -94.9479 -2.96712 32 0.0709727 0.858055 7.98513e+18 -0.950008 -94.374 -2.94919 
0.18 -94.978 -2.96806 32 0.0717461 0.856508 7.8893e+18 -1.08633 -94.374 -2.94919 
0.2 -94.9945 -2.96858 32 0.0707227 0.858555 7.70245e+18 -1.19671 -94.374 -2.94919 
0.22 -94.9686 -2.96777 32 0.0732305 0.853539 8.05164e+18 -1.32912 -94.374 -2.94919 
0.24 -94.9936 -2.96855 32 0.0742578 0.851484 8.04869e+18 -1.49566 -94.374 -2.94919 
0.26 -94.9612 -2.96754 32 0.0745312 0.850937 7.91855e+18 -1.60032 -94.374 -2.94919 
0.28 -94.9479 -2.96712 32 0.0743086 0.851383 7.97887e+18 -1.69075 -94.374 -2.94919 
0.3 -94.9267 -2.96646 32 0.074957 0.850086 7.88505e+18 -1.8341 -94.374 -2.94919 
0.32 -94.864 -2.9645 32 0.0774141 0.845172 7.68883e+18 -1.93037 -94.374 -2.94919 
0.34 -94.7609 -2.96128 32 0.0780508 0.843898 7.66945e+18 -2.13709 -94.374 -2.94919 
0.36 -94.794 -2.96231 32 0.0770352 0.84593 7.73942e+18 -2.19905 -94.374 -2.94919 
0.38 -94.6809 -2.95878 32 0.0795742 0.840852 7.66498e+18 -2.35535 -94.374 -2.94919 
0.4 -94.6787 -2.95871 32 0.0797578 0.840484 7.49752e+18 -2.41875 -94.374 -2.94919 
0.42 -94.5924 -2.95601 32 0.0806836 0.838633 7.77883e+18 -2.57264 -94.374 -2.94919 
0.44 -94.4706 -2.9522 32 0.0814961 0.837008 7.70995e+18 -2.66928 -94.374 -2.94919 
0.46 -94.4195 -2.95061 32 0.0823867 0.835227 7.65706e+18 -2.8197 -94.374 -2.94919 
0.48 -94.2527 -2.9454 32 0.0836914 0.832617 7.69143e+18 -2.96202 -94.374 -2.94919 
0.5 -94.2494 -2.94529 32 0.0831445 0.833711 7.68264e+18 -3.0402 -94.374 -2.94919 
0.52 -94.1864 -2.94332 32 0.0843086 0.831383 7.81803e+18 -3.19726 -94.374 -2.94919 
0.54 -93.9976 -2.93743 32 0.0855195 0.828961 7.72645e+18 -3.30277 -94.374 -2.94919 
0.56 -93.9512 -2.93597 32 0.0849336 0.830133 7.53658e+18 -3.41093 -94.374 -2.94919 
0.58 -93.8385 -2.93245 32 0.08725 0.8255 7.54861e+18 -3.46351 -94.374 -2.94919 
0.6 -93.7426 -2.92946 32 0.0872344 0.825531 7.7116e+18 -3.62588 -94.374 -2.94919 
0.62 -93.7032 -2.92823 32 0.088207 0.823586 7.67774e+18 -3.69729 -94.374 -2.94919 
0.64 -93.5338 -2.92293 32 0.0886172 0.822766 7.51445e+18 -3.83693 -94.374 -2.94919 
0.66 -93.3111 -2.91597 32 0.090625 0.81875 7.44809e+18 -3.9611 -94.374 -2.94919 
0.68 -93.3665 -2.9177 32 0.0901211 0.819758 7.67968e+18 -4.02656 -94.374 -2.94919 
0.7 -93.2309 -2.91347 32 0.0904062 0.819187 7.4705e+18 -4.10274 -94.374 -2.94919 
0.72 -93.1088 -2.90965 32 0.0930742 0.813852 7.1858e+18 -4.16908 -94.374 -2.94919 
0.74 -92.9281 -2.904 32 0.0931836 0.813633 7.45335e+18 -4.29245 -94.374 -2.94919 
0.76 -92.8746 -2.90233 32 0.0931953 0.813609 7.45169e+18 -4.3921 -94.374 -2.94919 
0.78 -92.8627 -2.90196 32 0.0928125 0.814375 7.80297e+18 -4.44108 -94.374 -2.94919 
0.8 -92.6522 -2.89538 32 0.0943203 0.811359 7.31377e+18 -4.51851 -94.374 -2.94919 
0.82 -92.6275 -2.89461 32 0.0953984 0.809203 7.28056e+18 -4.60319 -94.374 -2.94919 
0.84 -92.4514 -2.88911 32 0.0962227 0.807555 7.2232e+18 -4.66622 -94.374 -2.94919 
0.86 -92.3844 -2.88701 32 0.0958828 0.808234 7.69272e+18 -4.78313 -94.374 -2.94919 
0.88 -92.2689 -2.8834 32 0.0960078 0.807984 7.73337e+18 -4.8145 -94.374 -2.94919 
0.9 -92.3861 -2.88707 32 0.0949844 0.810031 7.20562e+18 -4.87167 -94.374 -2.94919 
0.92 -92.1926 -2.88102 32 0.0972734 0.805453 7.36083e+18 -4.93277 -94.374 -2.94919 
0.94 -92.0088 -2.87527 32 0.0970781 0.805844 7.23199e+18 -4.97858 -94.374 -2.94919 
0.96 -91.9586 -2.87371 32 0.0970625 0.805875 7.19452e+18 -5.08259 -94.374 -2.94919 
0.98 -91.9862 -2.87457 32 0.0968906 0.806219 7.4728e+18 -5.08291 -94.374 -2.94919 
