#ClusterEigenvalue -61.3435
# g emean emean / nmean nmean domean / config->nTotalSites s2mean / config->nTotalSites staggmag / config->nTotalSites epert / config->nTotalSites ess->getGroundStateEnergy() * config->nClusters ess->getGroundStateEnergy() * config->nClusters / nmean 
0 -245.374 -7.66794 32 0.010418 0.979164 9.41454e+18 0 -245.374 -7.66794 
0.02 -245.487 -7.67147 32 0.011 0.978 8.90502e+18 -0.136412 -245.374 -7.66794 
0.04 -245.56 -7.67374 32 0.0109609 0.978078 8.81257e+18 -0.275548 -245.374 -7.66794 
0.06 -245.57 -7.67405 32 0.0108359 0.978328 9.21191e+18 -0.384952 -245.374 -7.66794 
0.08 -245.592 -7.67475 32 0.0110234 0.977953 8.65974e+18 -0.481756 -245.374 -7.66794 
0.1 -245.548 -7.67336 32 0.0117109 0.976578 9.17689e+18 -0.584156 -245.374 -7.66794 
0.12 -245.476 -7.67112 32 0.0120508 0.975898 9.42333e+18 -0.6899 -245.374 -7.66794 
0.14 -245.372 -7.66788 32 0.0123438 0.975313 8.21802e+18 -0.893926 -245.374 -7.66794 
0.16 -245.214 -7.66294 32 0.0128594 0.974281 8.88211e+18 -0.972941 -245.374 -7.66794 
0.18 -245.127 -7.66021 32 0.013168 0.973664 9.3538e+18 -1.03565 -245.374 -7.66794 
0.2 -244.817 -7.65053 32 0.0143125 0.971375 9.20168e+18 -1.27801 -245.374 -7.66794 
0.22 -244.572 -7.64289 32 0.0153867 0.969227 8.94746e+18 -1.41254 -245.374 -7.66794 
0.24 -244.332 -7.63538 32 0.0166484 0.966703 8.92822e+18 -1.51198 -245.374 -7.66794 
0.26 -244.071 -7.62721 32 0.0166563 0.966688 8.42793e+18 -1.64557 -245.374 -7.66794 
0.28 -243.699 -7.6156 32 0.0184297 0.963141 8.97802e+18 -1.8284 -245.374 -7.66794 
0.3 -243.48 -7.60875 32 0.017625 0.96475 8.32049e+18 -1.88437 -245.374 -7.66794 
0.32 -243.04 -7.59499 32 0.019375 0.96125 9.64462e+18 -2.07943 -245.374 -7.66794 
0.34 -242.849 -7.58902 32 0.0201602 0.95968 8.35738e+18 -2.08859 -245.374 -7.66794 
0.36 -242.213 -7.56917 32 0.0225391 0.954922 7.2562e+18 -2.38548 -245.374 -7.66794 
0.38 -241.994 -7.56232 32 0.0223242 0.955352 8.9069e+18 -2.35592 -245.374 -7.66794 
0.4 -241.787 -7.55585 32 0.0230312 0.953937 9.18172e+18 -2.44292 -245.374 -7.66794 
0.42 -240.689 -7.52154 32 0.0258594 0.948281 8.06541e+18 -2.80503 -245.374 -7.66794 
0.44 -240.29 -7.50906 32 0.0269414 0.946117 8.25146e+18 -3.04758 -245.374 -7.66794 
0.46 -240.054 -7.50168 32 0.0272031 0.945594 8.47354e+18 -2.99191 -245.374 -7.66794 
0.48 -240.067 -7.50209 32 0.027793 0.944414 8.49804e+18 -2.99382 -245.374 -7.66794 
0.5 -239.531 -7.48535 32 0.02875 0.9425 9.17308e+18 -3.06707 -245.374 -7.66794 
0.52 -238.582 -7.45568 32 0.0315312 0.936938 9.05533e+18 -3.5232 -245.374 -7.66794 
0.54 -238.345 -7.44829 32 0.0318984 0.936203 9.63021e+18 -3.51616 -245.374 -7.66794 
0.56 -238.044 -7.43889 32 0.0323984 0.935203 9.00345e+18 -3.50571 -245.374 -7.66794 
0.58 -237.004 -7.40638 32 0.0354023 0.929195 7.80967e+18 -3.75288 -245.374 -7.66794 
0.6 -236.459 -7.38935 32 0.0362773 0.927445 8.63012e+18 -3.96374 -245.374 -7.66794 
0.62 -236.861 -7.40192 32 0.0353633 0.929273 8.14208e+18 -3.86449 -245.374 -7.66794 
0.64 -236.185 -7.38078 32 0.036832 0.926336 9.06975e+18 -4.00348 -245.374 -7.66794 
0.66 -235.556 -7.36114 32 0.0383984 0.923203 9.03509e+18 -4.15434 -245.374 -7.66794 
0.68 -235.017 -7.34428 32 0.039918 0.920164 8.75262e+18 -4.39164 -245.374 -7.66794 
0.7 -235.053 -7.34542 32 0.039668 0.920664 8.63769e+18 -4.27934 -245.374 -7.66794 
0.72 -234.915 -7.34109 32 0.039875 0.92025 7.93311e+18 -4.42669 -245.374 -7.66794 
0.74 -234.211 -7.31909 32 0.041918 0.916164 8.37107e+18 -4.56757 -245.374 -7.66794 
0.76 -233.927 -7.31022 32 0.04225 0.9155 8.9729e+18 -4.61886 -245.374 -7.66794 
0.78 -233.787 -7.30585 32 0.0424766 0.915047 8.8522e+18 -4.62534 -245.374 -7.66794 
0.8 -233.598 -7.29995 32 0.0439727 0.912055 8.32957e+18 -4.68888 -245.374 -7.66794 
0.82 -233.296 -7.2905 32 0.0436953 0.912609 7.74547e+18 -4.85724 -245.374 -7.66794 
0.84 -232.516 -7.26614 32 0.045375 0.90925 8.66925e+18 -4.93472 -245.374 -7.66794 
0.86 -232.764 -7.27389 32 0.0456445 0.908711 8.29923e+18 -4.8528 -245.374 -7.66794 
0.88 -231.948 -7.24839 32 0.0469102 0.90618 7.27551e+18 -5.11182 -245.374 -7.66794 
0.9 -231.65 -7.23908 32 0.0473633 0.905273 7.34944e+18 -5.0713 -245.374 -7.66794 
0.92 -231.734 -7.2417 32 0.0474375 0.905125 8.31516e+18 -5.07059 -245.374 -7.66794 
0.94 -231.197 -7.22491 32 0.0485234 0.902953 7.77437e+18 -5.15613 -245.374 -7.66794 
0.96 -230.986 -7.2183 32 0.0491641 0.901672 8.00927e+18 -5.31395 -245.374 -7.66794 
0.98 -231.361 -7.23004 32 0.0486797 0.902641 8.41705e+18 -5.26754 -245.374 -7.66794 
