#ClusterEigenvalue -17.0904
# g emean emean / nmean nmean domean / config->nTotalSites s2mean / config->nTotalSites staggmag / config->nTotalSites epert / config->nTotalSites ess->getGroundStateEnergy() * config->nClusters ess->getGroundStateEnergy() * config->nClusters / nmean 
0 -68.3617 -2.1363 32 0.121598 0.756805 7.0749e+18 0 -68.3616 -2.1363 
0.02 -68.4735 -2.1398 32 0.123652 0.752695 6.84857e+18 -0.115852 -68.3616 -2.1363 
0.04 -68.5725 -2.14289 32 0.122961 0.754078 6.92488e+18 -0.223471 -68.3616 -2.1363 
0.06 -68.7052 -2.14704 32 0.123031 0.753937 7.07656e+18 -0.3812 -68.3616 -2.1363 
0.08 -68.761 -2.14878 32 0.123762 0.752477 6.91342e+18 -0.451436 -68.3616 -2.1363 
0.1 -68.9011 -2.15316 32 0.123449 0.753102 6.96955e+18 -0.656304 -68.3616 -2.1363 
0.12 -68.9625 -2.15508 32 0.124398 0.751203 6.98224e+18 -0.749007 -68.3616 -2.1363 
0.14 -68.9952 -2.1561 32 0.123824 0.752352 6.87523e+18 -0.813138 -68.3616 -2.1363 
0.16 -69.0607 -2.15815 32 0.124043 0.751914 6.9483e+18 -0.94446 -68.3616 -2.1363 
0.18 -69.1233 -2.1601 32 0.12434 0.75132 6.88935e+18 -1.0605 -68.3616 -2.1363 
0.2 -69.1887 -2.16215 32 0.123266 0.753469 6.82285e+18 -1.21732 -68.3616 -2.1363 
0.22 -69.2372 -2.16366 32 0.126566 0.746867 6.82638e+18 -1.36257 -68.3616 -2.1363 
0.24 -69.2555 -2.16424 32 0.124934 0.750133 6.91609e+18 -1.44874 -68.3616 -2.1363 
0.26 -69.2983 -2.16557 32 0.126414 0.747172 6.79871e+18 -1.58391 -68.3616 -2.1363 
0.28 -69.3048 -2.16577 32 0.127984 0.744031 6.80144e+18 -1.6991 -68.3616 -2.1363 
0.3 -69.3203 -2.16626 32 0.127613 0.744773 6.74755e+18 -1.79381 -68.3616 -2.1363 
0.32 -69.3438 -2.16699 32 0.129766 0.740469 6.74301e+18 -1.87096 -68.3616 -2.1363 
0.34 -69.3377 -2.1668 32 0.130004 0.739992 6.87725e+18 -2.04493 -68.3616 -2.1363 
0.36 -69.3355 -2.16674 32 0.129418 0.741164 6.82025e+18 -2.14454 -68.3616 -2.1363 
0.38 -69.3563 -2.16738 32 0.130109 0.739781 6.81607e+18 -2.27833 -68.3616 -2.1363 
0.4 -69.3206 -2.16627 32 0.130309 0.739383 6.88546e+18 -2.36256 -68.3616 -2.1363 
0.42 -69.304 -2.16575 32 0.130219 0.739563 6.80137e+18 -2.48022 -68.3616 -2.1363 
0.44 -69.2989 -2.16559 32 0.131234 0.737531 6.92675e+18 -2.57901 -68.3616 -2.1363 
0.46 -69.2783 -2.16495 32 0.132 0.736 6.81845e+18 -2.74772 -68.3616 -2.1363 
0.48 -69.2089 -2.16278 32 0.133129 0.733742 6.83755e+18 -2.8306 -68.3616 -2.1363 
0.5 -69.1809 -2.1619 32 0.13318 0.733641 6.81881e+18 -2.94997 -68.3616 -2.1363 
0.52 -69.1763 -2.16176 32 0.133508 0.732984 6.6855e+18 -3.02888 -68.3616 -2.1363 
0.54 -69.1207 -2.16002 32 0.135375 0.72925 6.73739e+18 -3.1425 -68.3616 -2.1363 
0.56 -69.0837 -2.15887 32 0.135805 0.728391 6.93129e+18 -3.26281 -68.3616 -2.1363 
0.58 -69.0153 -2.15673 32 0.13693 0.726141 6.65351e+18 -3.37577 -68.3616 -2.1363 
0.6 -68.9753 -2.15548 32 0.136801 0.726398 6.71879e+18 -3.4646 -68.3616 -2.1363 
0.62 -68.9553 -2.15485 32 0.137348 0.725305 6.73818e+18 -3.53673 -68.3616 -2.1363 
0.64 -68.9165 -2.15364 32 0.135941 0.728117 6.73436e+18 -3.64296 -68.3616 -2.1363 
0.66 -68.8565 -2.15176 32 0.138258 0.723484 6.60977e+18 -3.74327 -68.3616 -2.1363 
0.68 -68.7552 -2.1486 32 0.138555 0.722891 6.70438e+18 -3.84623 -68.3616 -2.1363 
0.7 -68.7182 -2.14745 32 0.137281 0.725438 6.63759e+18 -3.90778 -68.3616 -2.1363 
0.72 -68.6471 -2.14522 32 0.139258 0.721484 6.69617e+18 -4.02105 -68.3616 -2.1363 
0.74 -68.6067 -2.14396 32 0.139523 0.720953 6.6966e+18 -4.08693 -68.3616 -2.1363 
0.76 -68.5456 -2.14205 32 0.139578 0.720844 6.6414e+18 -4.13957 -68.3616 -2.1363 
0.78 -68.483 -2.14009 32 0.140242 0.719516 6.816e+18 -4.24796 -68.3616 -2.1363 
0.8 -68.4533 -2.13917 32 0.139469 0.721062 6.64969e+18 -4.30799 -68.3616 -2.1363 
0.82 -68.3466 -2.13583 32 0.14091 0.71818 6.63312e+18 -4.3833 -68.3616 -2.1363 
0.84 -68.2584 -2.13308 32 0.139746 0.720508 6.55349e+18 -4.48291 -68.3616 -2.1363 
0.86 -68.2244 -2.13201 32 0.141453 0.717094 6.65034e+18 -4.52978 -68.3616 -2.1363 
0.88 -68.1371 -2.12928 32 0.141129 0.717742 6.64205e+18 -4.62397 -68.3616 -2.1363 
0.9 -68.1067 -2.12834 32 0.141168 0.717664 6.53851e+18 -4.64043 -68.3616 -2.1363 
0.92 -67.9846 -2.12452 32 0.142434 0.715133 6.67664e+18 -4.6999 -68.3616 -2.1363 
0.94 -68.0297 -2.12593 32 0.142207 0.715586 6.68053e+18 -4.73913 -68.3616 -2.1363 
0.96 -67.8868 -2.12146 32 0.143699 0.712602 6.49268e+18 -4.84548 -68.3616 -2.1363 
0.98 -67.889 -2.12153 32 0.142043 0.715914 6.59795e+18 -4.84545 -68.3616 -2.1363 
