0 -34.2343 0.2579 7.4842
0.05 -34.3206 0.2547 7.4906
0.1 -34.3562 0.2464 7.5072
0.15 -34.3563 0.2728 7.4544
0.2 -34.3329 0.2801 7.4398
0.25 -34.2702 0.3003 7.3994
0.3 -34.1828 0.3156 7.3688
0.35 -34.0449 0.3545 7.291
0.4 -33.9636 0.361 7.278
0.45 -33.782 0.3966 7.2068
0.5 -33.594 0.4298 7.1404
0.55 -33.4454 0.4567 7.0866
0.6 -33.2611 0.4841 7.0318
0.65 -33.093 0.5167 6.9666
0.7 -33 0.517 6.966
0.75 -32.8265 0.5426 6.9148
0.8 -32.689 0.5694 6.8612
0.85 -32.5434 0.5794 6.8412
0.9 -32.4089 0.596 6.808
0.95 -32.2926 0.6125 6.775
