#ClusterEigenvalue -10
# g emean emean / nmean nmean domean / config->nTotalSites s2mean / config->nTotalSites staggmag / config->nTotalSites epert / config->nTotalSites ess->getGroundStateEnergy() * config->nClusters ess->getGroundStateEnergy() * config->nClusters / nmean 
0 -20 -1.66667 12 0.1415 0.467 4.30227e+18 0 -20 -1.66667 
0.01 -20 -1.66667 12 0.140187 0.469625 4.30789e+18 -2.34381e-07 -20 -1.66667 
0.02 -20 -1.66667 12 0.139945 0.470109 4.33095e+18 1.79236e-07 -20 -1.66667 
0.03 -20 -1.66667 12 0.14118 0.467641 4.34205e+18 1.52747e-07 -20 -1.66667 
0.04 -20 -1.66667 12 0.1415 0.467 4.27244e+18 8.50949e-07 -20 -1.66667 
0.05 -20 -1.66667 12 0.139695 0.470609 4.33398e+18 4.12213e-07 -20 -1.66667 
0.06 -20 -1.66667 12 0.139281 0.471438 4.33455e+18 -5.89863e-07 -20 -1.66667 
0.07 -20 -1.66667 12 0.141711 0.466578 4.28527e+18 7.60816e-07 -20 -1.66667 
0.08 -20 -1.66667 12 0.140672 0.468656 4.34796e+18 -1.87064e-07 -20 -1.66667 
0.09 -20 -1.66667 12 0.140094 0.469812 4.32706e+18 6.60046e-07 -20 -1.66667 
0.1 -20 -1.66667 12 0.141766 0.466469 4.30962e+18 1.74292e-06 -20 -1.66667 
0.11 -20 -1.66667 12 0.14143 0.467141 4.31841e+18 -2.50405e-07 -20 -1.66667 
0.12 -20 -1.66667 12 0.140687 0.468625 4.28671e+18 -5.24472e-07 -20 -1.66667 
0.13 -20 -1.66667 12 0.140867 0.468266 4.30933e+18 2.01289e-06 -20 -1.66667 
0.14 -20 -1.66667 12 0.139727 0.470547 4.36424e+18 -1.08757e-06 -20 -1.66667 
0.15 -20 -1.66667 12 0.141453 0.467094 4.32115e+18 1.76147e-06 -20 -1.66667 
0.16 -20 -1.66667 12 0.140383 0.469234 4.3174e+18 5.78305e-07 -20 -1.66667 
0.17 -20 -1.66667 12 0.141844 0.466313 4.28685e+18 6.16914e-07 -20 -1.66667 
0.18 -20 -1.66667 12 0.138648 0.472703 4.34752e+18 -1.75323e-06 -20 -1.66667 
0.19 -20 -1.66667 12 0.140664 0.468672 4.271e+18 -6.45826e-07 -20 -1.66667 
0.2 -20 -1.66667 12 0.140063 0.469875 4.33081e+18 -2.05321e-06 -20 -1.66667 
0.21 -20 -1.66667 12 0.140289 0.469422 4.30904e+18 -1.52599e-06 -20 -1.66667 
0.22 -20 -1.66667 12 0.1415 0.467 4.28454e+18 5.50151e-07 -20 -1.66667 
0.23 -20 -1.66667 12 0.141273 0.467453 4.33066e+18 -1.95111e-06 -20 -1.66667 
0.24 -20 -1.66667 12 0.141531 0.466938 4.32072e+18 4.2545e-06 -20 -1.66667 
0.25 -20 -1.66667 12 0.140344 0.469313 4.33772e+18 -1.36767e-06 -20 -1.66667 
0.26 -20 -1.66667 12 0.141563 0.466875 4.33787e+18 -2.18916e-06 -20 -1.66667 
0.27 -20 -1.66667 12 0.141758 0.466484 4.32014e+18 -4.93217e-06 -20 -1.66667 
0.28 -20 -1.66667 12 0.138742 0.472516 4.3396e+18 1.40839e-06 -20 -1.66667 
0.29 -20 -1.66667 12 0.140391 0.469219 4.3419e+18 4.2488e-06 -20 -1.66667 
