#ClusterEigenvalue -3.23607
# g emean emean / nmean nmean domean / config->nTotalSites s2mean / config->nTotalSites staggmag / config->nTotalSites epert / config->nTotalSites ess->getGroundStateEnergy() * config->nClusters ess->getGroundStateEnergy() * config->nClusters / nmean 
0 -25.8885 -1.61803 16 0.136984 0.726031 6.65178e+18 0 -25.8885 -1.61803 
0.01 -26.0073 -1.62546 16 0.137266 0.725469 6.72672e+18 -0.119882 -25.8885 -1.61803 
0.02 -26.2298 -1.63937 16 0.139797 0.720406 6.63218e+18 -0.352045 -25.8885 -1.61803 
0.03 -26.3678 -1.64799 16 0.137859 0.724281 6.6832e+18 -0.503356 -25.8885 -1.61803 
0.04 -26.4451 -1.65282 16 0.138562 0.722875 6.79618e+18 -0.591098 -25.8885 -1.61803 
0.05 -26.4544 -1.6534 16 0.137 0.726 6.76275e+18 -0.601216 -25.8885 -1.61803 
0.06 -26.6995 -1.66872 16 0.139016 0.721969 6.53188e+18 -0.88551 -25.8885 -1.61803 
0.07 -26.6749 -1.66718 16 0.139375 0.72125 6.71606e+18 -0.854689 -25.8885 -1.61803 
0.08 -26.862 -1.67888 16 0.140563 0.718875 6.59644e+18 -1.0878 -25.8885 -1.61803 
0.09 -27.0886 -1.69303 16 0.142094 0.715813 6.65841e+18 -1.38264 -25.8885 -1.61803 
0.1 -27.1219 -1.69512 16 0.140734 0.718531 6.83135e+18 -1.42912 -25.8885 -1.61803 
0.11 -27.1419 -1.69637 16 0.139391 0.721219 6.6218e+18 -1.45772 -25.8885 -1.61803 
0.12 -27.2234 -1.70146 16 0.141484 0.717031 6.54975e+18 -1.56246 -25.8885 -1.61803 
0.13 -27.387 -1.71169 16 0.142094 0.715812 6.54715e+18 -1.82227 -25.8885 -1.61803 
0.14 -27.4792 -1.71745 16 0.141062 0.717875 6.68579e+18 -1.95864 -25.8885 -1.61803 
0.15 -27.5701 -1.72313 16 0.141391 0.717219 6.54917e+18 -2.10637 -25.8885 -1.61803 
0.16 -27.65 -1.72812 16 0.142484 0.715031 6.56589e+18 -2.22538 -25.8885 -1.61803 
0.17 -27.7139 -1.73212 16 0.143016 0.713969 6.57108e+18 -2.35924 -25.8885 -1.61803 
0.18 -27.7834 -1.73646 16 0.145609 0.708781 6.49037e+18 -2.48559 -25.8885 -1.61803 
0.19 -27.8845 -1.74278 16 0.142594 0.714813 6.64659e+18 -2.67268 -25.8885 -1.61803 
0.2 -27.9578 -1.74736 16 0.144375 0.71125 6.50161e+18 -2.82452 -25.8885 -1.61803 
0.21 -28.0214 -1.75134 16 0.147219 0.705562 6.50277e+18 -2.96038 -25.8885 -1.61803 
0.22 -28.0691 -1.75432 16 0.149281 0.701437 6.4506e+18 -3.08352 -25.8885 -1.61803 
0.23 -28.14 -1.75875 16 0.148266 0.703469 6.55148e+18 -3.24589 -25.8885 -1.61803 
0.24 -28.1667 -1.76042 16 0.148469 0.703062 6.4359e+18 -3.30441 -25.8885 -1.61803 
0.25 -28.2156 -1.76347 16 0.149219 0.701562 6.49642e+18 -3.44259 -25.8885 -1.61803 
0.26 -28.2653 -1.76658 16 0.150359 0.699281 6.47337e+18 -3.58615 -25.8885 -1.61803 
0.27 -28.3211 -1.77007 16 0.151266 0.697469 6.35519e+18 -3.71894 -25.8885 -1.61803 
0.28 -28.3363 -1.77102 16 0.150422 0.699156 6.61143e+18 -3.80954 -25.8885 -1.61803 
0.29 -28.3784 -1.77365 16 0.152969 0.694063 6.27708e+18 -4.00603 -25.8885 -1.61803 
0.3 -28.4264 -1.77665 16 0.153797 0.692406 6.49066e+18 -4.07972 -25.8885 -1.61803 
0.31 -28.4404 -1.77752 16 0.154734 0.690531 6.41024e+18 -4.27948 -25.8885 -1.61803 
0.32 -28.461 -1.77881 16 0.155 0.69 6.35404e+18 -4.37158 -25.8885 -1.61803 
0.33 -28.5161 -1.78226 16 0.154516 0.690969 6.41601e+18 -4.51263 -25.8885 -1.61803 
0.34 -28.5197 -1.78248 16 0.157062 0.685875 6.33876e+18 -4.67021 -25.8885 -1.61803 
0.35 -28.5597 -1.78498 16 0.157484 0.685031 6.34193e+18 -4.83655 -25.8885 -1.61803 
0.36 -28.5762 -1.78601 16 0.160859 0.678281 6.40419e+18 -5.00115 -25.8885 -1.61803 
0.37 -28.6012 -1.78757 16 0.162969 0.674063 6.26152e+18 -5.1412 -25.8885 -1.61803 
0.38 -28.6341 -1.78963 16 0.161312 0.677375 6.12835e+18 -5.22628 -25.8885 -1.61803 
0.39 -28.6347 -1.78967 16 0.163109 0.673781 6.20099e+18 -5.24566 -25.8885 -1.61803 
0.4 -28.6023 -1.78765 16 0.162922 0.674156 6.25835e+18 -5.47466 -25.8885 -1.61803 
0.41 -28.6115 -1.78822 16 0.165016 0.669969 6.17591e+18 -5.60323 -25.8885 -1.61803 
0.42 -28.6176 -1.7886 16 0.166719 0.666563 6.18197e+18 -5.76742 -25.8885 -1.61803 
0.43 -28.641 -1.79006 16 0.164937 0.670125 6.21511e+18 -5.78486 -25.8885 -1.61803 
0.44 -28.623 -1.78894 16 0.168203 0.663594 6.19321e+18 -5.94807 -25.8885 -1.61803 
0.45 -28.5941 -1.78713 16 0.172047 0.655906 6.06004e+18 -6.13098 -25.8885 -1.61803 
0.46 -28.6314 -1.78947 16 0.171359 0.657281 6.16842e+18 -6.23872 -25.8885 -1.61803 
0.47 -28.6208 -1.7888 16 0.170687 0.658625 6.0465e+18 -6.38542 -25.8885 -1.61803 
0.48 -28.599 -1.78744 16 0.171281 0.657437 6.07993e+18 -6.46746 -25.8885 -1.61803 
0.49 -28.562 -1.78513 16 0.173719 0.652563 6.01335e+18 -6.61094 -25.8885 -1.61803 
0.5 -28.5571 -1.78482 16 0.177016 0.645969 5.92515e+18 -6.78648 -25.8885 -1.61803 
0.51 -28.5716 -1.78572 16 0.174891 0.650219 5.93812e+18 -6.8086 -25.8885 -1.61803 
0.52 -28.5315 -1.78322 16 0.176969 0.646062 5.91996e+18 -6.89252 -25.8885 -1.61803 
0.53 -28.5236 -1.78272 16 0.175531 0.648937 6.09463e+18 -7.04719 -25.8885 -1.61803 
0.54 -28.4701 -1.77938 16 0.179172 0.641656 5.8554e+18 -7.19326 -25.8885 -1.61803 
0.55 -28.4528 -1.7783 16 0.1805 0.639 5.87327e+18 -7.29823 -25.8885 -1.61803 
0.56 -28.4251 -1.77657 16 0.1805 0.639 5.93351e+18 -7.47191 -25.8885 -1.61803 
0.57 -28.4183 -1.77615 16 0.182016 0.635969 5.88509e+18 -7.51393 -25.8885 -1.61803 
0.58 -28.3894 -1.77434 16 0.182406 0.635188 5.77239e+18 -7.6532 -25.8885 -1.61803 
0.59 -28.3626 -1.77266 16 0.181797 0.636406 5.82283e+18 -7.72002 -25.8885 -1.61803 
0.6 -28.2914 -1.76821 16 0.18525 0.6295 5.7894e+18 -7.88941 -25.8885 -1.61803 
0.61 -28.3108 -1.76942 16 0.182891 0.634219 5.8897e+18 -7.94178 -25.8885 -1.61803 
0.62 -28.2854 -1.76784 16 0.182891 0.634219 5.82571e+18 -8.08637 -25.8885 -1.61803 
0.63 -28.2556 -1.76597 16 0.185031 0.629938 5.7845e+18 -8.13717 -25.8885 -1.61803 
0.64 -28.1929 -1.76206 16 0.186031 0.627937 5.77729e+18 -8.28061 -25.8885 -1.61803 
0.65 -28.174 -1.76087 16 0.188703 0.622594 5.73665e+18 -8.43474 -25.8885 -1.61803 
0.66 -28.1311 -1.75819 16 0.189203 0.621594 5.78104e+18 -8.51199 -25.8885 -1.61803 
0.67 -28.0554 -1.75347 16 0.190297 0.619406 5.679e+18 -8.60678 -25.8885 -1.61803 
0.68 -28.0161 -1.75101 16 0.190297 0.619406 5.74011e+18 -8.70963 -25.8885 -1.61803 
0.69 -27.9593 -1.74746 16 0.192422 0.615156 5.6865e+18 -8.85077 -25.8885 -1.61803 
0.7 -27.9582 -1.74739 16 0.193219 0.613563 5.67699e+18 -8.86884 -25.8885 -1.61803 
0.71 -27.8592 -1.7412 16 0.195109 0.609781 5.58908e+18 -8.99705 -25.8885 -1.61803 
0.72 -27.8846 -1.74279 16 0.192125 0.61575 5.75106e+18 -9.1358 -25.8885 -1.61803 
0.73 -27.8321 -1.7395 16 0.194734 0.610531 5.60262e+18 -9.23158 -25.8885 -1.61803 
0.74 -27.721 -1.73257 16 0.196125 0.60775 5.5885e+18 -9.32306 -25.8885 -1.61803 
0.75 -27.8023 -1.73765 16 0.194328 0.611344 5.70062e+18 -9.32217 -25.8885 -1.61803 
0.76 -27.6447 -1.72779 16 0.197469 0.605063 5.44611e+18 -9.46697 -25.8885 -1.61803 
0.77 -27.6548 -1.72843 16 0.195156 0.609687 5.6104e+18 -9.66268 -25.8885 -1.61803 
0.78 -27.5525 -1.72203 16 0.200625 0.59875 5.58706e+18 -9.69074 -25.8885 -1.61803 
0.79 -27.5184 -1.7199 16 0.198828 0.602344 5.46715e+18 -9.78156 -25.8885 -1.61803 
0.8 -27.4643 -1.71652 16 0.200906 0.598187 5.40115e+18 -9.89688 -25.8885 -1.61803 
0.81 -27.3662 -1.71039 16 0.202344 0.595312 5.45217e+18 -9.95972 -25.8885 -1.61803 
0.82 -27.4201 -1.71376 16 0.200141 0.599719 5.64989e+18 -10.0485 -25.8885 -1.61803 
0.83 -27.3803 -1.71127 16 0.200453 0.599094 5.55478e+18 -10.1034 -25.8885 -1.61803 
0.84 -27.3089 -1.7068 16 0.202031 0.595938 5.4366e+18 -10.25 -25.8885 -1.61803 
0.85 -27.1983 -1.69989 16 0.203719 0.592562 5.25386e+18 -10.3392 -25.8885 -1.61803 
0.86 -27.1989 -1.69993 16 0.203172 0.593656 5.37434e+18 -10.3993 -25.8885 -1.61803 
0.87 -27.1471 -1.6967 16 0.203875 0.59225 5.41066e+18 -10.5167 -25.8885 -1.61803 
0.88 -27.0978 -1.69361 16 0.205094 0.589812 5.41153e+18 -10.5449 -25.8885 -1.61803 
0.89 -27.0027 -1.68767 16 0.206328 0.587344 5.48819e+18 -10.6597 -25.8885 -1.61803 
0.9 -27.0089 -1.68806 16 0.206469 0.587063 5.38847e+18 -10.7216 -25.8885 -1.61803 
0.91 -26.8857 -1.68035 16 0.20825 0.5835 5.29566e+18 -10.7974 -25.8885 -1.61803 
0.92 -26.8761 -1.67976 16 0.208266 0.583469 5.4294e+18 -10.8975 -25.8885 -1.61803 
0.93 -26.8497 -1.6781 16 0.209 0.582 5.40028e+18 -10.9537 -25.8885 -1.61803 
0.94 -26.7851 -1.67407 16 0.2095 0.581 5.51183e+18 -10.9909 -25.8885 -1.61803 
0.95 -26.7993 -1.67496 16 0.208188 0.583625 5.39394e+18 -11.0693 -25.8885 -1.61803 
0.96 -26.7 -1.66875 16 0.20925 0.5815 5.31641e+18 -11.1712 -25.8885 -1.61803 
0.97 -26.5566 -1.65979 16 0.212812 0.574375 5.20227e+18 -11.2501 -25.8885 -1.61803 
0.98 -26.5842 -1.66151 16 0.210609 0.578781 5.35907e+18 -11.2761 -25.8885 -1.61803 
0.99 -26.5154 -1.65721 16 0.211625 0.57675 5.20313e+18 -11.3799 -25.8885 -1.61803 
