#ClusterEigenvalue -16.2462
# g emean emean / nmean nmean domean / config->nTotalSites s2mean / config->nTotalSites staggmag / config->nTotalSites epert / config->nTotalSites ess->getGroundStateEnergy() * config->nClusters ess->getGroundStateEnergy() * config->nClusters / nmean 
0 -129.97 -8.12311 16 0.00746875 0.985063 9.19109e+18 0 -129.97 -8.12311 
0.01 -130.079 -8.12993 16 0.00776562 0.984469 8.91612e+18 -0.117354 -129.97 -8.12311 
0.02 -130.213 -8.13831 16 0.0083125 0.983375 8.70168e+18 -0.292016 -129.97 -8.12311 
0.03 -130.358 -8.14738 16 0.007625 0.98475 8.92159e+18 -0.552966 -129.97 -8.12311 
0.04 -130.37 -8.14814 16 0.00834375 0.983313 8.70456e+18 -0.607763 -129.97 -8.12311 
0.05 -130.404 -8.15027 16 0.00851563 0.982969 9.05966e+18 -0.715171 -129.97 -8.12311 
0.06 -130.419 -8.15121 16 0.00889063 0.982219 9.51131e+18 -0.862173 -129.97 -8.12311 
0.07 -130.423 -8.15143 16 0.0095 0.981 8.09495e+18 -0.910344 -129.97 -8.12311 
0.08 -130.379 -8.14871 16 0.0101875 0.979625 9.23432e+18 -1.03904 -129.97 -8.12311 
0.09 -130.341 -8.14628 16 0.01075 0.9785 9.28765e+18 -1.2709 -129.97 -8.12311 
0.1 -130.252 -8.14074 16 0.0123906 0.975219 9.53956e+18 -1.52419 -129.97 -8.12311 
0.11 -130.159 -8.13496 16 0.0125312 0.974938 8.52758e+18 -1.57954 -129.97 -8.12311 
0.12 -130.107 -8.13171 16 0.0130312 0.973937 9.20291e+18 -1.64739 -129.97 -8.12311 
0.13 -129.846 -8.11537 16 0.0160781 0.967844 9.27035e+18 -1.93076 -129.97 -8.12311 
0.14 -129.768 -8.11051 16 0.0152031 0.969594 8.34283e+18 -1.97885 -129.97 -8.12311 
0.15 -129.537 -8.09604 16 0.0176719 0.964656 8.28691e+18 -2.16538 -129.97 -8.12311 
0.16 -129.306 -8.08164 16 0.0182344 0.963531 9.85575e+18 -2.36084 -129.97 -8.12311 
0.17 -129.093 -8.06829 16 0.0194219 0.961156 8.80717e+18 -2.40084 -129.97 -8.12311 
0.18 -129.038 -8.0649 16 0.0204063 0.959187 8.4659e+18 -2.48138 -129.97 -8.12311 
0.19 -128.811 -8.0507 16 0.0219062 0.956187 9.18677e+18 -2.63511 -129.97 -8.12311 
0.2 -128.474 -8.02964 16 0.0245156 0.950969 8.81783e+18 -2.8651 -129.97 -8.12311 
0.21 -128.11 -8.00686 16 0.026 0.948 9.61854e+18 -3.10704 -129.97 -8.12311 
0.22 -128.096 -8.00602 16 0.0270469 0.945906 9.14555e+18 -3.13195 -129.97 -8.12311 
0.23 -127.524 -7.97023 16 0.0298281 0.940344 8.29008e+18 -3.35185 -129.97 -8.12311 
0.24 -127.366 -7.96036 16 0.0293906 0.941219 9.08012e+18 -3.34824 -129.97 -8.12311 
0.25 -127.122 -7.94513 16 0.0302188 0.939563 9.2081e+18 -3.30316 -129.97 -8.12311 
0.26 -126.315 -7.8947 16 0.0357813 0.928438 8.13127e+18 -3.7807 -129.97 -8.12311 
0.27 -126.02 -7.87625 16 0.0385 0.923 8.23301e+18 -4.14101 -129.97 -8.12311 
0.28 -125.873 -7.86707 16 0.0385313 0.922937 8.11455e+18 -4.14376 -129.97 -8.12311 
0.29 -125.136 -7.82102 16 0.0415938 0.916813 8.27884e+18 -4.24848 -129.97 -8.12311 
0.3 -125.173 -7.82329 16 0.0418437 0.916313 8.26097e+18 -4.30555 -129.97 -8.12311 
0.31 -124.176 -7.76099 16 0.0469531 0.906094 8.25377e+18 -4.72793 -129.97 -8.12311 
0.32 -123.838 -7.73986 16 0.0482812 0.903438 8.62904e+18 -4.77232 -129.97 -8.12311 
0.33 -123.176 -7.69852 16 0.0525781 0.894844 8.12435e+18 -5.00798 -129.97 -8.12311 
0.34 -122.907 -7.68166 16 0.052625 0.89475 8.46677e+18 -5.05977 -129.97 -8.12311 
0.35 -122.293 -7.64334 16 0.0562344 0.887531 8.48291e+18 -5.14023 -129.97 -8.12311 
0.36 -122.416 -7.65103 16 0.0545312 0.890937 8.88297e+18 -5.13889 -129.97 -8.12311 
0.37 -121.46 -7.59125 16 0.0605313 0.878938 7.89261e+18 -5.58245 -129.97 -8.12311 
0.38 -120.888 -7.55549 16 0.0623906 0.875219 8.83628e+18 -5.58878 -129.97 -8.12311 
0.39 -120.724 -7.54524 16 0.0642344 0.871531 8.38664e+18 -5.84835 -129.97 -8.12311 
0.4 -119.976 -7.4985 16 0.0673281 0.865344 7.84592e+18 -5.9624 -129.97 -8.12311 
0.41 -119.271 -7.45441 16 0.0717031 0.856594 7.38302e+18 -6.1343 -129.97 -8.12311 
0.42 -119.483 -7.46767 16 0.0702813 0.859438 8.16384e+18 -6.1751 -129.97 -8.12311 
0.43 -118.69 -7.41811 16 0.0739375 0.852125 7.64589e+18 -6.2973 -129.97 -8.12311 
0.44 -118.347 -7.39667 16 0.0754531 0.849094 7.88627e+18 -6.45016 -129.97 -8.12311 
0.45 -117.495 -7.34345 16 0.07925 0.8415 7.95602e+18 -6.59211 -129.97 -8.12311 
0.46 -116.502 -7.28137 16 0.0840937 0.831813 7.38936e+18 -6.95868 -129.97 -8.12311 
0.47 -116.195 -7.26221 16 0.0850937 0.829812 7.37582e+18 -6.98675 -129.97 -8.12311 
0.48 -115.445 -7.2153 16 0.0889219 0.822156 8.30161e+18 -7.34148 -129.97 -8.12311 
0.49 -114.777 -7.17357 16 0.0922188 0.815562 7.33402e+18 -7.35118 -129.97 -8.12311 
0.5 -114.632 -7.16449 16 0.0926562 0.814688 7.75253e+18 -7.3908 -129.97 -8.12311 
0.51 -114.493 -7.15581 16 0.0932812 0.813438 7.20086e+18 -7.40761 -129.97 -8.12311 
0.52 -113.308 -7.08173 16 0.0982656 0.803469 7.71823e+18 -7.70083 -129.97 -8.12311 
0.53 -113.371 -7.0857 16 0.0989531 0.802094 7.8612e+18 -7.74444 -129.97 -8.12311 
0.54 -112.479 -7.02994 16 0.102813 0.794375 8.04076e+18 -8.07834 -129.97 -8.12311 
0.55 -112.686 -7.04285 16 0.101078 0.797844 7.34296e+18 -7.80499 -129.97 -8.12311 
0.56 -111.497 -6.96854 16 0.107063 0.785875 7.21815e+18 -8.13935 -129.97 -8.12311 
0.57 -110.559 -6.90997 16 0.111734 0.776531 7.08701e+18 -8.46143 -129.97 -8.12311 
0.58 -109.735 -6.85843 16 0.114812 0.770375 6.71087e+18 -8.56044 -129.97 -8.12311 
0.59 -109.904 -6.86903 16 0.114594 0.770813 6.40102e+18 -8.55738 -129.97 -8.12311 
0.6 -108.892 -6.80576 16 0.119344 0.761313 6.75266e+18 -8.85573 -129.97 -8.12311 
0.61 -107.947 -6.74668 16 0.123672 0.752656 7.04608e+18 -9.09408 -129.97 -8.12311 
0.62 -108.184 -6.76153 16 0.122734 0.754531 7.02792e+18 -9.06758 -129.97 -8.12311 
0.63 -108.71 -6.79437 16 0.119047 0.761906 7.23775e+18 -8.86361 -129.97 -8.12311 
0.64 -106.122 -6.63265 16 0.131688 0.736625 6.85181e+18 -9.53015 -129.97 -8.12311 
0.65 -106.085 -6.63029 16 0.131266 0.737469 6.74459e+18 -9.49486 -129.97 -8.12311 
0.66 -105.679 -6.60492 16 0.1335 0.733 6.47538e+18 -9.51925 -129.97 -8.12311 
