#ClusterEigenvalue -6.60555
# g emean emean / nmean nmean domean / config->nTotalSites s2mean / config->nTotalSites staggmag / config->nTotalSites epert / config->nTotalSites ess->getGroundStateEnergy() * config->nClusters ess->getGroundStateEnergy() * config->nClusters / nmean 
0 -52.8444 -3.30278 16 0.0424687 0.915063 8.46244e+18 0 -52.8444 -3.30278 
0.01 -52.9392 -3.3087 16 0.04225 0.9155 8.38549e+18 -0.095656 -52.8444 -3.30278 
0.02 -53.1498 -3.32186 16 0.0418281 0.916344 8.79564e+18 -0.328636 -52.8444 -3.30278 
0.03 -53.1576 -3.32235 16 0.0424531 0.915094 8.75961e+18 -0.338744 -52.8444 -3.30278 
0.04 -53.3182 -3.33238 16 0.0412969 0.917406 8.08919e+18 -0.530064 -52.8444 -3.30278 
0.05 -53.4526 -3.34079 16 0.0440625 0.911875 8.52931e+18 -0.718422 -52.8444 -3.30278 
0.06 -53.5742 -3.34839 16 0.0428281 0.914344 8.04912e+18 -0.903154 -52.8444 -3.30278 
0.07 -53.632 -3.352 16 0.0433594 0.913281 8.31026e+18 -1.00737 -52.8444 -3.30278 
0.08 -53.6882 -3.35551 16 0.0467656 0.906469 8.61463e+18 -1.11186 -52.8444 -3.30278 
0.09 -53.7624 -3.36015 16 0.0454062 0.909188 8.35666e+18 -1.25888 -52.8444 -3.30278 
0.1 -53.7978 -3.36236 16 0.0451719 0.909656 8.19381e+18 -1.3642 -52.8444 -3.30278 
0.11 -53.884 -3.36775 16 0.0457656 0.908469 8.18228e+18 -1.55888 -52.8444 -3.30278 
0.12 -53.9069 -3.36918 16 0.0458438 0.908312 8.36416e+18 -1.62529 -52.8444 -3.30278 
0.13 -53.9437 -3.37148 16 0.0476406 0.904719 8.39874e+18 -1.79939 -52.8444 -3.30278 
0.14 -53.9886 -3.37429 16 0.0463125 0.907375 8.31285e+18 -1.90993 -52.8444 -3.30278 
0.15 -54.0222 -3.37639 16 0.0501094 0.899781 7.99782e+18 -2.1221 -52.8444 -3.30278 
0.16 -54 -3.375 16 0.05075 0.8985 8.28951e+18 -2.29619 -52.8444 -3.30278 
0.17 -54.0459 -3.37787 16 0.0527187 0.894562 8.64835e+18 -2.40186 -52.8444 -3.30278 
0.18 -54.0665 -3.37915 16 0.0544219 0.891156 8.24858e+18 -2.54767 -52.8444 -3.30278 
0.19 -54.052 -3.37825 16 0.0548281 0.890344 8.22955e+18 -2.79075 -52.8444 -3.30278 
0.2 -54.0218 -3.37636 16 0.0559687 0.888062 8.32986e+18 -2.82628 -52.8444 -3.30278 
0.21 -54.0405 -3.37753 16 0.0573437 0.885313 8.00502e+18 -2.97878 -52.8444 -3.30278 
0.22 -53.993 -3.37456 16 0.0595625 0.880875 7.86811e+18 -3.14835 -52.8444 -3.30278 
0.23 -53.9431 -3.37144 16 0.0602812 0.879437 8.27394e+18 -3.2729 -52.8444 -3.30278 
0.24 -53.8814 -3.36759 16 0.0625 0.875 8.1477e+18 -3.38434 -52.8444 -3.30278 
0.25 -53.8699 -3.36687 16 0.0619688 0.876062 7.92432e+18 -3.47818 -52.8444 -3.30278 
0.26 -53.7616 -3.3601 16 0.0664844 0.867031 7.87964e+18 -3.71916 -52.8444 -3.30278 
0.27 -53.7518 -3.35949 16 0.0664219 0.867156 7.90097e+18 -3.89169 -52.8444 -3.30278 
0.28 -53.7477 -3.35923 16 0.06675 0.8665 8.11455e+18 -3.92427 -52.8444 -3.30278 
0.29 -53.6335 -3.35209 16 0.0701406 0.859719 7.66174e+18 -4.23249 -52.8444 -3.30278 
0.3 -53.5602 -3.34751 16 0.0723281 0.855344 7.54847e+18 -4.27594 -52.8444 -3.30278 
0.31 -53.4922 -3.34326 16 0.0749688 0.850063 7.85572e+18 -4.46852 -52.8444 -3.30278 
0.32 -53.3839 -3.33649 16 0.0755938 0.848812 7.577e+18 -4.6775 -52.8444 -3.30278 
0.33 -53.309 -3.33182 16 0.0779531 0.844094 7.59372e+18 -4.84293 -52.8444 -3.30278 
0.34 -53.2197 -3.32623 16 0.077875 0.84425 7.70094e+18 -4.86932 -52.8444 -3.30278 
0.35 -53.0291 -3.31432 16 0.0804688 0.839062 7.91452e+18 -5.04424 -52.8444 -3.30278 
0.36 -52.9924 -3.31202 16 0.0829375 0.834125 7.70699e+18 -5.19164 -52.8444 -3.30278 
0.37 -52.9252 -3.30783 16 0.0843125 0.831375 7.76176e+18 -5.29866 -52.8444 -3.30278 
0.38 -52.8157 -3.30098 16 0.08575 0.8285 7.50264e+18 -5.44449 -52.8444 -3.30278 
0.39 -52.6136 -3.28835 16 0.0912031 0.817594 7.32855e+18 -5.56332 -52.8444 -3.30278 
0.4 -52.5463 -3.28414 16 0.0927187 0.814563 7.48419e+18 -5.7519 -52.8444 -3.30278 
0.41 -52.418 -3.27612 16 0.0937031 0.812594 7.26398e+18 -5.98675 -52.8444 -3.30278 
0.42 -52.3542 -3.27214 16 0.095625 0.80875 7.57412e+18 -6.03759 -52.8444 -3.30278 
0.43 -52.1271 -3.25794 16 0.0973125 0.805375 7.2317e+18 -6.16366 -52.8444 -3.30278 
0.44 -52.2142 -3.26339 16 0.09775 0.8045 7.80268e+18 -6.16923 -52.8444 -3.30278 
0.45 -51.7932 -3.23708 16 0.104953 0.790094 7.45738e+18 -6.67247 -52.8444 -3.30278 
0.46 -51.8146 -3.23841 16 0.103359 0.793281 7.19625e+18 -6.64188 -52.8444 -3.30278 
0.47 -51.7424 -3.2339 16 0.105984 0.788031 7.35074e+18 -6.7828 -52.8444 -3.30278 
0.48 -51.546 -3.22163 16 0.108266 0.783469 7.20461e+18 -6.92659 -52.8444 -3.30278 
0.49 -51.4831 -3.21769 16 0.108703 0.782594 7.00429e+18 -7.10741 -52.8444 -3.30278 
0.5 -51.1016 -3.19385 16 0.113062 0.773875 7.01466e+18 -7.29667 -52.8444 -3.30278 
0.51 -50.8915 -3.18072 16 0.117453 0.765094 6.92906e+18 -7.50672 -52.8444 -3.30278 
0.52 -50.724 -3.17025 16 0.118984 0.762031 7.03196e+18 -7.53894 -52.8444 -3.30278 
0.53 -50.7541 -3.17213 16 0.119719 0.760563 6.9403e+18 -7.60505 -52.8444 -3.30278 
0.54 -50.4709 -3.15443 16 0.122969 0.754062 6.82616e+18 -7.79934 -52.8444 -3.30278 
0.55 -50.3814 -3.14884 16 0.123438 0.753125 7.00746e+18 -7.9372 -52.8444 -3.30278 
0.56 -50.2925 -3.14328 16 0.125781 0.748437 6.85412e+18 -8.03517 -52.8444 -3.30278 
0.57 -50.2636 -3.14148 16 0.124328 0.751344 7.00371e+18 -8.06068 -52.8444 -3.30278 
0.58 -49.8892 -3.11808 16 0.130531 0.738937 6.82126e+18 -8.32111 -52.8444 -3.30278 
0.59 -49.8243 -3.11402 16 0.132687 0.734625 6.60509e+18 -8.50507 -52.8444 -3.30278 
0.6 -49.6831 -3.10519 16 0.134797 0.730406 6.7518e+18 -8.54167 -52.8444 -3.30278 
0.61 -49.4478 -3.09049 16 0.137578 0.724844 6.73191e+18 -8.699 -52.8444 -3.30278 
0.62 -49.473 -3.09206 16 0.137422 0.725156 6.68464e+18 -8.8061 -52.8444 -3.30278 
0.63 -49.2477 -3.07798 16 0.138984 0.722031 6.45723e+18 -8.8961 -52.8444 -3.30278 
0.64 -49.1311 -3.07069 16 0.140609 0.718781 6.44195e+18 -9.01713 -52.8444 -3.30278 
0.65 -48.8712 -3.05445 16 0.1445 0.711 6.43734e+18 -9.15795 -52.8444 -3.30278 
0.66 -48.9415 -3.05884 16 0.144203 0.711594 6.61114e+18 -9.2477 -52.8444 -3.30278 
0.67 -48.3714 -3.02322 16 0.150594 0.698813 6.68262e+18 -9.47406 -52.8444 -3.30278 
0.68 -48.3969 -3.02481 16 0.150203 0.699594 6.37883e+18 -9.5455 -52.8444 -3.30278 
0.69 -48.2892 -3.01807 16 0.151656 0.696687 6.4408e+18 -9.64632 -52.8444 -3.30278 
0.7 -48.1122 -3.00701 16 0.153562 0.692875 6.36182e+18 -9.77257 -52.8444 -3.30278 
0.71 -47.9957 -2.99973 16 0.155203 0.689594 6.4823e+18 -9.85796 -52.8444 -3.30278 
0.72 -47.8093 -2.98808 16 0.158406 0.683187 5.83292e+18 -10.1107 -52.8444 -3.30278 
0.73 -47.6471 -2.97794 16 0.158297 0.683406 6.42984e+18 -10.0964 -52.8444 -3.30278 
0.74 -47.5524 -2.97202 16 0.161219 0.677563 6.07215e+18 -10.2532 -52.8444 -3.30278 
0.75 -47.397 -2.96231 16 0.161828 0.676344 6.28659e+18 -10.4177 -52.8444 -3.30278 
0.76 -47.21 -2.95062 16 0.165188 0.669625 6.21886e+18 -10.4417 -52.8444 -3.30278 
0.77 -47.1487 -2.9468 16 0.166516 0.666969 6.29899e+18 -10.5464 -52.8444 -3.30278 
0.78 -46.9953 -2.9372 16 0.168859 0.662281 6.37854e+18 -10.6121 -52.8444 -3.30278 
