#ClusterEigenvalue -11.3523
# g emean emean / nmean nmean domean / config->nTotalSites s2mean / config->nTotalSites staggmag / config->nTotalSites epert / config->nTotalSites ess->getGroundStateEnergy() * config->nClusters ess->getGroundStateEnergy() * config->nClusters / nmean 
0 -90.8188 -5.67617 16 0.0143594 0.971281 8.84233e+18 0 -90.8188 -5.67617 
0.01 -90.9537 -5.68461 16 0.0155469 0.968906 9.24124e+18 -0.143455 -90.8188 -5.67617 
0.02 -91.0947 -5.69342 16 0.0153906 0.969219 8.78757e+18 -0.31559 -90.8188 -5.67617 
0.03 -91.1583 -5.6974 16 0.0150937 0.969812 9.03862e+18 -0.397929 -90.8188 -5.67617 
0.04 -91.2672 -5.7042 16 0.0161406 0.967719 8.75846e+18 -0.566518 -90.8188 -5.67617 
0.05 -91.2938 -5.70586 16 0.0164531 0.967094 8.83887e+18 -0.63953 -90.8188 -5.67617 
0.06 -91.3649 -5.71031 16 0.0171719 0.965656 8.71349e+18 -0.831177 -90.8188 -5.67617 
0.07 -91.4294 -5.71434 16 0.0174219 0.965156 8.52268e+18 -1.00686 -90.8188 -5.67617 
0.08 -91.4326 -5.71454 16 0.0174219 0.965156 9.69492e+18 -1.08636 -90.8188 -5.67617 
0.09 -91.4931 -5.71832 16 0.0200625 0.959875 8.9974e+18 -1.28657 -90.8188 -5.67617 
0.1 -91.4775 -5.71734 16 0.0183437 0.963313 8.83397e+18 -1.40218 -90.8188 -5.67617 
0.11 -91.4421 -5.71513 16 0.0209375 0.958125 9.573e+18 -1.62515 -90.8188 -5.67617 
0.12 -91.3999 -5.71249 16 0.0213437 0.957313 8.91093e+18 -1.74373 -90.8188 -5.67617 
0.13 -91.3801 -5.71125 16 0.0217188 0.956562 8.70398e+18 -1.80054 -90.8188 -5.67617 
0.14 -91.258 -5.70362 16 0.0219687 0.956063 8.49588e+18 -1.97577 -90.8188 -5.67617 
0.15 -91.2352 -5.7022 16 0.0235156 0.952969 9.06542e+18 -2.09036 -90.8188 -5.67617 
0.16 -91.1796 -5.69872 16 0.0248281 0.950344 8.45409e+18 -2.19181 -90.8188 -5.67617 
0.17 -91.0568 -5.69105 16 0.0265625 0.946875 8.8798e+18 -2.39669 -90.8188 -5.67617 
0.18 -90.9396 -5.68372 16 0.027375 0.94525 8.88009e+18 -2.52459 -90.8188 -5.67617 
0.19 -90.8813 -5.68008 16 0.0282812 0.943437 8.67228e+18 -2.57121 -90.8188 -5.67617 
0.2 -90.5499 -5.65937 16 0.0324531 0.935094 8.77431e+18 -2.97146 -90.8188 -5.67617 
0.21 -90.5602 -5.66001 16 0.0309062 0.938188 8.90084e+18 -2.92922 -90.8188 -5.67617 
0.22 -90.3309 -5.64568 16 0.0345 0.931 8.60944e+18 -3.08077 -90.8188 -5.67617 
0.23 -90.2009 -5.63755 16 0.0356094 0.928781 8.57082e+18 -3.2584 -90.8188 -5.67617 
0.24 -89.9913 -5.62446 16 0.0382344 0.923531 8.85127e+18 -3.42458 -90.8188 -5.67617 
0.25 -89.9599 -5.6225 16 0.0392344 0.921531 8.94177e+18 -3.50825 -90.8188 -5.67617 
0.26 -89.8085 -5.61303 16 0.040875 0.91825 8.63769e+18 -3.75029 -90.8188 -5.67617 
0.27 -89.2601 -5.57876 16 0.04375 0.9125 8.38808e+18 -3.94745 -90.8188 -5.67617 
0.28 -89.1441 -5.57151 16 0.0449844 0.910031 7.90039e+18 -4.09027 -90.8188 -5.67617 
0.29 -88.9865 -5.56166 16 0.0462656 0.907469 8.24166e+18 -4.15623 -90.8188 -5.67617 
0.3 -88.5752 -5.53595 16 0.0496562 0.900688 8.08976e+18 -4.3993 -90.8188 -5.67617 
0.31 -88.4221 -5.52638 16 0.0513438 0.897312 7.83064e+18 -4.52622 -90.8188 -5.67617 
0.32 -87.9701 -5.49813 16 0.0559219 0.888156 7.75023e+18 -4.74094 -90.8188 -5.67617 
0.33 -87.8085 -5.48803 16 0.0547656 0.890469 8.15548e+18 -4.75265 -90.8188 -5.67617 
0.34 -87.7673 -5.48546 16 0.0563906 0.887219 7.96352e+18 -4.79468 -90.8188 -5.67617 
0.35 -87.3464 -5.45915 16 0.0605937 0.878812 7.62398e+18 -5.17718 -90.8188 -5.67617 
0.36 -87.1146 -5.44466 16 0.0624062 0.875188 7.51618e+18 -5.20972 -90.8188 -5.67617 
0.37 -86.8231 -5.42644 16 0.0636875 0.872625 7.773e+18 -5.45955 -90.8188 -5.67617 
0.38 -86.4927 -5.40579 16 0.0667813 0.866437 7.86581e+18 -5.64338 -90.8188 -5.67617 
0.39 -85.8296 -5.36435 16 0.0719375 0.856125 8.46994e+18 -5.79472 -90.8188 -5.67617 
0.4 -85.6389 -5.35243 16 0.07275 0.8545 7.80038e+18 -5.85135 -90.8188 -5.67617 
0.41 -85.4402 -5.34001 16 0.075625 0.84875 7.85918e+18 -6.14571 -90.8188 -5.67617 
0.42 -85.3343 -5.33339 16 0.0753281 0.849344 8.26212e+18 -6.18823 -90.8188 -5.67617 
0.43 -84.6121 -5.28826 16 0.0815312 0.836938 8.26674e+18 -6.54272 -90.8188 -5.67617 
0.44 -84.5616 -5.2851 16 0.0824219 0.835156 7.62168e+18 -6.55917 -90.8188 -5.67617 
0.45 -83.8785 -5.2424 16 0.0861719 0.827656 7.51935e+18 -6.66595 -90.8188 -5.67617 
0.46 -83.9421 -5.24638 16 0.0859063 0.828187 7.76176e+18 -6.65228 -90.8188 -5.67617 
0.47 -83.4719 -5.21699 16 0.0895625 0.820875 7.11007e+18 -7.0189 -90.8188 -5.67617 
0.48 -83.5255 -5.22034 16 0.0888594 0.822281 7.364e+18 -6.83645 -90.8188 -5.67617 
0.49 -82.8369 -5.17731 16 0.0937344 0.812531 7.5231e+18 -7.11747 -90.8188 -5.67617 
0.5 -82.6757 -5.16723 16 0.0953125 0.809375 7.60035e+18 -7.22607 -90.8188 -5.67617 
0.51 -82.2073 -5.13796 16 0.0989844 0.802031 6.9648e+18 -7.46891 -90.8188 -5.67617 
0.52 -81.5707 -5.09817 16 0.103109 0.793781 7.41559e+18 -7.67615 -90.8188 -5.67617 
0.53 -81.1854 -5.07409 16 0.106 0.788 7.07116e+18 -7.86168 -90.8188 -5.67617 
0.54 -80.5995 -5.03747 16 0.110141 0.779719 6.82299e+18 -8.07661 -90.8188 -5.67617 
0.55 -80.8288 -5.0518 16 0.108938 0.782125 7.42337e+18 -8.09227 -90.8188 -5.67617 
0.56 -80.4618 -5.02886 16 0.111813 0.776375 7.37351e+18 -8.17611 -90.8188 -5.67617 
0.57 -79.959 -4.99743 16 0.115 0.77 6.7541e+18 -8.3398 -90.8188 -5.67617 
0.58 -79.755 -4.98469 16 0.115922 0.768156 7.46488e+18 -8.49068 -90.8188 -5.67617 
0.59 -78.9951 -4.93719 16 0.122031 0.755937 6.37594e+18 -8.80665 -90.8188 -5.67617 
0.6 -78.719 -4.91994 16 0.122953 0.754094 6.84259e+18 -8.79449 -90.8188 -5.67617 
0.61 -78.1973 -4.88733 16 0.127359 0.745281 6.3134e+18 -9.07962 -90.8188 -5.67617 
0.62 -77.9465 -4.87166 16 0.128062 0.743875 7.10286e+18 -9.09015 -90.8188 -5.67617 
0.63 -78.0284 -4.87677 16 0.127984 0.744031 7.37783e+18 -9.0804 -90.8188 -5.67617 
0.64 -77.5989 -4.84993 16 0.130703 0.738594 7.15561e+18 -9.26936 -90.8188 -5.67617 
0.65 -77.044 -4.81525 16 0.134813 0.730375 6.02459e+18 -9.44459 -90.8188 -5.67617 
0.66 -77.0074 -4.81297 16 0.135406 0.729187 7.19711e+18 -9.52454 -90.8188 -5.67617 
