#ClusterEigenvalue -2
# g emean emean / nmean nmean domean / config->nTotalSites s2mean / config->nTotalSites staggmag / config->nTotalSites epert / config->nTotalSites ess->getGroundStateEnergy() * config->nClusters ess->getGroundStateEnergy() * config->nClusters / nmean 
0 -16 -1 16 0.249172 0.501656 4.58632e+18 0 -16 -1 
0.01 -16.1435 -1.00897 16 0.251344 0.497313 4.60794e+18 -0.144958 -16 -1 
0.02 -16.2475 -1.01547 16 0.250062 0.499875 4.57681e+18 -0.252021 -16 -1 
0.03 -16.4281 -1.02676 16 0.248328 0.503344 4.65002e+18 -0.442058 -16 -1 
0.04 -16.5168 -1.0323 16 0.248844 0.502312 4.59814e+18 -0.537367 -16 -1 
0.05 -16.6252 -1.03908 16 0.247141 0.505719 4.63215e+18 -0.655837 -16 -1 
0.06 -16.7792 -1.0487 16 0.249016 0.501969 4.61313e+18 -0.827969 -16 -1 
0.07 -16.9363 -1.05852 16 0.249172 0.501656 4.64426e+18 -1.00904 -16 -1 
0.08 -17.0562 -1.06601 16 0.25225 0.4955 4.56874e+18 -1.15091 -16 -1 
0.09 -17.206 -1.07537 16 0.250172 0.499656 4.64137e+18 -1.33241 -16 -1 
0.1 -17.2339 -1.07712 16 0.250563 0.498875 4.55779e+18 -1.36715 -16 -1 
0.11 -17.3134 -1.08209 16 0.249766 0.500469 4.6725e+18 -1.46703 -16 -1 
0.12 -17.4554 -1.09096 16 0.250812 0.498375 4.55116e+18 -1.65003 -16 -1 
0.13 -17.6057 -1.10036 16 0.249906 0.500188 4.58834e+18 -1.84936 -16 -1 
0.14 -17.6814 -1.10509 16 0.249375 0.50125 4.61601e+18 -1.95437 -16 -1 
0.15 -17.797 -1.11231 16 0.252203 0.495594 4.56845e+18 -2.11863 -16 -1 
0.16 -17.8701 -1.11688 16 0.248016 0.503969 4.729e+18 -2.22365 -16 -1 
0.17 -17.9715 -1.12322 16 0.248984 0.502031 4.6065e+18 -2.3752 -16 -1 
0.18 -18.0771 -1.12982 16 0.249609 0.500781 4.63186e+18 -2.5363 -16 -1 
0.19 -18.1391 -1.13369 16 0.247797 0.504406 4.6947e+18 -2.63383 -16 -1 
0.2 -18.2426 -1.14017 16 0.249016 0.501969 4.62091e+18 -2.80666 -16 -1 
0.21 -18.3094 -1.14434 16 0.249578 0.500844 4.54251e+18 -2.9169 -16 -1 
0.22 -18.3774 -1.14859 16 0.248219 0.503563 4.70248e+18 -3.03901 -16 -1 
0.23 -18.4028 -1.15018 16 0.249625 0.50075 4.58171e+18 -3.08464 -16 -1 
0.24 -18.5172 -1.15733 16 0.251609 0.496781 4.50043e+18 -3.29169 -16 -1 
0.25 -18.6005 -1.16253 16 0.250016 0.499969 4.6431e+18 -3.45229 -16 -1 
0.26 -18.6558 -1.16599 16 0.252469 0.495062 4.58546e+18 -3.56776 -16 -1 
0.27 -18.7153 -1.1697 16 0.249047 0.501906 4.66876e+18 -3.69119 -16 -1 
0.28 -18.7863 -1.17414 16 0.249594 0.500812 4.67769e+18 -3.84293 -16 -1 
0.29 -18.8471 -1.17794 16 0.248891 0.502219 4.63359e+18 -3.98288 -16 -1 
0.3 -18.8943 -1.1809 16 0.250422 0.499156 4.69614e+18 -4.09225 -16 -1 
0.31 -18.9321 -1.18326 16 0.249094 0.501812 4.68547e+18 -4.18501 -16 -1 
0.32 -18.9759 -1.18599 16 0.249625 0.50075 4.58978e+18 -4.30317 -16 -1 
0.33 -19.0482 -1.19051 16 0.250609 0.498781 4.58344e+18 -4.49996 -16 -1 
0.34 -19.0925 -1.19328 16 0.249172 0.501656 4.65896e+18 -4.61277 -16 -1 
0.35 -19.131 -1.19569 16 0.249891 0.500219 4.67221e+18 -4.75533 -16 -1 
0.36 -19.1819 -1.19887 16 0.249844 0.500313 4.57912e+18 -4.90496 -16 -1 
0.37 -19.1988 -1.19992 16 0.250484 0.499031 4.62177e+18 -4.98554 -16 -1 
0.38 -19.2197 -1.20123 16 0.250281 0.499437 4.57854e+18 -5.06939 -16 -1 
0.39 -19.2638 -1.20399 16 0.249625 0.50075 4.65204e+18 -5.2182 -16 -1 
0.4 -19.2828 -1.20517 16 0.249031 0.501937 4.65492e+18 -5.30705 -16 -1 
0.41 -19.3242 -1.20776 16 0.247984 0.504031 4.65896e+18 -5.47413 -16 -1 
0.42 -19.3525 -1.20953 16 0.249484 0.501031 4.57652e+18 -5.63318 -16 -1 
0.43 -19.3625 -1.21016 16 0.2505 0.499 4.61284e+18 -5.6846 -16 -1 
0.44 -19.3775 -1.21109 16 0.249297 0.501406 4.56672e+18 -5.77287 -16 -1 
0.45 -19.3946 -1.21216 16 0.24825 0.5035 4.7682e+18 -5.94343 -16 -1 
0.46 -19.4139 -1.21337 16 0.249969 0.500063 4.50677e+18 -6.04542 -16 -1 
0.47 -19.4202 -1.21376 16 0.249563 0.500875 4.71026e+18 -6.12184 -16 -1 
0.48 -19.4275 -1.21422 16 0.249672 0.500656 4.63215e+18 -6.24193 -16 -1 
0.49 -19.4464 -1.2154 16 0.250937 0.498125 4.53473e+18 -6.34855 -16 -1 
0.5 -19.457 -1.21606 16 0.252375 0.49525 4.57277e+18 -6.48277 -16 -1 
0.51 -19.4569 -1.21606 16 0.24875 0.5025 4.56442e+18 -6.59589 -16 -1 
0.52 -19.4667 -1.21667 16 0.24975 0.5005 4.59612e+18 -6.72929 -16 -1 
0.53 -19.4709 -1.21693 16 0.249234 0.501531 4.66443e+18 -6.8102 -16 -1 
0.54 -19.4623 -1.21639 16 0.250297 0.499406 4.56845e+18 -6.87293 -16 -1 
0.55 -19.4675 -1.21672 16 0.249875 0.50025 4.6506e+18 -6.95468 -16 -1 
0.56 -19.4578 -1.21612 16 0.250391 0.499219 4.68173e+18 -7.11769 -16 -1 
0.57 -19.4659 -1.21662 16 0.251141 0.497719 4.67049e+18 -7.18957 -16 -1 
0.58 -19.4392 -1.21495 16 0.249406 0.501188 4.63878e+18 -7.38667 -16 -1 
0.59 -19.4412 -1.21507 16 0.252141 0.495719 4.56384e+18 -7.42504 -16 -1 
0.6 -19.4284 -1.21428 16 0.252719 0.494563 4.57652e+18 -7.53603 -16 -1 
0.61 -19.4225 -1.21391 16 0.251312 0.497375 4.52983e+18 -7.61347 -16 -1 
0.62 -19.3934 -1.21209 16 0.24825 0.5035 4.60131e+18 -7.75034 -16 -1 
0.63 -19.406 -1.21287 16 0.250313 0.499375 4.58776e+18 -7.82043 -16 -1 
0.64 -19.404 -1.21275 16 0.250312 0.499375 4.62466e+18 -7.8641 -16 -1 
0.65 -19.3522 -1.20951 16 0.248391 0.503219 4.70046e+18 -7.99774 -16 -1 
0.66 -19.3276 -1.20797 16 0.249562 0.500875 4.5967e+18 -8.14516 -16 -1 
0.67 -19.3316 -1.20822 16 0.247859 0.504281 4.64599e+18 -8.19124 -16 -1 
0.68 -19.3152 -1.2072 16 0.249219 0.501562 4.63878e+18 -8.24529 -16 -1 
0.69 -19.293 -1.20581 16 0.250312 0.499375 4.60852e+18 -8.41979 -16 -1 
0.7 -19.2653 -1.20408 16 0.250766 0.498469 4.60477e+18 -8.46952 -16 -1 
0.71 -19.231 -1.20194 16 0.249813 0.500375 4.55923e+18 -8.56904 -16 -1 
0.72 -19.2228 -1.20143 16 0.250656 0.498688 4.63273e+18 -8.63311 -16 -1 
0.73 -19.2082 -1.20051 16 0.250031 0.499938 4.61572e+18 -8.66642 -16 -1 
0.74 -19.1627 -1.19767 16 0.248703 0.502594 4.64166e+18 -8.81016 -16 -1 
0.75 -19.1684 -1.19802 16 0.250266 0.499469 4.57969e+18 -8.85259 -16 -1 
0.76 -19.0997 -1.19373 16 0.249219 0.501563 4.66616e+18 -9.01514 -16 -1 
0.77 -19.0555 -1.19097 16 0.25075 0.4985 4.60707e+18 -9.06119 -16 -1 
0.78 -19.0839 -1.19275 16 0.248969 0.502062 4.67049e+18 -9.07693 -16 -1 
0.79 -19.0292 -1.18933 16 0.250312 0.499375 4.53905e+18 -9.21397 -16 -1 
0.8 -19.0075 -1.18797 16 0.249703 0.500594 4.59295e+18 -9.25072 -16 -1 
0.81 -18.9658 -1.18536 16 0.249375 0.50125 4.58834e+18 -9.35823 -16 -1 
0.82 -18.9469 -1.18418 16 0.249812 0.500375 4.5794e+18 -9.40926 -16 -1 
0.83 -18.8863 -1.18039 16 0.249297 0.501406 4.56932e+18 -9.54934 -16 -1 
0.84 -18.8956 -1.18098 16 0.249922 0.500156 4.61659e+18 -9.54767 -16 -1 
0.85 -18.8254 -1.17659 16 0.250391 0.499219 4.57076e+18 -9.68062 -16 -1 
0.86 -18.7978 -1.17486 16 0.251016 0.497969 4.56384e+18 -9.76129 -16 -1 
0.87 -18.8065 -1.1754 16 0.252391 0.495219 4.54741e+18 -9.7567 -16 -1 
0.88 -18.7261 -1.17038 16 0.250312 0.499375 4.60477e+18 -9.91968 -16 -1 
0.89 -18.7335 -1.17084 16 0.249562 0.500875 4.5771e+18 -9.9296 -16 -1 
0.9 -18.6924 -1.16828 16 0.250516 0.498969 4.60909e+18 -10.0235 -16 -1 
0.91 -18.5813 -1.16133 16 0.251766 0.496469 4.46411e+18 -10.1465 -16 -1 
0.92 -18.596 -1.16225 16 0.251172 0.497656 4.63071e+18 -10.1539 -16 -1 
0.93 -18.5383 -1.15864 16 0.248047 0.503906 4.59382e+18 -10.2252 -16 -1 
0.94 -18.5162 -1.15726 16 0.248594 0.502812 4.54741e+18 -10.3284 -16 -1 
0.95 -18.4872 -1.15545 16 0.247953 0.504094 4.63446e+18 -10.3562 -16 -1 
0.96 -18.4181 -1.15113 16 0.250734 0.498531 4.5892e+18 -10.4348 -16 -1 
0.97 -18.4417 -1.1526 16 0.250688 0.498625 4.62004e+18 -10.422 -16 -1 
0.98 -18.4014 -1.15009 16 0.249828 0.500344 4.63964e+18 -10.5206 -16 -1 
0.99 -18.3197 -1.14498 16 0.249328 0.501344 4.58661e+18 -10.6241 -16 -1 
