#ClusterEigenvalue -13.4319
# g emean emean / nmean nmean domean / config->nTotalSites s2mean / config->nTotalSites staggmag / config->nTotalSites epert / config->nTotalSites ess->getGroundStateEnergy() * config->nClusters ess->getGroundStateEnergy() * config->nClusters / nmean 
0 -53.7276 -3.35798 16 0.0490469 0.901906 8.25319e+18 0 -53.7277 -3.35798 
0.01 -53.7582 -3.35989 16 0.0490625 0.901875 8.19266e+18 -0.030459 -53.7277 -3.35798 
0.02 -53.8209 -3.36381 16 0.0502031 0.899594 8.3999e+18 -0.0966221 -53.7277 -3.35798 
0.03 -53.9017 -3.36885 16 0.0511406 0.897719 8.63365e+18 -0.193759 -53.7277 -3.35798 
0.04 -53.9329 -3.37081 16 0.0486719 0.902656 8.24598e+18 -0.233246 -53.7277 -3.35798 
0.05 -54.0126 -3.37579 16 0.0485469 0.902906 8.5224e+18 -0.341932 -53.7277 -3.35798 
0.06 -54.0201 -3.37626 16 0.048875 0.90225 8.04768e+18 -0.359532 -53.7277 -3.35798 
0.07 -54.022 -3.37638 16 0.0490937 0.901813 8.1281e+18 -0.355102 -53.7277 -3.35798 
0.08 -54.0987 -3.38117 16 0.0497812 0.900438 8.38087e+18 -0.493054 -53.7277 -3.35798 
0.09 -54.1016 -3.38135 16 0.0499219 0.900156 8.16095e+18 -0.486898 -53.7277 -3.35798 
0.1 -54.1519 -3.38449 16 0.0499844 0.900031 7.92115e+18 -0.623077 -53.7277 -3.35798 
0.11 -54.1643 -3.38527 16 0.0508594 0.898281 8.09524e+18 -0.638456 -53.7277 -3.35798 
0.12 -54.2124 -3.38827 16 0.0517031 0.896594 8.1036e+18 -0.742763 -53.7277 -3.35798 
0.13 -54.2121 -3.38826 16 0.0519844 0.896031 8.16268e+18 -0.778729 -53.7277 -3.35798 
0.14 -54.2227 -3.38892 16 0.0516875 0.896625 8.37684e+18 -0.806512 -53.7277 -3.35798 
0.15 -54.2302 -3.38939 16 0.0527813 0.894438 7.92893e+18 -0.899045 -53.7277 -3.35798 
0.16 -54.2232 -3.38895 16 0.0539063 0.892188 8.25751e+18 -0.959759 -53.7277 -3.35798 
0.17 -54.2344 -3.38965 16 0.0541875 0.891625 8.18517e+18 -1.02988 -53.7277 -3.35798 
0.18 -54.2513 -3.3907 16 0.0552969 0.889406 7.99176e+18 -1.10896 -53.7277 -3.35798 
0.19 -54.231 -3.38944 16 0.0535938 0.892813 8.182e+18 -1.14902 -53.7277 -3.35798 
0.2 -54.2561 -3.391 16 0.05325 0.8935 8.30161e+18 -1.17888 -53.7277 -3.35798 
0.21 -54.22 -3.38875 16 0.0554844 0.889031 8.395e+18 -1.26715 -53.7277 -3.35798 
0.22 -54.2336 -3.3896 16 0.0563594 0.887281 8.78065e+18 -1.36691 -53.7277 -3.35798 
0.23 -54.2234 -3.38896 16 0.0571719 0.885656 8.01136e+18 -1.43573 -53.7277 -3.35798 
0.24 -54.2029 -3.38768 16 0.0580312 0.883938 8.23618e+18 -1.4851 -53.7277 -3.35798 
0.25 -54.1584 -3.3849 16 0.0602344 0.879531 8.30075e+18 -1.59715 -53.7277 -3.35798 
0.26 -54.1307 -3.38317 16 0.0595 0.881 7.8488e+18 -1.55866 -53.7277 -3.35798 
0.27 -54.1245 -3.38278 16 0.0603906 0.879219 8.32208e+18 -1.62883 -53.7277 -3.35798 
0.28 -54.107 -3.38169 16 0.0607969 0.878406 7.91711e+18 -1.72694 -53.7277 -3.35798 
0.29 -54.0758 -3.37974 16 0.060875 0.87825 7.98658e+18 -1.79554 -53.7277 -3.35798 
0.3 -54.0208 -3.3763 16 0.0615625 0.876875 8.11714e+18 -1.83097 -53.7277 -3.35798 
0.31 -54.0099 -3.37562 16 0.0618125 0.876375 8.0912e+18 -1.9137 -53.7277 -3.35798 
0.32 -53.9544 -3.37215 16 0.0649687 0.870063 8.18113e+18 -1.93164 -53.7277 -3.35798 
0.33 -53.9564 -3.37227 16 0.0646094 0.870781 7.95718e+18 -1.96594 -53.7277 -3.35798 
0.34 -53.8838 -3.36774 16 0.0653125 0.869375 8.15807e+18 -2.12912 -53.7277 -3.35798 
0.35 -53.8004 -3.36253 16 0.0672656 0.865469 8.03269e+18 -2.17528 -53.7277 -3.35798 
0.36 -53.7375 -3.35859 16 0.0695781 0.860844 8.17508e+18 -2.2863 -53.7277 -3.35798 
0.37 -53.8072 -3.36295 16 0.06775 0.8645 7.87272e+18 -2.23462 -53.7277 -3.35798 
0.38 -53.7127 -3.35704 16 0.0682031 0.863594 7.95083e+18 -2.34251 -53.7277 -3.35798 
0.39 -53.5972 -3.34983 16 0.0723906 0.855219 8.11455e+18 -2.43268 -53.7277 -3.35798 
0.4 -53.581 -3.34881 16 0.0706406 0.858719 7.54875e+18 -2.51221 -53.7277 -3.35798 
0.41 -53.6159 -3.35099 16 0.071125 0.85775 7.86091e+18 -2.54369 -53.7277 -3.35798 
0.42 -53.4795 -3.34247 16 0.0735 0.853 7.66232e+18 -2.64571 -53.7277 -3.35798 
0.43 -53.395 -3.33719 16 0.0746563 0.850687 8.3728e+18 -2.68826 -53.7277 -3.35798 
0.44 -53.3806 -3.33628 16 0.0739687 0.852063 7.84131e+18 -2.74609 -53.7277 -3.35798 
0.45 -53.3224 -3.33265 16 0.076125 0.84775 7.70526e+18 -2.79944 -53.7277 -3.35798 
0.46 -53.2598 -3.32874 16 0.0761719 0.847656 7.98427e+18 -2.79374 -53.7277 -3.35798 
0.47 -53.1755 -3.32347 16 0.07725 0.8455 7.57095e+18 -2.91538 -53.7277 -3.35798 
0.48 -53.1312 -3.3207 16 0.0795781 0.840844 7.5035e+18 -3.03217 -53.7277 -3.35798 
0.49 -53.0614 -3.31634 16 0.0796719 0.840656 8.07103e+18 -3.12031 -53.7277 -3.35798 
0.5 -53.1263 -3.32039 16 0.0789062 0.842187 7.98081e+18 -3.02286 -53.7277 -3.35798 
0.51 -52.9946 -3.31216 16 0.0809375 0.838125 7.60409e+18 -3.10985 -53.7277 -3.35798 
0.52 -52.8273 -3.30171 16 0.0818281 0.836344 7.74677e+18 -3.19271 -53.7277 -3.35798 
0.53 -52.7978 -3.29986 16 0.0829375 0.834125 7.39887e+18 -3.26925 -53.7277 -3.35798 
0.54 -52.7555 -3.29722 16 0.0835313 0.832937 7.40694e+18 -3.30482 -53.7277 -3.35798 
0.55 -52.6721 -3.29201 16 0.0854687 0.829063 7.52829e+18 -3.36573 -53.7277 -3.35798 
0.56 -52.4432 -3.2777 16 0.0869531 0.826094 7.47929e+18 -3.54223 -53.7277 -3.35798 
0.57 -52.5419 -3.28387 16 0.0852188 0.829562 7.5257e+18 -3.46429 -53.7277 -3.35798 
0.58 -52.4023 -3.27514 16 0.0889375 0.822125 7.46718e+18 -3.57572 -53.7277 -3.35798 
0.59 -52.3812 -3.27382 16 0.08875 0.8225 7.17838e+18 -3.68873 -53.7277 -3.35798 
0.6 -52.3264 -3.2704 16 0.0876563 0.824688 7.47756e+18 -3.63438 -53.7277 -3.35798 
0.61 -52.3856 -3.2741 16 0.0878437 0.824313 7.32797e+18 -3.65725 -53.7277 -3.35798 
0.62 -52.1156 -3.25722 16 0.0912812 0.817438 7.42741e+18 -3.80911 -53.7277 -3.35798 
0.63 -52.2484 -3.26553 16 0.0909844 0.818031 7.54328e+18 -3.83361 -53.7277 -3.35798 
0.64 -52.0819 -3.25512 16 0.0917656 0.816469 7.56115e+18 -3.85426 -53.7277 -3.35798 
0.65 -51.947 -3.24669 16 0.0941719 0.811656 7.36544e+18 -3.9296 -53.7277 -3.35798 
0.66 -51.9728 -3.2483 16 0.0930625 0.813875 7.75887e+18 -4.00412 -53.7277 -3.35798 
0.67 -51.9313 -3.24571 16 0.0939375 0.812125 7.08816e+18 -4.01228 -53.7277 -3.35798 
0.68 -51.8418 -3.24011 16 0.0946719 0.810656 7.32682e+18 -4.09953 -53.7277 -3.35798 
0.69 -51.6877 -3.23048 16 0.097125 0.80575 7.22248e+18 -4.10775 -53.7277 -3.35798 
0.7 -51.789 -3.23681 16 0.095875 0.80825 7.23746e+18 -4.12956 -53.7277 -3.35798 
0.71 -51.6234 -3.22646 16 0.0968438 0.806312 7.15791e+18 -4.23618 -53.7277 -3.35798 
0.72 -51.5271 -3.22044 16 0.0981563 0.803687 7.80528e+18 -4.26235 -53.7277 -3.35798 
0.73 -51.3223 -3.20764 16 0.100437 0.799125 7.56951e+18 -4.36146 -53.7277 -3.35798 
0.74 -51.4782 -3.21739 16 0.0968281 0.806344 7.2464e+18 -4.29355 -53.7277 -3.35798 
0.75 -51.4943 -3.21839 16 0.0989063 0.802188 7.08557e+18 -4.2861 -53.7277 -3.35798 
0.76 -51.2712 -3.20445 16 0.100703 0.798594 7.47007e+18 -4.53 -53.7277 -3.35798 
0.77 -51.2616 -3.20385 16 0.100672 0.798656 7.22766e+18 -4.48146 -53.7277 -3.35798 
0.78 -51.2703 -3.20439 16 0.101812 0.796375 7.49399e+18 -4.51652 -53.7277 -3.35798 
0.79 -51.1427 -3.19642 16 0.102047 0.795906 7.2928e+18 -4.57387 -53.7277 -3.35798 
0.8 -51.1404 -3.19628 16 0.100422 0.799156 7.30981e+18 -4.55098 -53.7277 -3.35798 
0.81 -51.0383 -3.1899 16 0.102469 0.795063 7.99176e+18 -4.65219 -53.7277 -3.35798 
0.82 -50.9445 -3.18403 16 0.104625 0.79075 7.64272e+18 -4.68749 -53.7277 -3.35798 
0.83 -50.8322 -3.17701 16 0.104516 0.790969 7.26139e+18 -4.67315 -53.7277 -3.35798 
0.84 -50.9979 -3.18737 16 0.102875 0.79425 7.50552e+18 -4.72529 -53.7277 -3.35798 
0.85 -50.8592 -3.1787 16 0.104859 0.790281 7.35795e+18 -4.76717 -53.7277 -3.35798 
0.86 -50.7141 -3.16963 16 0.106734 0.786531 7.34238e+18 -4.84698 -53.7277 -3.35798 
0.87 -50.7128 -3.16955 16 0.10575 0.7885 7.07923e+18 -4.82281 -53.7277 -3.35798 
0.88 -50.5662 -3.16039 16 0.106578 0.786844 6.87372e+18 -4.91229 -53.7277 -3.35798 
0.89 -50.7012 -3.16883 16 0.106672 0.786656 7.42799e+18 -4.88949 -53.7277 -3.35798 
0.9 -50.6294 -3.16434 16 0.105266 0.789469 7.64906e+18 -4.92639 -53.7277 -3.35798 
0.91 -50.5058 -3.15661 16 0.106937 0.786125 7.66088e+18 -4.99147 -53.7277 -3.35798 
0.92 -50.5496 -3.15935 16 0.10675 0.7865 7.01985e+18 -4.99321 -53.7277 -3.35798 
0.93 -50.3298 -3.14561 16 0.108828 0.782344 7.37264e+18 -5.04843 -53.7277 -3.35798 
0.94 -50.3737 -3.14836 16 0.107234 0.785531 7.24294e+18 -5.00237 -53.7277 -3.35798 
0.95 -50.3039 -3.14399 16 0.109531 0.780937 7.25706e+18 -5.10274 -53.7277 -3.35798 
0.96 -50.2008 -3.13755 16 0.111281 0.777438 8.0105e+18 -5.11558 -53.7277 -3.35798 
0.97 -50.2237 -3.13898 16 0.110109 0.779781 7.02648e+18 -5.10921 -53.7277 -3.35798 
0.98 -50.0796 -3.12998 16 0.112094 0.775813 6.9893e+18 -5.14827 -53.7277 -3.35798 
0.99 -50.0363 -3.12727 16 0.110719 0.778563 7.29396e+18 -5.15929 -53.7277 -3.35798 
