#ClusterEigenvalue -24.7681
# g emean emean / nmean nmean domean / config->nTotalSites s2mean / config->nTotalSites staggmag / config->nTotalSites epert / config->nTotalSites ess->getGroundStateEnergy() * config->nClusters ess->getGroundStateEnergy() * config->nClusters / nmean 
0 -99.0722 -6.19201 16 0.015125 0.96975 8.11282e+18 0 -99.0723 -6.19202 
0.01 -99.1052 -6.19408 16 0.0153125 0.969375 8.47253e+18 -0.0330139 -99.0723 -6.19202 
0.02 -99.1801 -6.19875 16 0.015 0.97 8.85415e+18 -0.1215 -99.0723 -6.19202 
0.03 -99.2309 -6.20193 16 0.0161563 0.967688 8.3852e+18 -0.195461 -99.0723 -6.19202 
0.04 -99.2898 -6.20561 16 0.0165937 0.966813 8.99019e+18 -0.303142 -99.0723 -6.19202 
0.05 -99.2821 -6.20513 16 0.0155312 0.968938 8.91007e+18 -0.281749 -99.0723 -6.19202 
0.06 -99.274 -6.20462 16 0.0161719 0.967656 8.63942e+18 -0.290665 -99.0723 -6.19202 
0.07 -99.3197 -6.20748 16 0.0152031 0.969594 8.52413e+18 -0.4258 -99.0723 -6.19202 
0.08 -99.3294 -6.20809 16 0.0171719 0.965656 8.84262e+18 -0.493374 -99.0723 -6.19202 
0.09 -99.3214 -6.20759 16 0.0169062 0.966188 8.56044e+18 -0.519081 -99.0723 -6.19202 
0.1 -99.3107 -6.20692 16 0.0162969 0.967406 9.39775e+18 -0.605801 -99.0723 -6.19202 
0.11 -99.3128 -6.20705 16 0.0166719 0.966656 9.48681e+18 -0.622571 -99.0723 -6.19202 
0.12 -99.3045 -6.20653 16 0.0173594 0.965281 9.49402e+18 -0.743987 -99.0723 -6.19202 
0.13 -99.2729 -6.20456 16 0.0183906 0.963219 8.91381e+18 -0.794377 -99.0723 -6.19202 
0.14 -99.2047 -6.20029 16 0.018375 0.96325 8.9925e+18 -0.857493 -99.0723 -6.19202 
0.15 -99.1749 -6.19843 16 0.0186875 0.962625 8.33793e+18 -0.908983 -99.0723 -6.19202 
0.16 -99.124 -6.19525 16 0.0208281 0.958344 8.70571e+18 -1.01348 -99.0723 -6.19202 
0.17 -99.1054 -6.19409 16 0.0203281 0.959344 9.03919e+18 -0.967639 -99.0723 -6.19202 
0.18 -99.0316 -6.18947 16 0.0209531 0.958094 8.48406e+18 -1.1484 -99.0723 -6.19202 
0.19 -98.9022 -6.18139 16 0.0223437 0.955313 8.88902e+18 -1.26235 -99.0723 -6.19202 
0.2 -98.8801 -6.18001 16 0.0222188 0.955562 9.39862e+18 -1.21538 -99.0723 -6.19202 
0.21 -98.7878 -6.17424 16 0.0226719 0.954656 8.13905e+18 -1.26158 -99.0723 -6.19202 
0.22 -98.8299 -6.17687 16 0.0223281 0.955344 8.95993e+18 -1.26411 -99.0723 -6.19202 
0.23 -98.658 -6.16613 16 0.0240312 0.951937 8.49098e+18 -1.36429 -99.0723 -6.19202 
0.24 -98.455 -6.15344 16 0.0262656 0.947469 9.4505e+18 -1.54693 -99.0723 -6.19202 
0.25 -98.5694 -6.16058 16 0.0255781 0.948844 9.0807e+18 -1.57616 -99.0723 -6.19202 
0.26 -98.2629 -6.14143 16 0.027375 0.94525 8.41431e+18 -1.68455 -99.0723 -6.19202 
0.27 -98.0893 -6.13058 16 0.0280313 0.943937 9.13921e+18 -1.79836 -99.0723 -6.19202 
0.28 -98.0979 -6.13112 16 0.0286719 0.942656 9.13431e+18 -1.82512 -99.0723 -6.19202 
0.29 -97.8559 -6.116 16 0.0299844 0.940031 8.96281e+18 -1.89926 -99.0723 -6.19202 
0.3 -97.9045 -6.11903 16 0.0295469 0.940906 9.19426e+18 -1.8568 -99.0723 -6.19202 
0.31 -97.7926 -6.11204 16 0.0296719 0.940656 8.39932e+18 -1.9687 -99.0723 -6.19202 
0.32 -97.6128 -6.1008 16 0.0321406 0.935719 8.17537e+18 -2.00788 -99.0723 -6.19202 
0.33 -97.7164 -6.10727 16 0.0316875 0.936625 8.66565e+18 -1.89164 -99.0723 -6.19202 
0.34 -97.4216 -6.08885 16 0.0329687 0.934063 9.08934e+18 -2.07833 -99.0723 -6.19202 
0.35 -97.2106 -6.07566 16 0.0358281 0.928344 8.88211e+18 -2.22747 -99.0723 -6.19202 
0.36 -97.1355 -6.07097 16 0.0361719 0.927656 8.43737e+18 -2.28515 -99.0723 -6.19202 
0.37 -97.0526 -6.06579 16 0.036375 0.92725 9.03545e+18 -2.30763 -99.0723 -6.19202 
0.38 -96.9383 -6.05864 16 0.0362656 0.927469 8.87087e+18 -2.34501 -99.0723 -6.19202 
0.39 -96.6962 -6.04351 16 0.0387031 0.922594 7.94536e+18 -2.48606 -99.0723 -6.19202 
0.4 -96.489 -6.03056 16 0.0404531 0.919094 8.20188e+18 -2.40242 -99.0723 -6.19202 
0.41 -96.4343 -6.02715 16 0.040375 0.91925 8.87807e+18 -2.52409 -99.0723 -6.19202 
0.42 -96.2549 -6.01593 16 0.0417187 0.916563 8.76422e+18 -2.57286 -99.0723 -6.19202 
0.43 -95.7632 -5.9852 16 0.0450469 0.909906 8.34513e+18 -2.85039 -99.0723 -6.19202 
0.44 -96.0259 -6.00162 16 0.044125 0.91175 8.50683e+18 -2.72813 -99.0723 -6.19202 
0.45 -95.7274 -5.98296 16 0.0454219 0.909156 8.51519e+18 -2.80713 -99.0723 -6.19202 
0.46 -95.6812 -5.98007 16 0.04625 0.9075 8.45149e+18 -2.81351 -99.0723 -6.19202 
0.47 -95.5276 -5.97048 16 0.0468438 0.906313 7.93671e+18 -2.95458 -99.0723 -6.19202 
0.48 -94.9673 -5.93546 16 0.0508594 0.898281 8.21226e+18 -3.14139 -99.0723 -6.19202 
0.49 -94.9268 -5.93293 16 0.0506875 0.898625 8.41143e+18 -3.20397 -99.0723 -6.19202 
0.5 -94.6217 -5.91386 16 0.0524531 0.895094 8.82821e+18 -3.22252 -99.0723 -6.19202 
0.51 -94.7889 -5.9243 16 0.0509844 0.898031 8.60281e+18 -3.21928 -99.0723 -6.19202 
0.52 -94.3585 -5.89741 16 0.0547031 0.890594 7.00169e+18 -3.4493 -99.0723 -6.19202 
0.53 -94.0579 -5.87862 16 0.0561406 0.887719 8.82619e+18 -3.32968 -99.0723 -6.19202 
0.54 -94.0281 -5.87675 16 0.056625 0.88675 7.31932e+18 -3.51941 -99.0723 -6.19202 
0.55 -94.045 -5.87781 16 0.0563906 0.887219 8.14164e+18 -3.60861 -99.0723 -6.19202 
0.56 -94.0899 -5.88062 16 0.0567031 0.886594 8.3679e+18 -3.51133 -99.0723 -6.19202 
0.57 -93.8258 -5.86411 16 0.0570313 0.885937 8.48723e+18 -3.54262 -99.0723 -6.19202 
0.58 -93.7528 -5.85955 16 0.0582187 0.883562 7.62196e+18 -3.55064 -99.0723 -6.19202 
0.59 -93.3941 -5.83713 16 0.0597344 0.880531 7.84736e+18 -3.74664 -99.0723 -6.19202 
0.6 -93.0697 -5.81686 16 0.062125 0.87575 8.18776e+18 -3.8398 -99.0723 -6.19202 
0.61 -92.8522 -5.80326 16 0.0624219 0.875156 7.31212e+18 -3.81632 -99.0723 -6.19202 
0.62 -92.7701 -5.79813 16 0.0639844 0.872031 7.73092e+18 -3.81662 -99.0723 -6.19202 
0.63 -92.6512 -5.7907 16 0.0652969 0.869406 7.96669e+18 -3.94012 -99.0723 -6.19202 
0.64 -92.5112 -5.78195 16 0.0661562 0.867688 8.35897e+18 -4.04607 -99.0723 -6.19202 
0.65 -92.2174 -5.76358 16 0.0671719 0.865656 7.50408e+18 -4.10998 -99.0723 -6.19202 
0.66 -92.2341 -5.76463 16 0.067375 0.86525 7.94161e+18 -4.02321 -99.0723 -6.19202 
0.67 -91.7905 -5.7369 16 0.0696875 0.860625 7.43807e+18 -4.26348 -99.0723 -6.19202 
0.68 -91.4632 -5.71645 16 0.0727812 0.854437 8.24973e+18 -4.31869 -99.0723 -6.19202 
0.69 -91.6904 -5.73065 16 0.0704063 0.859187 8.38232e+18 -4.23309 -99.0723 -6.19202 
0.7 -91.0205 -5.68878 16 0.0751563 0.849688 7.82978e+18 -4.51777 -99.0723 -6.19202 
0.71 -91.4753 -5.7172 16 0.0729063 0.854187 8.06699e+18 -4.35884 -99.0723 -6.19202 
0.72 -91.3719 -5.71074 16 0.0721562 0.855688 7.07404e+18 -4.40678 -99.0723 -6.19202 
0.73 -90.9755 -5.68597 16 0.075125 0.84975 9.15016e+18 -4.5374 -99.0723 -6.19202 
0.74 -91.0916 -5.69322 16 0.074125 0.85175 7.99493e+18 -4.51106 -99.0723 -6.19202 
0.75 -90.4389 -5.65243 16 0.0779531 0.844094 7.81248e+18 -4.56759 -99.0723 -6.19202 
0.76 -90.7959 -5.67475 16 0.0764219 0.847156 7.79202e+18 -4.53303 -99.0723 -6.19202 
0.77 -90.4113 -5.65071 16 0.0786719 0.842656 8.07103e+18 -4.64144 -99.0723 -6.19202 
0.78 -90.7013 -5.66883 16 0.0752344 0.849531 7.70959e+18 -4.62208 -99.0723 -6.19202 
0.79 -90.6606 -5.66629 16 0.0761719 0.847656 7.77329e+18 -4.61376 -99.0723 -6.19202 
0.8 -90.3071 -5.64419 16 0.078375 0.84325 7.37351e+18 -4.6146 -99.0723 -6.19202 
0.81 -90.1585 -5.63491 16 0.0794375 0.841125 7.86638e+18 -4.81673 -99.0723 -6.19202 
0.82 -89.831 -5.61444 16 0.0818594 0.836281 7.41905e+18 -4.83541 -99.0723 -6.19202 
0.83 -89.6263 -5.60165 16 0.0830781 0.833844 7.21873e+18 -4.87092 -99.0723 -6.19202 
0.84 -89.7986 -5.61241 16 0.0810625 0.837875 8.48983e+18 -4.90528 -99.0723 -6.19202 
0.85 -89.8366 -5.61479 16 0.0813594 0.837281 7.39772e+18 -4.88608 -99.0723 -6.19202 
0.86 -89.6007 -5.60005 16 0.0836094 0.832781 7.60899e+18 -5.02112 -99.0723 -6.19202 
0.87 -89.7031 -5.60645 16 0.083125 0.83375 7.91077e+18 -4.95718 -99.0723 -6.19202 
0.88 -89.6007 -5.60005 16 0.0826719 0.834656 7.49428e+18 -4.9292 -99.0723 -6.19202 
0.89 -89.0335 -5.5646 16 0.0864531 0.827094 8.87461e+18 -5.05624 -99.0723 -6.19202 
0.9 -89.102 -5.56887 16 0.0852344 0.829531 7.10632e+18 -5.05292 -99.0723 -6.19202 
0.91 -88.9421 -5.55888 16 0.0864219 0.827156 7.93614e+18 -5.11464 -99.0723 -6.19202 
0.92 -88.7953 -5.5497 16 0.087625 0.82475 7.43288e+18 -5.15313 -99.0723 -6.19202 
0.93 -88.9842 -5.56151 16 0.0873281 0.825344 7.04032e+18 -5.15699 -99.0723 -6.19202 
0.94 -88.8731 -5.55457 16 0.0860469 0.827906 7.82603e+18 -5.20676 -99.0723 -6.19202 
0.95 -88.6886 -5.54304 16 0.0884844 0.823031 8.62155e+18 -5.26916 -99.0723 -6.19202 
0.96 -88.524 -5.53275 16 0.0882812 0.823438 7.71362e+18 -5.27409 -99.0723 -6.19202 
0.97 -88.3737 -5.52336 16 0.0885469 0.822906 7.52022e+18 -5.26189 -99.0723 -6.19202 
0.98 -88.1436 -5.50897 16 0.0896875 0.820625 7.68365e+18 -5.32222 -99.0723 -6.19202 
0.99 -88.2647 -5.51654 16 0.0891875 0.821625 8.17911e+18 -5.29124 -99.0723 -6.19202 
