#ClusterEigenvalue -20.9115
# g emean emean / nmean nmean domean / config->nTotalSites s2mean / config->nTotalSites staggmag / config->nTotalSites epert / config->nTotalSites ess->getGroundStateEnergy() * config->nClusters ess->getGroundStateEnergy() * config->nClusters / nmean 
0 -83.6459 -5.22787 16 0.0221563 0.955688 9.0023e+18 0 -83.646 -5.22787 
0.01 -83.744 -5.234 16 0.0210781 0.957844 8.67862e+18 -0.103227 -83.646 -5.22787 
0.02 -83.7402 -5.23377 16 0.0206719 0.958656 9.09684e+18 -0.100972 -83.646 -5.22787 
0.03 -83.7623 -5.23514 16 0.0210938 0.957813 8.72445e+18 -0.12672 -83.646 -5.22787 
0.04 -83.8186 -5.23866 16 0.0216562 0.956688 8.54488e+18 -0.206417 -83.646 -5.22787 
0.05 -83.8616 -5.24135 16 0.0204531 0.959094 8.16268e+18 -0.286715 -83.646 -5.22787 
0.06 -83.8948 -5.24342 16 0.0235937 0.952812 8.87144e+18 -0.366512 -83.646 -5.22787 
0.07 -83.9315 -5.24572 16 0.0217031 0.956594 8.43131e+18 -0.454016 -83.646 -5.22787 
0.08 -83.943 -5.24644 16 0.0233437 0.953313 9.2424e+18 -0.497664 -83.646 -5.22787 
0.09 -83.923 -5.24519 16 0.0225625 0.954875 9.33722e+18 -0.475468 -83.646 -5.22787 
0.1 -83.9539 -5.24712 16 0.0235781 0.952844 9.09338e+18 -0.609081 -83.646 -5.22787 
0.11 -83.954 -5.24713 16 0.0222813 0.955437 8.59417e+18 -0.706543 -83.646 -5.22787 
0.12 -83.934 -5.24587 16 0.0231719 0.953656 8.49761e+18 -0.674686 -83.646 -5.22787 
0.13 -83.9378 -5.24611 16 0.0236094 0.952781 8.45899e+18 -0.757956 -83.646 -5.22787 
0.14 -83.9072 -5.2442 16 0.0233281 0.953344 8.96858e+18 -0.803759 -83.646 -5.22787 
0.15 -83.9113 -5.24446 16 0.0249687 0.950062 8.88931e+18 -0.898097 -83.646 -5.22787 
0.16 -83.8424 -5.24015 16 0.0259844 0.948031 8.63394e+18 -1.03213 -83.646 -5.22787 
0.17 -83.8187 -5.23867 16 0.0264844 0.947031 9.09655e+18 -1.06493 -83.646 -5.22787 
0.18 -83.7758 -5.23599 16 0.0270156 0.945969 8.44111e+18 -1.09354 -83.646 -5.22787 
0.19 -83.8115 -5.23822 16 0.0261875 0.947625 8.84233e+18 -1.05872 -83.646 -5.22787 
0.2 -83.6844 -5.23028 16 0.0280938 0.943812 8.76826e+18 -1.204 -83.646 -5.22787 
0.21 -83.6591 -5.22869 16 0.028375 0.94325 8.78526e+18 -1.34263 -83.646 -5.22787 
0.22 -83.6591 -5.2287 16 0.02975 0.9405 8.96108e+18 -1.30998 -83.646 -5.22787 
0.23 -83.503 -5.21894 16 0.0305156 0.938969 8.4783e+18 -1.41879 -83.646 -5.22787 
0.24 -83.4335 -5.21459 16 0.0306875 0.938625 8.85761e+18 -1.52174 -83.646 -5.22787 
0.25 -83.4508 -5.21567 16 0.0318594 0.936281 8.46648e+18 -1.52585 -83.646 -5.22787 
0.26 -83.3185 -5.2074 16 0.0314062 0.937188 9.07868e+18 -1.57473 -83.646 -5.22787 
0.27 -83.1747 -5.19842 16 0.0335781 0.932844 8.75529e+18 -1.70728 -83.646 -5.22787 
0.28 -83.1706 -5.19816 16 0.03375 0.9325 7.90558e+18 -1.76702 -83.646 -5.22787 
0.29 -82.9771 -5.18607 16 0.0360938 0.927812 8.4244e+18 -1.83576 -83.646 -5.22787 
0.3 -83.0613 -5.19133 16 0.0346875 0.930625 8.15577e+18 -1.83623 -83.646 -5.22787 
0.31 -82.8981 -5.18113 16 0.0356563 0.928687 8.22408e+18 -1.89498 -83.646 -5.22787 
0.32 -82.767 -5.17294 16 0.0371563 0.925687 8.65498e+18 -1.97901 -83.646 -5.22787 
0.33 -82.7434 -5.17146 16 0.0384063 0.923188 8.19381e+18 -1.98619 -83.646 -5.22787 
0.34 -82.7734 -5.17333 16 0.037375 0.92525 8.56995e+18 -2.06352 -83.646 -5.22787 
0.35 -82.6271 -5.16419 16 0.0392813 0.921437 8.46821e+18 -2.13165 -83.646 -5.22787 
0.36 -82.2846 -5.14279 16 0.0408281 0.918344 8.23474e+18 -2.2458 -83.646 -5.22787 
0.37 -82.224 -5.139 16 0.0434688 0.913062 8.02866e+18 -2.37868 -83.646 -5.22787 
0.38 -82.1394 -5.13371 16 0.0430625 0.913875 9.02449e+18 -2.3615 -83.646 -5.22787 
0.39 -81.9325 -5.12078 16 0.045 0.91 8.2823e+18 -2.44236 -83.646 -5.22787 
0.4 -82.0507 -5.12817 16 0.0439375 0.912125 8.55842e+18 -2.46382 -83.646 -5.22787 
0.41 -81.8518 -5.11574 16 0.0455 0.909 8.92822e+18 -2.49051 -83.646 -5.22787 
0.42 -81.678 -5.10488 16 0.0478594 0.904281 8.55324e+18 -2.66162 -83.646 -5.22787 
0.43 -81.3531 -5.08457 16 0.0510313 0.897938 8.70571e+18 -2.84013 -83.646 -5.22787 
0.44 -81.3333 -5.08333 16 0.050875 0.89825 7.74273e+18 -2.82228 -83.646 -5.22787 
0.45 -81.137 -5.07106 16 0.0519219 0.896156 7.90674e+18 -2.89799 -83.646 -5.22787 
0.46 -80.9926 -5.06204 16 0.0522813 0.895437 8.74087e+18 -2.9046 -83.646 -5.22787 
0.47 -80.8529 -5.0533 16 0.0541094 0.891781 8.5786e+18 -3.07246 -83.646 -5.22787 
0.48 -81.0636 -5.06647 16 0.0527656 0.894469 7.42626e+18 -2.95373 -83.646 -5.22787 
0.49 -80.7393 -5.0462 16 0.0535 0.893 7.92835e+18 -3.08538 -83.646 -5.22787 
0.5 -80.9168 -5.0573 16 0.0539531 0.892094 7.93671e+18 -2.99683 -83.646 -5.22787 
0.51 -80.4546 -5.02842 16 0.0566875 0.886625 8.18603e+18 -3.19726 -83.646 -5.22787 
0.52 -80.2952 -5.01845 16 0.0594219 0.881156 7.96726e+18 -3.28957 -83.646 -5.22787 
0.53 -80.2664 -5.01665 16 0.0578281 0.884344 9.0954e+18 -3.37439 -83.646 -5.22787 
0.54 -79.908 -4.99425 16 0.0614219 0.877156 8.04826e+18 -3.54918 -83.646 -5.22787 
0.55 -79.9258 -4.99536 16 0.0617969 0.876406 8.42353e+18 -3.56312 -83.646 -5.22787 
0.56 -79.6149 -4.97593 16 0.0639062 0.872188 8.47397e+18 -3.51897 -83.646 -5.22787 
0.57 -79.7996 -4.98748 16 0.0625625 0.874875 7.85111e+18 -3.55696 -83.646 -5.22787 
0.58 -79.4126 -4.96329 16 0.0655 0.869 8.40941e+18 -3.70685 -83.646 -5.22787 
0.59 -79.3452 -4.95908 16 0.0663125 0.867375 7.58594e+18 -3.67125 -83.646 -5.22787 
0.6 -79.2092 -4.95057 16 0.0663281 0.867344 8.0422e+18 -3.74592 -83.646 -5.22787 
0.61 -79.4168 -4.96355 16 0.0642187 0.871563 8.10648e+18 -3.74795 -83.646 -5.22787 
0.62 -79.1645 -4.94778 16 0.067875 0.86425 7.92345e+18 -3.87851 -83.646 -5.22787 
0.63 -78.9257 -4.93285 16 0.0685 0.863 8.1745e+18 -3.94749 -83.646 -5.22787 
0.64 -78.804 -4.92525 16 0.07 0.86 7.20518e+18 -4.01476 -83.646 -5.22787 
0.65 -78.6035 -4.91272 16 0.0709531 0.858094 8.5469e+18 -4.02229 -83.646 -5.22787 
0.66 -78.4556 -4.90347 16 0.0721719 0.855656 8.6374e+18 -4.02297 -83.646 -5.22787 
0.67 -78.4431 -4.9027 16 0.0722656 0.855469 7.92403e+18 -4.1781 -83.646 -5.22787 
0.68 -78.2413 -4.89008 16 0.0740156 0.851969 7.76204e+18 -4.19907 -83.646 -5.22787 
0.69 -78.1636 -4.88522 16 0.0754688 0.849063 7.75945e+18 -4.17461 -83.646 -5.22787 
0.7 -77.9642 -4.87276 16 0.0768594 0.846281 7.08499e+18 -4.24608 -83.646 -5.22787 
0.71 -77.9763 -4.87352 16 0.0760938 0.847812 7.79317e+18 -4.29918 -83.646 -5.22787 
0.72 -77.5651 -4.84782 16 0.0789844 0.842031 8.06152e+18 -4.40231 -83.646 -5.22787 
0.73 -77.6231 -4.85144 16 0.0792812 0.841438 7.94104e+18 -4.43964 -83.646 -5.22787 
0.74 -77.7748 -4.86093 16 0.0782344 0.843531 7.7165e+18 -4.39592 -83.646 -5.22787 
0.75 -77.4468 -4.84043 16 0.0797969 0.840406 8.27913e+18 -4.50766 -83.646 -5.22787 
0.76 -77.0528 -4.8158 16 0.0818125 0.836375 7.98686e+18 -4.57979 -83.646 -5.22787 
0.77 -77.2389 -4.82743 16 0.0807187 0.838562 7.9125e+18 -4.55467 -83.646 -5.22787 
0.78 -77.344 -4.834 16 0.0801719 0.839656 6.84144e+18 -4.60976 -83.646 -5.22787 
0.79 -77.0032 -4.8127 16 0.082875 0.83425 8.04365e+18 -4.71474 -83.646 -5.22787 
0.8 -76.9127 -4.80704 16 0.0837031 0.832594 6.73018e+18 -4.71052 -83.646 -5.22787 
0.81 -76.5533 -4.78458 16 0.0855469 0.828906 7.93181e+18 -4.77535 -83.646 -5.22787 
0.82 -76.5213 -4.78258 16 0.0849219 0.830156 7.5721e+18 -4.83615 -83.646 -5.22787 
0.83 -76.3495 -4.77184 16 0.08625 0.8275 8.25319e+18 -4.86357 -83.646 -5.22787 
0.84 -76.8195 -4.80122 16 0.0845469 0.830906 7.01841e+18 -4.86501 -83.646 -5.22787 
0.85 -76.3609 -4.77256 16 0.0864375 0.827125 7.82978e+18 -4.93454 -83.646 -5.22787 
0.86 -76.1839 -4.76149 16 0.089125 0.82175 7.42366e+18 -5.03203 -83.646 -5.22787 
0.87 -76.147 -4.75919 16 0.0887344 0.822531 8.23474e+18 -4.95925 -83.646 -5.22787 
0.88 -76.2166 -4.76354 16 0.0875937 0.824813 7.82286e+18 -4.96315 -83.646 -5.22787 
0.89 -76.1794 -4.76122 16 0.0888125 0.822375 7.54241e+18 -5.03921 -83.646 -5.22787 
0.9 -76.0872 -4.75545 16 0.0882187 0.823562 8.14597e+18 -5.10228 -83.646 -5.22787 
0.91 -75.922 -4.74512 16 0.0891094 0.821781 7.16368e+18 -5.13536 -83.646 -5.22787 
0.92 -75.9915 -4.74947 16 0.0894531 0.821094 6.71519e+18 -5.07376 -83.646 -5.22787 
0.93 -75.7235 -4.73272 16 0.0907969 0.818406 7.44441e+18 -5.16353 -83.646 -5.22787 
0.94 -75.8427 -4.74017 16 0.090125 0.81975 7.59199e+18 -5.11571 -83.646 -5.22787 
0.95 -75.4374 -4.71484 16 0.0928281 0.814344 7.40521e+18 -5.26491 -83.646 -5.22787 
0.96 -75.8548 -4.74093 16 0.0895937 0.820813 7.42049e+18 -5.25353 -83.646 -5.22787 
0.97 -75.62 -4.72625 16 0.0911562 0.817687 7.05271e+18 -5.18548 -83.646 -5.22787 
0.98 -75.3416 -4.70885 16 0.0930469 0.813906 7.24409e+18 -5.19858 -83.646 -5.22787 
0.99 -75.4638 -4.71649 16 0.0922344 0.815531 7.03599e+18 -5.29758 -83.646 -5.22787 
