#ClusterEigenvalue -28.6629
# g emean emean / nmean nmean domean / config->nTotalSites s2mean / config->nTotalSites staggmag / config->nTotalSites epert / config->nTotalSites ess->getGroundStateEnergy() * config->nClusters ess->getGroundStateEnergy() * config->nClusters / nmean 
0 -114.651 -7.16571 16 0.0114844 0.977031 9.02738e+18 0 -114.651 -7.16572 
0.01 -114.683 -7.16771 16 0.0120781 0.975844 8.7524e+18 -0.0320839 -114.651 -7.16572 
0.02 -114.807 -7.17546 16 0.0120937 0.975812 8.36416e+18 -0.195031 -114.651 -7.16572 
0.03 -114.8 -7.17498 16 0.0104219 0.979156 9.1908e+18 -0.180514 -114.651 -7.16572 
0.04 -114.805 -7.17534 16 0.012125 0.97575 9.31272e+18 -0.214099 -114.651 -7.16572 
0.05 -114.846 -7.17786 16 0.012375 0.97525 9.14901e+18 -0.282236 -114.651 -7.16572 
0.06 -114.847 -7.17796 16 0.0125625 0.974875 9.4701e+18 -0.322608 -114.651 -7.16572 
0.07 -114.864 -7.179 16 0.0120313 0.975938 9.76813e+18 -0.442616 -114.651 -7.16572 
0.08 -114.871 -7.17946 16 0.0127969 0.974406 8.53911e+18 -0.451029 -114.651 -7.16572 
0.09 -114.856 -7.17853 16 0.0122656 0.975469 9.29918e+18 -0.534946 -114.651 -7.16572 
0.1 -114.834 -7.17712 16 0.0129219 0.974156 8.43708e+18 -0.583691 -114.651 -7.16572 
0.11 -114.827 -7.17666 16 0.01275 0.9745 8.7475e+18 -0.680394 -114.651 -7.16572 
0.12 -114.754 -7.1721 16 0.0141875 0.971625 9.23231e+18 -0.777374 -114.651 -7.16572 
0.13 -114.77 -7.1731 16 0.0137812 0.972437 7.9762e+18 -0.739071 -114.651 -7.16572 
0.14 -114.723 -7.17021 16 0.0149687 0.970063 8.76854e+18 -0.819481 -114.651 -7.16572 
0.15 -114.586 -7.16162 16 0.0162188 0.967562 9.23087e+18 -0.943385 -114.651 -7.16572 
0.16 -114.56 -7.15998 16 0.0155937 0.968812 9.03372e+18 -0.901503 -114.651 -7.16572 
0.17 -114.475 -7.15469 16 0.0163594 0.967281 8.29959e+18 -1.00762 -114.651 -7.16572 
0.18 -114.394 -7.1496 16 0.0174531 0.965094 8.82475e+18 -1.1364 -114.651 -7.16572 
0.19 -114.272 -7.14197 16 0.0174844 0.965031 9.31762e+18 -1.18212 -114.651 -7.16572 
0.2 -114.317 -7.14481 16 0.0174219 0.965156 9.44156e+18 -1.16804 -114.651 -7.16572 
0.21 -114.173 -7.13582 16 0.0182969 0.963406 8.69678e+18 -1.25816 -114.651 -7.16572 
0.22 -114.055 -7.12846 16 0.0195625 0.960875 8.63336e+18 -1.41426 -114.651 -7.16572 
0.23 -113.826 -7.11415 16 0.0210625 0.957875 9.01556e+18 -1.46515 -114.651 -7.16572 
0.24 -113.75 -7.10936 16 0.0221719 0.955656 8.8504e+18 -1.57789 -114.651 -7.16572 
0.25 -113.695 -7.10594 16 0.0213594 0.957281 9.0219e+18 -1.5096 -114.651 -7.16572 
0.26 -113.632 -7.10202 16 0.0222344 0.955531 8.15923e+18 -1.59183 -114.651 -7.16572 
0.27 -113.407 -7.08795 16 0.0242344 0.951531 8.14193e+18 -1.68751 -114.651 -7.16572 
0.28 -113.45 -7.0906 16 0.0235938 0.952813 9.92925e+18 -1.66699 -114.651 -7.16572 
0.29 -113.254 -7.0784 16 0.0244844 0.951031 8.89623e+18 -1.70741 -114.651 -7.16572 
0.3 -113.102 -7.06887 16 0.0245469 0.950906 8.61261e+18 -1.77493 -114.651 -7.16572 
0.31 -112.702 -7.04387 16 0.0282656 0.943469 8.21168e+18 -1.98393 -114.651 -7.16572 
0.32 -112.716 -7.04473 16 0.0287969 0.942406 9.16717e+18 -2.01145 -114.651 -7.16572 
0.33 -112.624 -7.03897 16 0.0281875 0.943625 8.72387e+18 -1.984 -114.651 -7.16572 
0.34 -112.409 -7.02557 16 0.0294063 0.941187 8.83772e+18 -2.0563 -114.651 -7.16572 
0.35 -112.261 -7.01633 16 0.0306406 0.938719 9.44473e+18 -2.18491 -114.651 -7.16572 
0.36 -111.716 -6.98223 16 0.0337188 0.932563 8.55987e+18 -2.37299 -114.651 -7.16572 
0.37 -111.649 -6.97807 16 0.0352344 0.929531 9.2741e+18 -2.47692 -114.651 -7.16572 
0.38 -111.4 -6.96249 16 0.0365937 0.926812 9.72864e+18 -2.52323 -114.651 -7.16572 
0.39 -111.574 -6.97339 16 0.03425 0.9315 8.15461e+18 -2.34398 -114.651 -7.16572 
0.4 -111.176 -6.94847 16 0.0373437 0.925312 8.89911e+18 -2.61854 -114.651 -7.16572 
0.41 -110.987 -6.93667 16 0.0378594 0.924281 8.29613e+18 -2.64922 -114.651 -7.16572 
0.42 -110.973 -6.93579 16 0.0379844 0.924031 8.54891e+18 -2.54457 -114.651 -7.16572 
0.43 -110.717 -6.91982 16 0.0397813 0.920438 8.73136e+18 -2.74731 -114.651 -7.16572 
0.44 -110.372 -6.89827 16 0.0414531 0.917094 8.54344e+18 -2.84707 -114.651 -7.16572 
0.45 -110.24 -6.88997 16 0.0421406 0.915719 8.12406e+18 -2.88598 -114.651 -7.16572 
0.46 -110.108 -6.88177 16 0.043 0.914 8.6864e+18 -2.90946 -114.651 -7.16572 
0.47 -109.617 -6.85106 16 0.0458125 0.908375 8.6766e+18 -3.09616 -114.651 -7.16572 
0.48 -109.918 -6.86985 16 0.0430313 0.913937 8.63999e+18 -2.8177 -114.651 -7.16572 
0.49 -109.437 -6.83982 16 0.0467188 0.906562 7.95573e+18 -3.07921 -114.651 -7.16572 
0.5 -109.117 -6.81979 16 0.0481406 0.903719 8.07276e+18 -3.15693 -114.651 -7.16572 
0.51 -108.87 -6.80435 16 0.0493437 0.901312 7.43721e+18 -3.22011 -114.651 -7.16572 
0.52 -108.731 -6.79567 16 0.0508281 0.898344 7.83439e+18 -3.28314 -114.651 -7.16572 
0.53 -108.727 -6.79541 16 0.0508906 0.898219 8.68006e+18 -3.41413 -114.651 -7.16572 
0.54 -108.569 -6.78558 16 0.0510156 0.897969 8.40682e+18 -3.29609 -114.651 -7.16572 
0.55 -108.225 -6.76406 16 0.0527812 0.894437 9.37268e+18 -3.52293 -114.651 -7.16572 
0.56 -107.98 -6.74876 16 0.0541406 0.891719 8.04826e+18 -3.51503 -114.651 -7.16572 
0.57 -108.149 -6.75932 16 0.0526094 0.894781 8.45841e+18 -3.46522 -114.651 -7.16572 
0.58 -107.582 -6.72386 16 0.0560469 0.887906 9.02853e+18 -3.61692 -114.651 -7.16572 
0.59 -107.589 -6.72432 16 0.0570937 0.885812 8.99567e+18 -3.74554 -114.651 -7.16572 
0.6 -107.132 -6.69573 16 0.0589844 0.882031 8.48435e+18 -3.75808 -114.651 -7.16572 
0.61 -107.171 -6.69818 16 0.0590781 0.881844 8.60656e+18 -3.786 -114.651 -7.16572 
0.62 -106.866 -6.67913 16 0.0599844 0.880031 7.7926e+18 -3.90302 -114.651 -7.16572 
0.63 -106.149 -6.63433 16 0.0640938 0.871812 7.94738e+18 -4.02861 -114.651 -7.16572 
0.64 -106.208 -6.63799 16 0.0642344 0.871531 8.07622e+18 -4.02998 -114.651 -7.16572 
0.65 -105.949 -6.6218 16 0.0650781 0.869844 8.16384e+18 -4.20194 -114.651 -7.16572 
0.66 -105.79 -6.6119 16 0.0656406 0.868719 7.82574e+18 -4.10858 -114.651 -7.16572 
0.67 -106.018 -6.62612 16 0.0649687 0.870062 8.31919e+18 -4.20187 -114.651 -7.16572 
0.68 -105.825 -6.61405 16 0.0659062 0.868188 8.70023e+18 -4.22782 -114.651 -7.16572 
0.69 -105.693 -6.60581 16 0.0662969 0.867406 7.80096e+18 -4.17366 -114.651 -7.16572 
0.7 -104.717 -6.54484 16 0.0710312 0.857938 7.81393e+18 -4.45062 -114.651 -7.16572 
0.71 -104.967 -6.56042 16 0.0703281 0.859344 7.49399e+18 -4.42791 -114.651 -7.16572 
0.72 -104.676 -6.54225 16 0.0718125 0.856375 7.19164e+18 -4.41211 -114.651 -7.16572 
0.73 -104.681 -6.54257 16 0.0711719 0.857656 7.49803e+18 -4.41162 -114.651 -7.16572 
0.74 -104.717 -6.54482 16 0.0722187 0.855562 7.77934e+18 -4.53315 -114.651 -7.16572 
0.75 -104.798 -6.54988 16 0.0715781 0.856844 7.33863e+18 -4.46262 -114.651 -7.16572 
0.76 -104.525 -6.53283 16 0.0722656 0.855469 8.10907e+18 -4.53341 -114.651 -7.16572 
0.77 -103.833 -6.48959 16 0.0749531 0.850094 8.54747e+18 -4.65094 -114.651 -7.16572 
0.78 -103.725 -6.48284 16 0.0767031 0.846594 8.21745e+18 -4.77013 -114.651 -7.16572 
0.79 -104.215 -6.51342 16 0.0729219 0.854156 8.43535e+18 -4.63183 -114.651 -7.16572 
0.8 -103.685 -6.48033 16 0.0763906 0.847219 8.4561e+18 -4.798 -114.651 -7.16572 
0.81 -103.236 -6.45228 16 0.0791094 0.841781 8.61463e+18 -4.80562 -114.651 -7.16572 
0.82 -103.48 -6.4675 16 0.0776719 0.844656 8.13905e+18 -4.80761 -114.651 -7.16572 
0.83 -103.532 -6.47077 16 0.0775781 0.844844 6.77053e+18 -4.83207 -114.651 -7.16572 
0.84 -103.302 -6.45635 16 0.0782031 0.843594 8.12118e+18 -4.81777 -114.651 -7.16572 
0.85 -102.619 -6.41371 16 0.0825469 0.834906 7.21469e+18 -5.04879 -114.651 -7.16572 
0.86 -102.737 -6.42107 16 0.0812656 0.837469 8.20073e+18 -4.95116 -114.651 -7.16572 
0.87 -102.764 -6.42276 16 0.0814219 0.837156 7.18731e+18 -4.96225 -114.651 -7.16572 
0.88 -102.772 -6.42326 16 0.081875 0.83625 8.27135e+18 -4.96399 -114.651 -7.16572 
0.89 -102.47 -6.40435 16 0.0827656 0.834469 7.66405e+18 -5.00733 -114.651 -7.16572 
0.9 -102.411 -6.40067 16 0.0825469 0.834906 8.26328e+18 -5.025 -114.651 -7.16572 
0.91 -102.198 -6.38738 16 0.0829687 0.834063 6.30648e+18 -5.13801 -114.651 -7.16572 
0.92 -102.426 -6.40165 16 0.0828281 0.834344 8.06786e+18 -5.12672 -114.651 -7.16572 
0.93 -101.888 -6.36801 16 0.0858281 0.828344 7.37034e+18 -5.14745 -114.651 -7.16572 
0.94 -102.358 -6.39735 16 0.0829063 0.834187 8.08515e+18 -5.15698 -114.651 -7.16572 
0.95 -101.546 -6.34664 16 0.0866875 0.826625 7.93469e+18 -5.32679 -114.651 -7.16572 
0.96 -101.736 -6.35851 16 0.0858125 0.828375 5.71993e+18 -5.29463 -114.651 -7.16572 
0.97 -101.685 -6.35534 16 0.0865156 0.826969 7.11727e+18 -5.22621 -114.651 -7.16572 
0.98 -101.48 -6.34249 16 0.0864688 0.827063 7.53895e+18 -5.27938 -114.651 -7.16572 
0.99 -101.228 -6.32672 16 0.0881406 0.823719 7.94219e+18 -5.40952 -114.651 -7.16572 
