#ClusterEigenvalue -11.6574
# g emean emean / nmean nmean domean / config->nTotalSites s2mean / config->nTotalSites staggmag / config->nTotalSites epert / config->nTotalSites ess->getGroundStateEnergy() * config->nClusters ess->getGroundStateEnergy() * config->nClusters / nmean 
0 -46.6296 -2.91435 16 0.06175 0.8765 7.96525e+18 0 -46.6296 -2.91435 
0.01 -46.7069 -2.91918 16 0.0649531 0.870094 8.06526e+18 -0.0801957 -46.6296 -2.91435 
0.02 -46.7338 -2.92086 16 0.0634062 0.873188 8.15577e+18 -0.109279 -46.6296 -2.91435 
0.03 -46.8102 -2.92564 16 0.0652031 0.869594 8.15231e+18 -0.197619 -46.6296 -2.91435 
0.04 -46.8371 -2.92732 16 0.0640156 0.871969 8.12493e+18 -0.231836 -46.6296 -2.91435 
0.05 -46.8963 -2.93102 16 0.0640469 0.871906 7.74129e+18 -0.308809 -46.6296 -2.91435 
0.06 -46.931 -2.93319 16 0.0644219 0.871156 8.34312e+18 -0.354874 -46.6296 -2.91435 
0.07 -46.969 -2.93556 16 0.0648125 0.870375 8.28259e+18 -0.416387 -46.6296 -2.91435 
0.08 -47.0037 -2.93773 16 0.0656719 0.868656 8.16989e+18 -0.467939 -46.6296 -2.91435 
0.09 -47.0483 -2.94052 16 0.0647344 0.870531 7.81421e+18 -0.531959 -46.6296 -2.91435 
0.1 -47.0685 -2.94178 16 0.0646406 0.870719 8.17796e+18 -0.592271 -46.6296 -2.91435 
0.11 -47.1292 -2.94557 16 0.0665313 0.866937 7.6626e+18 -0.71865 -46.6296 -2.91435 
0.12 -47.1238 -2.94524 16 0.0657969 0.868406 8.0644e+18 -0.690278 -46.6296 -2.91435 
0.13 -47.1377 -2.9461 16 0.0658906 0.868219 8.0546e+18 -0.734002 -46.6296 -2.91435 
0.14 -47.1863 -2.94914 16 0.0669687 0.866062 7.81767e+18 -0.855278 -46.6296 -2.91435 
0.15 -47.2164 -2.95102 16 0.0675938 0.864812 8.08544e+18 -0.92553 -46.6296 -2.91435 
0.16 -47.2177 -2.95111 16 0.0684531 0.863094 7.78049e+18 -0.98328 -46.6296 -2.91435 
0.17 -47.2282 -2.95176 16 0.069 0.862 7.64704e+18 -1.0131 -46.6296 -2.91435 
0.18 -47.2516 -2.95323 16 0.0687344 0.862531 8.00243e+18 -1.11894 -46.6296 -2.91435 
0.19 -47.234 -2.95213 16 0.0696719 0.860656 7.93758e+18 -1.11462 -46.6296 -2.91435 
0.2 -47.2434 -2.95271 16 0.0685781 0.862844 7.9419e+18 -1.23996 -46.6296 -2.91435 
0.21 -47.2476 -2.95297 16 0.07225 0.8555 7.9272e+18 -1.27591 -46.6296 -2.91435 
0.22 -47.2526 -2.95329 16 0.0706719 0.858656 7.84448e+18 -1.32957 -46.6296 -2.91435 
0.23 -47.2399 -2.9525 16 0.0711719 0.857656 7.95372e+18 -1.3948 -46.6296 -2.91435 
0.24 -47.2328 -2.95205 16 0.0726719 0.854656 7.97332e+18 -1.39555 -46.6296 -2.91435 
0.25 -47.2418 -2.95261 16 0.0721562 0.855688 7.71852e+18 -1.48375 -46.6296 -2.91435 
0.26 -47.2132 -2.95082 16 0.0734063 0.853187 7.94075e+18 -1.60033 -46.6296 -2.91435 
0.27 -47.1886 -2.94929 16 0.0724375 0.855125 7.87532e+18 -1.64175 -46.6296 -2.91435 
0.28 -47.1978 -2.94987 16 0.0738437 0.852313 7.99522e+18 -1.75037 -46.6296 -2.91435 
0.29 -47.1761 -2.94851 16 0.075125 0.84975 8.11657e+18 -1.81052 -46.6296 -2.91435 
0.3 -47.196 -2.94975 16 0.0748281 0.850344 7.55394e+18 -1.77427 -46.6296 -2.91435 
0.31 -47.1392 -2.9462 16 0.0782344 0.843531 8.0203e+18 -1.93198 -46.6296 -2.91435 
0.32 -47.1448 -2.94655 16 0.0785 0.843 7.46142e+18 -1.94533 -46.6296 -2.91435 
0.33 -47.0916 -2.94323 16 0.07775 0.8445 7.79606e+18 -2.02059 -46.6296 -2.91435 
0.34 -47.0637 -2.94148 16 0.0785313 0.842937 7.87445e+18 -2.04293 -46.6296 -2.91435 
0.35 -46.99 -2.93687 16 0.0803594 0.839281 7.92288e+18 -2.12055 -46.6296 -2.91435 
0.36 -46.9991 -2.93744 16 0.0789688 0.842063 7.63061e+18 -2.21476 -46.6296 -2.91435 
0.37 -46.9908 -2.93693 16 0.0812344 0.837531 7.79202e+18 -2.29229 -46.6296 -2.91435 
0.38 -46.9249 -2.93281 16 0.0831406 0.833719 7.55913e+18 -2.38633 -46.6296 -2.91435 
0.39 -46.8848 -2.9303 16 0.0840781 0.831844 7.81969e+18 -2.38686 -46.6296 -2.91435 
0.4 -46.8651 -2.92907 16 0.0848906 0.830219 7.47843e+18 -2.44269 -46.6296 -2.91435 
0.41 -46.8704 -2.9294 16 0.082875 0.83425 7.71622e+18 -2.46861 -46.6296 -2.91435 
0.42 -46.8092 -2.92558 16 0.0863281 0.827344 7.47698e+18 -2.56434 -46.6296 -2.91435 
0.43 -46.7212 -2.92008 16 0.08775 0.8245 7.86927e+18 -2.58689 -46.6296 -2.91435 
0.44 -46.6708 -2.91692 16 0.0878281 0.824344 7.74331e+18 -2.70243 -46.6296 -2.91435 
0.45 -46.7107 -2.91942 16 0.0880469 0.823906 7.5525e+18 -2.78399 -46.6296 -2.91435 
0.46 -46.6621 -2.91638 16 0.0885 0.823 7.32105e+18 -2.84985 -46.6296 -2.91435 
0.47 -46.6408 -2.91505 16 0.0878125 0.824375 7.7632e+18 -2.84091 -46.6296 -2.91435 
0.48 -46.5347 -2.90842 16 0.0898438 0.820312 7.58421e+18 -2.92496 -46.6296 -2.91435 
0.49 -46.4532 -2.90333 16 0.0920938 0.815813 7.34007e+18 -3.08163 -46.6296 -2.91435 
0.5 -46.4645 -2.90403 16 0.0936719 0.812656 7.67846e+18 -3.02191 -46.6296 -2.91435 
0.51 -46.3046 -2.89404 16 0.0950781 0.809844 7.70613e+18 -3.15945 -46.6296 -2.91435 
0.52 -46.3796 -2.89872 16 0.0923438 0.815312 7.31413e+18 -3.15937 -46.6296 -2.91435 
0.53 -46.2513 -2.89071 16 0.0959219 0.808156 7.21988e+18 -3.21933 -46.6296 -2.91435 
0.54 -46.2733 -2.89208 16 0.0950781 0.809844 7.44643e+18 -3.28296 -46.6296 -2.91435 
0.55 -46.2154 -2.88846 16 0.0975937 0.804812 7.49658e+18 -3.34935 -46.6296 -2.91435 
0.56 -46.1138 -2.88211 16 0.0984687 0.803063 6.96451e+18 -3.42531 -46.6296 -2.91435 
0.57 -46.1652 -2.88533 16 0.0992031 0.801594 7.24409e+18 -3.4306 -46.6296 -2.91435 
0.58 -46.0682 -2.87926 16 0.098125 0.80375 7.72515e+18 -3.49823 -46.6296 -2.91435 
0.59 -46.0233 -2.87646 16 0.101437 0.797125 7.52685e+18 -3.58292 -46.6296 -2.91435 
0.6 -45.9904 -2.8744 16 0.100547 0.798906 7.43548e+18 -3.57136 -46.6296 -2.91435 
0.61 -45.9767 -2.87354 16 0.100781 0.798437 7.44557e+18 -3.63789 -46.6296 -2.91435 
0.62 -45.8696 -2.86685 16 0.101266 0.797469 7.48477e+18 -3.66302 -46.6296 -2.91435 
0.63 -45.7585 -2.85991 16 0.104484 0.791031 7.38302e+18 -3.78925 -46.6296 -2.91435 
0.64 -45.8011 -2.86257 16 0.102641 0.794719 7.02821e+18 -3.81885 -46.6296 -2.91435 
0.65 -45.5801 -2.84876 16 0.104641 0.790719 7.17261e+18 -3.92941 -46.6296 -2.91435 
0.66 -45.6967 -2.85604 16 0.104953 0.790094 7.3663e+18 -3.90808 -46.6296 -2.91435 
0.67 -45.5541 -2.84713 16 0.104969 0.790063 7.74677e+18 -3.97763 -46.6296 -2.91435 
0.68 -45.5838 -2.84899 16 0.105141 0.789719 7.20634e+18 -3.98213 -46.6296 -2.91435 
0.69 -45.4688 -2.8418 16 0.107813 0.784375 7.05415e+18 -4.0835 -46.6296 -2.91435 
0.7 -45.4171 -2.83857 16 0.108953 0.782094 7.01985e+18 -4.05654 -46.6296 -2.91435 
0.71 -45.3989 -2.83743 16 0.107516 0.784969 7.43519e+18 -4.11803 -46.6296 -2.91435 
0.72 -45.3404 -2.83378 16 0.108422 0.783156 7.61966e+18 -4.19418 -46.6296 -2.91435 
0.73 -45.3523 -2.83452 16 0.10875 0.7825 7.33604e+18 -4.19837 -46.6296 -2.91435 
0.74 -45.2806 -2.83004 16 0.108625 0.78275 6.94837e+18 -4.35602 -46.6296 -2.91435 
0.75 -45.1566 -2.82229 16 0.110047 0.779906 6.90341e+18 -4.36497 -46.6296 -2.91435 
0.76 -45.0641 -2.81651 16 0.110344 0.779312 7.15417e+18 -4.41831 -46.6296 -2.91435 
0.77 -45.226 -2.82662 16 0.109406 0.781188 7.0945e+18 -4.38361 -46.6296 -2.91435 
0.78 -44.9929 -2.81206 16 0.112187 0.775625 7.17636e+18 -4.46622 -46.6296 -2.91435 
0.79 -44.9207 -2.80755 16 0.113531 0.772938 7.25649e+18 -4.51782 -46.6296 -2.91435 
0.8 -45.0253 -2.81408 16 0.113156 0.773688 7.19048e+18 -4.47899 -46.6296 -2.91435 
0.81 -44.8508 -2.80318 16 0.114047 0.771906 7.08874e+18 -4.58631 -46.6296 -2.91435 
0.82 -44.8359 -2.80224 16 0.112953 0.774094 7.14811e+18 -4.61744 -46.6296 -2.91435 
0.83 -44.7281 -2.79551 16 0.114672 0.770656 7.11814e+18 -4.6345 -46.6296 -2.91435 
0.84 -44.6685 -2.79178 16 0.117047 0.765906 7.48361e+18 -4.69754 -46.6296 -2.91435 
0.85 -44.6795 -2.79247 16 0.114687 0.770625 6.98382e+18 -4.73626 -46.6296 -2.91435 
0.86 -44.7045 -2.79403 16 0.115047 0.769906 6.93713e+18 -4.72028 -46.6296 -2.91435 
0.87 -44.6592 -2.7912 16 0.116063 0.767875 7.13024e+18 -4.74487 -46.6296 -2.91435 
0.88 -44.671 -2.79194 16 0.114453 0.771094 6.68406e+18 -4.75503 -46.6296 -2.91435 
0.89 -44.4755 -2.77972 16 0.11725 0.7655 7.35593e+18 -4.83605 -46.6296 -2.91435 
0.9 -44.4112 -2.7757 16 0.117047 0.765906 6.80627e+18 -4.8547 -46.6296 -2.91435 
0.91 -44.4093 -2.77558 16 0.117422 0.765156 6.90139e+18 -4.89442 -46.6296 -2.91435 
0.92 -44.3808 -2.7738 16 0.116719 0.766563 7.15734e+18 -4.9374 -46.6296 -2.91435 
0.93 -44.2838 -2.76774 16 0.116922 0.766156 7.20634e+18 -4.99162 -46.6296 -2.91435 
0.94 -44.2502 -2.76564 16 0.120297 0.759406 6.91321e+18 -4.96625 -46.6296 -2.91435 
0.95 -44.1631 -2.76019 16 0.121063 0.757875 6.63362e+18 -5.0406 -46.6296 -2.91435 
0.96 -44.1969 -2.7623 16 0.119672 0.760656 7.16541e+18 -5.05079 -46.6296 -2.91435 
0.97 -44.0383 -2.75239 16 0.121734 0.756531 6.8472e+18 -5.07908 -46.6296 -2.91435 
0.98 -44.269 -2.76681 16 0.118641 0.762719 6.57799e+18 -5.08381 -46.6296 -2.91435 
0.99 -44.1603 -2.76002 16 0.120672 0.758656 6.92906e+18 -5.12823 -46.6296 -2.91435 
