#ClusterEigenvalue -19.0044
# g emean emean / nmean nmean domean / config->nTotalSites s2mean / config->nTotalSites staggmag / config->nTotalSites epert / config->nTotalSites ess->getGroundStateEnergy() * config->nClusters ess->getGroundStateEnergy() * config->nClusters / nmean 
0 -76.0175 -4.7511 16 0.0248281 0.950344 8.80774e+18 0 -76.0175 -4.75109 
0.01 -76.0461 -4.75288 16 0.0253438 0.949313 8.8824e+18 -0.028689 -76.0175 -4.75109 
0.02 -76.1278 -4.75799 16 0.0244687 0.951062 8.44486e+18 -0.12212 -76.0175 -4.75109 
0.03 -76.2305 -4.76441 16 0.0273594 0.945281 9.3793e+18 -0.258684 -76.0175 -4.75109 
0.04 -76.1971 -4.76232 16 0.0254219 0.949156 9.04928e+18 -0.217031 -76.0175 -4.75109 
0.05 -76.2689 -4.7668 16 0.0255 0.949 8.76336e+18 -0.325758 -76.0175 -4.75109 
0.06 -76.3105 -4.76941 16 0.0246562 0.950688 7.87445e+18 -0.413308 -76.0175 -4.75109 
0.07 -76.3029 -4.76893 16 0.0263125 0.947375 8.83858e+18 -0.421533 -76.0175 -4.75109 
0.08 -76.2961 -4.76851 16 0.0270156 0.945969 8.80717e+18 -0.418787 -76.0175 -4.75109 
0.09 -76.3492 -4.77182 16 0.0268125 0.946375 8.85588e+18 -0.559273 -76.0175 -4.75109 
0.1 -76.3316 -4.77073 16 0.0271875 0.945625 8.97059e+18 -0.551456 -76.0175 -4.75109 
0.11 -76.3535 -4.77209 16 0.0275938 0.944813 8.64057e+18 -0.643312 -76.0175 -4.75109 
0.12 -76.3467 -4.77167 16 0.0286875 0.942625 8.67372e+18 -0.732158 -76.0175 -4.75109 
0.13 -76.3528 -4.77205 16 0.0295469 0.940906 8.87375e+18 -0.827603 -76.0175 -4.75109 
0.14 -76.3519 -4.77199 16 0.0275625 0.944875 8.90862e+18 -0.849229 -76.0175 -4.75109 
0.15 -76.3127 -4.76954 16 0.0295313 0.940937 8.75471e+18 -0.898127 -76.0175 -4.75109 
0.16 -76.3229 -4.77018 16 0.0298906 0.940219 8.66478e+18 -0.979178 -76.0175 -4.75109 
0.17 -76.2882 -4.76801 16 0.0304063 0.939188 8.58264e+18 -1.03287 -76.0175 -4.75109 
0.18 -76.2068 -4.76293 16 0.0295156 0.940969 9.15881e+18 -1.08939 -76.0175 -4.75109 
0.19 -76.2438 -4.76523 16 0.0309375 0.938125 8.56967e+18 -1.13572 -76.0175 -4.75109 
0.2 -76.1758 -4.76099 16 0.0314531 0.937094 9.28419e+18 -1.26414 -76.0175 -4.75109 
0.21 -76.1324 -4.75827 16 0.0327344 0.934531 8.42555e+18 -1.31537 -76.0175 -4.75109 
0.22 -76.0527 -4.75329 16 0.0338594 0.932281 8.91324e+18 -1.34288 -76.0175 -4.75109 
0.23 -76.0384 -4.7524 16 0.0346406 0.930719 8.35378e+18 -1.46002 -76.0175 -4.75109 
0.24 -75.9905 -4.74941 16 0.03525 0.9295 9.14728e+18 -1.49207 -76.0175 -4.75109 
0.25 -76.057 -4.75356 16 0.0343125 0.931375 8.36531e+18 -1.4586 -76.0175 -4.75109 
0.26 -75.8925 -4.74328 16 0.0369688 0.926062 8.79852e+18 -1.56564 -76.0175 -4.75109 
0.27 -75.814 -4.73838 16 0.0374062 0.925187 8.76854e+18 -1.66541 -76.0175 -4.75109 
0.28 -75.7744 -4.7359 16 0.0373281 0.925344 8.86914e+18 -1.65996 -76.0175 -4.75109 
0.29 -75.7003 -4.73127 16 0.0378281 0.924344 8.33216e+18 -1.75815 -76.0175 -4.75109 
0.3 -75.4886 -4.71804 16 0.0392188 0.921562 8.57428e+18 -1.93495 -76.0175 -4.75109 
0.31 -75.6098 -4.72561 16 0.0379688 0.924063 7.76983e+18 -1.8614 -76.0175 -4.75109 
0.32 -75.4508 -4.71567 16 0.0404531 0.919094 8.33505e+18 -1.95661 -76.0175 -4.75109 
0.33 -75.2867 -4.70542 16 0.0425781 0.914844 8.67026e+18 -2.05369 -76.0175 -4.75109 
0.34 -75.2185 -4.70116 16 0.044375 0.91125 8.26126e+18 -2.20381 -76.0175 -4.75109 
0.35 -75.2783 -4.70489 16 0.043125 0.91375 7.92461e+18 -2.13162 -76.0175 -4.75109 
0.36 -75.0855 -4.69284 16 0.0464062 0.907188 8.45899e+18 -2.34039 -76.0175 -4.75109 
0.37 -74.8793 -4.67996 16 0.0475312 0.904938 8.52557e+18 -2.34 -76.0175 -4.75109 
0.38 -74.9315 -4.68322 16 0.0463906 0.907219 8.6472e+18 -2.31895 -76.0175 -4.75109 
0.39 -74.7669 -4.67293 16 0.0488281 0.902344 8.2529e+18 -2.48983 -76.0175 -4.75109 
0.4 -74.738 -4.67112 16 0.0496562 0.900688 7.85802e+18 -2.53662 -76.0175 -4.75109 
0.41 -74.5273 -4.65796 16 0.0518281 0.896344 8.45091e+18 -2.57166 -76.0175 -4.75109 
0.42 -74.5071 -4.6567 16 0.0512031 0.897594 8.10706e+18 -2.63065 -76.0175 -4.75109 
0.43 -74.246 -4.64038 16 0.0529687 0.894062 8.20822e+18 -2.71492 -76.0175 -4.75109 
0.44 -74.2743 -4.64215 16 0.0525313 0.894937 8.8383e+18 -2.69834 -76.0175 -4.75109 
0.45 -74.0733 -4.62958 16 0.0560469 0.887906 8.27423e+18 -2.795 -76.0175 -4.75109 
0.46 -74.1151 -4.63219 16 0.0545938 0.890813 8.02577e+18 -2.8205 -76.0175 -4.75109 
0.47 -73.8479 -4.61549 16 0.0572344 0.885531 7.96265e+18 -3.037 -76.0175 -4.75109 
0.48 -73.8423 -4.61515 16 0.0563594 0.887281 7.94738e+18 -3.05304 -76.0175 -4.75109 
0.49 -73.5477 -4.59673 16 0.0597969 0.880406 8.01828e+18 -3.04681 -76.0175 -4.75109 
0.5 -73.7025 -4.6064 16 0.0582344 0.883531 7.97591e+18 -3.0881 -76.0175 -4.75109 
0.51 -73.5298 -4.59562 16 0.0603125 0.879375 7.80182e+18 -3.18919 -76.0175 -4.75109 
0.52 -73.5075 -4.59422 16 0.06 0.88 7.66001e+18 -3.25025 -76.0175 -4.75109 
0.53 -73.1528 -4.57205 16 0.063375 0.87325 7.68047e+18 -3.38003 -76.0175 -4.75109 
0.54 -73.1336 -4.57085 16 0.063625 0.87275 7.63465e+18 -3.31396 -76.0175 -4.75109 
0.55 -72.9901 -4.56188 16 0.0645469 0.870906 8.27538e+18 -3.47687 -76.0175 -4.75109 
0.56 -72.7675 -4.54797 16 0.0661719 0.867656 7.98629e+18 -3.55407 -76.0175 -4.75109 
0.57 -72.802 -4.55013 16 0.0666563 0.866687 8.06209e+18 -3.54269 -76.0175 -4.75109 
0.58 -72.5942 -4.53714 16 0.0677813 0.864438 8.45927e+18 -3.67647 -76.0175 -4.75109 
0.59 -72.523 -4.53269 16 0.0688594 0.862281 8.51173e+18 -3.73538 -76.0175 -4.75109 
0.6 -72.5818 -4.53636 16 0.069625 0.86075 7.4326e+18 -3.67184 -76.0175 -4.75109 
0.61 -72.1775 -4.51109 16 0.0713906 0.857219 7.92979e+18 -3.84093 -76.0175 -4.75109 
0.62 -72.1516 -4.50948 16 0.0733125 0.853375 7.74302e+18 -3.88777 -76.0175 -4.75109 
0.63 -72.2045 -4.51278 16 0.0705156 0.858969 7.18299e+18 -3.8567 -76.0175 -4.75109 
0.64 -71.8425 -4.49016 16 0.0743594 0.851281 7.52051e+18 -4.05247 -76.0175 -4.75109 
0.65 -71.9309 -4.49568 16 0.07575 0.8485 7.58219e+18 -3.97169 -76.0175 -4.75109 
0.66 -71.7997 -4.48748 16 0.075625 0.84875 7.74071e+18 -4.04328 -76.0175 -4.75109 
0.67 -71.787 -4.48669 16 0.0749844 0.850031 8.035e+18 -4.1169 -76.0175 -4.75109 
0.68 -71.4991 -4.4687 16 0.0770312 0.845938 7.5525e+18 -4.15146 -76.0175 -4.75109 
0.69 -71.3795 -4.46122 16 0.0783125 0.843375 8.22465e+18 -4.18406 -76.0175 -4.75109 
0.7 -71.0923 -4.44327 16 0.0796562 0.840688 7.80268e+18 -4.33307 -76.0175 -4.75109 
0.71 -71.2053 -4.45033 16 0.0798594 0.840281 6.57079e+18 -4.30366 -76.0175 -4.75109 
0.72 -71.1924 -4.44952 16 0.07975 0.8405 7.4816e+18 -4.3525 -76.0175 -4.75109 
0.73 -70.8395 -4.42747 16 0.0828594 0.834281 8.03557e+18 -4.43438 -76.0175 -4.75109 
0.74 -71.012 -4.43825 16 0.0817344 0.836531 8.16153e+18 -4.40391 -76.0175 -4.75109 
0.75 -70.7402 -4.42126 16 0.0823594 0.835281 7.5966e+18 -4.54349 -76.0175 -4.75109 
0.76 -70.9156 -4.43222 16 0.0824219 0.835156 7.42424e+18 -4.45353 -76.0175 -4.75109 
0.77 -70.4892 -4.40558 16 0.0868281 0.826344 7.3761e+18 -4.57501 -76.0175 -4.75109 
0.78 -70.436 -4.40225 16 0.0854062 0.829187 7.66203e+18 -4.63952 -76.0175 -4.75109 
0.79 -70.4109 -4.40068 16 0.0863594 0.827281 7.24381e+18 -4.63037 -76.0175 -4.75109 
0.8 -70.0101 -4.37563 16 0.0895313 0.820937 7.03945e+18 -4.78799 -76.0175 -4.75109 
0.81 -70.3438 -4.39649 16 0.0867187 0.826562 8.18084e+18 -4.71369 -76.0175 -4.75109 
0.82 -70.1026 -4.38141 16 0.0878125 0.824375 7.31788e+18 -4.8 -76.0175 -4.75109 
0.83 -70.258 -4.39113 16 0.0860313 0.827937 7.35996e+18 -4.75311 -76.0175 -4.75109 
0.84 -69.8441 -4.36525 16 0.0900469 0.819906 7.70526e+18 -4.91552 -76.0175 -4.75109 
0.85 -69.9524 -4.37203 16 0.0882813 0.823438 7.55884e+18 -4.81781 -76.0175 -4.75109 
0.86 -69.7548 -4.35967 16 0.0907344 0.818531 7.86811e+18 -4.9111 -76.0175 -4.75109 
0.87 -69.7848 -4.36155 16 0.0894687 0.821063 7.3026e+18 -4.88797 -76.0175 -4.75109 
0.88 -69.857 -4.36607 16 0.0899844 0.820031 7.42712e+18 -4.94984 -76.0175 -4.75109 
0.89 -69.5718 -4.34824 16 0.0914531 0.817094 7.04752e+18 -4.94358 -76.0175 -4.75109 
0.9 -69.2164 -4.32603 16 0.0945 0.811 7.44816e+18 -5.02544 -76.0175 -4.75109 
0.91 -69.2864 -4.3304 16 0.0941875 0.811625 7.52252e+18 -5.06638 -76.0175 -4.75109 
0.92 -69.4856 -4.34285 16 0.0923125 0.815375 7.68393e+18 -5.09503 -76.0175 -4.75109 
0.93 -69.5693 -4.34808 16 0.0910469 0.817906 7.37697e+18 -5.09037 -76.0175 -4.75109 
0.94 -69.2662 -4.32914 16 0.0931719 0.813656 6.81867e+18 -5.10908 -76.0175 -4.75109 
0.95 -69.2273 -4.32671 16 0.0936406 0.812719 7.43116e+18 -5.18979 -76.0175 -4.75109 
0.96 -69.1938 -4.32461 16 0.0947188 0.810563 7.626e+18 -5.1668 -76.0175 -4.75109 
0.97 -69.1939 -4.32462 16 0.0934531 0.813094 7.81767e+18 -5.22903 -76.0175 -4.75109 
0.98 -68.924 -4.30775 16 0.0960469 0.807906 6.61892e+18 -5.25695 -76.0175 -4.75109 
0.99 -68.5898 -4.28686 16 0.097625 0.80475 7.45796e+18 -5.3241 -76.0175 -4.75109 
