#ClusterEigenvalue -17.1172
# g emean emean / nmean nmean domean / config->nTotalSites s2mean / config->nTotalSites staggmag / config->nTotalSites epert / config->nTotalSites ess->getGroundStateEnergy() * config->nClusters ess->getGroundStateEnergy() * config->nClusters / nmean 
0 -34.2344 -4.27929 8 0.0315312 0.936937 8.34773e+18 0 -34.2343 -4.27929 
0.01 -34.2445 -4.28056 8 0.0305625 0.938875 8.54661e+18 -0.0100822 -34.2343 -4.27929 
0.02 -34.2646 -4.28308 8 0.0309062 0.938187 8.76854e+18 -0.032394 -34.2343 -4.27929 
0.03 -34.3025 -4.28781 8 0.031375 0.93725 8.73223e+18 -0.0799835 -34.2343 -4.27929 
0.04 -34.3167 -4.28959 8 0.03125 0.9375 8.50164e+18 -0.101602 -34.2343 -4.27929 
0.05 -34.3122 -4.28902 8 0.031875 0.93625 8.40422e+18 -0.0990009 -34.2343 -4.27929 
0.06 -34.3099 -4.28874 8 0.031625 0.93675 8.94494e+18 -0.0924325 -34.2343 -4.27929 
0.07 -34.3422 -4.29278 8 0.032125 0.93575 8.46706e+18 -0.154382 -34.2343 -4.27929 
0.08 -34.3522 -4.29403 8 0.0321875 0.935625 8.8308e+18 -0.185728 -34.2343 -4.27929 
0.09 -34.3585 -4.29481 8 0.0317188 0.936562 8.62385e+18 -0.208577 -34.2343 -4.27929 
0.1 -34.3623 -4.29528 8 0.035125 0.92975 8.73626e+18 -0.231073 -34.2343 -4.27929 
0.11 -34.3572 -4.29465 8 0.0309062 0.938188 8.31545e+18 -0.239426 -34.2343 -4.27929 
0.12 -34.3582 -4.29477 8 0.033375 0.93325 8.74376e+18 -0.261143 -34.2343 -4.27929 
0.13 -34.3657 -4.29571 8 0.0315312 0.936937 8.65095e+18 -0.257567 -34.2343 -4.27929 
0.14 -34.3506 -4.29383 8 0.0336875 0.932625 8.68899e+18 -0.306943 -34.2343 -4.27929 
0.15 -34.3587 -4.29484 8 0.0320625 0.935875 8.52124e+18 -0.310782 -34.2343 -4.27929 
0.16 -34.3542 -4.29428 8 0.0355938 0.928813 8.65786e+18 -0.359403 -34.2343 -4.27929 
0.17 -34.3588 -4.29485 8 0.033125 0.93375 8.61982e+18 -0.345309 -34.2343 -4.27929 
0.18 -34.3448 -4.2931 8 0.0350937 0.929813 8.29642e+18 -0.346585 -34.2343 -4.27929 
0.19 -34.3359 -4.29198 8 0.0346562 0.930687 8.84752e+18 -0.38633 -34.2343 -4.27929 
0.2 -34.3412 -4.29265 8 0.0375 0.925 8.45322e+18 -0.413918 -34.2343 -4.27929 
0.21 -34.3085 -4.28856 8 0.0364063 0.927188 8.73338e+18 -0.453531 -34.2343 -4.27929 
0.22 -34.291 -4.28638 8 0.0364063 0.927188 8.67689e+18 -0.453832 -34.2343 -4.27929 
0.23 -34.2849 -4.28562 8 0.0375625 0.924875 8.8014e+18 -0.489382 -34.2343 -4.27929 
0.24 -34.2726 -4.28407 8 0.0377188 0.924562 8.54891e+18 -0.485083 -34.2343 -4.27929 
0.25 -34.2631 -4.28289 8 0.0384688 0.923063 8.49242e+18 -0.538789 -34.2343 -4.27929 
0.26 -34.2594 -4.28242 8 0.0382187 0.923562 8.76566e+18 -0.533857 -34.2343 -4.27929 
0.27 -34.2366 -4.27958 8 0.0385937 0.922813 8.68265e+18 -0.547904 -34.2343 -4.27929 
0.28 -34.2136 -4.27671 8 0.0391875 0.921625 8.44054e+18 -0.565416 -34.2343 -4.27929 
0.29 -34.2044 -4.27555 8 0.0414063 0.917188 8.82561e+18 -0.608766 -34.2343 -4.27929 
0.3 -34.1758 -4.27197 8 0.0405312 0.918937 8.71147e+18 -0.625753 -34.2343 -4.27929 
0.31 -34.1609 -4.27012 8 0.0405938 0.918813 8.86654e+18 -0.648905 -34.2343 -4.27929 
0.32 -34.1406 -4.26757 8 0.0396875 0.920625 8.47686e+18 -0.668429 -34.2343 -4.27929 
0.33 -34.1352 -4.2669 8 0.0430625 0.913875 8.03932e+18 -0.69573 -34.2343 -4.27929 
0.34 -34.0665 -4.25832 8 0.0436875 0.912625 8.66017e+18 -0.729063 -34.2343 -4.27929 
0.35 -34.0831 -4.26039 8 0.0437813 0.912438 7.98283e+18 -0.720005 -34.2343 -4.27929 
0.36 -34.008 -4.25099 8 0.0455625 0.908875 8.05085e+18 -0.781742 -34.2343 -4.27929 
0.37 -33.977 -4.24712 8 0.0465625 0.906875 8.6936e+18 -0.782819 -34.2343 -4.27929 
0.38 -33.9905 -4.24882 8 0.046 0.908 8.34081e+18 -0.776131 -34.2343 -4.27929 
0.39 -33.96 -4.245 8 0.0470625 0.905875 8.59791e+18 -0.815759 -34.2343 -4.27929 
0.4 -33.9424 -4.2428 8 0.0467812 0.906438 8.43996e+18 -0.834058 -34.2343 -4.27929 
0.41 -33.9625 -4.24531 8 0.04475 0.9105 8.94552e+18 -0.852554 -34.2343 -4.27929 
0.42 -33.8737 -4.23421 8 0.0480625 0.903875 8.29066e+18 -0.8852 -34.2343 -4.27929 
0.43 -33.8013 -4.22517 8 0.0500312 0.899938 8.48493e+18 -0.887152 -34.2343 -4.27929 
0.44 -33.727 -4.21587 8 0.0513438 0.897312 8.48666e+18 -0.958998 -34.2343 -4.27929 
0.45 -33.8421 -4.23027 8 0.0491875 0.901625 8.35926e+18 -0.91722 -34.2343 -4.27929 
0.46 -33.7222 -4.21527 8 0.0516875 0.896625 8.2065e+18 -0.9653 -34.2343 -4.27929 
0.47 -33.7341 -4.21677 8 0.049875 0.90025 8.35695e+18 -0.963094 -34.2343 -4.27929 
0.48 -33.7013 -4.21266 8 0.0518125 0.896375 8.49703e+18 -0.961931 -34.2343 -4.27929 
0.49 -33.6908 -4.21135 8 0.0524063 0.895188 8.26472e+18 -1.01149 -34.2343 -4.27929 
0.5 -33.6105 -4.20131 8 0.054125 0.89175 8.35176e+18 -1.06924 -34.2343 -4.27929 
0.51 -33.548 -4.19351 8 0.0545313 0.890938 8.16153e+18 -1.08374 -34.2343 -4.27929 
0.52 -33.53 -4.19125 8 0.0553125 0.889375 8.58062e+18 -1.09156 -34.2343 -4.27929 
0.53 -33.5398 -4.19248 8 0.0539688 0.892062 8.22148e+18 -1.09507 -34.2343 -4.27929 
0.54 -33.5504 -4.1938 8 0.0550937 0.889813 8.43823e+18 -1.11876 -34.2343 -4.27929 
0.55 -33.426 -4.17825 8 0.05725 0.8855 8.23013e+18 -1.15662 -34.2343 -4.27929 
0.56 -33.3834 -4.17292 8 0.0575937 0.884813 7.99724e+18 -1.16119 -34.2343 -4.27929 
0.57 -33.3174 -4.16468 8 0.0569688 0.886062 8.36156e+18 -1.18604 -34.2343 -4.27929 
0.58 -33.2982 -4.16228 8 0.0606563 0.878687 8.15e+18 -1.21579 -34.2343 -4.27929 
0.59 -33.4265 -4.17831 8 0.057375 0.88525 8.04797e+18 -1.20294 -34.2343 -4.27929 
0.6 -33.2445 -4.15556 8 0.0589062 0.882188 7.97245e+18 -1.23254 -34.2343 -4.27929 
0.61 -33.2987 -4.16233 8 0.0587812 0.882437 8.3166e+18 -1.27293 -34.2343 -4.27929 
0.62 -33.3096 -4.16369 8 0.0588125 0.882375 8.28489e+18 -1.28931 -34.2343 -4.27929 
0.63 -33.0754 -4.13443 8 0.0635 0.873 7.73956e+18 -1.29316 -34.2343 -4.27929 
0.64 -33.051 -4.13138 8 0.064375 0.87125 8.26587e+18 -1.3152 -34.2343 -4.27929 
0.65 -33.2402 -4.15502 8 0.0609062 0.878188 7.95401e+18 -1.30775 -34.2343 -4.27929 
0.66 -33.0494 -4.13117 8 0.0644062 0.871188 7.79721e+18 -1.36468 -34.2343 -4.27929 
0.67 -33.0217 -4.12771 8 0.0644687 0.871063 8.20188e+18 -1.37083 -34.2343 -4.27929 
0.68 -33.0765 -4.13457 8 0.0633438 0.873312 8.31775e+18 -1.34988 -34.2343 -4.27929 
0.69 -32.9906 -4.12382 8 0.0650625 0.869875 8.15058e+18 -1.40036 -34.2343 -4.27929 
0.7 -32.8551 -4.10689 8 0.0682813 0.863438 8.15807e+18 -1.44255 -34.2343 -4.27929 
0.71 -32.9606 -4.12007 8 0.065125 0.86975 7.54991e+18 -1.44792 -34.2343 -4.27929 
0.72 -32.8369 -4.10461 8 0.0685313 0.862938 7.99724e+18 -1.47649 -34.2343 -4.27929 
0.73 -32.8376 -4.1047 8 0.0693125 0.861375 8.12983e+18 -1.47114 -34.2343 -4.27929 
0.74 -32.842 -4.10526 8 0.0685625 0.862875 8.04912e+18 -1.4688 -34.2343 -4.27929 
0.75 -32.757 -4.09462 8 0.0694375 0.861125 7.84678e+18 -1.4974 -34.2343 -4.27929 
0.76 -32.8404 -4.10505 8 0.0680938 0.863812 7.99609e+18 -1.48116 -34.2343 -4.27929 
0.77 -32.8337 -4.10421 8 0.068625 0.86275 7.50264e+18 -1.50481 -34.2343 -4.27929 
0.78 -32.7417 -4.09271 8 0.0704687 0.859063 7.58795e+18 -1.51589 -34.2343 -4.27929 
0.79 -32.6896 -4.08619 8 0.0709063 0.858187 8.04451e+18 -1.56088 -34.2343 -4.27929 
0.8 -32.6605 -4.08256 8 0.0710938 0.857812 7.92172e+18 -1.57496 -34.2343 -4.27929 
0.81 -32.6575 -4.08218 8 0.0710312 0.857938 8.16787e+18 -1.58166 -34.2343 -4.27929 
0.82 -32.5545 -4.06931 8 0.0728437 0.854313 7.84448e+18 -1.59608 -34.2343 -4.27929 
0.83 -32.5427 -4.06784 8 0.0722813 0.855438 7.80816e+18 -1.60074 -34.2343 -4.27929 
0.84 -32.4696 -4.0587 8 0.0740937 0.851812 7.7753e+18 -1.62303 -34.2343 -4.27929 
0.85 -32.6674 -4.08343 8 0.0716875 0.856625 7.79375e+18 -1.60707 -34.2343 -4.27929 
0.86 -32.5721 -4.07152 8 0.072375 0.85525 7.84794e+18 -1.61892 -34.2343 -4.27929 
0.87 -32.6039 -4.07549 8 0.0715312 0.856938 8.0889e+18 -1.63636 -34.2343 -4.27929 
0.88 -32.486 -4.06075 8 0.0739375 0.852125 7.77242e+18 -1.65571 -34.2343 -4.27929 
0.89 -32.5839 -4.07299 8 0.0729375 0.854125 7.78049e+18 -1.6452 -34.2343 -4.27929 
0.9 -32.524 -4.0655 8 0.0714375 0.857125 7.76723e+18 -1.644 -34.2343 -4.27929 
0.91 -32.4473 -4.05591 8 0.0743125 0.851375 7.74936e+18 -1.69153 -34.2343 -4.27929 
0.92 -32.381 -4.04762 8 0.0741563 0.851687 7.64848e+18 -1.71702 -34.2343 -4.27929 
0.93 -32.3579 -4.04474 8 0.074625 0.85075 7.55221e+18 -1.7008 -34.2343 -4.27929 
0.94 -32.3167 -4.03958 8 0.0759062 0.848187 7.99839e+18 -1.70626 -34.2343 -4.27929 
0.95 -32.4099 -4.05124 8 0.074875 0.85025 8.00589e+18 -1.71135 -34.2343 -4.27929 
0.96 -32.3482 -4.04352 8 0.0746875 0.850625 7.71074e+18 -1.72244 -34.2343 -4.27929 
0.97 -32.2652 -4.03315 8 0.0766875 0.846625 7.86581e+18 -1.73778 -34.2343 -4.27929 
0.98 -32.2844 -4.03555 8 0.0765625 0.846875 7.82891e+18 -1.75077 -34.2343 -4.27929 
0.99 -32.2095 -4.02619 8 0.0767812 0.846437 7.87388e+18 -1.74347 -34.2343 -4.27929 
