#ClusterEigenvalue -26.7117
# g emean emean / nmean nmean domean / config->nTotalSites s2mean / config->nTotalSites staggmag / config->nTotalSites epert / config->nTotalSites ess->getGroundStateEnergy() * config->nClusters ess->getGroundStateEnergy() * config->nClusters / nmean 
0 -106.847 -6.67792 16 0.0135937 0.972812 8.99567e+18 0 -106.847 -6.67792 
0.01 -106.921 -6.68256 16 0.0130469 0.973906 9.36316e+18 -0.0806556 -106.847 -6.67792 
0.02 -106.955 -6.68466 16 0.013375 0.97325 1.02567e+19 -0.12463 -106.847 -6.67792 
0.03 -107.02 -6.68873 16 0.0125156 0.974969 9.36662e+18 -0.223011 -106.847 -6.67792 
0.04 -107.01 -6.68813 16 0.0126406 0.974719 9.46203e+18 -0.209851 -106.847 -6.67792 
0.05 -107.053 -6.6908 16 0.0131094 0.973781 8.90084e+18 -0.309301 -106.847 -6.67792 
0.06 -107.066 -6.69162 16 0.0140781 0.971844 9.21213e+18 -0.375059 -106.847 -6.67792 
0.07 -107.08 -6.69252 16 0.014625 0.97075 8.98097e+18 -0.469841 -106.847 -6.67792 
0.08 -107.097 -6.69356 16 0.0147812 0.970437 9.70183e+18 -0.50926 -106.847 -6.67792 
0.09 -107.091 -6.69318 16 0.0143906 0.971219 8.64288e+18 -0.513272 -106.847 -6.67792 
0.1 -107.073 -6.69207 16 0.0147031 0.970594 8.97031e+18 -0.598616 -106.847 -6.67792 
0.11 -107.061 -6.69129 16 0.0157031 0.968594 9.65284e+18 -0.695171 -106.847 -6.67792 
0.12 -107.018 -6.68864 16 0.0156875 0.968625 9.24441e+18 -0.777454 -106.847 -6.67792 
0.13 -106.939 -6.68368 16 0.0169844 0.966031 9.05562e+18 -0.780762 -106.847 -6.67792 
0.14 -106.913 -6.68207 16 0.0176406 0.964719 8.24512e+18 -0.862431 -106.847 -6.67792 
0.15 -106.911 -6.68191 16 0.0165625 0.966875 9.10952e+18 -0.852712 -106.847 -6.67792 
0.16 -106.848 -6.67798 16 0.0183437 0.963313 8.86597e+18 -0.983184 -106.847 -6.67792 
0.17 -106.754 -6.67212 16 0.018375 0.96325 9.13575e+18 -1.04631 -106.847 -6.67792 
0.18 -106.681 -6.66759 16 0.019125 0.96175 9.80675e+18 -1.14716 -106.847 -6.67792 
0.19 -106.68 -6.66752 16 0.0194844 0.961031 8.55151e+18 -1.15794 -106.847 -6.67792 
0.2 -106.538 -6.65863 16 0.0200156 0.959969 9.05072e+18 -1.24892 -106.847 -6.67792 
0.21 -106.417 -6.65109 16 0.02075 0.9585 8.79218e+18 -1.2685 -106.847 -6.67792 
0.22 -106.328 -6.64552 16 0.0217969 0.956406 9.5926e+18 -1.37655 -106.847 -6.67792 
0.23 -106.311 -6.64442 16 0.0224688 0.955063 8.73338e+18 -1.41532 -106.847 -6.67792 
0.24 -106.115 -6.6322 16 0.0230937 0.953812 8.53796e+18 -1.49574 -106.847 -6.67792 
0.25 -106.028 -6.62672 16 0.0238125 0.952375 8.88499e+18 -1.64316 -106.847 -6.67792 
0.26 -105.95 -6.62187 16 0.0235938 0.952812 9.63929e+18 -1.49903 -106.847 -6.67792 
0.27 -105.871 -6.61692 16 0.0252812 0.949437 8.61953e+18 -1.7007 -106.847 -6.67792 
0.28 -105.578 -6.59864 16 0.026625 0.94675 8.58379e+18 -1.78198 -106.847 -6.67792 
0.29 -105.718 -6.60739 16 0.0262656 0.947469 9.02248e+18 -1.75157 -106.847 -6.67792 
0.3 -105.452 -6.59075 16 0.0276094 0.944781 8.76854e+18 -1.86076 -106.847 -6.67792 
0.31 -105.255 -6.57844 16 0.029375 0.94125 8.72848e+18 -1.96448 -106.847 -6.67792 
0.32 -105.097 -6.56855 16 0.0299063 0.940187 8.26328e+18 -2.01189 -106.847 -6.67792 
0.33 -105.137 -6.57108 16 0.0299063 0.940187 8.79708e+18 -1.99977 -106.847 -6.67792 
0.34 -104.764 -6.54777 16 0.0325469 0.934906 8.7354e+18 -2.17373 -106.847 -6.67792 
0.35 -104.801 -6.55004 16 0.0324219 0.935156 8.24541e+18 -2.14104 -106.847 -6.67792 
0.36 -104.794 -6.54961 16 0.0321094 0.935781 8.74001e+18 -2.16676 -106.847 -6.67792 
0.37 -104.374 -6.52335 16 0.0350312 0.929938 8.63625e+18 -2.34063 -106.847 -6.67792 
0.38 -104.149 -6.50932 16 0.037375 0.92525 9.0954e+18 -2.47179 -106.847 -6.67792 
0.39 -103.827 -6.4892 16 0.03725 0.9255 8.3287e+18 -2.54986 -106.847 -6.67792 
0.4 -103.905 -6.49404 16 0.0385156 0.922969 8.31545e+18 -2.58005 -106.847 -6.67792 
0.41 -104.002 -6.5001 16 0.0375313 0.924937 8.71378e+18 -2.5311 -106.847 -6.67792 
0.42 -103.556 -6.47223 16 0.0405 0.919 9.25248e+18 -2.69621 -106.847 -6.67792 
0.43 -103.228 -6.45177 16 0.0418906 0.916219 8.20015e+18 -2.76448 -106.847 -6.67792 
0.44 -103.002 -6.43761 16 0.0443906 0.911219 8.54113e+18 -2.90067 -106.847 -6.67792 
0.45 -102.871 -6.42944 16 0.044625 0.91075 8.60396e+18 -2.9534 -106.847 -6.67792 
0.46 -102.555 -6.40967 16 0.0456562 0.908688 8.27999e+18 -3.00117 -106.847 -6.67792 
0.47 -102.555 -6.40969 16 0.0463594 0.907281 8.00041e+18 -3.06739 -106.847 -6.67792 
0.48 -102.366 -6.3979 16 0.0476719 0.904656 8.30046e+18 -3.10305 -106.847 -6.67792 
0.49 -102.262 -6.39135 16 0.0486719 0.902656 7.7877e+18 -3.14262 -106.847 -6.67792 
0.5 -102.083 -6.3802 16 0.0491875 0.901625 8.27365e+18 -3.20933 -106.847 -6.67792 
0.51 -101.77 -6.36065 16 0.0510469 0.897906 7.56345e+18 -3.24542 -106.847 -6.67792 
0.52 -101.585 -6.34907 16 0.0519531 0.896094 8.44371e+18 -3.32049 -106.847 -6.67792 
0.53 -101.535 -6.34597 16 0.0514688 0.897062 8.7132e+18 -3.2473 -106.847 -6.67792 
0.54 -100.946 -6.30914 16 0.05575 0.8885 7.4104e+18 -3.58166 -106.847 -6.67792 
0.55 -100.961 -6.31008 16 0.056 0.888 7.40031e+18 -3.50658 -106.847 -6.67792 
0.56 -101.164 -6.32276 16 0.054375 0.89125 8.77344e+18 -3.54136 -106.847 -6.67792 
0.57 -100.79 -6.29935 16 0.0566406 0.886719 7.44499e+18 -3.58082 -106.847 -6.67792 
0.58 -100.814 -6.30084 16 0.0570625 0.885875 7.45911e+18 -3.58986 -106.847 -6.67792 
0.59 -100.164 -6.26027 16 0.0603438 0.879312 7.71679e+18 -3.7566 -106.847 -6.67792 
0.6 -100.256 -6.26599 16 0.0590313 0.881937 7.84592e+18 -3.72177 -106.847 -6.67792 
0.61 -100.172 -6.26074 16 0.0599375 0.880125 8.58927e+18 -3.77515 -106.847 -6.67792 
0.62 -99.4183 -6.21365 16 0.0639687 0.872062 7.17405e+18 -3.97029 -106.847 -6.67792 
0.63 -99.5741 -6.22338 16 0.0625781 0.874844 8.8481e+18 -3.9343 -106.847 -6.67792 
0.64 -99.1002 -6.19376 16 0.066375 0.86725 8.09639e+18 -4.09384 -106.847 -6.67792 
0.65 -99.6336 -6.2271 16 0.0636719 0.872656 7.54501e+18 -3.99247 -106.847 -6.67792 
0.66 -99.171 -6.19819 16 0.0648906 0.870219 8.73252e+18 -4.0559 -106.847 -6.67792 
0.67 -98.6284 -6.16428 16 0.0691406 0.861719 8.3068e+18 -4.27377 -106.847 -6.67792 
0.68 -98.3439 -6.14649 16 0.0705469 0.858906 7.44528e+18 -4.33679 -106.847 -6.67792 
0.69 -98.8114 -6.17571 16 0.0675937 0.864812 7.46805e+18 -4.21731 -106.847 -6.67792 
0.7 -98.2157 -6.13848 16 0.0706875 0.858625 8.3166e+18 -4.45767 -106.847 -6.67792 
0.71 -98.1117 -6.13198 16 0.0725 0.855 8.20592e+18 -4.47598 -106.847 -6.67792 
0.72 -98.2493 -6.14058 16 0.0713281 0.857344 8.36445e+18 -4.32144 -106.847 -6.67792 
0.73 -97.9584 -6.1224 16 0.0714375 0.857125 7.58392e+18 -4.3742 -106.847 -6.67792 
0.74 -97.8159 -6.11349 16 0.0728906 0.854219 8.67631e+18 -4.44664 -106.847 -6.67792 
0.75 -97.3375 -6.0836 16 0.0754531 0.849094 8.83945e+18 -4.62407 -106.847 -6.67792 
0.76 -97.1281 -6.07051 16 0.0768594 0.846281 8.18632e+18 -4.66903 -106.847 -6.67792 
0.77 -97.1743 -6.07339 16 0.0768281 0.846344 7.19308e+18 -4.66066 -106.847 -6.67792 
0.78 -97.2298 -6.07686 16 0.0756563 0.848688 8.28518e+18 -4.59582 -106.847 -6.67792 
0.79 -97.3371 -6.08357 16 0.0753594 0.849281 7.21412e+18 -4.59539 -106.847 -6.67792 
0.8 -96.9751 -6.06094 16 0.07825 0.8435 7.89232e+18 -4.70206 -106.847 -6.67792 
0.81 -96.7826 -6.04891 16 0.078875 0.84225 8.14856e+18 -4.82068 -106.847 -6.67792 
0.82 -96.9963 -6.06227 16 0.0777812 0.844438 7.79173e+18 -4.76798 -106.847 -6.67792 
0.83 -96.4062 -6.02539 16 0.0802031 0.839594 8.35148e+18 -4.88368 -106.847 -6.67792 
0.84 -96.4406 -6.02754 16 0.0803594 0.839281 7.48333e+18 -4.8747 -106.847 -6.67792 
0.85 -95.9258 -5.99536 16 0.083375 0.83325 7.64272e+18 -4.96952 -106.847 -6.67792 
0.86 -96.5516 -6.03447 16 0.0787656 0.842469 7.37178e+18 -4.90576 -106.847 -6.67792 
0.87 -96.0756 -6.00472 16 0.0817969 0.836406 7.99666e+18 -5.0053 -106.847 -6.67792 
0.88 -95.7392 -5.9837 16 0.0835781 0.832844 7.96208e+18 -5.05336 -106.847 -6.67792 
0.89 -96.1018 -6.00636 16 0.0821563 0.835688 8.73367e+18 -5.03283 -106.847 -6.67792 
0.9 -95.7365 -5.98353 16 0.0837344 0.832531 8.73252e+18 -5.12326 -106.847 -6.67792 
0.91 -95.9995 -5.99997 16 0.082875 0.83425 7.98283e+18 -5.01293 -106.847 -6.67792 
0.92 -95.4509 -5.96568 16 0.0858594 0.828281 8.1428e+18 -5.14946 -106.847 -6.67792 
0.93 -95.5197 -5.96998 16 0.0859531 0.828094 8.28979e+18 -5.17539 -106.847 -6.67792 
0.94 -95.5339 -5.97087 16 0.0855312 0.828937 8.00762e+18 -5.13838 -106.847 -6.67792 
0.95 -95.1626 -5.94766 16 0.0862344 0.827531 7.90155e+18 -5.25818 -106.847 -6.67792 
0.96 -94.9876 -5.93672 16 0.0879219 0.824156 7.35045e+18 -5.19046 -106.847 -6.67792 
0.97 -95.2928 -5.9558 16 0.0877656 0.824469 7.40896e+18 -5.2979 -106.847 -6.67792 
0.98 -95.1193 -5.94496 16 0.0869375 0.826125 7.99493e+18 -5.24056 -106.847 -6.67792 
0.99 -95.0526 -5.94079 16 0.0874687 0.825062 7.45508e+18 -5.35393 -106.847 -6.67792 
