#ClusterEigenvalue -5.57537
# g emean emean / nmean nmean domean / config->nTotalSites s2mean / config->nTotalSites staggmag / config->nTotalSites epert / config->nTotalSites ess->getGroundStateEnergy() * config->nClusters ess->getGroundStateEnergy() * config->nClusters / nmean 
0 -22.3015 -1.39384 16 0.199219 0.601562 5.48964e+18 0 -22.3015 -1.39384 
0.01 -22.3559 -1.39724 16 0.200328 0.599344 5.52912e+18 -0.0549473 -22.3015 -1.39384 
0.02 -22.3853 -1.39908 16 0.20075 0.5985 5.48358e+18 -0.0849703 -22.3015 -1.39384 
0.03 -22.4609 -1.4038 16 0.201781 0.596438 5.5395e+18 -0.164763 -22.3015 -1.39384 
0.04 -22.5142 -1.40714 16 0.199094 0.601812 5.48185e+18 -0.221149 -22.3015 -1.39384 
0.05 -22.5864 -1.41165 16 0.197375 0.60525 5.58014e+18 -0.299501 -22.3015 -1.39384 
0.06 -22.6369 -1.41481 16 0.198094 0.603812 5.62453e+18 -0.355549 -22.3015 -1.39384 
0.07 -22.6886 -1.41804 16 0.198797 0.602406 5.50751e+18 -0.416217 -22.3015 -1.39384 
0.08 -22.7728 -1.4233 16 0.197313 0.605375 5.54325e+18 -0.515555 -22.3015 -1.39384 
0.09 -22.7812 -1.42382 16 0.200391 0.599219 5.54872e+18 -0.526618 -22.3015 -1.39384 
0.1 -22.8344 -1.42715 16 0.197953 0.604094 5.49194e+18 -0.588176 -22.3015 -1.39384 
0.11 -22.8878 -1.43049 16 0.200641 0.598719 5.67814e+18 -0.656993 -22.3015 -1.39384 
0.12 -22.9384 -1.43365 16 0.195828 0.608344 5.64586e+18 -0.723542 -22.3015 -1.39384 
0.13 -22.9977 -1.43735 16 0.200937 0.598125 5.50347e+18 -0.80025 -22.3015 -1.39384 
0.14 -23.0085 -1.43803 16 0.198391 0.603219 5.55939e+18 -0.814739 -22.3015 -1.39384 
0.15 -23.0795 -1.44247 16 0.198344 0.603313 5.50952e+18 -0.918454 -22.3015 -1.39384 
0.16 -23.122 -1.44512 16 0.200672 0.598656 5.52192e+18 -0.98093 -22.3015 -1.39384 
0.17 -23.159 -1.44744 16 0.198969 0.602062 5.51212e+18 -1.04224 -22.3015 -1.39384 
0.18 -23.1702 -1.44814 16 0.199984 0.600031 5.47551e+18 -1.05476 -22.3015 -1.39384 
0.19 -23.2316 -1.45198 16 0.201281 0.597438 5.57063e+18 -1.1416 -22.3015 -1.39384 
0.2 -23.2324 -1.45203 16 0.199875 0.60025 5.53316e+18 -1.15143 -22.3015 -1.39384 
0.21 -23.2742 -1.45463 16 0.201609 0.596781 5.40288e+18 -1.21516 -22.3015 -1.39384 
0.22 -23.3388 -1.45868 16 0.200437 0.599125 5.43833e+18 -1.32215 -22.3015 -1.39384 
0.23 -23.3482 -1.45926 16 0.201484 0.597031 5.57322e+18 -1.34035 -22.3015 -1.39384 
0.24 -23.4154 -1.46346 16 0.200781 0.598437 5.60983e+18 -1.47696 -22.3015 -1.39384 
0.25 -23.4197 -1.46373 16 0.201875 0.59625 5.51846e+18 -1.47631 -22.3015 -1.39384 
0.26 -23.4412 -1.46508 16 0.203828 0.592344 5.49799e+18 -1.52374 -22.3015 -1.39384 
0.27 -23.4567 -1.46604 16 0.201844 0.596313 5.58533e+18 -1.5646 -22.3015 -1.39384 
0.28 -23.4898 -1.46811 16 0.201984 0.596031 5.36397e+18 -1.6349 -22.3015 -1.39384 
0.29 -23.5254 -1.47034 16 0.200531 0.598938 5.54757e+18 -1.71939 -22.3015 -1.39384 
0.3 -23.5314 -1.47071 16 0.202672 0.594656 5.46975e+18 -1.74058 -22.3015 -1.39384 
0.31 -23.577 -1.47356 16 0.202469 0.595063 5.62424e+18 -1.82035 -22.3015 -1.39384 
0.32 -23.5846 -1.47404 16 0.200109 0.599781 5.58504e+18 -1.85977 -22.3015 -1.39384 
0.33 -23.6278 -1.47674 16 0.202438 0.595125 5.42305e+18 -1.97546 -22.3015 -1.39384 
0.34 -23.6441 -1.47776 16 0.202297 0.595406 5.58187e+18 -2.01825 -22.3015 -1.39384 
0.35 -23.6494 -1.47809 16 0.202906 0.594188 5.49684e+18 -2.04472 -22.3015 -1.39384 
0.36 -23.648 -1.478 16 0.204484 0.591031 5.47465e+18 -2.09273 -22.3015 -1.39384 
0.37 -23.6628 -1.47892 16 0.203875 0.59225 5.41758e+18 -2.12856 -22.3015 -1.39384 
0.38 -23.6919 -1.48075 16 0.203734 0.592531 5.4513e+18 -2.21477 -22.3015 -1.39384 
0.39 -23.71 -1.48187 16 0.204266 0.591469 5.40663e+18 -2.26813 -22.3015 -1.39384 
0.4 -23.7033 -1.48145 16 0.205641 0.588719 5.40115e+18 -2.30902 -22.3015 -1.39384 
0.41 -23.7278 -1.48299 16 0.203141 0.593719 5.44525e+18 -2.34888 -22.3015 -1.39384 
0.42 -23.7356 -1.48348 16 0.204234 0.591531 5.41527e+18 -2.4077 -22.3015 -1.39384 
0.43 -23.7388 -1.48368 16 0.206734 0.586531 5.253e+18 -2.47896 -22.3015 -1.39384 
0.44 -23.7427 -1.48392 16 0.206484 0.587031 5.47926e+18 -2.45065 -22.3015 -1.39384 
0.45 -23.7529 -1.48456 16 0.205969 0.588063 5.3167e+18 -2.5713 -22.3015 -1.39384 
0.46 -23.7591 -1.48494 16 0.204188 0.591625 5.43689e+18 -2.5798 -22.3015 -1.39384 
0.47 -23.7771 -1.48607 16 0.206578 0.586844 5.39567e+18 -2.67431 -22.3015 -1.39384 
0.48 -23.7604 -1.48502 16 0.205109 0.589781 5.44381e+18 -2.70078 -22.3015 -1.39384 
0.49 -23.7561 -1.48475 16 0.207875 0.58425 5.39769e+18 -2.78302 -22.3015 -1.39384 
0.5 -23.7616 -1.4851 16 0.206266 0.587469 5.45101e+18 -2.79944 -22.3015 -1.39384 
0.51 -23.7587 -1.48492 16 0.206344 0.587313 5.33572e+18 -2.85806 -22.3015 -1.39384 
0.52 -23.7776 -1.4861 16 0.205234 0.589531 5.34523e+18 -2.87907 -22.3015 -1.39384 
0.53 -23.7663 -1.4854 16 0.210109 0.579781 5.41325e+18 -2.9249 -22.3015 -1.39384 
0.54 -23.7658 -1.48536 16 0.205703 0.588594 5.34956e+18 -3.01221 -22.3015 -1.39384 
0.55 -23.7632 -1.4852 16 0.205 0.59 5.48762e+18 -3.04574 -22.3015 -1.39384 
0.56 -23.7511 -1.48444 16 0.205547 0.588906 5.44092e+18 -3.06889 -22.3015 -1.39384 
0.57 -23.747 -1.48419 16 0.207234 0.585531 5.31843e+18 -3.15651 -22.3015 -1.39384 
0.58 -23.7451 -1.48407 16 0.206641 0.586719 5.46542e+18 -3.17056 -22.3015 -1.39384 
0.59 -23.7387 -1.48367 16 0.207937 0.584125 5.48964e+18 -3.19728 -22.3015 -1.39384 
0.6 -23.7111 -1.48194 16 0.209437 0.581125 5.34898e+18 -3.27872 -22.3015 -1.39384 
0.61 -23.7329 -1.48331 16 0.209281 0.581437 5.39048e+18 -3.30496 -22.3015 -1.39384 
0.62 -23.7025 -1.48141 16 0.206938 0.586125 5.35561e+18 -3.32206 -22.3015 -1.39384 
0.63 -23.7058 -1.48162 16 0.210703 0.578594 5.33024e+18 -3.35139 -22.3015 -1.39384 
0.64 -23.6923 -1.48077 16 0.209125 0.58175 5.43747e+18 -3.40376 -22.3015 -1.39384 
0.65 -23.6798 -1.47999 16 0.208281 0.583437 5.35388e+18 -3.47458 -22.3015 -1.39384 
0.66 -23.6606 -1.47879 16 0.208437 0.583125 5.36426e+18 -3.54066 -22.3015 -1.39384 
0.67 -23.6351 -1.47719 16 0.211 0.578 5.3118e+18 -3.58266 -22.3015 -1.39384 
0.68 -23.6295 -1.47684 16 0.209016 0.581969 5.35647e+18 -3.5891 -22.3015 -1.39384 
0.69 -23.6295 -1.47685 16 0.209625 0.58075 5.31324e+18 -3.59223 -22.3015 -1.39384 
0.7 -23.5885 -1.47428 16 0.210344 0.579312 5.38731e+18 -3.68019 -22.3015 -1.39384 
0.71 -23.5896 -1.47435 16 0.210406 0.579187 5.23743e+18 -3.70387 -22.3015 -1.39384 
0.72 -23.5811 -1.47382 16 0.211875 0.57625 5.30603e+18 -3.75304 -22.3015 -1.39384 
0.73 -23.5573 -1.47233 16 0.209953 0.580094 5.40634e+18 -3.77602 -22.3015 -1.39384 
0.74 -23.535 -1.47094 16 0.210984 0.578031 5.20112e+18 -3.8377 -22.3015 -1.39384 
0.75 -23.5135 -1.46959 16 0.209516 0.580969 5.4098e+18 -3.87711 -22.3015 -1.39384 
0.76 -23.5075 -1.46922 16 0.212609 0.574781 5.39798e+18 -3.93063 -22.3015 -1.39384 
0.77 -23.4917 -1.46823 16 0.2115 0.577 5.22562e+18 -3.90123 -22.3015 -1.39384 
0.78 -23.4715 -1.46697 16 0.212188 0.575625 5.27404e+18 -3.96158 -22.3015 -1.39384 
0.79 -23.4411 -1.46507 16 0.211141 0.577719 5.39366e+18 -3.99132 -22.3015 -1.39384 
0.8 -23.4027 -1.46267 16 0.209062 0.581875 5.42133e+18 -4.04657 -22.3015 -1.39384 
0.81 -23.3999 -1.46249 16 0.209859 0.580281 5.29681e+18 -4.05956 -22.3015 -1.39384 
0.82 -23.3779 -1.46112 16 0.212062 0.575875 5.34984e+18 -4.08703 -22.3015 -1.39384 
0.83 -23.3712 -1.4607 16 0.210313 0.579375 5.36022e+18 -4.11424 -22.3015 -1.39384 
0.84 -23.3237 -1.45773 16 0.210625 0.57875 5.40864e+18 -4.1799 -22.3015 -1.39384 
0.85 -23.2766 -1.45478 16 0.211641 0.576719 5.40893e+18 -4.21548 -22.3015 -1.39384 
0.86 -23.2766 -1.45479 16 0.209562 0.580875 5.3363e+18 -4.24328 -22.3015 -1.39384 
0.87 -23.2821 -1.45513 16 0.210813 0.578375 5.36973e+18 -4.25322 -22.3015 -1.39384 
0.88 -23.2361 -1.45225 16 0.213828 0.572344 5.35705e+18 -4.27662 -22.3015 -1.39384 
0.89 -23.1949 -1.44968 16 0.214062 0.571875 5.1795e+18 -4.33872 -22.3015 -1.39384 
0.9 -23.1583 -1.44739 16 0.21325 0.5735 5.42046e+18 -4.37495 -22.3015 -1.39384 
0.91 -23.1135 -1.4446 16 0.211563 0.576875 5.27289e+18 -4.42014 -22.3015 -1.39384 
0.92 -23.1047 -1.44404 16 0.211609 0.576781 5.28586e+18 -4.4483 -22.3015 -1.39384 
0.93 -23.1091 -1.44432 16 0.212984 0.574031 5.33803e+18 -4.43144 -22.3015 -1.39384 
0.94 -23.1053 -1.44408 16 0.211406 0.577187 5.40288e+18 -4.45415 -22.3015 -1.39384 
0.95 -23.0449 -1.4403 16 0.2135 0.573 5.30776e+18 -4.48986 -22.3015 -1.39384 
0.96 -23.0109 -1.43818 16 0.21125 0.5775 5.29537e+18 -4.51007 -22.3015 -1.39384 
0.97 -23.0183 -1.43864 16 0.210797 0.578406 5.32131e+18 -4.55281 -22.3015 -1.39384 
0.98 -22.9439 -1.434 16 0.211703 0.576594 5.36512e+18 -4.58146 -22.3015 -1.39384 
0.99 -22.9659 -1.43537 16 0.211656 0.576688 5.28125e+18 -4.6139 -22.3015 -1.39384 
