#ClusterEigenvalue -30.7231
# g emean emean / nmean nmean domean / config->nTotalSites s2mean / config->nTotalSites staggmag / config->nTotalSites epert / config->nTotalSites ess->getGroundStateEnergy() * config->nClusters ess->getGroundStateEnergy() * config->nClusters / nmean 
0 -61.4462 -3.84039 16 0.0414844 0.917031 8.86971e+18 0 -61.4462 -3.84039 
0.01 -61.4564 -3.84102 16 0.0425937 0.914813 8.07333e+18 -0.0101622 -61.4462 -3.84039 
0.02 -61.4857 -3.84285 16 0.0418437 0.916313 8.26818e+18 -0.0431909 -61.4462 -3.84039 
0.03 -61.5152 -3.8447 16 0.0417031 0.916594 8.95647e+18 -0.0792487 -61.4462 -3.84039 
0.04 -61.5462 -3.84664 16 0.0425625 0.914875 8.51144e+18 -0.123631 -61.4462 -3.84039 
0.05 -61.553 -3.84706 16 0.041375 0.91725 8.8749e+18 -0.136028 -61.4462 -3.84039 
0.06 -61.5299 -3.84562 16 0.0420469 0.915906 8.43535e+18 -0.0993009 -61.4462 -3.84039 
0.07 -61.549 -3.84681 16 0.0425312 0.914938 8.58033e+18 -0.128419 -61.4462 -3.84039 
0.08 -61.5539 -3.84712 16 0.0410469 0.917906 8.48493e+18 -0.150539 -61.4462 -3.84039 
0.09 -61.5735 -3.84834 16 0.0409687 0.918063 7.86955e+18 -0.178878 -61.4462 -3.84039 
0.1 -61.5771 -3.84857 16 0.0409062 0.918188 7.99695e+18 -0.195142 -61.4462 -3.84039 
0.11 -61.5839 -3.84899 16 0.041 0.918 9.19282e+18 -0.220313 -61.4462 -3.84039 
0.12 -61.5844 -3.84902 16 0.0430938 0.913812 8.3313e+18 -0.228333 -61.4462 -3.84039 
0.13 -61.5871 -3.84919 16 0.0428594 0.914281 8.8432e+18 -0.247402 -61.4462 -3.84039 
0.14 -61.5894 -3.84934 16 0.0452812 0.909437 8.05373e+18 -0.30292 -61.4462 -3.84039 
0.15 -61.5972 -3.84983 16 0.0437344 0.912531 7.97332e+18 -0.298755 -61.4462 -3.84039 
0.16 -61.5918 -3.84949 16 0.043625 0.91275 8.6031e+18 -0.344179 -61.4462 -3.84039 
0.17 -61.5821 -3.84888 16 0.042 0.916 8.0863e+18 -0.348522 -61.4462 -3.84039 
0.18 -61.5821 -3.84888 16 0.0444844 0.911031 8.79276e+18 -0.402829 -61.4462 -3.84039 
0.19 -61.5798 -3.84874 16 0.0454219 0.909156 8.12262e+18 -0.408621 -61.4462 -3.84039 
0.2 -61.5617 -3.84761 16 0.043375 0.91325 8.48983e+18 -0.412241 -61.4462 -3.84039 
0.21 -61.5764 -3.84852 16 0.0443437 0.911312 8.43276e+18 -0.452601 -61.4462 -3.84039 
0.22 -61.5748 -3.84843 16 0.0454688 0.909062 8.50337e+18 -0.425562 -61.4462 -3.84039 
0.23 -61.5647 -3.84779 16 0.0458438 0.908313 8.49357e+18 -0.443121 -61.4462 -3.84039 
0.24 -61.5402 -3.84626 16 0.0449844 0.910031 8.24714e+18 -0.477698 -61.4462 -3.84039 
0.25 -61.5039 -3.844 16 0.0454844 0.909031 7.99724e+18 -0.510151 -61.4462 -3.84039 
0.26 -61.5064 -3.84415 16 0.0460469 0.907906 8.27625e+18 -0.564969 -61.4462 -3.84039 
0.27 -61.5071 -3.84419 16 0.0467188 0.906563 8.12781e+18 -0.548655 -61.4462 -3.84039 
0.28 -61.4988 -3.84368 16 0.0461719 0.907656 8.3287e+18 -0.566984 -61.4462 -3.84039 
0.29 -61.4591 -3.84119 16 0.0454688 0.909062 8.52874e+18 -0.607594 -61.4462 -3.84039 
0.3 -61.4494 -3.84059 16 0.0472344 0.905531 8.55929e+18 -0.603542 -61.4462 -3.84039 
0.31 -61.4678 -3.84174 16 0.0475 0.905 8.15461e+18 -0.641929 -61.4462 -3.84039 
0.32 -61.4808 -3.84255 16 0.0472812 0.905438 8.62702e+18 -0.668814 -61.4462 -3.84039 
0.33 -61.4089 -3.83806 16 0.048375 0.90325 8.39961e+18 -0.707321 -61.4462 -3.84039 
0.34 -61.3775 -3.83609 16 0.0479219 0.904156 8.31112e+18 -0.701926 -61.4462 -3.84039 
0.35 -61.4149 -3.83843 16 0.0458594 0.908281 8.4169e+18 -0.726466 -61.4462 -3.84039 
0.36 -61.3642 -3.83526 16 0.0482969 0.903406 8.20131e+18 -0.729451 -61.4462 -3.84039 
0.37 -61.3865 -3.83666 16 0.047625 0.90475 8.02837e+18 -0.736471 -61.4462 -3.84039 
0.38 -61.281 -3.83007 16 0.0516406 0.896719 8.2088e+18 -0.803177 -61.4462 -3.84039 
0.39 -61.2957 -3.83098 16 0.049375 0.90125 8.21312e+18 -0.824419 -61.4462 -3.84039 
0.4 -61.3014 -3.83134 16 0.0497188 0.900562 8.20275e+18 -0.811703 -61.4462 -3.84039 
0.41 -61.2365 -3.82728 16 0.0504531 0.899094 7.99666e+18 -0.898223 -61.4462 -3.84039 
0.42 -61.2418 -3.82761 16 0.0508906 0.898219 8.25607e+18 -0.882104 -61.4462 -3.84039 
0.43 -61.2049 -3.82531 16 0.0501094 0.899781 8.43218e+18 -0.887148 -61.4462 -3.84039 
0.44 -61.1464 -3.82165 16 0.0506562 0.898687 7.98571e+18 -0.933021 -61.4462 -3.84039 
0.45 -61.1907 -3.82442 16 0.0523594 0.895281 8.04797e+18 -0.914915 -61.4462 -3.84039 
0.46 -61.2063 -3.82539 16 0.0499844 0.900031 8.32669e+18 -0.912612 -61.4462 -3.84039 
0.47 -61.1065 -3.81916 16 0.0517656 0.896469 8.25809e+18 -0.971158 -61.4462 -3.84039 
0.48 -61.0561 -3.816 16 0.0514844 0.897031 8.63884e+18 -0.970851 -61.4462 -3.84039 
0.49 -61.0796 -3.81748 16 0.053 0.894 8.45293e+18 -1.00363 -61.4462 -3.84039 
0.5 -61.0507 -3.81567 16 0.0517031 0.896594 8.74577e+18 -1.02373 -61.4462 -3.84039 
0.51 -61.0398 -3.81499 16 0.0534844 0.893031 8.46475e+18 -1.08066 -61.4462 -3.84039 
0.52 -60.9779 -3.81112 16 0.0536563 0.892687 8.32726e+18 -1.07499 -61.4462 -3.84039 
0.53 -60.9269 -3.80793 16 0.055125 0.88975 8.3215e+18 -1.1232 -61.4462 -3.84039 
0.54 -60.9379 -3.80862 16 0.0546406 0.890719 8.63077e+18 -1.14715 -61.4462 -3.84039 
0.55 -60.9084 -3.80678 16 0.0549688 0.890063 8.23993e+18 -1.12077 -61.4462 -3.84039 
0.56 -60.8762 -3.80476 16 0.0545625 0.890875 8.22754e+18 -1.15251 -61.4462 -3.84039 
0.57 -60.9007 -3.80629 16 0.0554687 0.889063 8.26212e+18 -1.19537 -61.4462 -3.84039 
0.58 -60.7363 -3.79602 16 0.0557812 0.888437 8.28893e+18 -1.22056 -61.4462 -3.84039 
0.59 -60.7359 -3.79599 16 0.0567031 0.886594 8.11051e+18 -1.22527 -61.4462 -3.84039 
0.6 -60.7496 -3.79685 16 0.0578906 0.884219 7.84505e+18 -1.22277 -61.4462 -3.84039 
0.61 -60.7298 -3.79561 16 0.0564375 0.887125 7.96553e+18 -1.28573 -61.4462 -3.84039 
0.62 -60.6768 -3.7923 16 0.0572031 0.885594 8.35983e+18 -1.26757 -61.4462 -3.84039 
0.63 -60.7631 -3.79769 16 0.0566875 0.886625 7.97015e+18 -1.27171 -61.4462 -3.84039 
0.64 -60.6094 -3.78809 16 0.056875 0.88625 8.6276e+18 -1.30786 -61.4462 -3.84039 
0.65 -60.6427 -3.79017 16 0.057 0.886 8.31516e+18 -1.31323 -61.4462 -3.84039 
0.66 -60.6039 -3.78774 16 0.0585313 0.882938 8.40797e+18 -1.30529 -61.4462 -3.84039 
0.67 -60.6131 -3.78832 16 0.0568125 0.886375 8.06324e+18 -1.34126 -61.4462 -3.84039 
0.68 -60.5219 -3.78262 16 0.0565781 0.886844 8.1281e+18 -1.3462 -61.4462 -3.84039 
0.69 -60.5477 -3.78423 16 0.0586094 0.882781 8.02923e+18 -1.36631 -61.4462 -3.84039 
0.7 -60.4146 -3.77591 16 0.0595312 0.880938 8.13415e+18 -1.38755 -61.4462 -3.84039 
0.71 -60.5338 -3.78336 16 0.0578594 0.884281 7.99378e+18 -1.39262 -61.4462 -3.84039 
0.72 -60.5066 -3.78167 16 0.0600938 0.879812 7.94766e+18 -1.42474 -61.4462 -3.84039 
0.73 -60.4251 -3.77657 16 0.0608125 0.878375 8.31919e+18 -1.43491 -61.4462 -3.84039 
0.74 -60.4488 -3.77805 16 0.0605938 0.878812 8.0863e+18 -1.45593 -61.4462 -3.84039 
0.75 -60.3595 -3.77247 16 0.0624531 0.875094 8.3679e+18 -1.47 -61.4462 -3.84039 
0.76 -60.3315 -3.77072 16 0.0629375 0.874125 7.82315e+18 -1.51707 -61.4462 -3.84039 
0.77 -60.3181 -3.76988 16 0.0605469 0.878906 7.88598e+18 -1.46904 -61.4462 -3.84039 
0.78 -60.393 -3.77456 16 0.0603906 0.879219 7.80096e+18 -1.52302 -61.4462 -3.84039 
0.79 -60.1982 -3.76239 16 0.0619688 0.876062 7.69719e+18 -1.54813 -61.4462 -3.84039 
0.8 -60.2276 -3.76422 16 0.0614219 0.877156 8.34571e+18 -1.54529 -61.4462 -3.84039 
0.81 -60.172 -3.76075 16 0.0609688 0.878062 8.01799e+18 -1.55005 -61.4462 -3.84039 
0.82 -60.1973 -3.76233 16 0.0608437 0.878312 8.4953e+18 -1.56175 -61.4462 -3.84039 
0.83 -60.1819 -3.76137 16 0.0623594 0.875281 8.12377e+18 -1.58267 -61.4462 -3.84039 
0.84 -60.0847 -3.75529 16 0.0629844 0.874031 7.7067e+18 -1.61629 -61.4462 -3.84039 
0.85 -60.1765 -3.76103 16 0.0617656 0.876469 8.31141e+18 -1.61312 -61.4462 -3.84039 
0.86 -60.2202 -3.76376 16 0.0599375 0.880125 7.94075e+18 -1.61706 -61.4462 -3.84039 
0.87 -60.039 -3.75244 16 0.0612187 0.877563 8.29037e+18 -1.6229 -61.4462 -3.84039 
0.88 -60.0884 -3.75553 16 0.0624062 0.875188 8.37107e+18 -1.64332 -61.4462 -3.84039 
0.89 -60.1436 -3.75898 16 0.063375 0.87325 7.4914e+18 -1.59622 -61.4462 -3.84039 
0.9 -59.9885 -3.74928 16 0.0636406 0.872719 8.02895e+18 -1.67438 -61.4462 -3.84039 
0.91 -60.0382 -3.75239 16 0.0629219 0.874156 7.99119e+18 -1.68524 -61.4462 -3.84039 
0.92 -59.9581 -3.74738 16 0.0627656 0.874469 8.48377e+18 -1.6933 -61.4462 -3.84039 
0.93 -59.9608 -3.74755 16 0.0640625 0.871875 7.5623e+18 -1.71195 -61.4462 -3.84039 
0.94 -59.9167 -3.74479 16 0.0623281 0.875344 8.12521e+18 -1.69608 -61.4462 -3.84039 
0.95 -59.9476 -3.74673 16 0.0635 0.873 8.0791e+18 -1.72904 -61.4462 -3.84039 
0.96 -59.9016 -3.74385 16 0.0632344 0.873531 8.21572e+18 -1.7128 -61.4462 -3.84039 
0.97 -59.8771 -3.74232 16 0.0649062 0.870188 7.88195e+18 -1.71648 -61.4462 -3.84039 
0.98 -59.8986 -3.74366 16 0.0632187 0.873563 8.22235e+18 -1.73437 -61.4462 -3.84039 
0.99 -59.9066 -3.74416 16 0.0644531 0.871094 8.38923e+18 -1.71281 -61.4462 -3.84039 
