#ClusterEigenvalue -61.3435
# g emean emean / nmean nmean domean / config->nTotalSites s2mean / config->nTotalSites staggmag / config->nTotalSites epert / config->nTotalSites ess->getGroundStateEnergy() * config->nClusters ess->getGroundStateEnergy() * config->nClusters / nmean 
0 -122.687 -7.66795 16 0.0108125 0.978375 7.7926e+18 0 -122.687 -7.66794 
0.01 -122.695 -7.66847 16 0.0105156 0.978969 9.52659e+18 -0.0088672 -122.687 -7.66794 
0.02 -122.712 -7.66949 16 0.0101875 0.979625 8.85415e+18 -0.0289045 -122.687 -7.66794 
0.03 -122.74 -7.67122 16 0.0101406 0.979719 9.14065e+18 -0.0713628 -122.687 -7.66794 
0.04 -122.738 -7.67113 16 0.0114531 0.977094 8.75298e+18 -0.0661314 -122.687 -7.66794 
0.05 -122.741 -7.67131 16 0.0106094 0.978781 8.88816e+18 -0.0762615 -122.687 -7.66794 
0.06 -122.756 -7.67223 16 0.0111094 0.977781 8.804e+18 -0.108244 -122.687 -7.66794 
0.07 -122.758 -7.67237 16 0.0109219 0.978156 9.91397e+18 -0.120313 -122.687 -7.66794 
0.08 -122.747 -7.6717 16 0.0111875 0.977625 8.78296e+18 -0.170448 -122.687 -7.66794 
0.09 -122.749 -7.67182 16 0.0119063 0.976187 9.4969e+18 -0.219151 -122.687 -7.66794 
0.1 -122.733 -7.6708 16 0.01125 0.9775 9.40582e+18 -0.210508 -122.687 -7.66794 
0.11 -122.752 -7.67201 16 0.0107031 0.978594 7.82488e+18 -0.199677 -122.687 -7.66794 
0.12 -122.721 -7.67005 16 0.0127812 0.974438 1.03039e+19 -0.256976 -122.687 -7.66794 
0.13 -122.698 -7.66864 16 0.0111875 0.977625 9.02363e+18 -0.256996 -122.687 -7.66794 
0.14 -122.697 -7.66854 16 0.0117813 0.976437 9.38536e+18 -0.244374 -122.687 -7.66794 
0.15 -122.652 -7.66574 16 0.0122031 0.975594 8.62443e+18 -0.275872 -122.687 -7.66794 
0.16 -122.617 -7.66358 16 0.0118438 0.976313 9.71308e+18 -0.330935 -122.687 -7.66794 
0.17 -122.628 -7.66423 16 0.0118594 0.976281 9.08531e+18 -0.342416 -122.687 -7.66794 
0.18 -122.597 -7.6623 16 0.0123906 0.975219 9.30465e+18 -0.353382 -122.687 -7.66794 
0.19 -122.525 -7.65784 16 0.0131719 0.973656 9.44185e+18 -0.434276 -122.687 -7.66794 
0.2 -122.545 -7.65904 16 0.0138281 0.972344 9.01095e+18 -0.381118 -122.687 -7.66794 
0.21 -122.51 -7.65689 16 0.0124063 0.975187 8.79333e+18 -0.426113 -122.687 -7.66794 
0.22 -122.396 -7.64974 16 0.0149531 0.970094 8.24051e+18 -0.460941 -122.687 -7.66794 
0.23 -122.352 -7.64702 16 0.0137031 0.972594 8.79881e+18 -0.498923 -122.687 -7.66794 
0.24 -122.351 -7.64694 16 0.0142656 0.971469 8.63798e+18 -0.536153 -122.687 -7.66794 
0.25 -122.325 -7.64533 16 0.0138438 0.972312 8.98443e+18 -0.52368 -122.687 -7.66794 
0.26 -122.295 -7.64342 16 0.014625 0.97075 9.19887e+18 -0.483078 -122.687 -7.66794 
0.27 -122.174 -7.63587 16 0.0153125 0.969375 9.45165e+18 -0.61001 -122.687 -7.66794 
0.28 -122.167 -7.63544 16 0.0153906 0.969219 8.65095e+18 -0.569859 -122.687 -7.66794 
0.29 -122.124 -7.63275 16 0.0156406 0.968719 8.29873e+18 -0.633691 -122.687 -7.66794 
0.3 -122.036 -7.62728 16 0.016125 0.96775 8.69216e+18 -0.641098 -122.687 -7.66794 
0.31 -121.903 -7.61893 16 0.0163281 0.967344 9.55916e+18 -0.674147 -122.687 -7.66794 
0.32 -121.947 -7.62168 16 0.0160625 0.967875 7.99926e+18 -0.647256 -122.687 -7.66794 
0.33 -121.744 -7.60901 16 0.0174687 0.965063 9.72086e+18 -0.790339 -122.687 -7.66794 
0.34 -121.962 -7.6226 16 0.0164375 0.967125 8.73511e+18 -0.617297 -122.687 -7.66794 
0.35 -121.716 -7.60723 16 0.0180781 0.963844 9.00172e+18 -0.701136 -122.687 -7.66794 
0.36 -121.706 -7.60663 16 0.0170312 0.965938 9.59404e+18 -0.782842 -122.687 -7.66794 
0.37 -121.558 -7.59738 16 0.0190469 0.961906 9.02853e+18 -0.817109 -122.687 -7.66794 
0.38 -121.631 -7.60196 16 0.0182344 0.963531 8.25492e+18 -0.725439 -122.687 -7.66794 
0.39 -121.413 -7.58831 16 0.02 0.96 9.55224e+18 -0.837533 -122.687 -7.66794 
0.4 -121.212 -7.57573 16 0.0199219 0.960156 8.52297e+18 -0.892922 -122.687 -7.66794 
0.41 -121.326 -7.58288 16 0.020125 0.95975 1.00347e+19 -0.879634 -122.687 -7.66794 
0.42 -121.233 -7.57709 16 0.0199219 0.960156 8.45668e+18 -0.907372 -122.687 -7.66794 
0.43 -121.255 -7.57842 16 0.0204531 0.959094 7.90097e+18 -0.903145 -122.687 -7.66794 
0.44 -121.102 -7.5689 16 0.02075 0.9585 9.83615e+18 -0.935885 -122.687 -7.66794 
0.45 -120.999 -7.56244 16 0.0214375 0.957125 8.85444e+18 -0.965168 -122.687 -7.66794 
0.46 -120.939 -7.55868 16 0.0218125 0.956375 8.52182e+18 -1.0007 -122.687 -7.66794 
0.47 -120.93 -7.55815 16 0.022 0.956 8.44025e+18 -1.03355 -122.687 -7.66794 
0.48 -121.037 -7.56481 16 0.0218281 0.956344 7.95141e+18 -0.991529 -122.687 -7.66794 
0.49 -120.623 -7.53894 16 0.0229688 0.954063 8.34225e+18 -1.08107 -122.687 -7.66794 
0.5 -120.906 -7.55661 16 0.0213906 0.957219 8.52845e+18 -0.945635 -122.687 -7.66794 
0.51 -120.683 -7.54268 16 0.0232031 0.953594 8.28547e+18 -1.02237 -122.687 -7.66794 
0.52 -120.611 -7.53819 16 0.0232344 0.953531 8.47743e+18 -1.09832 -122.687 -7.66794 
0.53 -120.601 -7.53758 16 0.0230781 0.953844 8.64778e+18 -1.06862 -122.687 -7.66794 
0.54 -120.253 -7.5158 16 0.0251094 0.949781 8.87894e+18 -1.20429 -122.687 -7.66794 
0.55 -120.313 -7.51956 16 0.025 0.95 9.45367e+18 -1.11824 -122.687 -7.66794 
0.56 -120.131 -7.50817 16 0.0253906 0.949219 8.37828e+18 -1.25225 -122.687 -7.66794 
0.57 -119.788 -7.48672 16 0.0270156 0.945969 8.49386e+18 -1.29821 -122.687 -7.66794 
0.58 -120.239 -7.51492 16 0.0250781 0.949844 8.73569e+18 -1.16284 -122.687 -7.66794 
0.59 -120.164 -7.51025 16 0.0249219 0.950156 8.54632e+18 -1.21513 -122.687 -7.66794 
0.6 -119.806 -7.48789 16 0.0272812 0.945438 1.01953e+19 -1.29047 -122.687 -7.66794 
0.61 -119.759 -7.48491 16 0.0287813 0.942438 8.76682e+18 -1.32349 -122.687 -7.66794 
0.62 -119.653 -7.47831 16 0.027875 0.94425 8.24022e+18 -1.34069 -122.687 -7.66794 
0.63 -119.866 -7.4916 16 0.0257969 0.948406 9.35769e+18 -1.27596 -122.687 -7.66794 
0.64 -119.678 -7.47987 16 0.0281875 0.943625 8.98587e+18 -1.33026 -122.687 -7.66794 
0.65 -119.71 -7.4819 16 0.028875 0.94225 8.32352e+18 -1.37685 -122.687 -7.66794 
0.66 -119.479 -7.46747 16 0.0295156 0.940969 9.36662e+18 -1.42677 -122.687 -7.66794 
0.67 -119.35 -7.45938 16 0.0292969 0.941406 8.30363e+18 -1.44603 -122.687 -7.66794 
0.68 -119.389 -7.46184 16 0.0291094 0.941781 9.97421e+18 -1.41223 -122.687 -7.66794 
0.69 -119.341 -7.45883 16 0.0291406 0.941719 9.43436e+18 -1.40651 -122.687 -7.66794 
0.7 -119.334 -7.45838 16 0.0302344 0.939531 8.29642e+18 -1.44367 -122.687 -7.66794 
0.71 -119.428 -7.46423 16 0.028625 0.94275 9.40697e+18 -1.37856 -122.687 -7.66794 
0.72 -119.161 -7.44755 16 0.0296719 0.940656 8.58754e+18 -1.41601 -122.687 -7.66794 
0.73 -119.005 -7.43779 16 0.0320469 0.935906 8.69649e+18 -1.48231 -122.687 -7.66794 
0.74 -118.885 -7.4303 16 0.0317812 0.936437 9.37383e+18 -1.53502 -122.687 -7.66794 
0.75 -119.201 -7.45007 16 0.02975 0.9405 8.99769e+18 -1.47737 -122.687 -7.66794 
0.76 -118.818 -7.42615 16 0.0310625 0.937875 7.73841e+18 -1.50409 -122.687 -7.66794 
0.77 -118.915 -7.43221 16 0.0311406 0.937719 8.8112e+18 -1.52206 -122.687 -7.66794 
0.78 -118.869 -7.42934 16 0.0324844 0.935031 8.87778e+18 -1.54908 -122.687 -7.66794 
0.79 -118.658 -7.41614 16 0.0328594 0.934281 9.80127e+18 -1.51244 -122.687 -7.66794 
0.8 -118.616 -7.41352 16 0.0327969 0.934406 9.16025e+18 -1.58165 -122.687 -7.66794 
0.81 -118.752 -7.422 16 0.0320625 0.935875 8.85242e+18 -1.56958 -122.687 -7.66794 
0.82 -118.539 -7.40866 16 0.032625 0.93475 8.01367e+18 -1.59322 -122.687 -7.66794 
0.83 -118.435 -7.40216 16 0.0331094 0.933781 9.1271e+18 -1.66064 -122.687 -7.66794 
0.84 -118.288 -7.393 16 0.0343594 0.931281 8.56361e+18 -1.71996 -122.687 -7.66794 
0.85 -118.495 -7.40591 16 0.0342969 0.931406 9.29774e+18 -1.61921 -122.687 -7.66794 
0.86 -118.189 -7.3868 16 0.0350937 0.929812 7.88973e+18 -1.69307 -122.687 -7.66794 
0.87 -118.418 -7.40115 16 0.0332344 0.933531 7.79144e+18 -1.64618 -122.687 -7.66794 
0.88 -118.307 -7.39417 16 0.0347812 0.930438 8.8896e+18 -1.64597 -122.687 -7.66794 
0.89 -118.516 -7.40728 16 0.0337656 0.932469 7.66837e+18 -1.70768 -122.687 -7.66794 
0.9 -118.278 -7.39235 16 0.0338594 0.932281 1.04818e+19 -1.69458 -122.687 -7.66794 
0.91 -117.891 -7.3682 16 0.0359219 0.928156 8.82734e+18 -1.76364 -122.687 -7.66794 
0.92 -118.15 -7.38439 16 0.0349219 0.930156 7.88454e+18 -1.70624 -122.687 -7.66794 
0.93 -118.031 -7.37691 16 0.0363594 0.927281 9.01902e+18 -1.68126 -122.687 -7.66794 
0.94 -117.944 -7.37147 16 0.03625 0.9275 8.89854e+18 -1.78196 -122.687 -7.66794 
0.95 -117.912 -7.36952 16 0.0366875 0.926625 9.5338e+18 -1.73591 -122.687 -7.66794 
0.96 -117.82 -7.36373 16 0.0362031 0.927594 8.12089e+18 -1.71657 -122.687 -7.66794 
0.97 -118.009 -7.37554 16 0.0356563 0.928687 8.88874e+18 -1.76385 -122.687 -7.66794 
0.98 -117.889 -7.36809 16 0.03625 0.9275 8.26674e+18 -1.77896 -122.687 -7.66794 
0.99 -117.95 -7.37188 16 0.0350156 0.929969 8.94926e+18 -1.78463 -122.687 -7.66794 
