#ClusterEigenvalue -11.6948
# g emean emean / nmean nmean domean / config->nTotalSites s2mean / config->nTotalSites staggmag / config->nTotalSites epert / config->nTotalSites ess->getGroundStateEnergy() * config->nClusters ess->getGroundStateEnergy() * config->nClusters / nmean 
0 -23.3896 -1.46185 16 0.207125 0.58575 5.40057e+18 0 -23.3897 -1.46185 
0.01 -23.4244 -1.46403 16 0.206766 0.586469 5.4317e+18 -0.034923 -23.3897 -1.46185 
0.02 -23.4334 -1.46459 16 0.205094 0.589813 5.45793e+18 -0.0448857 -23.3897 -1.46185 
0.03 -23.4518 -1.46574 16 0.204562 0.590875 5.54209e+18 -0.0640016 -23.3897 -1.46185 
0.04 -23.4639 -1.4665 16 0.205891 0.588219 5.48647e+18 -0.0776186 -23.3897 -1.46185 
0.05 -23.4821 -1.46763 16 0.204328 0.591344 5.44237e+18 -0.0958077 -23.3897 -1.46185 
0.06 -23.4924 -1.46827 16 0.205984 0.588031 5.42104e+18 -0.109688 -23.3897 -1.46185 
0.07 -23.5366 -1.47104 16 0.206094 0.587813 5.37867e+18 -0.158147 -23.3897 -1.46185 
0.08 -23.5502 -1.47188 16 0.206375 0.58725 5.4513e+18 -0.173281 -23.3897 -1.46185 
0.09 -23.5528 -1.47205 16 0.203875 0.59225 5.34552e+18 -0.177403 -23.3897 -1.46185 
0.1 -23.5763 -1.47352 16 0.204594 0.590812 5.48704e+18 -0.20785 -23.3897 -1.46185 
0.11 -23.5811 -1.47382 16 0.207594 0.584812 5.40864e+18 -0.214772 -23.3897 -1.46185 
0.12 -23.6178 -1.47611 16 0.204969 0.590062 5.50837e+18 -0.257019 -23.3897 -1.46185 
0.13 -23.6003 -1.47502 16 0.205078 0.589844 5.47522e+18 -0.234867 -23.3897 -1.46185 
0.14 -23.6275 -1.47672 16 0.204766 0.590469 5.46946e+18 -0.270057 -23.3897 -1.46185 
0.15 -23.6549 -1.47843 16 0.205672 0.588656 5.3902e+18 -0.314777 -23.3897 -1.46185 
0.16 -23.6662 -1.47914 16 0.206109 0.587781 5.50347e+18 -0.327916 -23.3897 -1.46185 
0.17 -23.6793 -1.47996 16 0.203406 0.593187 5.46081e+18 -0.347054 -23.3897 -1.46185 
0.18 -23.682 -1.48013 16 0.204578 0.590844 5.54209e+18 -0.353453 -23.3897 -1.46185 
0.19 -23.6852 -1.48032 16 0.207453 0.585094 5.37896e+18 -0.356499 -23.3897 -1.46185 
0.2 -23.7076 -1.48173 16 0.206016 0.587969 5.38155e+18 -0.394162 -23.3897 -1.46185 
0.21 -23.7193 -1.48246 16 0.207516 0.584969 5.38674e+18 -0.414109 -23.3897 -1.46185 
0.22 -23.7448 -1.48405 16 0.206687 0.586625 5.33399e+18 -0.452894 -23.3897 -1.46185 
0.23 -23.741 -1.48381 16 0.207125 0.58575 5.3631e+18 -0.452107 -23.3897 -1.46185 
0.24 -23.7698 -1.48561 16 0.209 0.582 5.33601e+18 -0.509572 -23.3897 -1.46185 
0.25 -23.7726 -1.48579 16 0.207125 0.58575 5.37146e+18 -0.50274 -23.3897 -1.46185 
0.26 -23.7643 -1.48527 16 0.208266 0.583469 5.3484e+18 -0.493963 -23.3897 -1.46185 
0.27 -23.7913 -1.48696 16 0.206234 0.587531 5.43574e+18 -0.550489 -23.3897 -1.46185 
0.28 -23.7933 -1.48708 16 0.204281 0.591438 5.50549e+18 -0.543789 -23.3897 -1.46185 
0.29 -23.801 -1.48756 16 0.209 0.582 5.33831e+18 -0.56619 -23.3897 -1.46185 
0.3 -23.8142 -1.48839 16 0.208172 0.583656 5.43948e+18 -0.593441 -23.3897 -1.46185 
0.31 -23.8232 -1.48895 16 0.206281 0.587437 5.3167e+18 -0.608304 -23.3897 -1.46185 
0.32 -23.809 -1.48806 16 0.207313 0.585375 5.40115e+18 -0.584805 -23.3897 -1.46185 
0.33 -23.8293 -1.48933 16 0.211688 0.576625 5.30949e+18 -0.644985 -23.3897 -1.46185 
0.34 -23.8433 -1.49021 16 0.207578 0.584844 5.43775e+18 -0.675814 -23.3897 -1.46185 
0.35 -23.84 -1.49 16 0.207203 0.585594 5.4219e+18 -0.680889 -23.3897 -1.46185 
0.36 -23.8527 -1.49079 16 0.20675 0.5865 5.40576e+18 -0.706843 -23.3897 -1.46185 
0.37 -23.8578 -1.49111 16 0.208516 0.582969 5.38991e+18 -0.729708 -23.3897 -1.46185 
0.38 -23.8537 -1.49085 16 0.207703 0.584594 5.35417e+18 -0.715827 -23.3897 -1.46185 
0.39 -23.8601 -1.49125 16 0.207859 0.584281 5.40461e+18 -0.742896 -23.3897 -1.46185 
0.4 -23.8743 -1.49215 16 0.205625 0.58875 5.43545e+18 -0.779245 -23.3897 -1.46185 
0.41 -23.8714 -1.49196 16 0.208828 0.582344 5.29364e+18 -0.781409 -23.3897 -1.46185 
0.42 -23.8741 -1.49213 16 0.205687 0.588625 5.41008e+18 -0.78314 -23.3897 -1.46185 
0.43 -23.8709 -1.49193 16 0.208625 0.58275 5.40576e+18 -0.80452 -23.3897 -1.46185 
0.44 -23.8748 -1.49218 16 0.208969 0.582063 5.36656e+18 -0.820243 -23.3897 -1.46185 
0.45 -23.8893 -1.49308 16 0.207047 0.585906 5.36108e+18 -0.832939 -23.3897 -1.46185 
0.46 -23.889 -1.49306 16 0.208625 0.58275 5.3631e+18 -0.873508 -23.3897 -1.46185 
0.47 -23.888 -1.493 16 0.208422 0.583156 5.34811e+18 -0.872668 -23.3897 -1.46185 
0.48 -23.8935 -1.49335 16 0.209875 0.58025 5.38991e+18 -0.922865 -23.3897 -1.46185 
0.49 -23.8931 -1.49332 16 0.208609 0.582781 5.39711e+18 -0.943371 -23.3897 -1.46185 
0.5 -23.8945 -1.49341 16 0.206297 0.587406 5.41902e+18 -0.927376 -23.3897 -1.46185 
0.51 -23.8899 -1.49312 16 0.206281 0.587438 5.38443e+18 -0.938378 -23.3897 -1.46185 
0.52 -23.8917 -1.49323 16 0.206953 0.586094 5.34264e+18 -0.959508 -23.3897 -1.46185 
0.53 -23.8953 -1.49345 16 0.210094 0.579812 5.30113e+18 -1.0043 -23.3897 -1.46185 
0.54 -23.8991 -1.4937 16 0.208141 0.583719 5.45793e+18 -0.997381 -23.3897 -1.46185 
0.55 -23.8968 -1.49355 16 0.206734 0.586531 5.41095e+18 -1.02501 -23.3897 -1.46185 
0.56 -23.8838 -1.49274 16 0.208719 0.582563 5.45072e+18 -1.04137 -23.3897 -1.46185 
0.57 -23.8952 -1.49345 16 0.20875 0.5825 5.31785e+18 -1.004 -23.3897 -1.46185 
0.58 -23.8835 -1.49272 16 0.209187 0.581625 5.34408e+18 -1.06756 -23.3897 -1.46185 
0.59 -23.8862 -1.49289 16 0.206766 0.586469 5.41037e+18 -1.05962 -23.3897 -1.46185 
0.6 -23.8764 -1.49227 16 0.209125 0.58175 5.32362e+18 -1.0843 -23.3897 -1.46185 
0.61 -23.8761 -1.49225 16 0.208734 0.582531 5.43141e+18 -1.10364 -23.3897 -1.46185 
0.62 -23.8848 -1.4928 16 0.208125 0.58375 5.44121e+18 -1.09365 -23.3897 -1.46185 
0.63 -23.8626 -1.49141 16 0.210437 0.579125 5.29854e+18 -1.13438 -23.3897 -1.46185 
0.64 -23.8746 -1.49216 16 0.209031 0.581937 5.40663e+18 -1.13569 -23.3897 -1.46185 
0.65 -23.8675 -1.49172 16 0.209109 0.581781 5.38962e+18 -1.16678 -23.3897 -1.46185 
0.66 -23.8628 -1.49142 16 0.208828 0.582344 5.4072e+18 -1.17256 -23.3897 -1.46185 
0.67 -23.8755 -1.49222 16 0.211375 0.57725 5.29854e+18 -1.17344 -23.3897 -1.46185 
0.68 -23.8542 -1.49089 16 0.210062 0.579875 5.34177e+18 -1.19689 -23.3897 -1.46185 
0.69 -23.8364 -1.48977 16 0.211688 0.576625 5.38933e+18 -1.20617 -23.3897 -1.46185 
0.7 -23.8391 -1.48994 16 0.208313 0.583375 5.40028e+18 -1.22181 -23.3897 -1.46185 
0.71 -23.8373 -1.48983 16 0.212203 0.575594 5.37492e+18 -1.24369 -23.3897 -1.46185 
0.72 -23.849 -1.49056 16 0.208891 0.582219 5.40201e+18 -1.2368 -23.3897 -1.46185 
0.73 -23.8432 -1.4902 16 0.210547 0.578906 5.39135e+18 -1.2521 -23.3897 -1.46185 
0.74 -23.8287 -1.4893 16 0.209375 0.58125 5.34004e+18 -1.26362 -23.3897 -1.46185 
0.75 -23.8215 -1.48885 16 0.207656 0.584688 5.38241e+18 -1.28591 -23.3897 -1.46185 
0.76 -23.828 -1.48925 16 0.211109 0.577781 5.19795e+18 -1.29507 -23.3897 -1.46185 
0.77 -23.811 -1.48819 16 0.20925 0.5815 5.40807e+18 -1.31099 -23.3897 -1.46185 
0.78 -23.7846 -1.48654 16 0.211172 0.577656 5.35964e+18 -1.32011 -23.3897 -1.46185 
0.79 -23.7928 -1.48705 16 0.209313 0.581375 5.3827e+18 -1.34977 -23.3897 -1.46185 
0.8 -23.7937 -1.48711 16 0.211375 0.57725 5.35071e+18 -1.34834 -23.3897 -1.46185 
0.81 -23.7752 -1.48595 16 0.208937 0.582125 5.2994e+18 -1.35243 -23.3897 -1.46185 
0.82 -23.7914 -1.48696 16 0.211141 0.577719 5.29364e+18 -1.36044 -23.3897 -1.46185 
0.83 -23.8037 -1.48773 16 0.209047 0.581906 5.36771e+18 -1.35898 -23.3897 -1.46185 
0.84 -23.7426 -1.48392 16 0.210109 0.579781 5.33457e+18 -1.38271 -23.3897 -1.46185 
0.85 -23.7513 -1.48445 16 0.212422 0.575156 5.302e+18 -1.3963 -23.3897 -1.46185 
0.86 -23.7406 -1.48379 16 0.208156 0.583687 5.37953e+18 -1.41673 -23.3897 -1.46185 
0.87 -23.7302 -1.48314 16 0.208344 0.583313 5.33313e+18 -1.44136 -23.3897 -1.46185 
0.88 -23.7372 -1.48357 16 0.210297 0.579406 5.351e+18 -1.43401 -23.3897 -1.46185 
0.89 -23.7026 -1.48141 16 0.210672 0.578656 5.33601e+18 -1.46168 -23.3897 -1.46185 
0.9 -23.7141 -1.48213 16 0.210078 0.579844 5.39855e+18 -1.45131 -23.3897 -1.46185 
0.91 -23.7055 -1.4816 16 0.210391 0.579219 5.25819e+18 -1.46028 -23.3897 -1.46185 
0.92 -23.7181 -1.48238 16 0.212531 0.574938 5.32967e+18 -1.46915 -23.3897 -1.46185 
0.93 -23.6813 -1.48008 16 0.209672 0.580656 5.42565e+18 -1.48395 -23.3897 -1.46185 
0.94 -23.6684 -1.47927 16 0.209266 0.581469 5.32707e+18 -1.47902 -23.3897 -1.46185 
0.95 -23.6678 -1.47924 16 0.210906 0.578187 5.3435e+18 -1.50397 -23.3897 -1.46185 
0.96 -23.6693 -1.47933 16 0.209203 0.581594 5.3412e+18 -1.50415 -23.3897 -1.46185 
0.97 -23.6437 -1.47773 16 0.21025 0.5795 5.41153e+18 -1.52234 -23.3897 -1.46185 
0.98 -23.6302 -1.47689 16 0.211344 0.577313 5.23167e+18 -1.53681 -23.3897 -1.46185 
0.99 -23.6213 -1.47633 16 0.208797 0.582406 5.33197e+18 -1.54146 -23.3897 -1.46185 
