#ClusterEigenvalue -38.1762
# g emean emean / nmean nmean domean / config->nTotalSites s2mean / config->nTotalSites staggmag / config->nTotalSites epert / config->nTotalSites ess->getGroundStateEnergy() * config->nClusters ess->getGroundStateEnergy() * config->nClusters / nmean 
0 -76.3524 -4.77202 16 0.0290313 0.941937 9.07263e+18 0 -76.3524 -4.77203 
0.01 -76.3618 -4.77261 16 0.0271719 0.945656 9.10491e+18 -0.00932719 -76.3524 -4.77203 
0.02 -76.411 -4.77568 16 0.0285156 0.942969 9.22193e+18 -0.0679543 -76.3524 -4.77203 
0.03 -76.4111 -4.77569 16 0.0271562 0.945687 8.00646e+18 -0.0702456 -76.3524 -4.77203 
0.04 -76.4155 -4.77597 16 0.0286875 0.942625 8.75788e+18 -0.0770389 -76.3524 -4.77203 
0.05 -76.4282 -4.77676 16 0.028125 0.94375 8.87894e+18 -0.0944963 -76.3524 -4.77203 
0.06 -76.4459 -4.77787 16 0.0287188 0.942562 8.45293e+18 -0.139391 -76.3524 -4.77203 
0.07 -76.4476 -4.77798 16 0.0272656 0.945469 8.38577e+18 -0.136286 -76.3524 -4.77203 
0.08 -76.4559 -4.77849 16 0.0274063 0.945188 8.44717e+18 -0.153016 -76.3524 -4.77203 
0.09 -76.4659 -4.77912 16 0.0285625 0.942875 8.72589e+18 -0.187958 -76.3524 -4.77203 
0.1 -76.4579 -4.77862 16 0.0285781 0.942844 8.56707e+18 -0.217319 -76.3524 -4.77203 
0.11 -76.4743 -4.77964 16 0.0299531 0.940094 8.92477e+18 -0.263862 -76.3524 -4.77203 
0.12 -76.467 -4.77919 16 0.0286563 0.942688 8.63423e+18 -0.268617 -76.3524 -4.77203 
0.13 -76.4746 -4.77966 16 0.0279687 0.944063 8.18632e+18 -0.242015 -76.3524 -4.77203 
0.14 -76.467 -4.77919 16 0.0273594 0.945281 9.38939e+18 -0.301501 -76.3524 -4.77203 
0.15 -76.4569 -4.77856 16 0.0292656 0.941469 8.6472e+18 -0.312089 -76.3524 -4.77203 
0.16 -76.4628 -4.77893 16 0.0289844 0.942031 8.75529e+18 -0.322293 -76.3524 -4.77203 
0.17 -76.441 -4.77756 16 0.0297656 0.940469 8.62241e+18 -0.33924 -76.3524 -4.77203 
0.18 -76.4403 -4.77752 16 0.0295313 0.940937 8.56505e+18 -0.336512 -76.3524 -4.77203 
0.19 -76.4474 -4.77796 16 0.0291563 0.941688 9.07926e+18 -0.353396 -76.3524 -4.77203 
0.2 -76.4097 -4.7756 16 0.0297031 0.940594 8.76854e+18 -0.434692 -76.3524 -4.77203 
0.21 -76.3727 -4.77329 16 0.0302656 0.939469 8.68323e+18 -0.439179 -76.3524 -4.77203 
0.22 -76.3731 -4.77332 16 0.0304062 0.939188 8.7109e+18 -0.441564 -76.3524 -4.77203 
0.23 -76.3387 -4.77117 16 0.0308438 0.938312 8.92967e+18 -0.470451 -76.3524 -4.77203 
0.24 -76.3427 -4.77142 16 0.0307344 0.938531 9.34241e+18 -0.501743 -76.3524 -4.77203 
0.25 -76.3203 -4.77002 16 0.0315313 0.936937 8.6227e+18 -0.560772 -76.3524 -4.77203 
0.26 -76.2946 -4.76841 16 0.0310156 0.937969 8.52009e+18 -0.522537 -76.3524 -4.77203 
0.27 -76.2395 -4.76497 16 0.0309531 0.938094 8.4316e+18 -0.561799 -76.3524 -4.77203 
0.28 -76.224 -4.764 16 0.032125 0.93575 8.27654e+18 -0.607048 -76.3524 -4.77203 
0.29 -76.2159 -4.76349 16 0.0313281 0.937344 8.92073e+18 -0.62644 -76.3524 -4.77203 
0.3 -76.169 -4.76056 16 0.032375 0.93525 8.42959e+18 -0.649148 -76.3524 -4.77203 
0.31 -76.1905 -4.76191 16 0.03225 0.9355 8.64028e+18 -0.658995 -76.3524 -4.77203 
0.32 -76.1773 -4.76108 16 0.0320781 0.935844 8.71176e+18 -0.637189 -76.3524 -4.77203 
0.33 -76.0463 -4.75289 16 0.0331719 0.933656 8.60656e+18 -0.738307 -76.3524 -4.77203 
0.34 -76.1514 -4.75947 16 0.0344219 0.931156 8.73655e+18 -0.691511 -76.3524 -4.77203 
0.35 -76.1022 -4.75639 16 0.034375 0.93125 8.53133e+18 -0.689892 -76.3524 -4.77203 
0.36 -76.0364 -4.75228 16 0.034 0.932 8.43852e+18 -0.763972 -76.3524 -4.77203 
0.37 -76.0149 -4.75093 16 0.0342031 0.931594 9.15766e+18 -0.78208 -76.3524 -4.77203 
0.38 -75.9808 -4.7488 16 0.03525 0.9295 9.11961e+18 -0.812388 -76.3524 -4.77203 
0.39 -75.9261 -4.74538 16 0.0359219 0.928156 8.23705e+18 -0.793964 -76.3524 -4.77203 
0.4 -75.7913 -4.73696 16 0.0373125 0.925375 7.92691e+18 -0.887994 -76.3524 -4.77203 
0.41 -75.8277 -4.73923 16 0.0370469 0.925906 8.74606e+18 -0.913619 -76.3524 -4.77203 
0.42 -75.7885 -4.73678 16 0.0373437 0.925313 9.03487e+18 -0.92815 -76.3524 -4.77203 
0.43 -75.8177 -4.73861 16 0.0368437 0.926312 9.07234e+18 -0.93105 -76.3524 -4.77203 
0.44 -75.7821 -4.73638 16 0.0372656 0.925469 9.46087e+18 -0.897331 -76.3524 -4.77203 
0.45 -75.7476 -4.73422 16 0.0366094 0.926781 7.888e+18 -0.90316 -76.3524 -4.77203 
0.46 -75.6601 -4.72876 16 0.0385937 0.922813 8.6789e+18 -0.969544 -76.3524 -4.77203 
0.47 -75.7518 -4.73449 16 0.0366563 0.926688 8.81956e+18 -0.958119 -76.3524 -4.77203 
0.48 -75.5445 -4.72153 16 0.0395156 0.920969 8.19958e+18 -1.07687 -76.3524 -4.77203 
0.49 -75.6521 -4.72826 16 0.0386094 0.922781 8.75183e+18 -1.04333 -76.3524 -4.77203 
0.5 -75.5427 -4.72142 16 0.0391406 0.921719 7.84621e+18 -1.05521 -76.3524 -4.77203 
0.51 -75.542 -4.72138 16 0.0409375 0.918125 8.46994e+18 -1.04242 -76.3524 -4.77203 
0.52 -75.507 -4.71919 16 0.0394531 0.921094 8.1941e+18 -1.09851 -76.3524 -4.77203 
0.53 -75.455 -4.71594 16 0.0385781 0.922844 8.82907e+18 -1.08893 -76.3524 -4.77203 
0.54 -75.3263 -4.70789 16 0.0405625 0.918875 9.13604e+18 -1.11666 -76.3524 -4.77203 
0.55 -75.3247 -4.70779 16 0.0405937 0.918813 8.12031e+18 -1.16678 -76.3524 -4.77203 
0.56 -75.2493 -4.70308 16 0.0403906 0.919219 8.41258e+18 -1.18105 -76.3524 -4.77203 
0.57 -75.1959 -4.69974 16 0.0404219 0.919156 8.45668e+18 -1.18398 -76.3524 -4.77203 
0.58 -75.3694 -4.71059 16 0.0411875 0.917625 8.78872e+18 -1.09895 -76.3524 -4.77203 
0.59 -75.1387 -4.69617 16 0.0425312 0.914938 8.55554e+18 -1.20937 -76.3524 -4.77203 
0.6 -75.0713 -4.69196 16 0.0430625 0.913875 7.90904e+18 -1.28273 -76.3524 -4.77203 
0.61 -75.2187 -4.70117 16 0.0407344 0.918531 8.48233e+18 -1.24587 -76.3524 -4.77203 
0.62 -75.0206 -4.68879 16 0.0437188 0.912562 9.23663e+18 -1.27603 -76.3524 -4.77203 
0.63 -74.9996 -4.68747 16 0.0445312 0.910938 8.70888e+18 -1.31637 -76.3524 -4.77203 
0.64 -75.0429 -4.69018 16 0.0424531 0.915094 8.90747e+18 -1.29263 -76.3524 -4.77203 
0.65 -75.0628 -4.69143 16 0.0439844 0.912031 8.43766e+18 -1.30261 -76.3524 -4.77203 
0.66 -74.8779 -4.67987 16 0.0433125 0.913375 8.56765e+18 -1.33592 -76.3524 -4.77203 
0.67 -74.8541 -4.67838 16 0.0440625 0.911875 8.41316e+18 -1.39397 -76.3524 -4.77203 
0.68 -74.9659 -4.68537 16 0.0448125 0.910375 8.13184e+18 -1.35888 -76.3524 -4.77203 
0.69 -74.8042 -4.67526 16 0.0440938 0.911813 8.50654e+18 -1.37879 -76.3524 -4.77203 
0.7 -74.8198 -4.67624 16 0.0454375 0.909125 8.11426e+18 -1.41992 -76.3524 -4.77203 
0.71 -74.7605 -4.67253 16 0.0449063 0.910188 8.7279e+18 -1.43458 -76.3524 -4.77203 
0.72 -74.6139 -4.66337 16 0.0465625 0.906875 8.62414e+18 -1.45418 -76.3524 -4.77203 
0.73 -74.6549 -4.66593 16 0.0466406 0.906719 8.82014e+18 -1.46765 -76.3524 -4.77203 
0.74 -74.6291 -4.66432 16 0.0467969 0.906406 7.93296e+18 -1.52508 -76.3524 -4.77203 
0.75 -74.67 -4.66688 16 0.0466719 0.906656 8.34427e+18 -1.508 -76.3524 -4.77203 
0.76 -74.5884 -4.66177 16 0.0461562 0.907688 8.21716e+18 -1.51125 -76.3524 -4.77203 
0.77 -74.6655 -4.6666 16 0.046 0.908 8.51404e+18 -1.51181 -76.3524 -4.77203 
0.78 -74.4866 -4.65541 16 0.0477031 0.904594 8.44486e+18 -1.53331 -76.3524 -4.77203 
0.79 -74.5049 -4.65656 16 0.0479219 0.904156 8.64288e+18 -1.54976 -76.3524 -4.77203 
0.8 -74.6135 -4.66335 16 0.0482344 0.903531 8.33216e+18 -1.52921 -76.3524 -4.77203 
0.81 -74.4406 -4.65254 16 0.046625 0.90675 8.77431e+18 -1.55641 -76.3524 -4.77203 
0.82 -74.3947 -4.64967 16 0.0488125 0.902375 8.28201e+18 -1.53959 -76.3524 -4.77203 
0.83 -74.4437 -4.65273 16 0.0476875 0.904625 8.06094e+18 -1.59214 -76.3524 -4.77203 
0.84 -74.3606 -4.64754 16 0.0492188 0.901563 8.23618e+18 -1.61294 -76.3524 -4.77203 
0.85 -74.3457 -4.64661 16 0.0482812 0.903438 8.346e+18 -1.58845 -76.3524 -4.77203 
0.86 -74.2575 -4.64109 16 0.0499844 0.900031 8.2627e+18 -1.64173 -76.3524 -4.77203 
0.87 -74.1566 -4.63479 16 0.0500625 0.899875 8.73107e+18 -1.67435 -76.3524 -4.77203 
0.88 -74.2293 -4.63933 16 0.0493125 0.901375 8.62818e+18 -1.66753 -76.3524 -4.77203 
0.89 -74.2244 -4.63902 16 0.0505312 0.898937 8.60166e+18 -1.71977 -76.3524 -4.77203 
0.9 -74.1979 -4.63737 16 0.0482187 0.903563 8.09264e+18 -1.65247 -76.3524 -4.77203 
0.91 -74.1385 -4.63365 16 0.0496875 0.900625 7.79807e+18 -1.69023 -76.3524 -4.77203 
0.92 -74.0282 -4.62676 16 0.0522188 0.895563 9.58366e+18 -1.73392 -76.3524 -4.77203 
0.93 -74.2266 -4.63917 16 0.0495312 0.900937 7.70555e+18 -1.70128 -76.3524 -4.77203 
0.94 -74.054 -4.62837 16 0.0510469 0.897906 8.30939e+18 -1.72795 -76.3524 -4.77203 
0.95 -74.0553 -4.62845 16 0.0511719 0.897656 7.92662e+18 -1.72609 -76.3524 -4.77203 
0.96 -74.1562 -4.63477 16 0.0505469 0.898906 8.67545e+18 -1.71516 -76.3524 -4.77203 
0.97 -74.1348 -4.63343 16 0.0499844 0.900031 8.41114e+18 -1.74613 -76.3524 -4.77203 
0.98 -74.0292 -4.62683 16 0.0514687 0.897062 7.88368e+18 -1.7618 -76.3524 -4.77203 
0.99 -74.0939 -4.63087 16 0.0499531 0.900094 9.25825e+18 -1.73502 -76.3524 -4.77203 
