#ClusterEigenvalue -9.51754
# g emean emean / nmean nmean domean / config->nTotalSites s2mean / config->nTotalSites staggmag / config->nTotalSites epert / config->nTotalSites ess->getGroundStateEnergy() * config->nClusters ess->getGroundStateEnergy() * config->nClusters / nmean 
0 -19.0351 -1.18969 16 0.25 0.5 4.59814e+18 0 -19.0351 -1.18969 
0.01 -19.0451 -1.19032 16 0.251031 0.497938 4.60938e+18 -0.00999217 -19.0351 -1.18969 
0.02 -19.0914 -1.19321 16 0.248891 0.502219 4.67308e+18 -0.0577173 -19.0351 -1.18969 
0.03 -19.0809 -1.19255 16 0.249781 0.500437 4.60448e+18 -0.0464077 -19.0351 -1.18969 
0.04 -19.1218 -1.19511 16 0.249812 0.500375 4.58286e+18 -0.0905151 -19.0351 -1.18969 
0.05 -19.1124 -1.19453 16 0.249969 0.500062 4.59583e+18 -0.079209 -19.0351 -1.18969 
0.06 -19.1431 -1.19644 16 0.248344 0.503312 4.67856e+18 -0.113456 -19.0351 -1.18969 
0.07 -19.1609 -1.19755 16 0.249234 0.501531 4.59756e+18 -0.134713 -19.0351 -1.18969 
0.08 -19.1525 -1.19703 16 0.248281 0.503437 4.648e+18 -0.123573 -19.0351 -1.18969 
0.09 -19.1775 -1.19859 16 0.251078 0.497844 4.58315e+18 -0.152361 -19.0351 -1.18969 
0.1 -19.2053 -1.20033 16 0.250172 0.499656 4.58286e+18 -0.185624 -19.0351 -1.18969 
0.11 -19.2619 -1.20387 16 0.249656 0.500687 4.62466e+18 -0.253865 -19.0351 -1.18969 
0.12 -19.2584 -1.20365 16 0.25025 0.4995 4.57767e+18 -0.250766 -19.0351 -1.18969 
0.13 -19.2557 -1.20348 16 0.248453 0.503094 4.64887e+18 -0.244919 -19.0351 -1.18969 
0.14 -19.2848 -1.2053 16 0.250703 0.498594 4.62293e+18 -0.282847 -19.0351 -1.18969 
0.15 -19.2948 -1.20592 16 0.250406 0.499187 4.61024e+18 -0.300943 -19.0351 -1.18969 
0.16 -19.3007 -1.20629 16 0.251 0.498 4.57566e+18 -0.307824 -19.0351 -1.18969 
0.17 -19.3304 -1.20815 16 0.249672 0.500656 4.60707e+18 -0.344876 -19.0351 -1.18969 
0.18 -19.3388 -1.20868 16 0.251937 0.496125 4.58517e+18 -0.359113 -19.0351 -1.18969 
0.19 -19.3508 -1.20942 16 0.249516 0.500969 4.64656e+18 -0.375559 -19.0351 -1.18969 
0.2 -19.3675 -1.21047 16 0.249891 0.500219 4.61803e+18 -0.399641 -19.0351 -1.18969 
0.21 -19.3788 -1.21117 16 0.250219 0.499563 4.6751e+18 -0.423756 -19.0351 -1.18969 
0.22 -19.3832 -1.21145 16 0.250125 0.49975 4.62206e+18 -0.430343 -19.0351 -1.18969 
0.23 -19.3909 -1.21193 16 0.250406 0.499188 4.59814e+18 -0.441153 -19.0351 -1.18969 
0.24 -19.4057 -1.21286 16 0.248766 0.502469 4.6212e+18 -0.460025 -19.0351 -1.18969 
0.25 -19.4201 -1.21376 16 0.251062 0.497875 4.60362e+18 -0.489693 -19.0351 -1.18969 
0.26 -19.4279 -1.21424 16 0.252328 0.495344 4.52896e+18 -0.498644 -19.0351 -1.18969 
0.27 -19.4481 -1.21551 16 0.250875 0.49825 4.53098e+18 -0.531827 -19.0351 -1.18969 
0.28 -19.4396 -1.21497 16 0.250844 0.498312 4.57912e+18 -0.526081 -19.0351 -1.18969 
0.29 -19.4602 -1.21626 16 0.249828 0.500344 4.58517e+18 -0.566886 -19.0351 -1.18969 
0.3 -19.4644 -1.21652 16 0.250594 0.498812 4.61399e+18 -0.571195 -19.0351 -1.18969 
0.31 -19.4708 -1.21692 16 0.25 0.5 4.63561e+18 -0.582983 -19.0351 -1.18969 
0.32 -19.4844 -1.21778 16 0.250906 0.498188 4.60045e+18 -0.624886 -19.0351 -1.18969 
0.33 -19.4819 -1.21762 16 0.250531 0.498938 4.58344e+18 -0.620483 -19.0351 -1.18969 
0.34 -19.501 -1.21881 16 0.24875 0.5025 4.61947e+18 -0.662486 -19.0351 -1.18969 
0.35 -19.5039 -1.21899 16 0.249453 0.501094 4.62552e+18 -0.655875 -19.0351 -1.18969 
0.36 -19.5112 -1.21945 16 0.247797 0.504406 4.64397e+18 -0.692243 -19.0351 -1.18969 
0.37 -19.5222 -1.22013 16 0.249953 0.500094 4.59641e+18 -0.706561 -19.0351 -1.18969 
0.38 -19.5197 -1.21998 16 0.250266 0.499469 4.59814e+18 -0.71374 -19.0351 -1.18969 
0.39 -19.5299 -1.22062 16 0.249688 0.500625 4.62898e+18 -0.740344 -19.0351 -1.18969 
0.4 -19.5384 -1.22115 16 0.249953 0.500094 4.62869e+18 -0.776924 -19.0351 -1.18969 
0.41 -19.5453 -1.22158 16 0.249375 0.50125 4.61313e+18 -0.781024 -19.0351 -1.18969 
0.42 -19.5411 -1.22132 16 0.249359 0.501281 4.62783e+18 -0.761051 -19.0351 -1.18969 
0.43 -19.5468 -1.22168 16 0.250844 0.498312 4.5892e+18 -0.795704 -19.0351 -1.18969 
0.44 -19.5588 -1.22243 16 0.251594 0.496812 4.56269e+18 -0.827473 -19.0351 -1.18969 
0.45 -19.5513 -1.22195 16 0.25025 0.4995 4.57018e+18 -0.832232 -19.0351 -1.18969 
0.46 -19.5635 -1.22272 16 0.249563 0.500875 4.59929e+18 -0.866821 -19.0351 -1.18969 
0.47 -19.56 -1.2225 16 0.251109 0.497781 4.59814e+18 -0.879258 -19.0351 -1.18969 
0.48 -19.5613 -1.22258 16 0.250391 0.499219 4.5892e+18 -0.900757 -19.0351 -1.18969 
0.49 -19.5744 -1.2234 16 0.250219 0.499562 4.62437e+18 -0.899995 -19.0351 -1.18969 
0.5 -19.5717 -1.22323 16 0.248359 0.503281 4.64454e+18 -0.918405 -19.0351 -1.18969 
0.51 -19.5756 -1.22347 16 0.250297 0.499406 4.599e+18 -0.958773 -19.0351 -1.18969 
0.52 -19.5717 -1.22323 16 0.249328 0.501344 4.6676e+18 -0.957593 -19.0351 -1.18969 
0.53 -19.5723 -1.22327 16 0.250781 0.498438 4.6016e+18 -0.98374 -19.0351 -1.18969 
0.54 -19.573 -1.22331 16 0.250641 0.498719 4.64973e+18 -0.991394 -19.0351 -1.18969 
0.55 -19.5726 -1.22329 16 0.249953 0.500094 4.60275e+18 -0.987877 -19.0351 -1.18969 
0.56 -19.5692 -1.22308 16 0.251719 0.496563 4.57508e+18 -1.0104 -19.0351 -1.18969 
0.57 -19.5787 -1.22367 16 0.249516 0.500969 4.5451e+18 -1.01656 -19.0351 -1.18969 
0.58 -19.5697 -1.22311 16 0.248734 0.502531 4.66443e+18 -1.03959 -19.0351 -1.18969 
0.59 -19.5721 -1.22326 16 0.248359 0.503281 4.68749e+18 -1.05566 -19.0351 -1.18969 
0.6 -19.567 -1.22294 16 0.249516 0.500969 4.56874e+18 -1.08355 -19.0351 -1.18969 
0.61 -19.5701 -1.22313 16 0.249937 0.500125 4.57883e+18 -1.09545 -19.0351 -1.18969 
0.62 -19.5598 -1.22249 16 0.251188 0.497625 4.63676e+18 -1.11826 -19.0351 -1.18969 
0.63 -19.5654 -1.22284 16 0.249563 0.500875 4.67856e+18 -1.1068 -19.0351 -1.18969 
0.64 -19.5598 -1.22249 16 0.249781 0.500437 4.63417e+18 -1.1193 -19.0351 -1.18969 
0.65 -19.5589 -1.22243 16 0.249984 0.500031 4.61226e+18 -1.14222 -19.0351 -1.18969 
0.66 -19.5528 -1.22205 16 0.249234 0.501531 4.69153e+18 -1.16914 -19.0351 -1.18969 
0.67 -19.5481 -1.22175 16 0.252609 0.494781 4.56701e+18 -1.17941 -19.0351 -1.18969 
0.68 -19.551 -1.22194 16 0.251516 0.496969 4.65204e+18 -1.2013 -19.0351 -1.18969 
0.69 -19.5445 -1.22153 16 0.251203 0.497594 4.63302e+18 -1.19938 -19.0351 -1.18969 
0.7 -19.5386 -1.22116 16 0.248516 0.502969 4.68346e+18 -1.22304 -19.0351 -1.18969 
0.71 -19.5359 -1.221 16 0.253016 0.493969 4.54943e+18 -1.23611 -19.0351 -1.18969 
0.72 -19.5274 -1.22046 16 0.253109 0.493781 4.55779e+18 -1.23437 -19.0351 -1.18969 
0.73 -19.5376 -1.2211 16 0.252266 0.495469 4.56672e+18 -1.24055 -19.0351 -1.18969 
0.74 -19.5117 -1.21948 16 0.249688 0.500625 4.6676e+18 -1.27258 -19.0351 -1.18969 
0.75 -19.5321 -1.22075 16 0.252312 0.495375 4.54338e+18 -1.2416 -19.0351 -1.18969 
0.76 -19.5171 -1.21982 16 0.251281 0.497437 4.58978e+18 -1.28544 -19.0351 -1.18969 
0.77 -19.5149 -1.21968 16 0.249031 0.501938 4.58978e+18 -1.30151 -19.0351 -1.18969 
0.78 -19.5032 -1.21895 16 0.250172 0.499656 4.6333e+18 -1.28323 -19.0351 -1.18969 
0.79 -19.4893 -1.21808 16 0.250188 0.499625 4.60073e+18 -1.32534 -19.0351 -1.18969 
0.8 -19.4959 -1.21849 16 0.251719 0.496563 4.59093e+18 -1.3279 -19.0351 -1.18969 
0.81 -19.4915 -1.21822 16 0.250328 0.499344 4.62149e+18 -1.34106 -19.0351 -1.18969 
0.82 -19.4814 -1.21759 16 0.251109 0.497781 4.56413e+18 -1.33903 -19.0351 -1.18969 
0.83 -19.4759 -1.21725 16 0.250969 0.498063 4.56153e+18 -1.35231 -19.0351 -1.18969 
0.84 -19.4664 -1.21665 16 0.248281 0.503437 4.67308e+18 -1.36515 -19.0351 -1.18969 
0.85 -19.4823 -1.21765 16 0.248766 0.502469 4.61716e+18 -1.36718 -19.0351 -1.18969 
0.86 -19.4661 -1.21663 16 0.250859 0.498281 4.57364e+18 -1.3872 -19.0351 -1.18969 
0.87 -19.4411 -1.21507 16 0.250094 0.499812 4.59122e+18 -1.39753 -19.0351 -1.18969 
0.88 -19.4431 -1.21519 16 0.250328 0.499344 4.60506e+18 -1.39228 -19.0351 -1.18969 
0.89 -19.4229 -1.21393 16 0.250125 0.49975 4.58834e+18 -1.42706 -19.0351 -1.18969 
0.9 -19.4264 -1.21415 16 0.250828 0.498344 4.53041e+18 -1.43934 -19.0351 -1.18969 
0.91 -19.4291 -1.21432 16 0.251672 0.496656 4.59929e+18 -1.42955 -19.0351 -1.18969 
0.92 -19.3891 -1.21182 16 0.249812 0.500375 4.64454e+18 -1.48233 -19.0351 -1.18969 
0.93 -19.4211 -1.21382 16 0.250922 0.498156 4.5892e+18 -1.43855 -19.0351 -1.18969 
0.94 -19.3948 -1.21218 16 0.251156 0.497687 4.54049e+18 -1.46469 -19.0351 -1.18969 
0.95 -19.3733 -1.21083 16 0.251406 0.497188 4.64858e+18 -1.49281 -19.0351 -1.18969 
0.96 -19.3911 -1.21195 16 0.248969 0.502062 4.70594e+18 -1.49046 -19.0351 -1.18969 
0.97 -19.359 -1.20994 16 0.248859 0.502281 4.49351e+18 -1.50324 -19.0351 -1.18969 
0.98 -19.3734 -1.21084 16 0.250859 0.498281 4.58402e+18 -1.50313 -19.0351 -1.18969 
0.99 -19.3488 -1.2093 16 0.251375 0.49725 4.53876e+18 -1.51235 -19.0351 -1.18969 
