#ClusterEigenvalue -14.2256
# g emean emean / nmean nmean domean / config->nTotalSites s2mean / config->nTotalSites staggmag / config->nTotalSites epert / config->nTotalSites ess->getGroundStateEnergy() * config->nClusters ess->getGroundStateEnergy() * config->nClusters / nmean 
0 -28.4513 -1.7782 16 0.162219 0.675563 6.26238e+18 0 -28.4513 -1.7782 
0.01 -28.4616 -1.77885 16 0.160828 0.678344 6.32291e+18 -0.0102797 -28.4513 -1.7782 
0.02 -28.4712 -1.77945 16 0.161734 0.676531 6.12864e+18 -0.0198873 -28.4513 -1.7782 
0.03 -28.5199 -1.7825 16 0.162734 0.674531 6.10501e+18 -0.0718276 -28.4513 -1.7782 
0.04 -28.5256 -1.78285 16 0.160641 0.678719 6.3575e+18 -0.0781883 -28.4513 -1.7782 
0.05 -28.5616 -1.7851 16 0.161219 0.677562 6.19321e+18 -0.119392 -28.4513 -1.7782 
0.06 -28.5471 -1.78419 16 0.161391 0.677219 6.24509e+18 -0.101465 -28.4513 -1.7782 
0.07 -28.5591 -1.78495 16 0.16325 0.6735 6.30936e+18 -0.118098 -28.4513 -1.7782 
0.08 -28.6043 -1.78777 16 0.161531 0.676938 6.32291e+18 -0.168514 -28.4513 -1.7782 
0.09 -28.6093 -1.78808 16 0.162094 0.675813 6.06148e+18 -0.176146 -28.4513 -1.7782 
0.1 -28.6346 -1.78966 16 0.162609 0.674781 6.16237e+18 -0.203681 -28.4513 -1.7782 
0.11 -28.6388 -1.78992 16 0.161938 0.676125 6.34107e+18 -0.211815 -28.4513 -1.7782 
0.12 -28.652 -1.79075 16 0.162031 0.675938 6.31657e+18 -0.234109 -28.4513 -1.7782 
0.13 -28.6724 -1.79202 16 0.162125 0.67575 6.19292e+18 -0.259398 -28.4513 -1.7782 
0.14 -28.6841 -1.79276 16 0.162547 0.674906 6.10703e+18 -0.279391 -28.4513 -1.7782 
0.15 -28.7139 -1.79462 16 0.165047 0.669906 6.17274e+18 -0.329331 -28.4513 -1.7782 
0.16 -28.6954 -1.79346 16 0.162406 0.675187 6.14392e+18 -0.294298 -28.4513 -1.7782 
0.17 -28.722 -1.79513 16 0.163594 0.672813 6.28486e+18 -0.337315 -28.4513 -1.7782 
0.18 -28.7204 -1.79503 16 0.163391 0.673219 6.23875e+18 -0.333597 -28.4513 -1.7782 
0.19 -28.753 -1.79706 16 0.162094 0.675812 6.25892e+18 -0.398729 -28.4513 -1.7782 
0.2 -28.7583 -1.7974 16 0.162719 0.674562 6.26988e+18 -0.405414 -28.4513 -1.7782 
0.21 -28.7618 -1.79761 16 0.166203 0.667594 6.21828e+18 -0.407255 -28.4513 -1.7782 
0.22 -28.7614 -1.79759 16 0.163516 0.672969 6.23039e+18 -0.413672 -28.4513 -1.7782 
0.23 -28.7838 -1.79899 16 0.162109 0.675781 6.23327e+18 -0.465582 -28.4513 -1.7782 
0.24 -28.7904 -1.7994 16 0.164781 0.670438 6.14594e+18 -0.483074 -28.4513 -1.7782 
0.25 -28.8026 -1.80016 16 0.163156 0.673687 6.21309e+18 -0.516273 -28.4513 -1.7782 
0.26 -28.8092 -1.80058 16 0.165359 0.669281 6.23702e+18 -0.517396 -28.4513 -1.7782 
0.27 -28.8154 -1.80097 16 0.163672 0.672656 6.31974e+18 -0.540998 -28.4513 -1.7782 
0.28 -28.824 -1.8015 16 0.164109 0.671781 6.14622e+18 -0.561311 -28.4513 -1.7782 
0.29 -28.8258 -1.80161 16 0.165016 0.669969 6.14882e+18 -0.552638 -28.4513 -1.7782 
0.3 -28.8284 -1.80177 16 0.165266 0.669469 6.12e+18 -0.594669 -28.4513 -1.7782 
0.31 -28.8377 -1.80236 16 0.161953 0.676094 6.15718e+18 -0.584299 -28.4513 -1.7782 
0.32 -28.8387 -1.80242 16 0.165922 0.668156 6.14421e+18 -0.628672 -28.4513 -1.7782 
0.33 -28.8442 -1.80276 16 0.163516 0.672969 6.21569e+18 -0.655666 -28.4513 -1.7782 
0.34 -28.846 -1.80288 16 0.1615 0.677 6.19004e+18 -0.651303 -28.4513 -1.7782 
0.35 -28.8717 -1.80448 16 0.164891 0.670219 6.13354e+18 -0.719223 -28.4513 -1.7782 
0.36 -28.8576 -1.8036 16 0.164531 0.670937 6.27795e+18 -0.696175 -28.4513 -1.7782 
0.37 -28.8608 -1.8038 16 0.164828 0.670344 6.11798e+18 -0.717106 -28.4513 -1.7782 
0.38 -28.8578 -1.80361 16 0.165047 0.669906 6.17505e+18 -0.732913 -28.4513 -1.7782 
0.39 -28.8685 -1.80428 16 0.163047 0.673906 6.20877e+18 -0.770311 -28.4513 -1.7782 
0.4 -28.8772 -1.80482 16 0.164 0.672 6.11942e+18 -0.774435 -28.4513 -1.7782 
0.41 -28.8674 -1.80422 16 0.165578 0.668844 6.08368e+18 -0.778931 -28.4513 -1.7782 
0.42 -28.8639 -1.804 16 0.166562 0.666875 6.08397e+18 -0.843112 -28.4513 -1.7782 
0.43 -28.8747 -1.80467 16 0.166391 0.667219 6.14219e+18 -0.831363 -28.4513 -1.7782 
0.44 -28.8695 -1.80434 16 0.165391 0.669219 6.08339e+18 -0.854691 -28.4513 -1.7782 
0.45 -28.8627 -1.80392 16 0.165672 0.668656 6.23212e+18 -0.875543 -28.4513 -1.7782 
0.46 -28.8639 -1.80399 16 0.166063 0.667875 6.31023e+18 -0.906957 -28.4513 -1.7782 
0.47 -28.862 -1.80387 16 0.165172 0.669656 6.17274e+18 -0.897146 -28.4513 -1.7782 
0.48 -28.8578 -1.80361 16 0.166734 0.666531 6.09117e+18 -0.929537 -28.4513 -1.7782 
0.49 -28.8734 -1.80458 16 0.166859 0.666281 6.17735e+18 -0.922778 -28.4513 -1.7782 
0.5 -28.8548 -1.80342 16 0.166672 0.666656 6.07474e+18 -0.928935 -28.4513 -1.7782 
0.51 -28.8562 -1.80351 16 0.166875 0.66625 6.08253e+18 -0.956416 -28.4513 -1.7782 
0.52 -28.8589 -1.80368 16 0.166797 0.666406 6.14709e+18 -0.997569 -28.4513 -1.7782 
0.53 -28.8511 -1.80319 16 0.167109 0.665781 6.13815e+18 -0.987531 -28.4513 -1.7782 
0.54 -28.8589 -1.80368 16 0.167422 0.665156 6.1762e+18 -0.988213 -28.4513 -1.7782 
0.55 -28.8324 -1.80203 16 0.167797 0.664406 5.95859e+18 -1.07172 -28.4513 -1.7782 
0.56 -28.8666 -1.80416 16 0.168766 0.662469 6.18687e+18 -1.0502 -28.4513 -1.7782 
0.57 -28.8501 -1.80313 16 0.169484 0.661031 6.09636e+18 -1.04055 -28.4513 -1.7782 
0.58 -28.8281 -1.80176 16 0.167219 0.665563 6.16352e+18 -1.0877 -28.4513 -1.7782 
0.59 -28.8402 -1.80252 16 0.166141 0.667719 6.18254e+18 -1.09693 -28.4513 -1.7782 
0.6 -28.8344 -1.80215 16 0.170312 0.659375 5.9583e+18 -1.11159 -28.4513 -1.7782 
0.61 -28.8316 -1.80197 16 0.17 0.66 5.95542e+18 -1.13485 -28.4513 -1.7782 
0.62 -28.8146 -1.80092 16 0.166687 0.666625 6.11481e+18 -1.1521 -28.4513 -1.7782 
0.63 -28.8183 -1.80114 16 0.171422 0.657156 6.12864e+18 -1.17049 -28.4513 -1.7782 
0.64 -28.8007 -1.80004 16 0.1675 0.665 6.09982e+18 -1.20688 -28.4513 -1.7782 
0.65 -28.8154 -1.80096 16 0.167859 0.664281 6.2595e+18 -1.17696 -28.4513 -1.7782 
0.66 -28.7805 -1.79878 16 0.167609 0.664781 6.19349e+18 -1.21373 -28.4513 -1.7782 
0.67 -28.771 -1.79819 16 0.167875 0.66425 6.03353e+18 -1.23172 -28.4513 -1.7782 
0.68 -28.7599 -1.7975 16 0.169156 0.661687 6.05774e+18 -1.23329 -28.4513 -1.7782 
0.69 -28.7742 -1.79839 16 0.168984 0.662031 6.16611e+18 -1.24516 -28.4513 -1.7782 
0.7 -28.7733 -1.79833 16 0.170297 0.659406 6.14161e+18 -1.26104 -28.4513 -1.7782 
0.71 -28.7729 -1.79831 16 0.169719 0.660563 6.25201e+18 -1.2645 -28.4513 -1.7782 
0.72 -28.7713 -1.79821 16 0.168703 0.662594 6.16986e+18 -1.27843 -28.4513 -1.7782 
0.73 -28.7363 -1.79602 16 0.168344 0.663312 6.12778e+18 -1.33574 -28.4513 -1.7782 
0.74 -28.7372 -1.79608 16 0.168297 0.663406 6.04621e+18 -1.31534 -28.4513 -1.7782 
0.75 -28.7398 -1.79624 16 0.168922 0.662156 6.07734e+18 -1.33078 -28.4513 -1.7782 
0.76 -28.7232 -1.7952 16 0.170094 0.659813 6.03843e+18 -1.33442 -28.4513 -1.7782 
0.77 -28.7203 -1.79502 16 0.169047 0.661906 6.22664e+18 -1.36489 -28.4513 -1.7782 
0.78 -28.6975 -1.7936 16 0.170281 0.659438 6.11308e+18 -1.3721 -28.4513 -1.7782 
0.79 -28.7332 -1.79583 16 0.171125 0.65775 5.95167e+18 -1.34492 -28.4513 -1.7782 
0.8 -28.6744 -1.79215 16 0.168203 0.663594 6.17735e+18 -1.40059 -28.4513 -1.7782 
0.81 -28.6536 -1.79085 16 0.168484 0.663031 6.19695e+18 -1.42923 -28.4513 -1.7782 
0.82 -28.6795 -1.79247 16 0.169969 0.660062 6.11221e+18 -1.41386 -28.4513 -1.7782 
0.83 -28.6616 -1.79135 16 0.170641 0.658719 6.12951e+18 -1.41681 -28.4513 -1.7782 
0.84 -28.6627 -1.79142 16 0.172016 0.655969 5.9998e+18 -1.45225 -28.4513 -1.7782 
0.85 -28.6508 -1.79068 16 0.169578 0.660844 6.15084e+18 -1.4514 -28.4513 -1.7782 
0.86 -28.6673 -1.79171 16 0.169141 0.661719 6.02805e+18 -1.44873 -28.4513 -1.7782 
0.87 -28.6602 -1.79126 16 0.170547 0.658906 6.00643e+18 -1.44255 -28.4513 -1.7782 
0.88 -28.6042 -1.78776 16 0.170109 0.659781 6.19839e+18 -1.48106 -28.4513 -1.7782 
0.89 -28.597 -1.78731 16 0.169984 0.660031 5.96147e+18 -1.49594 -28.4513 -1.7782 
0.9 -28.6128 -1.7883 16 0.170156 0.659687 5.98049e+18 -1.4997 -28.4513 -1.7782 
0.91 -28.5825 -1.7864 16 0.171672 0.656656 6.01998e+18 -1.52523 -28.4513 -1.7782 
0.92 -28.5728 -1.7858 16 0.174687 0.650625 6.09002e+18 -1.51549 -28.4513 -1.7782 
0.93 -28.5897 -1.78686 16 0.170875 0.65825 6.06177e+18 -1.50994 -28.4513 -1.7782 
0.94 -28.5433 -1.78396 16 0.170297 0.659406 6.0733e+18 -1.54692 -28.4513 -1.7782 
0.95 -28.5582 -1.78489 16 0.171141 0.657719 6.05024e+18 -1.5505 -28.4513 -1.7782 
0.96 -28.5905 -1.78691 16 0.170125 0.65975 6.09867e+18 -1.54738 -28.4513 -1.7782 
0.97 -28.5213 -1.78258 16 0.171391 0.657219 6.03871e+18 -1.58318 -28.4513 -1.7782 
0.98 -28.5512 -1.78445 16 0.170766 0.658469 6.08743e+18 -1.57204 -28.4513 -1.7782 
0.99 -28.4971 -1.78107 16 0.171156 0.657687 6.05803e+18 -1.5967 -28.4513 -1.7782 
