#ClusterEigenvalue -53.5418
# g emean emean / nmean nmean domean / config->nTotalSites s2mean / config->nTotalSites staggmag / config->nTotalSites epert / config->nTotalSites ess->getGroundStateEnergy() * config->nClusters ess->getGroundStateEnergy() * config->nClusters / nmean 
0 -107.083 -6.69271 16 0.01375 0.9725 8.92563e+18 0 -107.084 -6.69272 
0.01 -107.115 -6.69469 16 0.0131719 0.973656 9.72057e+18 -0.034813 -107.084 -6.69272 
0.02 -107.106 -6.69411 16 0.0147031 0.970594 8.60396e+18 -0.0219171 -107.084 -6.69272 
0.03 -107.137 -6.69604 16 0.0138125 0.972375 7.78654e+18 -0.0664384 -107.084 -6.69272 
0.04 -107.151 -6.69695 16 0.0143594 0.971281 9.49575e+18 -0.100453 -107.084 -6.69272 
0.05 -107.158 -6.69739 16 0.0141563 0.971688 7.88454e+18 -0.127989 -107.084 -6.69272 
0.06 -107.145 -6.69655 16 0.0146563 0.970687 8.90286e+18 -0.0910009 -107.084 -6.69272 
0.07 -107.167 -6.69791 16 0.0145312 0.970938 8.22494e+18 -0.149765 -107.084 -6.69272 
0.08 -107.165 -6.69783 16 0.01575 0.9685 9.12883e+18 -0.144638 -107.084 -6.69272 
0.09 -107.152 -6.69703 16 0.0164219 0.967156 9.21559e+18 -0.215272 -107.084 -6.69272 
0.1 -107.155 -6.69721 16 0.0160625 0.967875 9.08358e+18 -0.208083 -107.084 -6.69272 
0.11 -107.142 -6.69638 16 0.0146719 0.970656 9.60355e+18 -0.240787 -107.084 -6.69272 
0.12 -107.126 -6.69538 16 0.0147656 0.970469 1.02864e+19 -0.235648 -107.084 -6.69272 
0.13 -107.155 -6.69717 16 0.0148906 0.970219 9.62834e+18 -0.246986 -107.084 -6.69272 
0.14 -107.098 -6.69364 16 0.0145937 0.970812 8.55756e+18 -0.257899 -107.084 -6.69272 
0.15 -107.11 -6.6944 16 0.0151719 0.969656 8.89882e+18 -0.328024 -107.084 -6.69272 
0.16 -107.114 -6.69465 16 0.0156094 0.968781 8.89392e+18 -0.308714 -107.084 -6.69272 
0.17 -107.099 -6.69371 16 0.0152187 0.969562 9.35999e+18 -0.294808 -107.084 -6.69272 
0.18 -107.074 -6.69214 16 0.0154844 0.969031 9.21127e+18 -0.353726 -107.084 -6.69272 
0.19 -106.962 -6.68511 16 0.0166719 0.966656 8.9582e+18 -0.384448 -107.084 -6.69272 
0.2 -106.944 -6.68403 16 0.0169687 0.966063 9.40986e+18 -0.460337 -107.084 -6.69272 
0.21 -106.937 -6.68356 16 0.0164531 0.967094 8.71147e+18 -0.439213 -107.084 -6.69272 
0.22 -106.926 -6.68288 16 0.015375 0.96925 8.62241e+18 -0.410586 -107.084 -6.69272 
0.23 -106.874 -6.67965 16 0.0175625 0.964875 9.06485e+18 -0.467391 -107.084 -6.69272 
0.24 -106.827 -6.67668 16 0.0165 0.967 8.19583e+18 -0.504759 -107.084 -6.69272 
0.25 -106.861 -6.67883 16 0.0175156 0.964969 9.34241e+18 -0.501491 -107.084 -6.69272 
0.26 -106.801 -6.67505 16 0.0168438 0.966313 9.03487e+18 -0.510828 -107.084 -6.69272 
0.27 -106.71 -6.66938 16 0.0185156 0.962969 9.23375e+18 -0.578547 -107.084 -6.69272 
0.28 -106.684 -6.66772 16 0.0190469 0.961906 9.05274e+18 -0.560922 -107.084 -6.69272 
0.29 -106.651 -6.66568 16 0.0188594 0.962281 8.90949e+18 -0.604375 -107.084 -6.69272 
0.3 -106.666 -6.66661 16 0.018875 0.96225 8.24425e+18 -0.588443 -107.084 -6.69272 
0.31 -106.558 -6.65986 16 0.0199688 0.960062 8.67689e+18 -0.688538 -107.084 -6.69272 
0.32 -106.547 -6.65918 16 0.0193125 0.961375 9.31503e+18 -0.669278 -107.084 -6.69272 
0.33 -106.506 -6.65663 16 0.02 0.96 8.50798e+18 -0.688382 -107.084 -6.69272 
0.34 -106.41 -6.65064 16 0.0205156 0.958969 8.32496e+18 -0.689971 -107.084 -6.69272 
0.35 -106.375 -6.64845 16 0.021375 0.95725 9.19484e+18 -0.741676 -107.084 -6.69272 
0.36 -106.281 -6.64254 16 0.0198906 0.960219 8.88499e+18 -0.725357 -107.084 -6.69272 
0.37 -106.211 -6.63817 16 0.0226094 0.954781 9.49114e+18 -0.843613 -107.084 -6.69272 
0.38 -106.143 -6.63391 16 0.0222344 0.955531 9.41447e+18 -0.806604 -107.084 -6.69272 
0.39 -106.095 -6.63094 16 0.0223594 0.955281 8.20995e+18 -0.822004 -107.084 -6.69272 
0.4 -106.151 -6.63443 16 0.0216875 0.956625 8.36589e+18 -0.827103 -107.084 -6.69272 
0.41 -105.928 -6.62052 16 0.0239688 0.952063 8.29152e+18 -0.938845 -107.084 -6.69272 
0.42 -106.023 -6.62642 16 0.0231563 0.953688 9.35567e+18 -0.812983 -107.084 -6.69272 
0.43 -105.691 -6.60567 16 0.0250938 0.949812 8.01626e+18 -0.971552 -107.084 -6.69272 
0.44 -105.993 -6.62454 16 0.0234531 0.953094 9.30206e+18 -0.954554 -107.084 -6.69272 
0.45 -105.748 -6.60925 16 0.0236875 0.952625 9.034e+18 -0.9737 -107.084 -6.69272 
0.46 -105.858 -6.6161 16 0.02375 0.9525 8.4757e+18 -0.931509 -107.084 -6.69272 
0.47 -105.592 -6.59948 16 0.0260313 0.947937 9.1908e+18 -1.01877 -107.084 -6.69272 
0.48 -105.585 -6.59909 16 0.0258906 0.948219 8.63769e+18 -1.05406 -107.084 -6.69272 
0.49 -105.575 -6.59847 16 0.0260625 0.947875 9.36547e+18 -1.03184 -107.084 -6.69272 
0.5 -105.657 -6.60358 16 0.02475 0.9505 9.45857e+18 -0.955469 -107.084 -6.69272 
0.51 -105.34 -6.58377 16 0.0267656 0.946469 8.78094e+18 -1.1484 -107.084 -6.69272 
0.52 -105.467 -6.59168 16 0.0249531 0.950094 9.21444e+18 -1.02267 -107.084 -6.69272 
0.53 -105.072 -6.56699 16 0.0289531 0.942094 9.35711e+18 -1.22285 -107.084 -6.69272 
0.54 -105.07 -6.56686 16 0.0291875 0.941625 9.20493e+18 -1.1691 -107.084 -6.69272 
0.55 -105.16 -6.57253 16 0.027375 0.94525 9.51074e+18 -1.18998 -107.084 -6.69272 
0.56 -104.993 -6.56209 16 0.0288437 0.942312 7.06712e+18 -1.2078 -107.084 -6.69272 
0.57 -105.417 -6.58854 16 0.0259844 0.948031 9.76035e+18 -1.09804 -107.084 -6.69272 
0.58 -104.872 -6.55453 16 0.0288125 0.942375 9.11471e+18 -1.2169 -107.084 -6.69272 
0.59 -105.366 -6.58536 16 0.0271875 0.945625 8.83801e+18 -1.11506 -107.084 -6.69272 
0.6 -104.821 -6.5513 16 0.0297969 0.940406 8.57745e+18 -1.27626 -107.084 -6.69272 
0.61 -104.78 -6.54872 16 0.0300625 0.939875 9.0634e+18 -1.29614 -107.084 -6.69272 
0.62 -104.682 -6.54263 16 0.0304844 0.939031 7.95948e+18 -1.32798 -107.084 -6.69272 
0.63 -104.619 -6.5387 16 0.0307031 0.938594 8.98385e+18 -1.31406 -107.084 -6.69272 
0.64 -104.68 -6.54251 16 0.0312656 0.937469 8.97405e+18 -1.34143 -107.084 -6.69272 
0.65 -104.696 -6.54348 16 0.0311719 0.937656 1.00797e+19 -1.38627 -107.084 -6.69272 
0.66 -104.746 -6.54661 16 0.0296094 0.940781 9.20262e+18 -1.28474 -107.084 -6.69272 
0.67 -104.744 -6.54649 16 0.0296719 0.940656 8.58811e+18 -1.27235 -107.084 -6.69272 
0.68 -104.176 -6.51103 16 0.0334844 0.933031 1.00483e+19 -1.49728 -107.084 -6.69272 
0.69 -104.401 -6.52506 16 0.032 0.936 8.60137e+18 -1.39877 -107.084 -6.69272 
0.7 -104.286 -6.51787 16 0.0329531 0.934094 8.74894e+18 -1.4155 -107.084 -6.69272 
0.71 -104.148 -6.50927 16 0.034375 0.93125 8.24137e+18 -1.46358 -107.084 -6.69272 
0.72 -104.316 -6.51976 16 0.03225 0.9355 8.93918e+18 -1.47166 -107.084 -6.69272 
0.73 -104.1 -6.50627 16 0.0344687 0.931063 9.52169e+18 -1.44406 -107.084 -6.69272 
0.74 -103.937 -6.49608 16 0.0342656 0.931469 8.83311e+18 -1.52509 -107.084 -6.69272 
0.75 -104.051 -6.5032 16 0.034375 0.93125 8.91669e+18 -1.49933 -107.084 -6.69272 
0.76 -104.036 -6.50223 16 0.035125 0.92975 8.5616e+18 -1.51487 -107.084 -6.69272 
0.77 -104.191 -6.51192 16 0.0344375 0.931125 8.56621e+18 -1.45597 -107.084 -6.69272 
0.78 -103.997 -6.4998 16 0.0340156 0.931969 8.96252e+18 -1.49664 -107.084 -6.69272 
0.79 -103.687 -6.48041 16 0.0364844 0.927031 9.45165e+18 -1.59143 -107.084 -6.69272 
0.8 -103.894 -6.49338 16 0.035625 0.92875 8.28835e+18 -1.54739 -107.084 -6.69272 
0.81 -103.757 -6.48482 16 0.035625 0.92875 8.24915e+18 -1.60968 -107.084 -6.69272 
0.82 -103.714 -6.48209 16 0.0365469 0.926906 7.74619e+18 -1.62103 -107.084 -6.69272 
0.83 -103.69 -6.48061 16 0.0364219 0.927156 8.88211e+18 -1.61303 -107.084 -6.69272 
0.84 -103.635 -6.47721 16 0.0365781 0.926844 8.9484e+18 -1.62851 -107.084 -6.69272 
0.85 -103.601 -6.47505 16 0.0365625 0.926875 9.52861e+18 -1.66325 -107.084 -6.69272 
0.86 -103.426 -6.46412 16 0.0370938 0.925812 9.279e+18 -1.67314 -107.084 -6.69272 
0.87 -103.22 -6.45122 16 0.0381875 0.923625 8.01108e+18 -1.68567 -107.084 -6.69272 
0.88 -103.269 -6.45431 16 0.038875 0.92225 9.36172e+18 -1.73115 -107.084 -6.69272 
0.89 -103.168 -6.44803 16 0.0394219 0.921156 7.85428e+18 -1.70067 -107.084 -6.69272 
0.9 -103.398 -6.46236 16 0.0387344 0.922531 8.53911e+18 -1.66737 -107.084 -6.69272 
0.91 -103.413 -6.46332 16 0.0366563 0.926687 8.39183e+18 -1.68016 -107.084 -6.69272 
0.92 -103.345 -6.45905 16 0.0384844 0.923031 8.8579e+18 -1.73243 -107.084 -6.69272 
0.93 -103.334 -6.45835 16 0.0383906 0.923219 9.41706e+18 -1.69759 -107.084 -6.69272 
0.94 -103.186 -6.44913 16 0.0385938 0.922813 8.31545e+18 -1.78785 -107.084 -6.69272 
0.95 -103.305 -6.45654 16 0.0379375 0.924125 9.20204e+18 -1.71646 -107.084 -6.69272 
0.96 -103.222 -6.45136 16 0.0391719 0.921656 8.98126e+18 -1.74897 -107.084 -6.69272 
0.97 -103.025 -6.43904 16 0.0391094 0.921781 8.61982e+18 -1.82002 -107.084 -6.69272 
0.98 -102.982 -6.4364 16 0.0392656 0.921469 8.26212e+18 -1.81952 -107.084 -6.69272 
0.99 -103.029 -6.43929 16 0.0408125 0.918375 8.4855e+18 -1.782 -107.084 -6.69272 
