#ClusterEigenvalue -34.4208
# g emean emean / nmean nmean domean / config->nTotalSites s2mean / config->nTotalSites staggmag / config->nTotalSites epert / config->nTotalSites ess->getGroundStateEnergy() * config->nClusters ess->getGroundStateEnergy() * config->nClusters / nmean 
0 -68.8417 -4.30261 16 0.0338437 0.932312 8.74952e+18 0 -68.8417 -4.3026 
0.01 -68.8519 -4.30324 16 0.03375 0.9325 8.38433e+18 -0.0102697 -68.8417 -4.3026 
0.02 -68.8597 -4.30373 16 0.0331562 0.933688 8.66449e+18 -0.0181526 -68.8417 -4.3026 
0.03 -68.8848 -4.3053 16 0.0319531 0.936094 8.91295e+18 -0.0474349 -68.8417 -4.3026 
0.04 -68.9136 -4.3071 16 0.0346875 0.930625 8.86395e+18 -0.088696 -68.8417 -4.3026 
0.05 -68.9191 -4.30744 16 0.0336875 0.932625 8.75788e+18 -0.0930891 -68.8417 -4.3026 
0.06 -68.9549 -4.30968 16 0.0351875 0.929625 8.78411e+18 -0.160078 -68.8417 -4.3026 
0.07 -68.929 -4.30806 16 0.0343281 0.931344 8.72329e+18 -0.11909 -68.8417 -4.3026 
0.08 -68.9331 -4.30832 16 0.0341094 0.931781 8.50135e+18 -0.114197 -68.8417 -4.3026 
0.09 -68.9542 -4.30964 16 0.0335 0.933 8.75586e+18 -0.172979 -68.8417 -4.3026 
0.1 -68.9698 -4.31061 16 0.0351719 0.929656 8.58955e+18 -0.233465 -68.8417 -4.3026 
0.11 -68.9684 -4.31052 16 0.0329688 0.934063 8.65902e+18 -0.217393 -68.8417 -4.3026 
0.12 -68.9784 -4.31115 16 0.0362344 0.927531 8.12348e+18 -0.249913 -68.8417 -4.3026 
0.13 -68.9842 -4.31152 16 0.0346094 0.930781 8.34225e+18 -0.290749 -68.8417 -4.3026 
0.14 -68.96 -4.31 16 0.0357031 0.928594 8.92592e+18 -0.280472 -68.8417 -4.3026 
0.15 -68.9697 -4.3106 16 0.0347187 0.930562 8.3385e+18 -0.299963 -68.8417 -4.3026 
0.16 -68.9642 -4.31026 16 0.0374219 0.925156 8.66507e+18 -0.344359 -68.8417 -4.3026 
0.17 -68.9706 -4.31066 16 0.0350625 0.929875 8.51375e+18 -0.32988 -68.8417 -4.3026 
0.18 -68.9673 -4.31046 16 0.0353125 0.929375 8.86135e+18 -0.353109 -68.8417 -4.3026 
0.19 -68.9441 -4.309 16 0.0373438 0.925312 8.20448e+18 -0.370285 -68.8417 -4.3026 
0.2 -68.9404 -4.30877 16 0.0359063 0.928187 8.67573e+18 -0.428623 -68.8417 -4.3026 
0.21 -68.9261 -4.30788 16 0.0365625 0.926875 8.73425e+18 -0.447595 -68.8417 -4.3026 
0.22 -68.9013 -4.30633 16 0.0373906 0.925219 8.45668e+18 -0.442231 -68.8417 -4.3026 
0.23 -68.9069 -4.30668 16 0.0362344 0.927531 9.25075e+18 -0.451809 -68.8417 -4.3026 
0.24 -68.8779 -4.30487 16 0.0362188 0.927562 8.79794e+18 -0.476418 -68.8417 -4.3026 
0.25 -68.8968 -4.30605 16 0.0365156 0.926969 8.48089e+18 -0.524738 -68.8417 -4.3026 
0.26 -68.8674 -4.30421 16 0.0388125 0.922375 7.69402e+18 -0.558644 -68.8417 -4.3026 
0.27 -68.8278 -4.30174 16 0.0370469 0.925906 7.99234e+18 -0.575295 -68.8417 -4.3026 
0.28 -68.7963 -4.29977 16 0.038875 0.92225 8.7501e+18 -0.582812 -68.8417 -4.3026 
0.29 -68.7982 -4.29989 16 0.0374687 0.925063 8.3509e+18 -0.574226 -68.8417 -4.3026 
0.3 -68.738 -4.29612 16 0.038375 0.92325 8.31401e+18 -0.648028 -68.8417 -4.3026 
0.31 -68.712 -4.2945 16 0.0395781 0.920844 9.10318e+18 -0.643091 -68.8417 -4.3026 
0.32 -68.7923 -4.29952 16 0.0385469 0.922906 8.34312e+18 -0.660108 -68.8417 -4.3026 
0.33 -68.7045 -4.29403 16 0.0389687 0.922063 8.5541e+18 -0.698062 -68.8417 -4.3026 
0.34 -68.6633 -4.29146 16 0.0406406 0.918719 7.95401e+18 -0.723764 -68.8417 -4.3026 
0.35 -68.7262 -4.29539 16 0.0373125 0.925375 8.90372e+18 -0.713436 -68.8417 -4.3026 
0.36 -68.6488 -4.29055 16 0.0397969 0.920406 8.853e+18 -0.735916 -68.8417 -4.3026 
0.37 -68.671 -4.29194 16 0.0398437 0.920312 8.44947e+18 -0.76041 -68.8417 -4.3026 
0.38 -68.5392 -4.2837 16 0.0420312 0.915938 7.87042e+18 -0.837782 -68.8417 -4.3026 
0.39 -68.5298 -4.28311 16 0.0427031 0.914594 8.16211e+18 -0.837721 -68.8417 -4.3026 
0.4 -68.4911 -4.28069 16 0.0429688 0.914062 8.41517e+18 -0.86584 -68.8417 -4.3026 
0.41 -68.4936 -4.28085 16 0.0413906 0.917219 8.73079e+18 -0.860378 -68.8417 -4.3026 
0.42 -68.3856 -4.2741 16 0.0445156 0.910969 9.22222e+18 -0.916194 -68.8417 -4.3026 
0.43 -68.495 -4.28094 16 0.0419375 0.916125 8.64461e+18 -0.908586 -68.8417 -4.3026 
0.44 -68.4559 -4.2785 16 0.0441719 0.911656 8.25953e+18 -0.949227 -68.8417 -4.3026 
0.45 -68.439 -4.27743 16 0.0422656 0.915469 8.41921e+18 -0.925046 -68.8417 -4.3026 
0.46 -68.2571 -4.26607 16 0.044125 0.91175 9.03545e+18 -1.01991 -68.8417 -4.3026 
0.47 -68.3455 -4.27159 16 0.0433594 0.913281 8.53421e+18 -0.959761 -68.8417 -4.3026 
0.48 -68.2189 -4.26368 16 0.0449531 0.910094 9.21473e+18 -1.05769 -68.8417 -4.3026 
0.49 -68.2733 -4.26708 16 0.0435469 0.912906 8.92304e+18 -0.99247 -68.8417 -4.3026 
0.5 -68.2298 -4.26436 16 0.0456094 0.908781 8.59705e+18 -1.04204 -68.8417 -4.3026 
0.51 -68.2259 -4.26412 16 0.0468125 0.906375 8.12262e+18 -1.07247 -68.8417 -4.3026 
0.52 -68.2097 -4.2631 16 0.0455312 0.908937 8.07708e+18 -1.09182 -68.8417 -4.3026 
0.53 -68.1123 -4.25702 16 0.0460156 0.907969 7.88022e+18 -1.11752 -68.8417 -4.3026 
0.54 -68.1552 -4.2597 16 0.0448594 0.910281 7.63868e+18 -1.09227 -68.8417 -4.3026 
0.55 -68.0053 -4.25033 16 0.0468594 0.906281 8.44544e+18 -1.20335 -68.8417 -4.3026 
0.56 -67.9941 -4.24963 16 0.0464219 0.907156 8.95705e+18 -1.16072 -68.8417 -4.3026 
0.57 -67.9883 -4.24927 16 0.0469375 0.906125 7.56086e+18 -1.2264 -68.8417 -4.3026 
0.58 -67.9487 -4.24679 16 0.048 0.904 8.5077e+18 -1.2024 -68.8417 -4.3026 
0.59 -67.8847 -4.24279 16 0.0501094 0.899781 8.50654e+18 -1.26027 -68.8417 -4.3026 
0.6 -67.9089 -4.24431 16 0.0476875 0.904625 8.18834e+18 -1.19089 -68.8417 -4.3026 
0.61 -67.8281 -4.23926 16 0.0497344 0.900531 8.50654e+18 -1.24935 -68.8417 -4.3026 
0.62 -67.8026 -4.23766 16 0.0495 0.901 8.91583e+18 -1.26068 -68.8417 -4.3026 
0.63 -67.7662 -4.23539 16 0.0492656 0.901469 8.98039e+18 -1.30971 -68.8417 -4.3026 
0.64 -67.8072 -4.23795 16 0.0492344 0.901531 8.24397e+18 -1.28241 -68.8417 -4.3026 
0.65 -67.7118 -4.23199 16 0.0499687 0.900062 8.81264e+18 -1.29888 -68.8417 -4.3026 
0.66 -67.7155 -4.23222 16 0.0502344 0.899531 7.69633e+18 -1.32259 -68.8417 -4.3026 
0.67 -67.6119 -4.22574 16 0.0507187 0.898563 7.89607e+18 -1.32539 -68.8417 -4.3026 
0.68 -67.6002 -4.22501 16 0.0513594 0.897281 8.48867e+18 -1.38916 -68.8417 -4.3026 
0.69 -67.6344 -4.22715 16 0.050125 0.89975 8.41027e+18 -1.37812 -68.8417 -4.3026 
0.7 -67.6822 -4.23014 16 0.0509844 0.898031 7.9223e+18 -1.3709 -68.8417 -4.3026 
0.71 -67.5621 -4.22263 16 0.0502812 0.899438 8.01223e+18 -1.46111 -68.8417 -4.3026 
0.72 -67.5927 -4.22454 16 0.05125 0.8975 8.06786e+18 -1.42914 -68.8417 -4.3026 
0.73 -67.5156 -4.21972 16 0.0519531 0.896094 8.37972e+18 -1.45975 -68.8417 -4.3026 
0.74 -67.4498 -4.21561 16 0.0520312 0.895938 8.13127e+18 -1.47867 -68.8417 -4.3026 
0.75 -67.4325 -4.21453 16 0.0525938 0.894813 8.35292e+18 -1.49266 -68.8417 -4.3026 
0.76 -67.4193 -4.21371 16 0.0527813 0.894437 9.28477e+18 -1.52473 -68.8417 -4.3026 
0.77 -67.4171 -4.21357 16 0.0510469 0.897906 7.98052e+18 -1.5233 -68.8417 -4.3026 
0.78 -67.3969 -4.2123 16 0.0527188 0.894563 8.67573e+18 -1.5124 -68.8417 -4.3026 
0.79 -67.3578 -4.20986 16 0.0540469 0.891906 8.27999e+18 -1.53461 -68.8417 -4.3026 
0.8 -67.3311 -4.2082 16 0.0529375 0.894125 8.21168e+18 -1.54989 -68.8417 -4.3026 
0.81 -67.3431 -4.20895 16 0.0526094 0.894781 8.29296e+18 -1.56203 -68.8417 -4.3026 
0.82 -67.2676 -4.20423 16 0.0546094 0.890781 7.81969e+18 -1.5818 -68.8417 -4.3026 
0.83 -67.2654 -4.20408 16 0.0547813 0.890437 8.5175e+18 -1.60855 -68.8417 -4.3026 
0.84 -67.2285 -4.20178 16 0.0537656 0.892469 8.58696e+18 -1.59248 -68.8417 -4.3026 
0.85 -67.0573 -4.19108 16 0.0560781 0.887844 8.07391e+18 -1.65494 -68.8417 -4.3026 
0.86 -67.1995 -4.19997 16 0.0546563 0.890688 8.55698e+18 -1.62545 -68.8417 -4.3026 
0.87 -67.108 -4.19425 16 0.054875 0.89025 7.98513e+18 -1.63438 -68.8417 -4.3026 
0.88 -67.1164 -4.19478 16 0.0552031 0.889594 8.01915e+18 -1.67606 -68.8417 -4.3026 
0.89 -67.2196 -4.20123 16 0.054125 0.89175 8.31026e+18 -1.63727 -68.8417 -4.3026 
0.9 -67.059 -4.19119 16 0.0552812 0.889438 8.55266e+18 -1.68942 -68.8417 -4.3026 
0.91 -67.1526 -4.19703 16 0.0552656 0.889469 8.4538e+18 -1.67164 -68.8417 -4.3026 
0.92 -67.0782 -4.19239 16 0.0557188 0.888563 8.12262e+18 -1.7104 -68.8417 -4.3026 
0.93 -67.0704 -4.1919 16 0.0544531 0.891094 8.6325e+18 -1.69046 -68.8417 -4.3026 
0.94 -67.0084 -4.18802 16 0.0559531 0.888094 7.96294e+18 -1.6971 -68.8417 -4.3026 
0.95 -67.0532 -4.19083 16 0.0552656 0.889469 8.16067e+18 -1.68914 -68.8417 -4.3026 
0.96 -66.8531 -4.17832 16 0.0559688 0.888062 8.22033e+18 -1.72006 -68.8417 -4.3026 
0.97 -66.8483 -4.17802 16 0.0567031 0.886594 7.74677e+18 -1.74131 -68.8417 -4.3026 
0.98 -66.8384 -4.1774 16 0.056625 0.88675 8.07593e+18 -1.75143 -68.8417 -4.3026 
0.99 -66.8943 -4.1809 16 0.0564375 0.887125 7.91423e+18 -1.74767 -68.8417 -4.3026 
