#ClusterEigenvalue -49.664
# g emean emean / nmean nmean domean / config->nTotalSites s2mean / config->nTotalSites staggmag / config->nTotalSites epert / config->nTotalSites ess->getGroundStateEnergy() * config->nClusters ess->getGroundStateEnergy() * config->nClusters / nmean 
0 -99.3276 -6.20798 16 0.0165 0.967 9.18071e+18 0 -99.3279 -6.20799 
0.01 -99.337 -6.20856 16 0.0157344 0.968531 7.65338e+18 -0.0088547 -99.3279 -6.20799 
0.02 -99.3486 -6.20929 16 0.0167969 0.966406 8.44486e+18 -0.0206472 -99.3279 -6.20799 
0.03 -99.3977 -6.21236 16 0.0169688 0.966063 8.12666e+18 -0.0886867 -99.3279 -6.20799 
0.04 -99.3712 -6.2107 16 0.0165313 0.966938 8.36099e+18 -0.0495269 -99.3279 -6.20799 
0.05 -99.4018 -6.21261 16 0.0158125 0.968375 9.47096e+18 -0.101478 -99.3279 -6.20799 
0.06 -99.3997 -6.21248 16 0.0170781 0.965844 9.35279e+18 -0.100611 -99.3279 -6.20799 
0.07 -99.4142 -6.21339 16 0.0160781 0.967844 8.52067e+18 -0.162008 -99.3279 -6.20799 
0.08 -99.4199 -6.21374 16 0.01725 0.9655 9.03112e+18 -0.149907 -99.3279 -6.20799 
0.09 -99.4165 -6.21353 16 0.0166094 0.966781 8.2627e+18 -0.226113 -99.3279 -6.20799 
0.1 -99.4031 -6.2127 16 0.0164219 0.967156 7.67327e+18 -0.202568 -99.3279 -6.20799 
0.11 -99.4062 -6.21289 16 0.0194219 0.961156 9.32079e+18 -0.237281 -99.3279 -6.20799 
0.12 -99.4059 -6.21287 16 0.0175938 0.964812 8.18228e+18 -0.239307 -99.3279 -6.20799 
0.13 -99.3895 -6.21184 16 0.0173281 0.965344 1.01486e+19 -0.258349 -99.3279 -6.20799 
0.14 -99.3753 -6.21096 16 0.017875 0.96425 9.21011e+18 -0.282486 -99.3279 -6.20799 
0.15 -99.365 -6.21031 16 0.0182031 0.963594 7.93152e+18 -0.335088 -99.3279 -6.20799 
0.16 -99.3479 -6.20925 16 0.0184844 0.963031 9.60153e+18 -0.318451 -99.3279 -6.20799 
0.17 -99.3068 -6.20667 16 0.0195312 0.960938 9.20233e+18 -0.402323 -99.3279 -6.20799 
0.18 -99.2846 -6.20529 16 0.0184531 0.963094 8.25607e+18 -0.353046 -99.3279 -6.20799 
0.19 -99.3267 -6.20792 16 0.0169375 0.966125 8.63279e+18 -0.354858 -99.3279 -6.20799 
0.2 -99.2349 -6.20218 16 0.0195469 0.960906 9.1565e+18 -0.402619 -99.3279 -6.20799 
0.21 -99.2389 -6.20243 16 0.0187969 0.962406 8.2284e+18 -0.417099 -99.3279 -6.20799 
0.22 -99.1665 -6.19791 16 0.0207656 0.958469 8.44947e+18 -0.507128 -99.3279 -6.20799 
0.23 -99.2211 -6.20132 16 0.0200625 0.959875 9.08444e+18 -0.490662 -99.3279 -6.20799 
0.24 -99.1527 -6.19704 16 0.0194375 0.961125 9.22164e+18 -0.507584 -99.3279 -6.20799 
0.25 -99.1525 -6.19703 16 0.0205625 0.958875 8.77056e+18 -0.477811 -99.3279 -6.20799 
0.26 -99.1288 -6.19555 16 0.0204531 0.959094 9.00691e+18 -0.508909 -99.3279 -6.20799 
0.27 -99.1305 -6.19566 16 0.0204844 0.959031 8.01338e+18 -0.511011 -99.3279 -6.20799 
0.28 -98.9985 -6.18741 16 0.0205938 0.958813 9.06975e+18 -0.569682 -99.3279 -6.20799 
0.29 -98.9753 -6.18596 16 0.0223437 0.955313 8.82475e+18 -0.629613 -99.3279 -6.20799 
0.3 -99.0006 -6.18754 16 0.0207188 0.958562 9.72979e+18 -0.605906 -99.3279 -6.20799 
0.31 -98.9081 -6.18176 16 0.0217969 0.956406 8.92967e+18 -0.620936 -99.3279 -6.20799 
0.32 -98.8594 -6.17871 16 0.0212969 0.957406 8.13069e+18 -0.598852 -99.3279 -6.20799 
0.33 -98.7379 -6.17112 16 0.0240156 0.951969 9.21703e+18 -0.76206 -99.3279 -6.20799 
0.34 -98.819 -6.17619 16 0.0216094 0.956781 9.86497e+18 -0.679857 -99.3279 -6.20799 
0.35 -98.6388 -6.16492 16 0.0234063 0.953188 8.23705e+18 -0.760593 -99.3279 -6.20799 
0.36 -98.6082 -6.16301 16 0.0244688 0.951063 9.11269e+18 -0.724696 -99.3279 -6.20799 
0.37 -98.5993 -6.16246 16 0.0237813 0.952438 8.6962e+18 -0.766265 -99.3279 -6.20799 
0.38 -98.5972 -6.16233 16 0.0227031 0.954594 7.88569e+18 -0.804335 -99.3279 -6.20799 
0.39 -98.5106 -6.15691 16 0.0242031 0.951594 7.31529e+18 -0.800392 -99.3279 -6.20799 
0.4 -98.6271 -6.16419 16 0.021875 0.95625 8.67775e+18 -0.698514 -99.3279 -6.20799 
0.41 -98.5701 -6.16063 16 0.0230937 0.953812 8.69505e+18 -0.728437 -99.3279 -6.20799 
0.42 -98.3298 -6.14561 16 0.0264375 0.947125 9.45396e+18 -0.955443 -99.3279 -6.20799 
0.43 -98.302 -6.14387 16 0.0261719 0.947656 8.43564e+18 -0.882139 -99.3279 -6.20799 
0.44 -98.2996 -6.14373 16 0.0261719 0.947656 8.15807e+18 -0.885631 -99.3279 -6.20799 
0.45 -98.1192 -6.13245 16 0.0279375 0.944125 7.70036e+18 -0.992303 -99.3279 -6.20799 
0.46 -98.2591 -6.14119 16 0.0256094 0.948781 8.88557e+18 -0.910697 -99.3279 -6.20799 
0.47 -98.0479 -6.12799 16 0.0277187 0.944562 8.57745e+18 -0.993623 -99.3279 -6.20799 
0.48 -97.9 -6.11875 16 0.028 0.944 8.25002e+18 -1.03401 -99.3279 -6.20799 
0.49 -98.0059 -6.12537 16 0.0285625 0.942875 8.5028e+18 -1.02383 -99.3279 -6.20799 
0.5 -98.0278 -6.12674 16 0.0282188 0.943562 8.60569e+18 -1.05465 -99.3279 -6.20799 
0.51 -97.6827 -6.10517 16 0.0304687 0.939063 8.1477e+18 -1.10235 -99.3279 -6.20799 
0.52 -97.7739 -6.11087 16 0.0287344 0.942531 9.14151e+18 -1.10804 -99.3279 -6.20799 
0.53 -97.9969 -6.12481 16 0.0285781 0.942844 9.017e+18 -1.00073 -99.3279 -6.20799 
0.54 -97.7017 -6.10636 16 0.0303438 0.939312 7.82315e+18 -1.15427 -99.3279 -6.20799 
0.55 -97.7102 -6.10689 16 0.029 0.942 8.11628e+18 -1.15177 -99.3279 -6.20799 
0.56 -97.7627 -6.11017 16 0.0290625 0.941875 8.96022e+18 -1.11773 -99.3279 -6.20799 
0.57 -97.5218 -6.09511 16 0.0318906 0.936219 8.27625e+18 -1.23455 -99.3279 -6.20799 
0.58 -97.6515 -6.10322 16 0.0294375 0.941125 8.59013e+18 -1.13958 -99.3279 -6.20799 
0.59 -97.3527 -6.08454 16 0.0331094 0.933781 8.30997e+18 -1.27084 -99.3279 -6.20799 
0.6 -97.4096 -6.0881 16 0.0314531 0.937094 8.57918e+18 -1.21327 -99.3279 -6.20799 
0.61 -97.2715 -6.07947 16 0.0327344 0.934531 9.74161e+18 -1.31038 -99.3279 -6.20799 
0.62 -97.2994 -6.08121 16 0.0326719 0.934656 9.59951e+18 -1.25206 -99.3279 -6.20799 
0.63 -97.0007 -6.06254 16 0.0342812 0.931438 8.86337e+18 -1.37296 -99.3279 -6.20799 
0.64 -97.241 -6.07756 16 0.0330312 0.933937 8.59878e+18 -1.26364 -99.3279 -6.20799 
0.65 -97.0861 -6.06788 16 0.034125 0.93175 7.78568e+18 -1.36008 -99.3279 -6.20799 
0.66 -96.9668 -6.06043 16 0.0338906 0.932219 8.7256e+18 -1.38673 -99.3279 -6.20799 
0.67 -97.0448 -6.0653 16 0.0347969 0.930406 9.15391e+18 -1.3548 -99.3279 -6.20799 
0.68 -96.8566 -6.05354 16 0.034875 0.93025 8.93226e+18 -1.42829 -99.3279 -6.20799 
0.69 -96.6278 -6.03924 16 0.0362031 0.927594 8.3019e+18 -1.45261 -99.3279 -6.20799 
0.7 -96.6713 -6.04195 16 0.0362188 0.927562 8.90517e+18 -1.47696 -99.3279 -6.20799 
0.71 -96.9075 -6.05672 16 0.0345 0.931 8.63826e+18 -1.43002 -99.3279 -6.20799 
0.72 -96.6644 -6.04152 16 0.0355938 0.928813 9.03919e+18 -1.53314 -99.3279 -6.20799 
0.73 -96.6633 -6.04146 16 0.0356875 0.928625 8.0765e+18 -1.5001 -99.3279 -6.20799 
0.74 -96.4348 -6.02717 16 0.0380313 0.923937 9.32627e+18 -1.58721 -99.3279 -6.20799 
0.75 -96.5972 -6.03732 16 0.03675 0.9265 8.54747e+18 -1.47666 -99.3279 -6.20799 
0.76 -96.618 -6.03862 16 0.0362656 0.927469 8.32092e+18 -1.51063 -99.3279 -6.20799 
0.77 -96.4496 -6.0281 16 0.0377031 0.924594 7.83785e+18 -1.52241 -99.3279 -6.20799 
0.78 -96.5351 -6.03344 16 0.0370469 0.925906 8.59589e+18 -1.49891 -99.3279 -6.20799 
0.79 -96.4642 -6.02901 16 0.03725 0.9255 8.86164e+18 -1.52512 -99.3279 -6.20799 
0.8 -96.1795 -6.01122 16 0.0387187 0.922562 8.69966e+18 -1.59637 -99.3279 -6.20799 
0.81 -96.2036 -6.01273 16 0.0392656 0.921469 8.39269e+18 -1.60977 -99.3279 -6.20799 
0.82 -96.2753 -6.0172 16 0.0385938 0.922813 8.76912e+18 -1.60567 -99.3279 -6.20799 
0.83 -96.3367 -6.02104 16 0.0379219 0.924156 8.33908e+18 -1.58662 -99.3279 -6.20799 
0.84 -96.4001 -6.025 16 0.03775 0.9245 8.73194e+18 -1.58434 -99.3279 -6.20799 
0.85 -96.1829 -6.01143 16 0.0383125 0.923375 7.32365e+18 -1.65763 -99.3279 -6.20799 
0.86 -96.1655 -6.01034 16 0.0394687 0.921063 7.62456e+18 -1.6581 -99.3279 -6.20799 
0.87 -96.0787 -6.00492 16 0.0395 0.921 8.25521e+18 -1.67642 -99.3279 -6.20799 
0.88 -96.1062 -6.00664 16 0.0392969 0.921406 8.02722e+18 -1.69283 -99.3279 -6.20799 
0.89 -95.9894 -5.99934 16 0.0399531 0.920094 9.19455e+18 -1.71067 -99.3279 -6.20799 
0.9 -96.032 -6.002 16 0.0411094 0.917781 7.81191e+18 -1.67678 -99.3279 -6.20799 
0.91 -95.8802 -5.99251 16 0.0402969 0.919406 8.61549e+18 -1.68227 -99.3279 -6.20799 
0.92 -95.9022 -5.99389 16 0.0406875 0.918625 8.89652e+18 -1.68954 -99.3279 -6.20799 
0.93 -95.8411 -5.99007 16 0.0413281 0.917344 8.62126e+18 -1.74994 -99.3279 -6.20799 
0.94 -95.9503 -5.9969 16 0.0392187 0.921563 8.02174e+18 -1.70079 -99.3279 -6.20799 
0.95 -95.7707 -5.98567 16 0.0408125 0.918375 8.30507e+18 -1.77023 -99.3279 -6.20799 
0.96 -95.8027 -5.98767 16 0.0404844 0.919031 9.78974e+18 -1.76149 -99.3279 -6.20799 
0.97 -95.8588 -5.99118 16 0.041125 0.91775 7.91048e+18 -1.75352 -99.3279 -6.20799 
0.98 -95.9417 -5.99636 16 0.0407969 0.918406 8.66824e+18 -1.72236 -99.3279 -6.20799 
0.99 -95.8244 -5.98903 16 0.0424531 0.915094 9.19138e+18 -1.74754 -99.3279 -6.20799 
