#ClusterEigenvalue -41.9748
# g emean emean / nmean nmean domean / config->nTotalSites s2mean / config->nTotalSites staggmag / config->nTotalSites epert / config->nTotalSites ess->getGroundStateEnergy() * config->nClusters ess->getGroundStateEnergy() * config->nClusters / nmean 
0 -83.9498 -5.24686 16 0.0222812 0.955438 8.56909e+18 0 -83.9497 -5.24686 
0.01 -83.9821 -5.24888 16 0.0212812 0.957438 8.06757e+18 -0.034953 -83.9497 -5.24686 
0.02 -83.981 -5.24881 16 0.0227344 0.954531 9.44934e+18 -0.0338488 -83.9497 -5.24686 
0.03 -83.9934 -5.24959 16 0.0244844 0.951031 9.0585e+18 -0.0490769 -83.9497 -5.24686 
0.04 -84.0031 -5.25019 16 0.0221563 0.955688 8.48464e+18 -0.0596682 -83.9497 -5.24686 
0.05 -84.0354 -5.25221 16 0.0246875 0.950625 8.16153e+18 -0.119459 -83.9497 -5.24686 
0.06 -84.0479 -5.25299 16 0.022125 0.95575 9.34126e+18 -0.159254 -83.9497 -5.24686 
0.07 -84.0484 -5.25303 16 0.0217812 0.956438 7.643e+18 -0.158365 -83.9497 -5.24686 
0.08 -84.0578 -5.25361 16 0.0232188 0.953563 7.99061e+18 -0.184795 -83.9497 -5.24686 
0.09 -84.0575 -5.25359 16 0.024 0.952 8.94004e+18 -0.188718 -83.9497 -5.24686 
0.1 -84.0514 -5.25321 16 0.0241406 0.951719 9.08675e+18 -0.183107 -83.9497 -5.24686 
0.11 -84.0417 -5.25261 16 0.0226719 0.954656 9.18331e+18 -0.212652 -83.9497 -5.24686 
0.12 -84.053 -5.25331 16 0.0240938 0.951813 8.84262e+18 -0.202361 -83.9497 -5.24686 
0.13 -84.0562 -5.25351 16 0.0236719 0.952656 8.83484e+18 -0.274191 -83.9497 -5.24686 
0.14 -84.0267 -5.25167 16 0.0237813 0.952438 8.0105e+18 -0.27938 -83.9497 -5.24686 
0.15 -84.0252 -5.25157 16 0.0254219 0.949156 8.97059e+18 -0.295393 -83.9497 -5.24686 
0.16 -84.0098 -5.25061 16 0.0238281 0.952344 9.01642e+18 -0.341969 -83.9497 -5.24686 
0.17 -84.0036 -5.25023 16 0.0241406 0.951719 9.01844e+18 -0.375685 -83.9497 -5.24686 
0.18 -84.0116 -5.25072 16 0.0241719 0.951656 9.03026e+18 -0.341667 -83.9497 -5.24686 
0.19 -83.9858 -5.24912 16 0.0236719 0.952656 8.19064e+18 -0.389727 -83.9497 -5.24686 
0.2 -83.9659 -5.24787 16 0.0250781 0.949844 8.5786e+18 -0.411977 -83.9497 -5.24686 
0.21 -83.959 -5.24744 16 0.0245938 0.950813 8.65123e+18 -0.417142 -83.9497 -5.24686 
0.22 -83.9225 -5.24515 16 0.0266875 0.946625 8.64115e+18 -0.435178 -83.9497 -5.24686 
0.23 -83.9445 -5.24653 16 0.0253438 0.949313 8.06209e+18 -0.461092 -83.9497 -5.24686 
0.24 -83.8877 -5.24298 16 0.0268437 0.946313 8.69159e+18 -0.50005 -83.9497 -5.24686 
0.25 -83.9261 -5.24538 16 0.0250781 0.949844 9.74882e+18 -0.46952 -83.9497 -5.24686 
0.26 -83.7994 -5.23746 16 0.0264375 0.947125 7.90818e+18 -0.534218 -83.9497 -5.24686 
0.27 -83.8459 -5.24037 16 0.0254531 0.949094 9.17985e+18 -0.547457 -83.9497 -5.24686 
0.28 -83.7466 -5.23416 16 0.0281406 0.943719 9.56175e+18 -0.595617 -83.9497 -5.24686 
0.29 -83.7944 -5.23715 16 0.0279844 0.944031 9.09165e+18 -0.633929 -83.9497 -5.24686 
0.3 -83.7373 -5.23358 16 0.0286563 0.942688 8.5665e+18 -0.579881 -83.9497 -5.24686 
0.31 -83.7753 -5.23595 16 0.0269844 0.946031 9.33117e+18 -0.578182 -83.9497 -5.24686 
0.32 -83.6667 -5.22917 16 0.0277344 0.944531 8.93226e+18 -0.642893 -83.9497 -5.24686 
0.33 -83.5911 -5.22444 16 0.0288438 0.942312 8.40249e+18 -0.718003 -83.9497 -5.24686 
0.34 -83.5588 -5.22242 16 0.0295937 0.940813 8.51778e+18 -0.714849 -83.9497 -5.24686 
0.35 -83.578 -5.22362 16 0.0295938 0.940813 8.46994e+18 -0.72758 -83.9497 -5.24686 
0.36 -83.497 -5.21856 16 0.0303906 0.939219 8.91612e+18 -0.760182 -83.9497 -5.24686 
0.37 -83.4774 -5.21733 16 0.0307187 0.938562 8.49876e+18 -0.806548 -83.9497 -5.24686 
0.38 -83.4022 -5.21264 16 0.0312969 0.937406 7.77444e+18 -0.807639 -83.9497 -5.24686 
0.39 -83.3853 -5.21158 16 0.0300781 0.939844 8.44601e+18 -0.798048 -83.9497 -5.24686 
0.4 -83.3735 -5.21085 16 0.0305937 0.938813 9.34645e+18 -0.828472 -83.9497 -5.24686 
0.41 -83.4148 -5.21342 16 0.0303437 0.939312 9.05995e+18 -0.803104 -83.9497 -5.24686 
0.42 -83.2443 -5.20277 16 0.0327969 0.934406 9.0268e+18 -0.890523 -83.9497 -5.24686 
0.43 -83.2148 -5.20092 16 0.03325 0.9335 9.44416e+18 -0.905995 -83.9497 -5.24686 
0.44 -83.2638 -5.20399 16 0.0325 0.935 8.19381e+18 -0.940899 -83.9497 -5.24686 
0.45 -83.1781 -5.19863 16 0.0334219 0.933156 8.41431e+18 -0.939361 -83.9497 -5.24686 
0.46 -83.1329 -5.19581 16 0.0325938 0.934813 8.8383e+18 -0.954626 -83.9497 -5.24686 
0.47 -83.0505 -5.19066 16 0.0336719 0.932656 8.05719e+18 -1.0064 -83.9497 -5.24686 
0.48 -83.1232 -5.1952 16 0.0345781 0.930844 8.28172e+18 -0.974989 -83.9497 -5.24686 
0.49 -82.8445 -5.17778 16 0.0360469 0.927906 8.18459e+18 -1.08314 -83.9497 -5.24686 
0.5 -83.0165 -5.18853 16 0.0337656 0.932469 8.71119e+18 -1.01241 -83.9497 -5.24686 
0.51 -82.8308 -5.17693 16 0.0354219 0.929156 8.57601e+18 -1.11192 -83.9497 -5.24686 
0.52 -82.9176 -5.18235 16 0.0339844 0.932031 7.8537e+18 -1.1182 -83.9497 -5.24686 
0.53 -82.8742 -5.17964 16 0.0346406 0.930719 8.90401e+18 -1.05093 -83.9497 -5.24686 
0.54 -82.8348 -5.17718 16 0.0358906 0.928219 8.74894e+18 -1.14813 -83.9497 -5.24686 
0.55 -82.8123 -5.17577 16 0.0352656 0.929469 9.20377e+18 -1.0775 -83.9497 -5.24686 
0.56 -82.7065 -5.16916 16 0.0367812 0.926438 9.53293e+18 -1.19285 -83.9497 -5.24686 
0.57 -82.632 -5.1645 16 0.0372813 0.925438 8.44457e+18 -1.18128 -83.9497 -5.24686 
0.58 -82.6803 -5.16752 16 0.0365156 0.926969 8.57543e+18 -1.18601 -83.9497 -5.24686 
0.59 -82.5485 -5.15928 16 0.0375937 0.924813 8.82821e+18 -1.21405 -83.9497 -5.24686 
0.6 -82.5034 -5.15646 16 0.0384531 0.923094 8.68986e+18 -1.24439 -83.9497 -5.24686 
0.61 -82.355 -5.14719 16 0.0395937 0.920813 8.97117e+18 -1.25003 -83.9497 -5.24686 
0.62 -82.3274 -5.14546 16 0.039375 0.92125 8.83426e+18 -1.31046 -83.9497 -5.24686 
0.63 -82.3527 -5.14705 16 0.0383906 0.923219 8.74923e+18 -1.31935 -83.9497 -5.24686 
0.64 -82.368 -5.148 16 0.0391406 0.921719 8.53364e+18 -1.31999 -83.9497 -5.24686 
0.65 -82.5097 -5.15686 16 0.037 0.926 7.80989e+18 -1.26989 -83.9497 -5.24686 
0.66 -82.1076 -5.13173 16 0.0398281 0.920344 8.33591e+18 -1.3649 -83.9497 -5.24686 
0.67 -82.2416 -5.1401 16 0.0404375 0.919125 9.79234e+18 -1.39047 -83.9497 -5.24686 
0.68 -82.1259 -5.13287 16 0.0411875 0.917625 8.93889e+18 -1.38794 -83.9497 -5.24686 
0.69 -82.1728 -5.1358 16 0.0399063 0.920188 8.86539e+18 -1.38372 -83.9497 -5.24686 
0.7 -82.018 -5.12613 16 0.0417656 0.916469 8.01713e+18 -1.4539 -83.9497 -5.24686 
0.71 -82.042 -5.12763 16 0.0410625 0.917875 8.53825e+18 -1.41319 -83.9497 -5.24686 
0.72 -82.1328 -5.1333 16 0.0412656 0.917469 8.78209e+18 -1.43549 -83.9497 -5.24686 
0.73 -81.9266 -5.12041 16 0.0423125 0.915375 8.58667e+18 -1.49001 -83.9497 -5.24686 
0.74 -81.811 -5.11319 16 0.04225 0.9155 8.84608e+18 -1.52002 -83.9497 -5.24686 
0.75 -81.775 -5.11094 16 0.0440469 0.911906 9.16947e+18 -1.53903 -83.9497 -5.24686 
0.76 -81.8051 -5.11282 16 0.0421094 0.915781 8.65123e+18 -1.52888 -83.9497 -5.24686 
0.77 -81.911 -5.11944 16 0.0425781 0.914844 8.11023e+18 -1.54908 -83.9497 -5.24686 
0.78 -81.8567 -5.11604 16 0.0415312 0.916938 8.55583e+18 -1.50921 -83.9497 -5.24686 
0.79 -81.7461 -5.10913 16 0.0436094 0.912781 8.55987e+18 -1.54655 -83.9497 -5.24686 
0.8 -81.6731 -5.10457 16 0.0435781 0.912844 7.86927e+18 -1.57514 -83.9497 -5.24686 
0.81 -81.5656 -5.09785 16 0.0454844 0.909031 9.19224e+18 -1.59287 -83.9497 -5.24686 
0.82 -81.6848 -5.1053 16 0.0450781 0.909844 8.22091e+18 -1.60327 -83.9497 -5.24686 
0.83 -81.5955 -5.09972 16 0.0443125 0.911375 8.07103e+18 -1.64541 -83.9497 -5.24686 
0.84 -81.5239 -5.09524 16 0.0451094 0.909781 7.84736e+18 -1.64958 -83.9497 -5.24686 
0.85 -81.5512 -5.09695 16 0.0444062 0.911188 8.04739e+18 -1.62827 -83.9497 -5.24686 
0.86 -81.4836 -5.09272 16 0.0449844 0.910031 8.21745e+18 -1.68377 -83.9497 -5.24686 
0.87 -81.6354 -5.10221 16 0.0434063 0.913188 8.92592e+18 -1.60441 -83.9497 -5.24686 
0.88 -81.4542 -5.09089 16 0.0467188 0.906563 8.42728e+18 -1.6619 -83.9497 -5.24686 
0.89 -81.1918 -5.07449 16 0.0469531 0.906094 8.1451e+18 -1.70788 -83.9497 -5.24686 
0.9 -81.4408 -5.09005 16 0.0450312 0.909937 9.16342e+18 -1.70282 -83.9497 -5.24686 
0.91 -81.3198 -5.08249 16 0.0457187 0.908562 8.49646e+18 -1.71477 -83.9497 -5.24686 
0.92 -81.3811 -5.08632 16 0.0458125 0.908375 9.15016e+18 -1.7148 -83.9497 -5.24686 
0.93 -81.2891 -5.08057 16 0.0458594 0.908281 8.36531e+18 -1.74637 -83.9497 -5.24686 
0.94 -81.4483 -5.09052 16 0.0456094 0.908781 7.89146e+18 -1.71016 -83.9497 -5.24686 
0.95 -81.1284 -5.07053 16 0.0472656 0.905469 8.27221e+18 -1.74569 -83.9497 -5.24686 
0.96 -81.2676 -5.07922 16 0.047625 0.90475 7.83785e+18 -1.76862 -83.9497 -5.24686 
0.97 -81.2448 -5.0778 16 0.0472031 0.905594 8.15433e+18 -1.73607 -83.9497 -5.24686 
0.98 -81.2415 -5.07759 16 0.0456719 0.908656 8.38895e+18 -1.75401 -83.9497 -5.24686 
0.99 -81.2113 -5.07571 16 0.046 0.908 8.32842e+18 -1.79527 -83.9497 -5.24686 
