#ClusterEigenvalue -17.0904
# g emean emean / nmean nmean domean / config->nTotalSites s2mean / config->nTotalSites staggmag / config->nTotalSites epert / config->nTotalSites ess->getGroundStateEnergy() * config->nClusters ess->getGroundStateEnergy() * config->nClusters / nmean 
0 -34.1808 -2.1363 16 0.124656 0.750687 6.86594e+18 0 -34.1808 -2.1363 
0.01 -34.2158 -2.13849 16 0.122344 0.755313 7.15503e+18 -0.0352405 -34.1808 -2.1363 
0.02 -34.201 -2.13756 16 0.121297 0.757406 6.96105e+18 -0.0201073 -34.1808 -2.1363 
0.03 -34.2248 -2.13905 16 0.122875 0.75425 6.9648e+18 -0.0460179 -34.1808 -2.1363 
0.04 -34.2371 -2.13982 16 0.124016 0.751969 6.88179e+18 -0.0587287 -34.1808 -2.1363 
0.05 -34.2775 -2.14234 16 0.123344 0.753313 6.89245e+18 -0.104679 -34.1808 -2.1363 
0.06 -34.3029 -2.14393 16 0.123156 0.753687 6.86767e+18 -0.138231 -34.1808 -2.1363 
0.07 -34.3188 -2.14492 16 0.123766 0.752469 7.02706e+18 -0.157662 -34.1808 -2.1363 
0.08 -34.3254 -2.14533 16 0.122672 0.754656 6.87112e+18 -0.167157 -34.1808 -2.1363 
0.09 -34.3134 -2.14459 16 0.121984 0.756031 7.12995e+18 -0.151707 -34.1808 -2.1363 
0.1 -34.3499 -2.14687 16 0.122516 0.754969 6.94289e+18 -0.200998 -34.1808 -2.1363 
0.11 -34.3605 -2.14753 16 0.126875 0.74625 6.70712e+18 -0.217382 -34.1808 -2.1363 
0.12 -34.3669 -2.14793 16 0.124141 0.751719 6.955e+18 -0.234258 -34.1808 -2.1363 
0.13 -34.4044 -2.15028 16 0.123359 0.753281 7.01322e+18 -0.293455 -34.1808 -2.1363 
0.14 -34.4039 -2.15025 16 0.125672 0.748656 6.95529e+18 -0.291532 -34.1808 -2.1363 
0.15 -34.4052 -2.15032 16 0.124438 0.751125 6.70856e+18 -0.295037 -34.1808 -2.1363 
0.16 -34.4233 -2.15146 16 0.124156 0.751688 6.96797e+18 -0.330729 -34.1808 -2.1363 
0.17 -34.4372 -2.15232 16 0.12525 0.7495 6.99333e+18 -0.356869 -34.1808 -2.1363 
0.18 -34.4324 -2.15202 16 0.122906 0.754187 6.89966e+18 -0.347482 -34.1808 -2.1363 
0.19 -34.437 -2.15231 16 0.121766 0.756469 6.95183e+18 -0.355827 -34.1808 -2.1363 
0.2 -34.4432 -2.1527 16 0.123422 0.753156 6.94606e+18 -0.375426 -34.1808 -2.1363 
0.21 -34.4685 -2.15428 16 0.127172 0.745656 6.79503e+18 -0.420493 -34.1808 -2.1363 
0.22 -34.464 -2.154 16 0.124438 0.751125 6.85152e+18 -0.446724 -34.1808 -2.1363 
0.23 -34.4797 -2.15498 16 0.125641 0.748719 6.97114e+18 -0.49329 -34.1808 -2.1363 
0.24 -34.4853 -2.15533 16 0.123812 0.752375 6.86594e+18 -0.475167 -34.1808 -2.1363 
0.25 -34.4926 -2.15579 16 0.125812 0.748375 7.11064e+18 -0.53042 -34.1808 -2.1363 
0.26 -34.483 -2.15519 16 0.125766 0.748469 6.76246e+18 -0.515777 -34.1808 -2.1363 
0.27 -34.4931 -2.15582 16 0.127703 0.744594 6.57684e+18 -0.5624 -34.1808 -2.1363 
0.28 -34.497 -2.15607 16 0.124641 0.750719 6.90312e+18 -0.565796 -34.1808 -2.1363 
0.29 -34.5072 -2.1567 16 0.125297 0.749406 6.93223e+18 -0.575456 -34.1808 -2.1363 
0.3 -34.5088 -2.1568 16 0.125641 0.748719 6.86622e+18 -0.60815 -34.1808 -2.1363 
0.31 -34.5142 -2.15714 16 0.127078 0.745844 6.73018e+18 -0.624767 -34.1808 -2.1363 
0.32 -34.5123 -2.15702 16 0.125094 0.749812 6.84778e+18 -0.634206 -34.1808 -2.1363 
0.33 -34.5026 -2.15642 16 0.127688 0.744625 6.96134e+18 -0.641254 -34.1808 -2.1363 
0.34 -34.5064 -2.15665 16 0.126016 0.747969 6.94635e+18 -0.69168 -34.1808 -2.1363 
0.35 -34.5097 -2.15686 16 0.128797 0.742406 6.86911e+18 -0.681321 -34.1808 -2.1363 
0.36 -34.5008 -2.1563 16 0.126781 0.746438 7.02965e+18 -0.735435 -34.1808 -2.1363 
0.37 -34.5022 -2.15639 16 0.128703 0.742594 6.94549e+18 -0.723821 -34.1808 -2.1363 
0.38 -34.497 -2.15606 16 0.130031 0.739937 6.77485e+18 -0.779925 -34.1808 -2.1363 
0.39 -34.4969 -2.15605 16 0.127188 0.745625 7.05271e+18 -0.766434 -34.1808 -2.1363 
0.4 -34.514 -2.15712 16 0.128375 0.74325 6.91724e+18 -0.803509 -34.1808 -2.1363 
0.41 -34.4938 -2.15586 16 0.127375 0.74525 6.80973e+18 -0.785501 -34.1808 -2.1363 
0.42 -34.5007 -2.15629 16 0.127547 0.744906 6.84432e+18 -0.813282 -34.1808 -2.1363 
0.43 -34.4982 -2.15613 16 0.127781 0.744438 6.86277e+18 -0.848343 -34.1808 -2.1363 
0.44 -34.4969 -2.15606 16 0.129469 0.741063 6.77745e+18 -0.855196 -34.1808 -2.1363 
0.45 -34.4908 -2.15567 16 0.130469 0.739062 6.76044e+18 -0.894524 -34.1808 -2.1363 
0.46 -34.4859 -2.15537 16 0.130297 0.739406 6.59759e+18 -0.899263 -34.1808 -2.1363 
0.47 -34.4685 -2.15428 16 0.128766 0.742469 6.78927e+18 -0.955214 -34.1808 -2.1363 
0.48 -34.4501 -2.15313 16 0.128969 0.742063 6.85959e+18 -0.963668 -34.1808 -2.1363 
0.49 -34.4679 -2.15424 16 0.130188 0.739625 6.69905e+18 -0.948994 -34.1808 -2.1363 
0.5 -34.4602 -2.15376 16 0.131125 0.73775 6.82443e+18 -0.982899 -34.1808 -2.1363 
0.51 -34.4562 -2.15351 16 0.129344 0.741312 6.77687e+18 -0.987329 -34.1808 -2.1363 
0.52 -34.451 -2.15319 16 0.129109 0.741781 7.053e+18 -1.01272 -34.1808 -2.1363 
0.53 -34.4274 -2.15171 16 0.131016 0.737969 6.89159e+18 -1.05917 -34.1808 -2.1363 
0.54 -34.4338 -2.15211 16 0.129422 0.741156 6.76909e+18 -1.05168 -34.1808 -2.1363 
0.55 -34.4127 -2.15079 16 0.129984 0.740031 6.73479e+18 -1.07712 -34.1808 -2.1363 
0.56 -34.4107 -2.15067 16 0.130203 0.739594 6.97777e+18 -1.0598 -34.1808 -2.1363 
0.57 -34.4136 -2.15085 16 0.132234 0.735531 6.70366e+18 -1.10444 -34.1808 -2.1363 
0.58 -34.3875 -2.14922 16 0.132859 0.734281 6.64342e+18 -1.13282 -34.1808 -2.1363 
0.59 -34.4226 -2.15141 16 0.129172 0.741656 7.03196e+18 -1.1299 -34.1808 -2.1363 
0.6 -34.3569 -2.14731 16 0.132578 0.734844 6.80483e+18 -1.17506 -34.1808 -2.1363 
0.61 -34.3719 -2.14824 16 0.134063 0.731875 6.79878e+18 -1.16406 -34.1808 -2.1363 
0.62 -34.3894 -2.14934 16 0.132734 0.734531 6.80627e+18 -1.17589 -34.1808 -2.1363 
0.63 -34.3834 -2.14896 16 0.129234 0.741531 6.81405e+18 -1.18664 -34.1808 -2.1363 
0.64 -34.3725 -2.14828 16 0.131172 0.737656 6.73393e+18 -1.24333 -34.1808 -2.1363 
0.65 -34.3731 -2.14832 16 0.130859 0.738281 6.81405e+18 -1.2345 -34.1808 -2.1363 
0.66 -34.351 -2.14694 16 0.132531 0.734938 6.85095e+18 -1.2172 -34.1808 -2.1363 
0.67 -34.3358 -2.14599 16 0.131938 0.736125 6.63449e+18 -1.25508 -34.1808 -2.1363 
0.68 -34.3327 -2.14579 16 0.133125 0.73375 6.70741e+18 -1.26137 -34.1808 -2.1363 
0.69 -34.3241 -2.14526 16 0.132469 0.735063 6.94289e+18 -1.31737 -34.1808 -2.1363 
0.7 -34.3046 -2.14404 16 0.133656 0.732687 6.78754e+18 -1.32097 -34.1808 -2.1363 
0.71 -34.3185 -2.14491 16 0.132906 0.734187 6.7126e+18 -1.2903 -34.1808 -2.1363 
0.72 -34.2577 -2.14111 16 0.133797 0.732406 6.94952e+18 -1.34186 -34.1808 -2.1363 
0.73 -34.264 -2.1415 16 0.133391 0.733219 7.02994e+18 -1.33701 -34.1808 -2.1363 
0.74 -34.259 -2.14119 16 0.136734 0.726531 6.87775e+18 -1.36616 -34.1808 -2.1363 
0.75 -34.2559 -2.14099 16 0.135531 0.728938 6.62382e+18 -1.3366 -34.1808 -2.1363 
0.76 -34.2206 -2.13879 16 0.135156 0.729687 6.93886e+18 -1.4085 -34.1808 -2.1363 
0.77 -34.2146 -2.13842 16 0.134766 0.730469 6.808e+18 -1.43566 -34.1808 -2.1363 
0.78 -34.2097 -2.13811 16 0.134047 0.731906 6.79791e+18 -1.387 -34.1808 -2.1363 
0.79 -34.2126 -2.13829 16 0.136266 0.727469 6.85095e+18 -1.42542 -34.1808 -2.1363 
0.8 -34.1703 -2.13564 16 0.135922 0.728156 6.759e+18 -1.45699 -34.1808 -2.1363 
0.81 -34.1739 -2.13587 16 0.135953 0.728094 6.68867e+18 -1.44316 -34.1808 -2.1363 
0.82 -34.159 -2.13494 16 0.135188 0.729625 6.93136e+18 -1.47842 -34.1808 -2.1363 
0.83 -34.1634 -2.13521 16 0.1365 0.727 6.73508e+18 -1.47627 -34.1808 -2.1363 
0.84 -34.1137 -2.13211 16 0.137094 0.725812 6.53015e+18 -1.50109 -34.1808 -2.1363 
0.85 -34.11 -2.13188 16 0.133875 0.73225 6.86709e+18 -1.49544 -34.1808 -2.1363 
0.86 -34.1671 -2.13544 16 0.134828 0.730344 6.65149e+18 -1.49734 -34.1808 -2.1363 
0.87 -34.1597 -2.13498 16 0.136641 0.726719 6.49498e+18 -1.51353 -34.1808 -2.1363 
0.88 -34.1506 -2.13441 16 0.133469 0.733062 6.75727e+18 -1.50488 -34.1808 -2.1363 
0.89 -34.0954 -2.13096 16 0.133469 0.733063 6.75007e+18 -1.54863 -34.1808 -2.1363 
0.9 -34.1038 -2.13148 16 0.133844 0.732313 6.75036e+18 -1.55959 -34.1808 -2.1363 
0.91 -34.0901 -2.13063 16 0.136359 0.727281 6.62901e+18 -1.56523 -34.1808 -2.1363 
0.92 -34.0667 -2.12917 16 0.133016 0.733969 6.55753e+18 -1.57447 -34.1808 -2.1363 
0.93 -34.0533 -2.12833 16 0.135922 0.728156 6.67916e+18 -1.57984 -34.1808 -2.1363 
0.94 -34.037 -2.12731 16 0.135516 0.728969 6.48518e+18 -1.58411 -34.1808 -2.1363 
0.95 -34.0776 -2.12985 16 0.133813 0.732375 6.62728e+18 -1.59655 -34.1808 -2.1363 
0.96 -34.0089 -2.12556 16 0.136188 0.727625 6.77111e+18 -1.6285 -34.1808 -2.1363 
0.97 -33.9885 -2.12428 16 0.137688 0.724625 6.72787e+18 -1.63123 -34.1808 -2.1363 
0.98 -33.9938 -2.12461 16 0.136797 0.726406 6.79561e+18 -1.63619 -34.1808 -2.1363 
0.99 -33.9735 -2.12335 16 0.136625 0.72675 6.56128e+18 -1.64962 -34.1808 -2.1363 
