#ClusterEigenvalue -13.2827
0 -26.5654 -2.21378 12 0.127208 0.745583 -0.01075 -26.5654 -2.21378 
0.01 -26.6366 -2.21972 12 0.126417 0.747167 0.00341667 -26.5654 -2.21378 
0.02 -26.6478 -2.22065 12 0.125208 0.749583 0.00591667 -26.5654 -2.21378 
0.03 -26.6877 -2.22398 12 0.126646 0.746708 0.0152917 -26.5654 -2.21378 
0.04 -26.7234 -2.22695 12 0.127896 0.744208 0.01875 -26.5654 -2.21378 
0.05 -26.7686 -2.23072 12 0.127792 0.744417 -0.0015 -26.5654 -2.21378 
0.06 -26.7971 -2.23309 12 0.12825 0.7435 -0.00333333 -26.5654 -2.21378 
0.07 -26.8273 -2.23561 12 0.128 0.744 0.00404167 -26.5654 -2.21378 
0.08 -26.8762 -2.23968 12 0.127396 0.745208 0.00758333 -26.5654 -2.21378 
0.09 -26.9183 -2.24319 12 0.126021 0.747958 -0.00279167 -26.5654 -2.21378 
0.1 -26.9282 -2.24402 12 0.128312 0.743375 -0.0258333 -26.5654 -2.21378 
0.11 -26.9389 -2.24491 12 0.127812 0.744375 0.00216667 -26.5654 -2.21378 
0.12 -26.9708 -2.24757 12 0.128771 0.742458 -0.00295833 -26.5654 -2.21378 
0.13 -26.973 -2.24775 12 0.129375 0.74125 0.00483333 -26.5654 -2.21378 
0.14 -27.0207 -2.25172 12 0.128896 0.742208 -0.00666667 -26.5654 -2.21378 
0.15 -27.0385 -2.25321 12 0.130979 0.738042 -0.0162083 -26.5654 -2.21378 
0.16 -27.0776 -2.25646 12 0.130042 0.739917 -0.001 -26.5654 -2.21378 
0.17 -27.0858 -2.25715 12 0.131521 0.736958 0.004875 -26.5654 -2.21378 
0.18 -27.0761 -2.25634 12 0.129625 0.74075 0.00883333 -26.5654 -2.21378 
0.19 -27.0801 -2.25668 12 0.129542 0.740917 -0.0121667 -26.5654 -2.21378 
0.2 -27.1007 -2.25839 12 0.131354 0.737292 -0.00625 -26.5654 -2.21378 
0.21 -27.0824 -2.25687 12 0.130208 0.739583 -0.007125 -26.5654 -2.21378 
0.22 -27.1103 -2.2592 12 0.130812 0.738375 -0.00275 -26.5654 -2.21378 
0.23 -27.1044 -2.2587 12 0.132979 0.734042 0.0131667 -26.5654 -2.21378 
0.24 -27.1151 -2.25959 12 0.133687 0.732625 -0.0120833 -26.5654 -2.21378 
0.25 -27.1228 -2.26023 12 0.135229 0.729542 -0.003625 -26.5654 -2.21378 
0.26 -27.1197 -2.25997 12 0.132833 0.734333 -0.00404167 -26.5654 -2.21378 
0.27 -27.1155 -2.25963 12 0.135479 0.729042 0.00345833 -26.5654 -2.21378 
0.28 -27.0889 -2.25741 12 0.136083 0.727833 -0.009625 -26.5654 -2.21378 
0.29 -27.1241 -2.26034 12 0.134958 0.730083 -0.0199167 -26.5654 -2.21378 
0.3 -27.0904 -2.25753 12 0.137208 0.725583 0.000416667 -26.5654 -2.21378 
0.31 -27.0445 -2.25371 12 0.137521 0.724958 -0.0110417 -26.5654 -2.21378 
0.32 -27.0455 -2.25379 12 0.137375 0.72525 0.00454167 -26.5654 -2.21378 
0.33 -27.058 -2.25483 12 0.13625 0.7275 0.007 -26.5654 -2.21378 
0.34 -27.0714 -2.25595 12 0.135 0.73 -0.002625 -26.5654 -2.21378 
0.35 -27.02 -2.25167 12 0.136125 0.72775 0.003 -26.5654 -2.21378 
0.36 -27.0001 -2.25001 12 0.137104 0.725792 -0.00470833 -26.5654 -2.21378 
0.37 -26.9684 -2.24737 12 0.139146 0.721708 0.00225 -26.5654 -2.21378 
0.38 -26.9464 -2.24553 12 0.139479 0.721042 0.00341667 -26.5654 -2.21378 
0.39 -26.9285 -2.24404 12 0.140146 0.719708 -0.00120833 -26.5654 -2.21378 
0.4 -26.8994 -2.24162 12 0.140979 0.718042 -0.012875 -26.5654 -2.21378 
0.41 -26.925 -2.24375 12 0.139625 0.72075 -0.003875 -26.5654 -2.21378 
0.42 -26.8465 -2.23721 12 0.143354 0.713292 -0.009125 -26.5654 -2.21378 
0.43 -26.8432 -2.23694 12 0.141937 0.716125 -0.00370833 -26.5654 -2.21378 
0.44 -26.7922 -2.23268 12 0.142104 0.715792 0.0108333 -26.5654 -2.21378 
0.45 -26.7969 -2.23307 12 0.142521 0.714958 -0.00454167 -26.5654 -2.21378 
0.46 -26.7013 -2.2251 12 0.142208 0.715583 -0.0115833 -26.5654 -2.21378 
0.47 -26.7064 -2.22554 12 0.142 0.716 0.00929167 -26.5654 -2.21378 
0.48 -26.6556 -2.2213 12 0.141771 0.716458 -0.009875 -26.5654 -2.21378 
0.49 -26.6572 -2.22143 12 0.145271 0.709458 0.00866667 -26.5654 -2.21378 
0.5 -26.6463 -2.22053 12 0.145479 0.709042 -0.007125 -26.5654 -2.21378 
0.51 -26.5966 -2.21638 12 0.1445 0.711 -0.00754167 -26.5654 -2.21378 
0.52 -26.545 -2.21208 12 0.145917 0.708167 0.00591667 -26.5654 -2.21378 
0.53 -26.5491 -2.21243 12 0.143771 0.712458 0.000708333 -26.5654 -2.21378 
0.54 -26.5031 -2.20859 12 0.144854 0.710292 -0.00516667 -26.5654 -2.21378 
0.55 -26.397 -2.19975 12 0.144458 0.711083 -0.00129167 -26.5654 -2.21378 
0.56 -26.3263 -2.19385 12 0.146708 0.706583 0.0108333 -26.5654 -2.21378 
0.57 -26.3652 -2.1971 12 0.146542 0.706917 -0.00570833 -26.5654 -2.21378 
0.58 -26.2912 -2.19093 12 0.148979 0.702042 -0.00125 -26.5654 -2.21378 
0.59 -26.2828 -2.19024 12 0.146792 0.706417 -0.002625 -26.5654 -2.21378 
0.6 -26.128 -2.17733 12 0.149646 0.700708 0.00620833 -26.5654 -2.21378 
0.61 -26.2527 -2.18772 12 0.146937 0.706125 0.005 -26.5654 -2.21378 
0.62 -26.1513 -2.17928 12 0.148542 0.702917 0.008375 -26.5654 -2.21378 
0.63 -26.0942 -2.17452 12 0.149146 0.701708 0.00333333 -26.5654 -2.21378 
0.64 -26.0012 -2.16677 12 0.148312 0.703375 0.010875 -26.5654 -2.21378 
0.65 -26.1014 -2.17511 12 0.150188 0.699625 0.00158333 -26.5654 -2.21378 
0.66 -26.0025 -2.16687 12 0.149688 0.700625 0.00175 -26.5654 -2.21378 
0.67 -25.9627 -2.16355 12 0.150375 0.69925 -0.00491667 -26.5654 -2.21378 
0.68 -25.8855 -2.15712 12 0.148042 0.703917 -0.00370833 -26.5654 -2.21378 
0.69 -25.8945 -2.15788 12 0.150542 0.698917 -0.00304167 -26.5654 -2.21378 
0.7 -25.8833 -2.15694 12 0.149354 0.701292 0.0139167 -26.5654 -2.21378 
0.71 -25.681 -2.14008 12 0.153062 0.693875 0.00870833 -26.5654 -2.21378 
0.72 -25.8081 -2.15068 12 0.151833 0.696333 -0.00741667 -26.5654 -2.21378 
0.73 -25.6049 -2.13374 12 0.153146 0.693708 0.001125 -26.5654 -2.21378 
0.74 -25.656 -2.138 12 0.153 0.694 0.00433333 -26.5654 -2.21378 
0.75 -25.66 -2.13833 12 0.152896 0.694208 -0.00395833 -26.5654 -2.21378 
0.76 -25.5428 -2.12857 12 0.154062 0.691875 -0.00395833 -26.5654 -2.21378 
0.77 -25.4977 -2.12481 12 0.150875 0.69825 0.007125 -26.5654 -2.21378 
0.78 -25.4715 -2.12263 12 0.152771 0.694458 -0.000375 -26.5654 -2.21378 
0.79 -25.4564 -2.12137 12 0.150438 0.699125 -0.011125 -26.5654 -2.21378 
0.8 -25.3284 -2.1107 12 0.150813 0.698375 0.00654167 -26.5654 -2.21378 
0.81 -25.3313 -2.11094 12 0.151479 0.697042 0.00291667 -26.5654 -2.21378 
0.82 -25.3535 -2.11279 12 0.151771 0.696458 -0.00270833 -26.5654 -2.21378 
0.83 -25.2992 -2.10826 12 0.153583 0.692833 0.00525 -26.5654 -2.21378 
0.84 -25.2916 -2.10763 12 0.151063 0.697875 0.00666667 -26.5654 -2.21378 
0.85 -25.2105 -2.10087 12 0.150917 0.698167 0.00170833 -26.5654 -2.21378 
0.86 -25.2329 -2.10275 12 0.152479 0.695042 -0.00575 -26.5654 -2.21378 
0.87 -25.0913 -2.09095 12 0.154833 0.690333 -0.00258333 -26.5654 -2.21378 
0.88 -25.1114 -2.09261 12 0.152396 0.695208 -0.0095 -26.5654 -2.21378 
0.89 -25.0684 -2.08903 12 0.152688 0.694625 0.00691667 -26.5654 -2.21378 
0.9 -24.9689 -2.08074 12 0.153833 0.692333 0.0124583 -26.5654 -2.21378 
0.91 -24.8913 -2.07428 12 0.152146 0.695708 0.00933333 -26.5654 -2.21378 
0.92 -24.9967 -2.08306 12 0.153812 0.692375 -0.004125 -26.5654 -2.21378 
0.93 -24.909 -2.07575 12 0.153542 0.692917 -0.00641667 -26.5654 -2.21378 
0.94 -24.8497 -2.07081 12 0.153229 0.693542 -0.00941667 -26.5654 -2.21378 
0.95 -24.8375 -2.06979 12 0.152833 0.694333 0.005 -26.5654 -2.21378 
0.96 -24.712 -2.05933 12 0.152708 0.694583 -0.00945833 -26.5654 -2.21378 
0.97 -24.7599 -2.06333 12 0.152354 0.695292 -0.003125 -26.5654 -2.21378 
0.98 -24.665 -2.05542 12 0.152792 0.694417 0.00025 -26.5654 -2.21378 
0.99 -24.7538 -2.06281 12 0.152208 0.695583 0.002375 -26.5654 -2.21378 
