#ClusterEigenvalue -23.425
0 -46.85 -3.90417 12 0.047625 0.90475 -0.00333333 -46.85 -3.90417 
0.01 -46.8716 -3.90597 12 0.0453333 0.909333 -0.0244583 -46.85 -3.90417 
0.02 -46.9312 -3.91093 12 0.0438333 0.912333 -0.00325 -46.85 -3.90417 
0.03 -46.9556 -3.91297 12 0.0460625 0.907875 0.0154583 -46.85 -3.90417 
0.04 -47.0036 -3.91697 12 0.046875 0.90625 -0.0296667 -46.85 -3.90417 
0.05 -47.0013 -3.91677 12 0.047 0.906 -0.03825 -46.85 -3.90417 
0.06 -47.0524 -3.92104 12 0.0453958 0.909208 -0.013 -46.85 -3.90417 
0.07 -47.0632 -3.92193 12 0.0459583 0.908083 -0.0372917 -46.85 -3.90417 
0.08 -47.0453 -3.92044 12 0.0484375 0.903125 0.0277917 -46.85 -3.90417 
0.09 -47.1065 -3.92554 12 0.0460208 0.907958 0.0242917 -46.85 -3.90417 
0.1 -47.1248 -3.92707 12 0.0473333 0.905333 -0.0186667 -46.85 -3.90417 
0.11 -47.1316 -3.92763 12 0.0484167 0.903167 0.00125 -46.85 -3.90417 
0.12 -47.1362 -3.92802 12 0.0460833 0.907833 0.0287917 -46.85 -3.90417 
0.13 -47.1392 -3.92826 12 0.0479375 0.904125 0.019 -46.85 -3.90417 
0.14 -47.1226 -3.92688 12 0.0490417 0.901917 0.0270833 -46.85 -3.90417 
0.15 -47.1164 -3.92637 12 0.0487708 0.902458 -0.0387917 -46.85 -3.90417 
0.16 -47.1161 -3.92634 12 0.0508542 0.898292 0.000666667 -46.85 -3.90417 
0.17 -47.0946 -3.92455 12 0.0506458 0.898708 0.0384583 -46.85 -3.90417 
0.18 -47.0985 -3.92487 12 0.0505625 0.898875 0.0104583 -46.85 -3.90417 
0.19 -47.1127 -3.92606 12 0.0500208 0.899958 -0.00445833 -46.85 -3.90417 
0.2 -47.0769 -3.92307 12 0.0522917 0.895417 -0.0290417 -46.85 -3.90417 
0.21 -47.0452 -3.92044 12 0.0531667 0.893667 0.000916667 -46.85 -3.90417 
0.22 -47.0078 -3.91731 12 0.054 0.892 -0.0235 -46.85 -3.90417 
0.23 -46.9495 -3.91246 12 0.0528542 0.894292 0.0240417 -46.85 -3.90417 
0.24 -46.9542 -3.91285 12 0.0546667 0.890667 -0.0116667 -46.85 -3.90417 
0.25 -46.9211 -3.91009 12 0.0540208 0.891958 0.019375 -46.85 -3.90417 
0.26 -46.8273 -3.90227 12 0.0570417 0.885917 0.017875 -46.85 -3.90417 
0.27 -46.9087 -3.90906 12 0.0555208 0.888958 -0.01675 -46.85 -3.90417 
0.28 -46.7958 -3.89965 12 0.0561458 0.887708 0.003 -46.85 -3.90417 
0.29 -46.7135 -3.89279 12 0.0582083 0.883583 0.0171667 -46.85 -3.90417 
0.3 -46.7105 -3.89254 12 0.0599583 0.880083 -0.0331667 -46.85 -3.90417 
0.31 -46.7494 -3.89578 12 0.0584792 0.883042 0.0116667 -46.85 -3.90417 
0.32 -46.6318 -3.88599 12 0.0585833 0.882833 -0.0162083 -46.85 -3.90417 
0.33 -46.4486 -3.87071 12 0.0623333 0.875333 -0.00245833 -46.85 -3.90417 
0.34 -46.4755 -3.87296 12 0.0629583 0.874083 0.00491667 -46.85 -3.90417 
0.35 -46.463 -3.87192 12 0.06475 0.8705 0.0137917 -46.85 -3.90417 
0.36 -46.307 -3.85892 12 0.0665417 0.866917 -0.00179167 -46.85 -3.90417 
0.37 -46.2481 -3.85401 12 0.0648125 0.870375 -0.0382917 -46.85 -3.90417 
0.38 -46.075 -3.83959 12 0.067 0.866 -0.0129167 -46.85 -3.90417 
0.39 -46.1975 -3.84979 12 0.066875 0.86625 0.014 -46.85 -3.90417 
0.4 -46.0042 -3.83368 12 0.0696875 0.860625 0.01675 -46.85 -3.90417 
0.41 -46.0012 -3.83343 12 0.0685625 0.862875 -0.0270417 -46.85 -3.90417 
0.42 -45.8339 -3.81949 12 0.0713333 0.857333 0.00841667 -46.85 -3.90417 
0.43 -45.723 -3.81025 12 0.073625 0.85275 0.024125 -46.85 -3.90417 
0.44 -45.7287 -3.81073 12 0.0704792 0.859042 0.0221667 -46.85 -3.90417 
0.45 -45.6075 -3.80062 12 0.0728125 0.854375 -0.022 -46.85 -3.90417 
0.46 -45.5812 -3.79843 12 0.07375 0.8525 0.0189583 -46.85 -3.90417 
0.47 -45.5129 -3.79275 12 0.0742083 0.851583 -0.0137917 -46.85 -3.90417 
0.48 -45.3013 -3.77511 12 0.0756875 0.848625 -0.0256667 -46.85 -3.90417 
0.49 -45.4151 -3.78459 12 0.0765417 0.846917 -0.0100833 -46.85 -3.90417 
0.5 -45.3975 -3.78313 12 0.0750833 0.849833 0.00025 -46.85 -3.90417 
0.51 -44.9875 -3.74896 12 0.0795208 0.840958 0.0174167 -46.85 -3.90417 
0.52 -44.9961 -3.74968 12 0.0784375 0.843125 -0.000625 -46.85 -3.90417 
0.53 -44.9246 -3.74371 12 0.0820833 0.835833 -0.00908333 -46.85 -3.90417 
0.54 -45.0397 -3.75331 12 0.078625 0.84275 -0.0005 -46.85 -3.90417 
0.55 -44.7983 -3.73319 12 0.0815833 0.836833 0.0181667 -46.85 -3.90417 
0.56 -44.7778 -3.73148 12 0.0824167 0.835167 0.029625 -46.85 -3.90417 
0.57 -44.7114 -3.72595 12 0.0828542 0.834292 -0.00333333 -46.85 -3.90417 
0.58 -44.4858 -3.70715 12 0.0837083 0.832583 -0.0260833 -46.85 -3.90417 
0.59 -44.6215 -3.71846 12 0.0842083 0.831583 0.0173333 -46.85 -3.90417 
0.6 -44.4435 -3.70362 12 0.084625 0.83075 0.004 -46.85 -3.90417 
0.61 -44.1883 -3.68236 12 0.0880833 0.823833 0.013625 -46.85 -3.90417 
0.62 -44.2245 -3.68537 12 0.0857083 0.828583 -8.33333e-05 -46.85 -3.90417 
0.63 -44.1214 -3.67678 12 0.0882292 0.823542 -0.01525 -46.85 -3.90417 
0.64 -44.0537 -3.67114 12 0.0895417 0.820917 -0.00441667 -46.85 -3.90417 
0.65 -44.2019 -3.68349 12 0.0887083 0.822583 0.0124583 -46.85 -3.90417 
0.66 -44.0804 -3.67336 12 0.0879375 0.824125 0.0180833 -46.85 -3.90417 
0.67 -43.9366 -3.66138 12 0.0891458 0.821708 0.00508333 -46.85 -3.90417 
0.68 -43.8471 -3.65392 12 0.0882292 0.823542 0.0249167 -46.85 -3.90417 
0.69 -43.7931 -3.64943 12 0.0907917 0.818417 0.00483333 -46.85 -3.90417 
0.7 -43.5913 -3.63261 12 0.0912083 0.817583 0.0195 -46.85 -3.90417 
0.71 -43.3742 -3.61452 12 0.092125 0.81575 0.000541667 -46.85 -3.90417 
0.72 -43.5232 -3.62693 12 0.0909375 0.818125 -0.0108333 -46.85 -3.90417 
0.73 -43.4454 -3.62045 12 0.0937708 0.812458 0.00975 -46.85 -3.90417 
0.74 -43.4672 -3.62227 12 0.0930833 0.813833 -0.000208333 -46.85 -3.90417 
0.75 -43.3458 -3.61215 12 0.0940208 0.811958 -0.00358333 -46.85 -3.90417 
0.76 -43.3355 -3.6113 12 0.0931042 0.813792 -0.0178333 -46.85 -3.90417 
0.77 -43.3552 -3.61293 12 0.0911042 0.817792 0.00816667 -46.85 -3.90417 
0.78 -43.2083 -3.60069 12 0.0957292 0.808542 0.0176667 -46.85 -3.90417 
0.79 -43.151 -3.59592 12 0.0941667 0.811667 -0.013875 -46.85 -3.90417 
0.8 -42.8038 -3.56698 12 0.0965625 0.806875 -0.00229167 -46.85 -3.90417 
0.81 -42.8625 -3.57187 12 0.0950833 0.809833 -0.00804167 -46.85 -3.90417 
0.82 -42.7235 -3.56029 12 0.0966667 0.806667 0.0309583 -46.85 -3.90417 
0.83 -42.6998 -3.55832 12 0.0972917 0.805417 0.02 -46.85 -3.90417 
0.84 -42.7189 -3.55991 12 0.096625 0.80675 0.00891667 -46.85 -3.90417 
0.85 -42.7826 -3.56522 12 0.0950833 0.809833 -0.024875 -46.85 -3.90417 
0.86 -42.7356 -3.5613 12 0.0946875 0.810625 -0.00395833 -46.85 -3.90417 
0.87 -42.7045 -3.55871 12 0.0977708 0.804458 -0.00529167 -46.85 -3.90417 
0.88 -42.5851 -3.54876 12 0.0972917 0.805417 0.015625 -46.85 -3.90417 
0.89 -42.5723 -3.54769 12 0.09575 0.8085 0.0104167 -46.85 -3.90417 
0.9 -42.4683 -3.53903 12 0.0984375 0.803125 -0.00779167 -46.85 -3.90417 
0.91 -42.2904 -3.5242 12 0.0985417 0.802917 0.0119167 -46.85 -3.90417 
0.92 -42.3791 -3.5316 12 0.0981875 0.803625 -0.0112083 -46.85 -3.90417 
0.93 -42.3772 -3.53143 12 0.0979792 0.804042 -0.00991667 -46.85 -3.90417 
0.94 -42.4434 -3.53695 12 0.09725 0.8055 0.0109583 -46.85 -3.90417 
0.95 -42.2641 -3.522 12 0.0985 0.803 0.000666667 -46.85 -3.90417 
0.96 -42.2973 -3.52478 12 0.0995417 0.800917 0.008625 -46.85 -3.90417 
0.97 -42.0478 -3.50398 12 0.0993125 0.801375 0.00691667 -46.85 -3.90417 
0.98 -42.0187 -3.50156 12 0.09875 0.8025 0.00204167 -46.85 -3.90417 
0.99 -42.1237 -3.51031 12 0.100708 0.798583 0.02425 -46.85 -3.90417 
