#ClusterEigenvalue -18.1177
0 -36.2354 -3.01962 12 0.07425 0.8515 -0.00520833 -36.2354 -3.01962 
0.01 -36.3041 -3.02534 12 0.073125 0.85375 0.0140833 -36.2354 -3.01962 
0.02 -36.2925 -3.02437 12 0.0752292 0.849542 0.0223333 -36.2354 -3.01962 
0.03 -36.3512 -3.02926 12 0.0731875 0.853625 -0.0320417 -36.2354 -3.01962 
0.04 -36.3734 -3.03111 12 0.0721667 0.855667 -0.0100417 -36.2354 -3.01962 
0.05 -36.4254 -3.03545 12 0.0727083 0.854583 -0.00829167 -36.2354 -3.01962 
0.06 -36.4459 -3.03716 12 0.0718542 0.856292 -0.0158333 -36.2354 -3.01962 
0.07 -36.4853 -3.04044 12 0.0739792 0.852042 -0.00608333 -36.2354 -3.01962 
0.08 -36.5255 -3.04379 12 0.0734583 0.853083 0.00883333 -36.2354 -3.01962 
0.09 -36.5395 -3.04496 12 0.0751042 0.849792 0.00366667 -36.2354 -3.01962 
0.1 -36.5514 -3.04595 12 0.0739375 0.852125 -0.02125 -36.2354 -3.01962 
0.11 -36.5741 -3.04784 12 0.0734375 0.853125 0.003875 -36.2354 -3.01962 
0.12 -36.5598 -3.04665 12 0.0739792 0.852042 -0.00933333 -36.2354 -3.01962 
0.13 -36.5949 -3.04958 12 0.0763333 0.847333 -0.00841667 -36.2354 -3.01962 
0.14 -36.5999 -3.04999 12 0.0771042 0.845792 -0.025125 -36.2354 -3.01962 
0.15 -36.6003 -3.05002 12 0.0752708 0.849458 0.0104167 -36.2354 -3.01962 
0.16 -36.6097 -3.05081 12 0.076 0.848 -0.00366667 -36.2354 -3.01962 
0.17 -36.6058 -3.05049 12 0.0769375 0.846125 0.02625 -36.2354 -3.01962 
0.18 -36.6143 -3.0512 12 0.07575 0.8485 0.01175 -36.2354 -3.01962 
0.19 -36.6204 -3.0517 12 0.0773958 0.845208 0.005625 -36.2354 -3.01962 
0.2 -36.5845 -3.04871 12 0.0780833 0.843833 -0.00658333 -36.2354 -3.01962 
0.21 -36.5942 -3.04952 12 0.0775833 0.844833 0.0254583 -36.2354 -3.01962 
0.22 -36.6084 -3.0507 12 0.0773542 0.845292 -0.014375 -36.2354 -3.01962 
0.23 -36.6026 -3.05021 12 0.079625 0.84075 0.00320833 -36.2354 -3.01962 
0.24 -36.5287 -3.04406 12 0.0825208 0.834958 -0.00108333 -36.2354 -3.01962 
0.25 -36.5233 -3.04361 12 0.0812917 0.837417 0.0217917 -36.2354 -3.01962 
0.26 -36.5022 -3.04185 12 0.0826875 0.834625 0.00491667 -36.2354 -3.01962 
0.27 -36.5164 -3.04303 12 0.0823333 0.835333 0.0152917 -36.2354 -3.01962 
0.28 -36.4488 -3.0374 12 0.0826875 0.834625 0.012375 -36.2354 -3.01962 
0.29 -36.501 -3.04175 12 0.0825 0.835 0.00429167 -36.2354 -3.01962 
0.3 -36.4311 -3.03592 12 0.0850833 0.829833 -0.0195833 -36.2354 -3.01962 
0.31 -36.3918 -3.03265 12 0.085125 0.82975 -0.012 -36.2354 -3.01962 
0.32 -36.3733 -3.03111 12 0.08625 0.8275 -0.004125 -36.2354 -3.01962 
0.33 -36.2922 -3.02435 12 0.088125 0.82375 -0.008 -36.2354 -3.01962 
0.34 -36.3089 -3.02574 12 0.0863958 0.827208 -0.00804167 -36.2354 -3.01962 
0.35 -36.3413 -3.02844 12 0.0857708 0.828458 0.00704167 -36.2354 -3.01962 
0.36 -36.175 -3.01458 12 0.09025 0.8195 0.001125 -36.2354 -3.01962 
0.37 -36.1347 -3.01122 12 0.0907083 0.818583 0.00370833 -36.2354 -3.01962 
0.38 -36.1653 -3.01378 12 0.087875 0.82425 0.019 -36.2354 -3.01962 
0.39 -36.0215 -3.00179 12 0.09075 0.8185 -0.001875 -36.2354 -3.01962 
0.4 -36.1031 -3.00859 12 0.0910833 0.817833 -0.00291667 -36.2354 -3.01962 
0.41 -36.0281 -3.00234 12 0.0907917 0.818417 -0.00958333 -36.2354 -3.01962 
0.42 -35.9456 -2.99547 12 0.0929583 0.814083 -0.029875 -36.2354 -3.01962 
0.43 -35.8607 -2.98839 12 0.0955625 0.808875 -0.0297083 -36.2354 -3.01962 
0.44 -35.7283 -2.97736 12 0.0952917 0.809417 -0.0104167 -36.2354 -3.01962 
0.45 -35.8084 -2.98403 12 0.0953333 0.809333 0.011875 -36.2354 -3.01962 
0.46 -35.7558 -2.97965 12 0.0940625 0.811875 0.00216667 -36.2354 -3.01962 
0.47 -35.6037 -2.96697 12 0.0974792 0.805042 0.001875 -36.2354 -3.01962 
0.48 -35.6056 -2.96713 12 0.0993542 0.801292 0.014375 -36.2354 -3.01962 
0.49 -35.6373 -2.96978 12 0.0964167 0.807167 -0.028375 -36.2354 -3.01962 
0.5 -35.497 -2.95809 12 0.0990208 0.801958 -0.00816667 -36.2354 -3.01962 
0.51 -35.3884 -2.94903 12 0.100042 0.799917 0.00404167 -36.2354 -3.01962 
0.52 -35.4667 -2.95556 12 0.100458 0.799083 0.0239167 -36.2354 -3.01962 
0.53 -35.2807 -2.94006 12 0.101875 0.79625 -0.009 -36.2354 -3.01962 
0.54 -35.4456 -2.9538 12 0.101437 0.797125 0.0197083 -36.2354 -3.01962 
0.55 -35.1575 -2.92979 12 0.102875 0.79425 -0.004375 -36.2354 -3.01962 
0.56 -35.1895 -2.93246 12 0.101333 0.797333 0.0171667 -36.2354 -3.01962 
0.57 -34.9388 -2.91157 12 0.103708 0.792583 0.0075 -36.2354 -3.01962 
0.58 -35.1504 -2.9292 12 0.100583 0.798833 0.0146667 -36.2354 -3.01962 
0.59 -34.9428 -2.9119 12 0.103604 0.792792 0.00170833 -36.2354 -3.01962 
0.6 -34.8583 -2.90486 12 0.106938 0.786125 -0.00883333 -36.2354 -3.01962 
0.61 -34.7118 -2.89265 12 0.107875 0.78425 0.0165 -36.2354 -3.01962 
0.62 -34.7673 -2.89727 12 0.104521 0.790958 0.0276667 -36.2354 -3.01962 
0.63 -34.7325 -2.89437 12 0.107917 0.784167 0.006625 -36.2354 -3.01962 
0.64 -34.7389 -2.89491 12 0.1055 0.789 -0.0239167 -36.2354 -3.01962 
0.65 -34.5294 -2.87745 12 0.108563 0.782875 -0.00995833 -36.2354 -3.01962 
0.66 -34.4296 -2.86913 12 0.108646 0.782708 -0.00375 -36.2354 -3.01962 
0.67 -34.5266 -2.87722 12 0.109563 0.780875 -0.01575 -36.2354 -3.01962 
0.68 -34.4397 -2.86997 12 0.108562 0.782875 0.0145833 -36.2354 -3.01962 
0.69 -34.4503 -2.87086 12 0.107708 0.784583 -0.0125833 -36.2354 -3.01962 
0.7 -34.3931 -2.86609 12 0.107771 0.784458 -0.01825 -36.2354 -3.01962 
0.71 -34.256 -2.85466 12 0.109021 0.781958 -0.00341667 -36.2354 -3.01962 
0.72 -34.3001 -2.85834 12 0.111812 0.776375 -0.004625 -36.2354 -3.01962 
0.73 -34.0725 -2.83938 12 0.111604 0.776792 -0.005125 -36.2354 -3.01962 
0.74 -34.1196 -2.8433 12 0.113333 0.773333 0.0115417 -36.2354 -3.01962 
0.75 -33.9518 -2.82931 12 0.109187 0.781625 0.00291667 -36.2354 -3.01962 
0.76 -33.9924 -2.8327 12 0.111521 0.776958 0.00158333 -36.2354 -3.01962 
0.77 -33.8745 -2.82287 12 0.112333 0.775333 0.00233333 -36.2354 -3.01962 
0.78 -33.7604 -2.81337 12 0.112 0.776 -0.01075 -36.2354 -3.01962 
0.79 -33.7177 -2.80981 12 0.112646 0.774708 -0.00295833 -36.2354 -3.01962 
0.8 -33.6759 -2.80632 12 0.113083 0.773833 0.011 -36.2354 -3.01962 
0.81 -33.7358 -2.81132 12 0.113771 0.772458 -0.00404167 -36.2354 -3.01962 
0.82 -33.6519 -2.80432 12 0.115062 0.769875 -0.0055 -36.2354 -3.01962 
0.83 -33.7093 -2.80911 12 0.113417 0.773167 -0.00629167 -36.2354 -3.01962 
0.84 -33.5774 -2.79812 12 0.115083 0.769833 0.00966667 -36.2354 -3.01962 
0.85 -33.6322 -2.80269 12 0.113479 0.773042 0.0150417 -36.2354 -3.01962 
0.86 -33.5175 -2.79313 12 0.112333 0.775333 0.00658333 -36.2354 -3.01962 
0.87 -33.4779 -2.78982 12 0.112125 0.77575 0.007875 -36.2354 -3.01962 
0.88 -33.5107 -2.79256 12 0.112479 0.775042 -0.0138333 -36.2354 -3.01962 
0.89 -33.3319 -2.77766 12 0.115312 0.769375 -0.00120833 -36.2354 -3.01962 
0.9 -33.3254 -2.77712 12 0.112729 0.774542 0.00608333 -36.2354 -3.01962 
0.91 -33.3057 -2.77547 12 0.115396 0.769208 0.0154583 -36.2354 -3.01962 
0.92 -33.1764 -2.7647 12 0.115354 0.769292 0.009125 -36.2354 -3.01962 
0.93 -33.2288 -2.76906 12 0.115667 0.768667 -0.00179167 -36.2354 -3.01962 
0.94 -33.1094 -2.75912 12 0.116187 0.767625 -0.00666667 -36.2354 -3.01962 
0.95 -33.2218 -2.76848 12 0.116188 0.767625 -0.029 -36.2354 -3.01962 
0.96 -32.9901 -2.74917 12 0.116208 0.767583 -0.00633333 -36.2354 -3.01962 
0.97 -32.9758 -2.74799 12 0.11675 0.7665 0.004 -36.2354 -3.01962 
0.98 -33.0155 -2.75129 12 0.114438 0.771125 0.0114167 -36.2354 -3.01962 
0.99 -32.9413 -2.74511 12 0.115375 0.76925 -0.011625 -36.2354 -3.01962 
