#ClusterEigenvalue -9.28187
0 -18.5638 -1.54698 12 0.207937 0.584125 -0.007875 -18.5637 -1.54698 
0.01 -18.6613 -1.55511 12 0.209896 0.580208 -0.00270833 -18.5637 -1.54698 
0.02 -18.6591 -1.55492 12 0.20675 0.5865 -0.001375 -18.5637 -1.54698 
0.03 -18.705 -1.55875 12 0.207521 0.584958 -0.00341667 -18.5637 -1.54698 
0.04 -18.7235 -1.56029 12 0.207583 0.584833 -0.00291667 -18.5637 -1.54698 
0.05 -18.8235 -1.56862 12 0.207917 0.584167 -0.0103333 -18.5637 -1.54698 
0.06 -18.8213 -1.56844 12 0.205937 0.588125 -0.00466667 -18.5637 -1.54698 
0.07 -18.8421 -1.57018 12 0.210042 0.579917 0.004625 -18.5637 -1.54698 
0.08 -18.9048 -1.5754 12 0.209042 0.581917 -0.00508333 -18.5637 -1.54698 
0.09 -18.9433 -1.57861 12 0.210354 0.579292 -0.00504167 -18.5637 -1.54698 
0.1 -18.9726 -1.58105 12 0.20825 0.5835 0.0015 -18.5637 -1.54698 
0.11 -19.0112 -1.58427 12 0.209562 0.580875 0.00516667 -18.5637 -1.54698 
0.12 -19.0356 -1.5863 12 0.209604 0.580792 0.00954167 -18.5637 -1.54698 
0.13 -19.0738 -1.58948 12 0.206875 0.58625 0.00158333 -18.5637 -1.54698 
0.14 -19.104 -1.592 12 0.212458 0.575083 -0.005125 -18.5637 -1.54698 
0.15 -19.1331 -1.59443 12 0.208854 0.582292 0.001375 -18.5637 -1.54698 
0.16 -19.1607 -1.59672 12 0.208125 0.58375 -0.0005 -18.5637 -1.54698 
0.17 -19.1654 -1.59712 12 0.211042 0.577917 -0.00333333 -18.5637 -1.54698 
0.18 -19.1762 -1.59802 12 0.209375 0.58125 0.00595833 -18.5637 -1.54698 
0.19 -19.2044 -1.60037 12 0.208333 0.583333 0.002875 -18.5637 -1.54698 
0.2 -19.2044 -1.60037 12 0.205771 0.588458 -0.000208333 -18.5637 -1.54698 
0.21 -19.2357 -1.60297 12 0.209063 0.581875 0.000541667 -18.5637 -1.54698 
0.22 -19.2403 -1.60336 12 0.210083 0.579833 0.000458333 -18.5637 -1.54698 
0.23 -19.2406 -1.60338 12 0.209771 0.580458 0.00454167 -18.5637 -1.54698 
0.24 -19.2526 -1.60438 12 0.209354 0.581292 0.00604167 -18.5637 -1.54698 
0.25 -19.287 -1.60725 12 0.209063 0.581875 0.00895833 -18.5637 -1.54698 
0.26 -19.2917 -1.60764 12 0.210792 0.578417 0.00245833 -18.5637 -1.54698 
0.27 -19.2812 -1.60677 12 0.212625 0.57475 -0.009625 -18.5637 -1.54698 
0.28 -19.2953 -1.60794 12 0.210542 0.578917 -0.018 -18.5637 -1.54698 
0.29 -19.3017 -1.60847 12 0.212458 0.575083 0.00316667 -18.5637 -1.54698 
0.3 -19.2909 -1.60758 12 0.2105 0.579 -0.006625 -18.5637 -1.54698 
0.31 -19.299 -1.60825 12 0.211792 0.576417 0.000583333 -18.5637 -1.54698 
0.32 -19.318 -1.60983 12 0.209542 0.580917 0.0065 -18.5637 -1.54698 
0.33 -19.2981 -1.60818 12 0.212625 0.57475 -0.004875 -18.5637 -1.54698 
0.34 -19.2937 -1.60781 12 0.21125 0.5775 -0.00495833 -18.5637 -1.54698 
0.35 -19.2848 -1.60706 12 0.212938 0.574125 0.003 -18.5637 -1.54698 
0.36 -19.3055 -1.60879 12 0.210521 0.578958 -0.006125 -18.5637 -1.54698 
0.37 -19.2533 -1.60444 12 0.21275 0.5745 -0.00291667 -18.5637 -1.54698 
0.38 -19.2857 -1.60714 12 0.211896 0.576208 0.000458333 -18.5637 -1.54698 
0.39 -19.2438 -1.60365 12 0.213812 0.572375 0.00220833 -18.5637 -1.54698 
0.4 -19.2428 -1.60356 12 0.212292 0.575417 0.00308333 -18.5637 -1.54698 
0.41 -19.2327 -1.60272 12 0.214437 0.571125 -0.00470833 -18.5637 -1.54698 
0.42 -19.2441 -1.60368 12 0.213396 0.573208 -0.00495833 -18.5637 -1.54698 
0.43 -19.2616 -1.60514 12 0.212417 0.575167 0.00416667 -18.5637 -1.54698 
0.44 -19.1941 -1.59951 12 0.212625 0.57475 0.001375 -18.5637 -1.54698 
0.45 -19.174 -1.59784 12 0.214562 0.570875 0.0102917 -18.5637 -1.54698 
0.46 -19.1634 -1.59695 12 0.213 0.574 -0.000958333 -18.5637 -1.54698 
0.47 -19.1515 -1.59596 12 0.213708 0.572583 0.00516667 -18.5637 -1.54698 
0.48 -19.126 -1.59383 12 0.209854 0.580292 0.00129167 -18.5637 -1.54698 
0.49 -19.0782 -1.58985 12 0.212021 0.575958 0.00404167 -18.5637 -1.54698 
0.5 -19.0672 -1.58893 12 0.211938 0.576125 -0.008625 -18.5637 -1.54698 
0.51 -19.0804 -1.59004 12 0.214312 0.571375 0.00308333 -18.5637 -1.54698 
0.52 -19.009 -1.58409 12 0.2145 0.571 0.00229167 -18.5637 -1.54698 
0.53 -19.0205 -1.58504 12 0.2165 0.567 -0.00254167 -18.5637 -1.54698 
0.54 -19.0338 -1.58615 12 0.212542 0.574917 -0.00191667 -18.5637 -1.54698 
0.55 -18.9479 -1.57899 12 0.214604 0.570792 -0.000916667 -18.5637 -1.54698 
0.56 -18.9688 -1.58073 12 0.214917 0.570167 0.00595833 -18.5637 -1.54698 
0.57 -18.871 -1.57259 12 0.214812 0.570375 0.00304167 -18.5637 -1.54698 
0.58 -18.8431 -1.57026 12 0.215938 0.568125 0.000916667 -18.5637 -1.54698 
0.59 -18.8639 -1.57199 12 0.215083 0.569833 0.000166667 -18.5637 -1.54698 
0.6 -18.8133 -1.56777 12 0.216312 0.567375 -0.001125 -18.5637 -1.54698 
0.61 -18.8327 -1.56939 12 0.215479 0.569042 -0.00025 -18.5637 -1.54698 
0.62 -18.7862 -1.56552 12 0.215667 0.568667 0.004625 -18.5637 -1.54698 
0.63 -18.7007 -1.55839 12 0.214833 0.570333 -0.01325 -18.5637 -1.54698 
0.64 -18.7293 -1.56077 12 0.216583 0.566833 -0.00220833 -18.5637 -1.54698 
0.65 -18.7285 -1.56071 12 0.213208 0.573583 8.33333e-05 -18.5637 -1.54698 
0.66 -18.6294 -1.55245 12 0.216708 0.566583 -0.00879167 -18.5637 -1.54698 
0.67 -18.6492 -1.5541 12 0.215667 0.568667 -0.002 -18.5637 -1.54698 
0.68 -18.6029 -1.55024 12 0.2155 0.569 -0.00495833 -18.5637 -1.54698 
0.69 -18.5948 -1.54956 12 0.217021 0.565958 0.00208333 -18.5637 -1.54698 
0.7 -18.5035 -1.54196 12 0.216583 0.566833 -0.00258333 -18.5637 -1.54698 
0.71 -18.4653 -1.53877 12 0.215833 0.568333 -0.00391667 -18.5637 -1.54698 
0.72 -18.4576 -1.53813 12 0.215854 0.568292 0.00525 -18.5637 -1.54698 
0.73 -18.4152 -1.5346 12 0.214812 0.570375 0.000916667 -18.5637 -1.54698 
0.74 -18.3635 -1.53029 12 0.216125 0.56775 0.00120833 -18.5637 -1.54698 
0.75 -18.3349 -1.52791 12 0.217458 0.565083 0.00383333 -18.5637 -1.54698 
0.76 -18.3205 -1.52671 12 0.216458 0.567083 -0.000833333 -18.5637 -1.54698 
0.77 -18.3328 -1.52773 12 0.215396 0.569208 0.00279167 -18.5637 -1.54698 
0.78 -18.2475 -1.52062 12 0.215938 0.568125 0.00616667 -18.5637 -1.54698 
0.79 -18.2214 -1.51845 12 0.215417 0.569167 0.000666667 -18.5637 -1.54698 
0.8 -18.1428 -1.5119 12 0.215833 0.568333 0.00695833 -18.5637 -1.54698 
0.81 -18.1737 -1.51447 12 0.217292 0.565417 0.00441667 -18.5637 -1.54698 
0.82 -18.1075 -1.50896 12 0.214562 0.570875 -0.003625 -18.5637 -1.54698 
0.83 -18.0709 -1.50591 12 0.216667 0.566667 -0.006125 -18.5637 -1.54698 
0.84 -18.1202 -1.51002 12 0.216604 0.566792 0.00470833 -18.5637 -1.54698 
0.85 -18.0253 -1.50211 12 0.218708 0.562583 -0.000791667 -18.5637 -1.54698 
0.86 -17.9158 -1.49298 12 0.217167 0.565667 0.00479167 -18.5637 -1.54698 
0.87 -17.9204 -1.49337 12 0.212437 0.575125 0.00220833 -18.5637 -1.54698 
0.88 -17.864 -1.48867 12 0.21675 0.5665 -0.00266667 -18.5637 -1.54698 
0.89 -17.8462 -1.48718 12 0.216333 0.567333 -0.00129167 -18.5637 -1.54698 
0.9 -17.801 -1.48341 12 0.217438 0.565125 -0.00325 -18.5637 -1.54698 
0.91 -17.7862 -1.48218 12 0.214083 0.571833 -0.00675 -18.5637 -1.54698 
0.92 -17.8086 -1.48405 12 0.21525 0.5695 0.00375 -18.5637 -1.54698 
0.93 -17.8041 -1.48368 12 0.217021 0.565958 0.0055 -18.5637 -1.54698 
0.94 -17.7325 -1.4777 12 0.213896 0.572208 -0.00454167 -18.5637 -1.54698 
0.95 -17.5966 -1.46639 12 0.215292 0.569417 -0.00341667 -18.5637 -1.54698 
0.96 -17.667 -1.47225 12 0.215021 0.569958 -0.00970833 -18.5637 -1.54698 
0.97 -17.6033 -1.46695 12 0.216583 0.566833 -0.00545833 -18.5637 -1.54698 
0.98 -17.5374 -1.46145 12 0.217771 0.564458 0.000583333 -18.5637 -1.54698 
0.99 -17.5809 -1.46508 12 0.217812 0.564375 0.002375 -18.5637 -1.54698 
