#ClusterEigenvalue -34.6594
0 -69.3187 -5.77656 12 0.0213542 0.957292 -0.069375 -69.3188 -5.77657 
0.01 -69.34 -5.77833 12 0.022125 0.95575 0.0480833 -69.3188 -5.77657 
0.02 -69.3804 -5.7817 12 0.022375 0.95525 -0.0665 -69.3188 -5.77657 
0.03 -69.4125 -5.78438 12 0.0221042 0.955792 0.028125 -69.3188 -5.77657 
0.04 -69.4507 -5.78756 12 0.0230417 0.953917 -0.025375 -69.3188 -5.77657 
0.05 -69.4637 -5.78865 12 0.0221667 0.955667 0.108 -69.3188 -5.77657 
0.06 -69.4814 -5.79012 12 0.0232292 0.953542 0.006125 -69.3188 -5.77657 
0.07 -69.4784 -5.78987 12 0.0243333 0.951333 0.0209583 -69.3188 -5.77657 
0.08 -69.5027 -5.79189 12 0.0230417 0.953917 0.0337917 -69.3188 -5.77657 
0.09 -69.5044 -5.79204 12 0.0233542 0.953292 -0.013625 -69.3188 -5.77657 
0.1 -69.4916 -5.79096 12 0.02375 0.9525 -0.0307917 -69.3188 -5.77657 
0.11 -69.5013 -5.79178 12 0.0248958 0.950208 0.0420833 -69.3188 -5.77657 
0.12 -69.4809 -5.79007 12 0.0243958 0.951208 -0.031125 -69.3188 -5.77657 
0.13 -69.4707 -5.78922 12 0.0259375 0.948125 0.0198333 -69.3188 -5.77657 
0.14 -69.4776 -5.7898 12 0.0267083 0.946583 -0.00195833 -69.3188 -5.77657 
0.15 -69.3838 -5.78198 12 0.026375 0.94725 -0.0493333 -69.3188 -5.77657 
0.16 -69.3886 -5.78238 12 0.0265 0.947 -0.0226667 -69.3188 -5.77657 
0.17 -69.4178 -5.78481 12 0.0263125 0.947375 0.00479167 -69.3188 -5.77657 
0.18 -69.2718 -5.77265 12 0.0281042 0.943792 0.03675 -69.3188 -5.77657 
0.19 -69.3236 -5.77696 12 0.0278958 0.944208 -0.0726667 -69.3188 -5.77657 
0.2 -69.2383 -5.76986 12 0.0280417 0.943917 0.0270417 -69.3188 -5.77657 
0.21 -69.1838 -5.76532 12 0.0306458 0.938708 0.0217917 -69.3188 -5.77657 
0.22 -69.0555 -5.75462 12 0.0314375 0.937125 -0.0225417 -69.3188 -5.77657 
0.23 -69.0454 -5.75379 12 0.0303333 0.939333 0.0344583 -69.3188 -5.77657 
0.24 -68.8955 -5.74129 12 0.0318542 0.936292 -0.0426667 -69.3188 -5.77657 
0.25 -68.8577 -5.73815 12 0.0337708 0.932458 0.0829583 -69.3188 -5.77657 
0.26 -68.8499 -5.73749 12 0.0322292 0.935542 -0.003875 -69.3188 -5.77657 
0.27 -68.7499 -5.72916 12 0.0345208 0.930958 0.00166667 -69.3188 -5.77657 
0.28 -68.67 -5.7225 12 0.0365833 0.926833 -0.07375 -69.3188 -5.77657 
0.29 -68.5139 -5.70949 12 0.0380625 0.923875 -0.0539583 -69.3188 -5.77657 
0.3 -68.2932 -5.6911 12 0.0381667 0.923667 0.0877083 -69.3188 -5.77657 
0.31 -68.2983 -5.69152 12 0.0395 0.921 0.05675 -69.3188 -5.77657 
0.32 -68.328 -5.694 12 0.0400208 0.919958 0.019875 -69.3188 -5.77657 
0.33 -68.0946 -5.67455 12 0.0409792 0.918042 0.009625 -69.3188 -5.77657 
0.34 -68.0279 -5.66899 12 0.040875 0.91825 -0.0218333 -69.3188 -5.77657 
0.35 -67.7663 -5.64719 12 0.0434792 0.913042 0.00620833 -69.3188 -5.77657 
0.36 -67.7123 -5.64269 12 0.044625 0.91075 0.00208333 -69.3188 -5.77657 
0.37 -67.7663 -5.64719 12 0.0437083 0.912583 0.028375 -69.3188 -5.77657 
0.38 -67.5571 -5.62976 12 0.0455625 0.908875 -0.0846667 -69.3188 -5.77657 
0.39 -67.4217 -5.61848 12 0.0466458 0.906708 0.0247083 -69.3188 -5.77657 
0.4 -67.2301 -5.60251 12 0.048125 0.90375 -0.0455417 -69.3188 -5.77657 
0.41 -67.251 -5.60425 12 0.0488333 0.902333 -0.0311667 -69.3188 -5.77657 
0.42 -66.9464 -5.57886 12 0.04975 0.9005 0.002 -69.3188 -5.77657 
0.43 -66.6765 -5.55637 12 0.052375 0.89525 0.0714583 -69.3188 -5.77657 
0.44 -66.8316 -5.5693 12 0.0524375 0.895125 0.002625 -69.3188 -5.77657 
0.45 -66.3806 -5.53171 12 0.0545417 0.890917 -0.023125 -69.3188 -5.77657 
0.46 -66.3716 -5.53096 12 0.0549375 0.890125 0.0145833 -69.3188 -5.77657 
0.47 -66.3376 -5.52814 12 0.0574583 0.885083 0.00295833 -69.3188 -5.77657 
0.48 -66.082 -5.50683 12 0.0577083 0.884583 -0.0327917 -69.3188 -5.77657 
0.49 -66.0004 -5.50003 12 0.0582292 0.883542 0.0395 -69.3188 -5.77657 
0.5 -66.0496 -5.50413 12 0.0569167 0.886167 0.0547083 -69.3188 -5.77657 
0.51 -65.6121 -5.46768 12 0.0613125 0.877375 -0.0264167 -69.3188 -5.77657 
0.52 -65.5579 -5.46316 12 0.062375 0.87525 0.01275 -69.3188 -5.77657 
0.53 -65.4841 -5.457 12 0.0619167 0.876167 0.0228333 -69.3188 -5.77657 
0.54 -65.3476 -5.44564 12 0.0639167 0.872167 -0.0194583 -69.3188 -5.77657 
0.55 -65.1615 -5.43012 12 0.06475 0.8705 -0.0359583 -69.3188 -5.77657 
0.56 -64.8801 -5.40668 12 0.0670625 0.865875 0.0323333 -69.3188 -5.77657 
0.57 -65.0651 -5.4221 12 0.0655833 0.868833 0.0250417 -69.3188 -5.77657 
0.58 -64.4989 -5.37491 12 0.0694167 0.861167 0.002125 -69.3188 -5.77657 
0.59 -64.5614 -5.38012 12 0.0679792 0.864042 -0.033875 -69.3188 -5.77657 
0.6 -64.4844 -5.3737 12 0.0689792 0.862042 -0.0537917 -69.3188 -5.77657 
0.61 -64.3422 -5.36185 12 0.0700625 0.859875 0.0119583 -69.3188 -5.77657 
0.62 -64.2035 -5.35029 12 0.0706875 0.858625 -0.018375 -69.3188 -5.77657 
0.63 -64.1609 -5.34674 12 0.0714792 0.857042 -0.0359583 -69.3188 -5.77657 
0.64 -64.0673 -5.33894 12 0.0731042 0.853792 -0.0108333 -69.3188 -5.77657 
0.65 -63.7842 -5.31535 12 0.0742917 0.851417 0.00854167 -69.3188 -5.77657 
0.66 -63.5227 -5.29356 12 0.0764583 0.847083 0.00275 -69.3188 -5.77657 
0.67 -63.5111 -5.2926 12 0.0757708 0.848458 -0.0319583 -69.3188 -5.77657 
0.68 -63.4064 -5.28387 12 0.07675 0.8465 -0.0155833 -69.3188 -5.77657 
0.69 -63.4151 -5.28459 12 0.0776042 0.844792 -0.0280833 -69.3188 -5.77657 
0.7 -63.177 -5.26475 12 0.0779792 0.844042 -0.0353333 -69.3188 -5.77657 
0.71 -63.4981 -5.29151 12 0.0753958 0.849208 0.002125 -69.3188 -5.77657 
0.72 -62.8874 -5.24062 12 0.0794583 0.841083 0.000666667 -69.3188 -5.77657 
0.73 -63.2204 -5.26837 12 0.0781875 0.843625 0.039125 -69.3188 -5.77657 
0.74 -62.9942 -5.24951 12 0.0789167 0.842167 -0.0405417 -69.3188 -5.77657 
0.75 -62.9769 -5.24807 12 0.0794583 0.841083 0.011375 -69.3188 -5.77657 
0.76 -62.7596 -5.22997 12 0.0810417 0.837917 -0.0272083 -69.3188 -5.77657 
0.77 -62.6465 -5.22054 12 0.0813958 0.837208 0.0192917 -69.3188 -5.77657 
0.78 -62.633 -5.21941 12 0.0808125 0.838375 0.00779167 -69.3188 -5.77657 
0.79 -62.58 -5.215 12 0.0812917 0.837417 0.0315833 -69.3188 -5.77657 
0.8 -62.4602 -5.20502 12 0.08275 0.8345 -0.052375 -69.3188 -5.77657 
0.81 -62.3679 -5.19733 12 0.0830625 0.833875 0.0495417 -69.3188 -5.77657 
0.82 -62.5482 -5.21235 12 0.0820208 0.835958 0.01075 -69.3188 -5.77657 
0.83 -62.4687 -5.20573 12 0.0825625 0.834875 -0.0169583 -69.3188 -5.77657 
0.84 -61.9016 -5.15847 12 0.0851042 0.829792 0.02725 -69.3188 -5.77657 
0.85 -62.071 -5.17259 12 0.0836458 0.832708 -0.0224583 -69.3188 -5.77657 
0.86 -62.1304 -5.17754 12 0.0838958 0.832208 0.0142083 -69.3188 -5.77657 
0.87 -61.975 -5.16458 12 0.0852083 0.829583 -0.0385 -69.3188 -5.77657 
0.88 -61.798 -5.14984 12 0.0870833 0.825833 0.0130833 -69.3188 -5.77657 
0.89 -61.9258 -5.16048 12 0.0845208 0.830958 -0.0291667 -69.3188 -5.77657 
0.9 -61.7494 -5.14578 12 0.0856875 0.828625 0.029375 -69.3188 -5.77657 
0.91 -61.7652 -5.1471 12 0.0851042 0.829792 -0.0337083 -69.3188 -5.77657 
0.92 -61.8224 -5.15186 12 0.0851458 0.829708 0.000833333 -69.3188 -5.77657 
0.93 -61.7348 -5.14457 12 0.0865417 0.826917 -0.00125 -69.3188 -5.77657 
0.94 -61.8934 -5.15779 12 0.0854375 0.829125 -0.002 -69.3188 -5.77657 
0.95 -61.6054 -5.13378 12 0.0874375 0.825125 -0.005875 -69.3188 -5.77657 
0.96 -61.3546 -5.11288 12 0.0892917 0.821417 0.035875 -69.3188 -5.77657 
0.97 -61.3878 -5.11565 12 0.0869375 0.826125 -0.0169583 -69.3188 -5.77657 
0.98 -61.674 -5.1395 12 0.0878125 0.824375 0.0147083 -69.3188 -5.77657 
0.99 -61.506 -5.1255 12 0.0872708 0.825458 0.0171667 -69.3188 -5.77657 
