#ClusterEigenvalue -6
0 -12 -1 12 0.249479 0.501042 0.000458333 -12 -1 
0.01 -12.0433 -1.00361 12 0.248979 0.502042 -0.000958333 -12 -1 
0.02 -12.0613 -1.00511 12 0.250542 0.498917 -0.010125 -12 -1 
0.03 -12.0883 -1.00736 12 0.252354 0.495292 -0.0075 -12 -1 
0.04 -12.1605 -1.01338 12 0.248687 0.502625 0.00841667 -12 -1 
0.05 -12.1865 -1.01554 12 0.248021 0.503958 -0.000291667 -12 -1 
0.06 -12.2025 -1.01687 12 0.251375 0.49725 0.00025 -12 -1 
0.07 -12.2437 -1.02031 12 0.250521 0.498958 -0.00558333 -12 -1 
0.08 -12.2313 -1.01927 12 0.248833 0.502333 -0.005 -12 -1 
0.09 -12.2397 -1.01998 12 0.246458 0.507083 -0.00904167 -12 -1 
0.1 -12.2731 -1.02276 12 0.251021 0.497958 -0.00320833 -12 -1 
0.11 -12.2916 -1.0243 12 0.251542 0.496917 -0.00570833 -12 -1 
0.12 -12.3036 -1.0253 12 0.252396 0.495208 -0.000583333 -12 -1 
0.13 -12.3064 -1.02553 12 0.252083 0.495833 0.00575 -12 -1 
0.14 -12.3273 -1.02727 12 0.250729 0.498542 0.00345833 -12 -1 
0.15 -12.337 -1.02808 12 0.247708 0.504583 -0.00075 -12 -1 
0.16 -12.337 -1.02809 12 0.251 0.498 0.000333333 -12 -1 
0.17 -12.3454 -1.02879 12 0.247125 0.50575 0.0104167 -12 -1 
0.18 -12.3454 -1.02878 12 0.251375 0.49725 0.00229167 -12 -1 
0.19 -12.3405 -1.02837 12 0.248479 0.503042 0.00625 -12 -1 
0.2 -12.3289 -1.02741 12 0.249625 0.50075 0.002375 -12 -1 
0.21 -12.3318 -1.02765 12 0.247771 0.504458 -0.001 -12 -1 
0.22 -12.3146 -1.02621 12 0.251479 0.497042 -0.004875 -12 -1 
0.23 -12.3179 -1.02649 12 0.249813 0.500375 0.00554167 -12 -1 
0.24 -12.2757 -1.02297 12 0.252104 0.495792 0.00541667 -12 -1 
0.25 -12.2876 -1.02397 12 0.25 0.5 -0.000125 -12 -1 
0.26 -12.2511 -1.02092 12 0.247417 0.505167 -0.002875 -12 -1 
0.27 -12.2122 -1.01769 12 0.247896 0.504208 -0.00191667 -12 -1 
0.28 -12.2178 -1.01815 12 0.250292 0.499417 -0.00616667 -12 -1 
0.29 -12.1961 -1.01634 12 0.250833 0.498333 -0.00116667 -12 -1 
0.3 -12.1407 -1.01172 12 0.247208 0.505583 0.00116667 -12 -1 
0.31 -12.1347 -1.01122 12 0.247729 0.504542 -0.00025 -12 -1 
0.32 -12.091 -1.00758 12 0.248021 0.503958 -0.00858333 -12 -1 
0.33 -12.0778 -1.00648 12 0.250542 0.498917 0.001625 -12 -1 
0.34 -12.0067 -1.00056 12 0.249521 0.500958 0.00216667 -12 -1 
0.35 -11.9888 -0.999065 12 0.250979 0.498042 -0.00154167 -12 -1 
0.36 -11.9455 -0.995456 12 0.247208 0.505583 -0.0045 -12 -1 
0.37 -11.925 -0.993748 12 0.251104 0.497792 -0.00295833 -12 -1 
0.38 -11.8786 -0.989884 12 0.249583 0.500833 -0.005125 -12 -1 
0.39 -11.8053 -0.983773 12 0.2495 0.501 0.002125 -12 -1 
0.4 -11.7448 -0.978734 12 0.253063 0.493875 0.00195833 -12 -1 
0.41 -11.7056 -0.975463 12 0.251312 0.497375 0.00191667 -12 -1 
0.42 -11.635 -0.969579 12 0.248271 0.503458 -0.000166667 -12 -1 
0.43 -11.6348 -0.969566 12 0.250583 0.498833 -0.0115833 -12 -1 
0.44 -11.5828 -0.965236 12 0.251583 0.496833 -0.0045 -12 -1 
0.45 -11.5456 -0.962133 12 0.248792 0.502417 -0.00158333 -12 -1 
0.46 -11.3931 -0.949423 12 0.252063 0.495875 0.00808333 -12 -1 
0.47 -11.322 -0.943502 12 0.247979 0.504042 0.00395833 -12 -1 
0.48 -11.359 -0.946581 12 0.249542 0.500917 -0.00191667 -12 -1 
0.49 -11.2173 -0.934773 12 0.249292 0.501417 0.0005 -12 -1 
0.5 -11.172 -0.930998 12 0.250104 0.499792 -0.00716667 -12 -1 
0.51 -11.1389 -0.928239 12 0.249083 0.501833 -0.000125 -12 -1 
0.52 -10.997 -0.916416 12 0.248625 0.50275 -0.002 -12 -1 
0.53 -10.9401 -0.911677 12 0.249062 0.501875 -0.00158333 -12 -1 
0.54 -10.9136 -0.909467 12 0.25125 0.4975 0.00229167 -12 -1 
0.55 -10.77 -0.897501 12 0.251729 0.496542 0.00145833 -12 -1 
0.56 -10.7051 -0.892093 12 0.247542 0.504917 -0.001125 -12 -1 
0.57 -10.7272 -0.893936 12 0.249 0.502 -0.006125 -12 -1 
0.58 -10.6066 -0.883883 12 0.2515 0.497 -0.00170833 -12 -1 
0.59 -10.5435 -0.878625 12 0.251521 0.496958 0.00695833 -12 -1 
0.6 -10.3821 -0.865172 12 0.249188 0.501625 0.007625 -12 -1 
0.61 -10.2867 -0.857224 12 0.249125 0.50175 0.000291667 -12 -1 
0.62 -10.3453 -0.862109 12 0.24725 0.5055 -0.005125 -12 -1 
0.63 -10.1283 -0.844027 12 0.251104 0.497792 -0.0116667 -12 -1 
0.64 -10.1373 -0.844772 12 0.253 0.494 -0.00320833 -12 -1 
0.65 -9.9641 -0.830341 12 0.249792 0.500417 0.000666667 -12 -1 
0.66 -9.88143 -0.823452 12 0.250875 0.49825 -0.00229167 -12 -1 
0.67 -9.86786 -0.822322 12 0.251792 0.496417 0.00754167 -12 -1 
0.68 -9.82493 -0.818744 12 0.253125 0.49375 -0.00695833 -12 -1 
0.69 -9.68102 -0.806751 12 0.2505 0.499 -0.008875 -12 -1 
0.7 -9.56208 -0.79684 12 0.250792 0.498417 -0.00245833 -12 -1 
0.71 -9.57552 -0.79796 12 0.250063 0.499875 -0.00670833 -12 -1 
0.72 -9.44611 -0.787176 12 0.249604 0.500792 -0.00679167 -12 -1 
0.73 -9.47557 -0.789631 12 0.250438 0.499125 0.00279167 -12 -1 
0.74 -9.32835 -0.777362 12 0.249375 0.50125 0.00216667 -12 -1 
0.75 -9.24848 -0.770707 12 0.247104 0.505792 -0.00570833 -12 -1 
0.76 -9.09809 -0.758174 12 0.249833 0.500333 0.00208333 -12 -1 
0.77 -9.04322 -0.753601 12 0.250375 0.49925 -0.00991667 -12 -1 
0.78 -9.01771 -0.751476 12 0.251958 0.496083 0.00841667 -12 -1 
0.79 -8.98517 -0.748764 12 0.251458 0.497083 -0.00766667 -12 -1 
0.8 -8.7736 -0.731133 12 0.249354 0.501292 0.0104167 -12 -1 
0.81 -8.72692 -0.727243 12 0.248083 0.503833 0.00104167 -12 -1 
0.82 -8.60751 -0.717293 12 0.252542 0.494917 -0.000166667 -12 -1 
0.83 -8.56288 -0.713573 12 0.250375 0.49925 -0.00104167 -12 -1 
0.84 -8.48667 -0.707223 12 0.248521 0.502958 -0.00479167 -12 -1 
0.85 -8.50187 -0.708489 12 0.251438 0.497125 -0.0214583 -12 -1 
0.86 -8.36969 -0.697474 12 0.251646 0.496708 -0.004125 -12 -1 
0.87 -8.14122 -0.678435 12 0.245417 0.509167 -0.00370833 -12 -1 
0.88 -8.24862 -0.687385 12 0.249229 0.501542 0.00541667 -12 -1 
0.89 -8.20569 -0.683808 12 0.252458 0.495083 0.00220833 -12 -1 
0.9 -8.0787 -0.673225 12 0.251583 0.496833 -0.00158333 -12 -1 
0.91 -8.08403 -0.673669 12 0.251667 0.496667 0.0136667 -12 -1 
0.92 -7.95548 -0.662957 12 0.252438 0.495125 -0.010875 -12 -1 
0.93 -7.7714 -0.647617 12 0.248313 0.503375 0.00479167 -12 -1 
0.94 -7.66464 -0.63872 12 0.24875 0.5025 0.0116667 -12 -1 
0.95 -7.71948 -0.64329 12 0.250437 0.499125 0.00633333 -12 -1 
0.96 -7.6523 -0.637692 12 0.247854 0.504292 -0.008625 -12 -1 
0.97 -7.49612 -0.624677 12 0.247896 0.504208 0.00725 -12 -1 
0.98 -7.56758 -0.630632 12 0.252833 0.494333 -0.0191667 -12 -1 
0.99 -7.53445 -0.62787 12 0.247708 0.504583 -0.0065 -12 -1 
