#ClusterEigenvalue -26.1778
0 -52.3557 -4.36297 12 0.0375417 0.924917 0.003625 -52.3556 -4.36297 
0.01 -52.3772 -4.36477 12 0.0377917 0.924417 0.0239583 -52.3556 -4.36297 
0.02 -52.4184 -4.3682 12 0.0369583 0.926083 0.0285833 -52.3556 -4.36297 
0.03 -52.5067 -4.37556 12 0.0398333 0.920333 0.0325417 -52.3556 -4.36297 
0.04 -52.4804 -4.37337 12 0.037875 0.92425 -0.0155 -52.3556 -4.36297 
0.05 -52.5296 -4.37747 12 0.0390417 0.921917 0.0129167 -52.3556 -4.36297 
0.06 -52.5261 -4.37718 12 0.0363958 0.927208 0.019625 -52.3556 -4.36297 
0.07 -52.5595 -4.37996 12 0.03725 0.9255 0.0311667 -52.3556 -4.36297 
0.08 -52.562 -4.38017 12 0.0372083 0.925583 0.005 -52.3556 -4.36297 
0.09 -52.5752 -4.38127 12 0.0376042 0.924792 -0.036125 -52.3556 -4.36297 
0.1 -52.5922 -4.38268 12 0.0395833 0.920833 0.023875 -52.3556 -4.36297 
0.11 -52.593 -4.38275 12 0.04 0.92 -0.0398333 -52.3556 -4.36297 
0.12 -52.6197 -4.38497 12 0.0395833 0.920833 0.0423333 -52.3556 -4.36297 
0.13 -52.5695 -4.38079 12 0.0401667 0.919667 0.02475 -52.3556 -4.36297 
0.14 -52.5901 -4.38251 12 0.039875 0.92025 0.0487083 -52.3556 -4.36297 
0.15 -52.5693 -4.38078 12 0.0400417 0.919917 -0.00325 -52.3556 -4.36297 
0.16 -52.5702 -4.38085 12 0.0410417 0.917917 0.0125417 -52.3556 -4.36297 
0.17 -52.5604 -4.38003 12 0.0420625 0.915875 0.00366667 -52.3556 -4.36297 
0.18 -52.5371 -4.37809 12 0.0428125 0.914375 0.0197917 -52.3556 -4.36297 
0.19 -52.5006 -4.37505 12 0.0422083 0.915583 0.028125 -52.3556 -4.36297 
0.2 -52.4926 -4.37439 12 0.0441458 0.911708 -0.063125 -52.3556 -4.36297 
