#ClusterEigenvalue -31.8038
0 -63.6075 -5.30062 12 0.0265625 0.946875 0.0473333 -63.6076 -5.30064 
0.01 -63.6506 -5.30422 12 0.02575 0.9485 0.00616667 -63.6076 -5.30064 
0.02 -63.6869 -5.30724 12 0.025875 0.94825 0.007875 -63.6076 -5.30064 
0.03 -63.693 -5.30775 12 0.02525 0.9495 -0.0782083 -63.6076 -5.30064 
0.04 -63.7024 -5.30854 12 0.02575 0.9485 0.0991667 -63.6076 -5.30064 
0.05 -63.8166 -5.31805 12 0.0271042 0.945792 0.0637917 -63.6076 -5.30064 
0.06 -63.7923 -5.31602 12 0.0275208 0.944958 0.0263333 -63.6076 -5.30064 
0.07 -63.7872 -5.3156 12 0.0271458 0.945708 0.0356667 -63.6076 -5.30064 
0.08 -63.8022 -5.31685 12 0.0284375 0.943125 -0.00429167 -63.6076 -5.30064 
0.09 -63.8096 -5.31747 12 0.0279583 0.944083 0.0449167 -63.6076 -5.30064 
0.1 -63.8079 -5.31733 12 0.028875 0.94225 -0.0361667 -63.6076 -5.30064 
0.11 -63.8058 -5.31715 12 0.0286875 0.942625 -0.000833333 -63.6076 -5.30064 
0.12 -63.8084 -5.31736 12 0.0277292 0.944542 -0.03875 -63.6076 -5.30064 
0.13 -63.777 -5.31475 12 0.0288542 0.942292 0.0475833 -63.6076 -5.30064 
0.14 -63.7623 -5.31352 12 0.030125 0.93975 0.029875 -63.6076 -5.30064 
0.15 -63.7427 -5.31189 12 0.0290208 0.941958 -0.064875 -63.6076 -5.30064 
0.16 -63.7325 -5.31104 12 0.0300625 0.939875 0.018125 -63.6076 -5.30064 
0.17 -63.6783 -5.30652 12 0.0294792 0.941042 0.027 -63.6076 -5.30064 
0.18 -63.6834 -5.30695 12 0.030125 0.93975 -0.0340417 -63.6076 -5.30064 
0.19 -63.5851 -5.29876 12 0.0323333 0.935333 0.00845833 -63.6076 -5.30064 
0.2 -63.5427 -5.29523 12 0.0318333 0.936333 0.005 -63.6076 -5.30064 
0.21 -63.5262 -5.29385 12 0.0340625 0.931875 -0.0339167 -63.6076 -5.30064 
0.22 -63.5206 -5.29338 12 0.0337917 0.932417 0.038375 -63.6076 -5.30064 
0.23 -63.3664 -5.28054 12 0.0375 0.925 0.00108333 -63.6076 -5.30064 
0.24 -63.3858 -5.28215 12 0.035375 0.92925 0.00429167 -63.6076 -5.30064 
0.25 -63.2964 -5.2747 12 0.0365833 0.926833 0.023375 -63.6076 -5.30064 
0.26 -63.3095 -5.27579 12 0.036125 0.92775 0.0270833 -63.6076 -5.30064 
0.27 -63.1917 -5.26598 12 0.036875 0.92625 0.00695833 -63.6076 -5.30064 
0.28 -63.0953 -5.25794 12 0.0382083 0.923583 -0.047 -63.6076 -5.30064 
0.29 -62.925 -5.24375 12 0.0387708 0.922458 -0.01275 -63.6076 -5.30064 
0.3 -62.925 -5.24375 12 0.0405417 0.918917 -0.044375 -63.6076 -5.30064 
0.31 -62.6952 -5.2246 12 0.0441667 0.911667 -0.019375 -63.6076 -5.30064 
0.32 -62.6967 -5.22472 12 0.0439167 0.912167 -0.039125 -63.6076 -5.30064 
0.33 -62.6629 -5.22191 12 0.0420833 0.915833 0.0100833 -63.6076 -5.30064 
0.34 -62.461 -5.20508 12 0.0453542 0.909292 -0.00791667 -63.6076 -5.30064 
0.35 -62.5705 -5.21421 12 0.0434792 0.913042 0.00233333 -63.6076 -5.30064 
0.36 -62.2328 -5.18606 12 0.0473125 0.905375 -0.0251667 -63.6076 -5.30064 
0.37 -62.2418 -5.18681 12 0.0469583 0.906083 0.0159583 -63.6076 -5.30064 
0.38 -61.881 -5.15675 12 0.0511667 0.897667 -0.0118333 -63.6076 -5.30064 
0.39 -62.096 -5.17467 12 0.0496042 0.900792 -0.0132917 -63.6076 -5.30064 
0.4 -61.7513 -5.14594 12 0.0516042 0.896792 -0.0337917 -63.6076 -5.30064 
0.41 -61.7746 -5.14789 12 0.0523958 0.895208 0.0137083 -63.6076 -5.30064 
0.42 -61.5915 -5.13263 12 0.055 0.89 0.015 -63.6076 -5.30064 
0.43 -61.3491 -5.11243 12 0.055375 0.88925 0.0230417 -63.6076 -5.30064 
0.44 -61.4206 -5.11839 12 0.0542708 0.891458 -0.0250417 -63.6076 -5.30064 
0.45 -61.2003 -5.10002 12 0.057125 0.88575 0.026625 -63.6076 -5.30064 
0.46 -60.9616 -5.08014 12 0.0579583 0.884083 -0.007 -63.6076 -5.30064 
0.47 -60.9604 -5.08003 12 0.0599375 0.880125 -0.00575 -63.6076 -5.30064 
0.48 -60.8917 -5.07431 12 0.0594792 0.881042 0.00675 -63.6076 -5.30064 
0.49 -60.8054 -5.06711 12 0.0617708 0.876458 0.00795833 -63.6076 -5.30064 
0.5 -60.5624 -5.04687 12 0.0626042 0.874792 0.0200833 -63.6076 -5.30064 
0.51 -60.4691 -5.03909 12 0.0624167 0.875167 -0.035625 -63.6076 -5.30064 
0.52 -60.3645 -5.03038 12 0.064625 0.87075 0.0273333 -63.6076 -5.30064 
0.53 -60.3003 -5.02503 12 0.065 0.87 -0.0252917 -63.6076 -5.30064 
0.54 -60.0752 -5.00627 12 0.0665208 0.866958 -0.000666667 -63.6076 -5.30064 
0.55 -60.0465 -5.00388 12 0.066125 0.86775 -0.0254583 -63.6076 -5.30064 
0.56 -59.8487 -4.98739 12 0.0693958 0.861208 0.057375 -63.6076 -5.30064 
0.57 -59.9446 -4.99538 12 0.06625 0.8675 0.00641667 -63.6076 -5.30064 
0.58 -59.582 -4.96517 12 0.0700208 0.859958 0.01225 -63.6076 -5.30064 
0.59 -59.5697 -4.96414 12 0.0717083 0.856583 0.00916667 -63.6076 -5.30064 
0.6 -59.3983 -4.94986 12 0.0720208 0.855958 0.0153333 -63.6076 -5.30064 
0.61 -59.1321 -4.92767 12 0.074875 0.85025 0.007875 -63.6076 -5.30064 
0.62 -59.053 -4.92108 12 0.0737292 0.852542 -0.00141667 -63.6076 -5.30064 
0.63 -58.9935 -4.91612 12 0.0747917 0.850417 0.0274583 -63.6076 -5.30064 
0.64 -58.8327 -4.90273 12 0.0769375 0.846125 -0.044125 -63.6076 -5.30064 
0.65 -58.8771 -4.90643 12 0.0751875 0.849625 0.0075 -63.6076 -5.30064 
0.66 -58.4709 -4.87257 12 0.0783958 0.843208 0.000541667 -63.6076 -5.30064 
0.67 -58.5864 -4.8822 12 0.07725 0.8455 0.00616667 -63.6076 -5.30064 
0.68 -58.5635 -4.88029 12 0.0773333 0.845333 -0.0302917 -63.6076 -5.30064 
0.69 -58.6079 -4.88399 12 0.0769583 0.846083 -0.03575 -63.6076 -5.30064 
0.7 -58.4217 -4.86847 12 0.0777292 0.844542 0.00541667 -63.6076 -5.30064 
0.71 -58.0959 -4.84133 12 0.0797917 0.840417 0.0356667 -63.6076 -5.30064 
0.72 -58.144 -4.84534 12 0.080875 0.83825 -0.0442917 -63.6076 -5.30064 
0.73 -58.0761 -4.83967 12 0.0811667 0.837667 4.16667e-05 -63.6076 -5.30064 
0.74 -57.8257 -4.8188 12 0.0819167 0.836167 0.00908333 -63.6076 -5.30064 
0.75 -57.5927 -4.79939 12 0.0845417 0.830917 0.0202083 -63.6076 -5.30064 
0.76 -58.0096 -4.83414 12 0.0825625 0.834875 -0.0149583 -63.6076 -5.30064 
0.77 -57.7197 -4.80997 12 0.0830417 0.833917 -0.01025 -63.6076 -5.30064 
0.78 -57.6124 -4.80103 12 0.0841667 0.831667 0.0326667 -63.6076 -5.30064 
0.79 -57.8054 -4.81712 12 0.081625 0.83675 -0.0015 -63.6076 -5.30064 
0.8 -57.3662 -4.78052 12 0.087375 0.82525 0.020625 -63.6076 -5.30064 
0.81 -57.3088 -4.77574 12 0.0845625 0.830875 -0.0055 -63.6076 -5.30064 
0.82 -57.6594 -4.80495 12 0.082375 0.83525 -0.0140417 -63.6076 -5.30064 
0.83 -57.2145 -4.76788 12 0.0855833 0.828833 0.0275417 -63.6076 -5.30064 
0.84 -57.3124 -4.77603 12 0.0861875 0.827625 -0.0127083 -63.6076 -5.30064 
0.85 -57.4354 -4.78629 12 0.0845 0.831 -0.0650417 -63.6076 -5.30064 
0.86 -56.9625 -4.74688 12 0.0879167 0.824167 0.001 -63.6076 -5.30064 
0.87 -57.375 -4.78125 12 0.0847917 0.830417 0.0160417 -63.6076 -5.30064 
0.88 -57.2037 -4.76697 12 0.085375 0.82925 -0.007375 -63.6076 -5.30064 
0.89 -56.935 -4.74458 12 0.0878958 0.824208 0.00191667 -63.6076 -5.30064 
0.9 -56.7339 -4.72782 12 0.0894167 0.821167 0.0532917 -63.6076 -5.30064 
0.91 -56.8094 -4.73412 12 0.089375 0.82125 0.000958333 -63.6076 -5.30064 
0.92 -57.073 -4.75608 12 0.0862083 0.827583 -0.044 -63.6076 -5.30064 
0.93 -56.8968 -4.7414 12 0.0871458 0.825708 0.00483333 -63.6076 -5.30064 
0.94 -56.8669 -4.73891 12 0.0892917 0.821417 -0.0284167 -63.6076 -5.30064 
0.95 -57.0893 -4.75744 12 0.08575 0.8285 -0.0547917 -63.6076 -5.30064 
0.96 -56.7195 -4.72662 12 0.0881875 0.823625 -0.00975 -63.6076 -5.30064 
0.97 -56.5816 -4.71513 12 0.0889375 0.822125 -0.00595833 -63.6076 -5.30064 
0.98 -56.4913 -4.70761 12 0.0897083 0.820583 0.0015 -63.6076 -5.30064 
0.99 -56.5914 -4.71595 12 0.0885625 0.822875 -0.0150833 -63.6076 -5.30064 
