#ClusterEigenvalue -46.2521
0 -92.5043 -7.70869 12 0.0122083 0.975583 0.0306667 -92.5041 -7.70868 
0.01 -92.544 -7.712 12 0.0122917 0.975417 0.0270833 -92.5041 -7.70868 
0.02 -92.5537 -7.71281 12 0.0120833 0.975833 0.0724583 -92.5041 -7.70868 
0.03 -92.6091 -7.71743 12 0.0130208 0.973958 -0.0687917 -92.5041 -7.70868 
0.04 -92.5898 -7.71582 12 0.0134375 0.973125 -0.0543333 -92.5041 -7.70868 
0.05 -92.6402 -7.72002 12 0.0143333 0.971333 -0.0914583 -92.5041 -7.70868 
0.06 -92.6385 -7.71988 12 0.01475 0.9705 -0.0217083 -92.5041 -7.70868 
0.07 -92.638 -7.71983 12 0.0137083 0.972583 0.0165833 -92.5041 -7.70868 
0.08 -92.6232 -7.7186 12 0.0142708 0.971458 -0.0122917 -92.5041 -7.70868 
0.09 -92.5894 -7.71579 12 0.015875 0.96825 -0.0599583 -92.5041 -7.70868 
0.1 -92.6106 -7.71755 12 0.0146042 0.970792 -0.04125 -92.5041 -7.70868 
0.11 -92.5715 -7.71429 12 0.0149792 0.970042 -0.0155417 -92.5041 -7.70868 
0.12 -92.5194 -7.70995 12 0.0162083 0.967583 -0.0392917 -92.5041 -7.70868 
0.13 -92.4963 -7.70802 12 0.0160208 0.967958 -0.0455 -92.5041 -7.70868 
0.14 -92.4879 -7.70732 12 0.016125 0.96775 0.033125 -92.5041 -7.70868 
0.15 -92.3995 -7.69996 12 0.0175208 0.964958 -0.02025 -92.5041 -7.70868 
0.16 -92.3588 -7.69657 12 0.0171458 0.965708 0.0255 -92.5041 -7.70868 
0.17 -92.2454 -7.68712 12 0.0174583 0.965083 -0.0803333 -92.5041 -7.70868 
0.18 -92.2089 -7.68408 12 0.0188333 0.962333 -0.0275 -92.5041 -7.70868 
0.19 -92.0782 -7.67319 12 0.018875 0.96225 0.0141667 -92.5041 -7.70868 
0.2 -92.0478 -7.67065 12 0.0205208 0.958958 -0.02925 -92.5041 -7.70868 
0.21 -91.9453 -7.66211 12 0.0201458 0.959708 -0.0510417 -92.5041 -7.70868 
0.22 -91.8396 -7.6533 12 0.0214792 0.957042 -0.0602917 -92.5041 -7.70868 
0.23 -91.7883 -7.64902 12 0.0226667 0.954667 0.0143333 -92.5041 -7.70868 
0.24 -91.7934 -7.64945 12 0.0215 0.957 -0.017 -92.5041 -7.70868 
0.25 -91.5171 -7.62643 12 0.0240625 0.951875 0.0400833 -92.5041 -7.70868 
0.26 -91.2401 -7.60334 12 0.026 0.948 0.0392083 -92.5041 -7.70868 
0.27 -91.4002 -7.61668 12 0.0249583 0.950083 -0.000125 -92.5041 -7.70868 
0.28 -91.206 -7.6005 12 0.0265833 0.946833 0.00416667 -92.5041 -7.70868 
0.29 -90.9195 -7.57662 12 0.0281875 0.943625 -0.0310417 -92.5041 -7.70868 
0.3 -90.793 -7.56609 12 0.02925 0.9415 0.0463333 -92.5041 -7.70868 
0.31 -90.7245 -7.56038 12 0.0310208 0.937958 -0.0417917 -92.5041 -7.70868 
0.32 -90.7007 -7.55839 12 0.0301042 0.939792 -0.030625 -92.5041 -7.70868 
0.33 -90.2523 -7.52102 12 0.0335833 0.932833 0.046875 -92.5041 -7.70868 
0.34 -89.9619 -7.49683 12 0.0351042 0.929792 -0.0344583 -92.5041 -7.70868 
0.35 -89.9527 -7.49605 12 0.03475 0.9305 0.005125 -92.5041 -7.70868 
0.36 -89.8376 -7.48646 12 0.0357083 0.928583 0.0290417 -92.5041 -7.70868 
0.37 -89.4152 -7.45126 12 0.0380417 0.923917 0.0509583 -92.5041 -7.70868 
0.38 -89.4482 -7.45402 12 0.0374375 0.925125 0.07875 -92.5041 -7.70868 
0.39 -89.6262 -7.46885 12 0.0375417 0.924917 -0.0255833 -92.5041 -7.70868 
0.4 -89.0405 -7.42004 12 0.0394167 0.921167 0.002 -92.5041 -7.70868 
0.41 -88.9455 -7.41213 12 0.0419167 0.916167 0.070125 -92.5041 -7.70868 
0.42 -88.9186 -7.40988 12 0.040875 0.91825 0.00845833 -92.5041 -7.70868 
0.43 -88.31 -7.35916 12 0.0463125 0.907375 -0.01575 -92.5041 -7.70868 
0.44 -88.0568 -7.33807 12 0.0467083 0.906583 0.00229167 -92.5041 -7.70868 
0.45 -87.7386 -7.31155 12 0.0485 0.903 0.00154167 -92.5041 -7.70868 
0.46 -87.9429 -7.32857 12 0.0479583 0.904083 -0.00779167 -92.5041 -7.70868 
0.47 -87.4553 -7.28795 12 0.0498958 0.900208 0.007 -92.5041 -7.70868 
0.48 -87.521 -7.29341 12 0.0498958 0.900208 0.0502917 -92.5041 -7.70868 
0.49 -87.545 -7.29541 12 0.0495 0.901 0.0952083 -92.5041 -7.70868 
0.5 -86.6634 -7.22195 12 0.0545833 0.890833 -0.0612083 -92.5041 -7.70868 
0.51 -86.7582 -7.22985 12 0.0543125 0.891375 -0.079375 -92.5041 -7.70868 
0.52 -86.5241 -7.21034 12 0.055875 0.88825 0.049 -92.5041 -7.70868 
0.53 -86.5103 -7.2092 12 0.0558125 0.888375 -0.00941667 -92.5041 -7.70868 
0.54 -86.2103 -7.18419 12 0.0576458 0.884708 0.027375 -92.5041 -7.70868 
0.55 -85.956 -7.163 12 0.058875 0.88225 -0.0289167 -92.5041 -7.70868 
0.56 -85.8908 -7.15757 12 0.0597708 0.880458 0.0350833 -92.5041 -7.70868 
0.57 -85.5313 -7.12761 12 0.0612917 0.877417 0.00933333 -92.5041 -7.70868 
0.58 -85.3566 -7.11305 12 0.062375 0.87525 -0.026125 -92.5041 -7.70868 
0.59 -84.7131 -7.05943 12 0.0659375 0.868125 0.0834583 -92.5041 -7.70868 
0.6 -84.8605 -7.07171 12 0.0654375 0.869125 0.0274167 -92.5041 -7.70868 
0.61 -85.1232 -7.0936 12 0.0637083 0.872583 -0.0223333 -92.5041 -7.70868 
0.62 -84.7337 -7.06114 12 0.0660833 0.867833 -0.0887917 -92.5041 -7.70868 
0.63 -84.3792 -7.0316 12 0.0670833 0.865833 0.0117917 -92.5041 -7.70868 
0.64 -84.22 -7.01833 12 0.0681042 0.863792 0.000666667 -92.5041 -7.70868 
0.65 -84.3331 -7.02776 12 0.0675833 0.864833 0.00791667 -92.5041 -7.70868 
0.66 -84.1393 -7.01161 12 0.0687917 0.862417 0.0869167 -92.5041 -7.70868 
0.67 -84.3358 -7.02799 12 0.0677917 0.864417 -0.005 -92.5041 -7.70868 
0.68 -83.7566 -6.97972 12 0.0714167 0.857167 -0.035125 -92.5041 -7.70868 
0.69 -83.4734 -6.95612 12 0.0726042 0.854792 -0.0222917 -92.5041 -7.70868 
0.7 -83.5598 -6.96332 12 0.0722917 0.855417 -0.0815417 -92.5041 -7.70868 
0.71 -83.4219 -6.95183 12 0.0735208 0.852958 -0.0102083 -92.5041 -7.70868 
0.72 -83.2572 -6.9381 12 0.0736458 0.852708 0.058 -92.5041 -7.70868 
0.73 -83.3727 -6.94772 12 0.0723958 0.855208 -0.0489167 -92.5041 -7.70868 
0.74 -82.9766 -6.91472 12 0.0747083 0.850583 0.0413333 -92.5041 -7.70868 
0.75 -82.9548 -6.9129 12 0.0749792 0.850042 -0.059625 -92.5041 -7.70868 
0.76 -82.9347 -6.91122 12 0.0753333 0.849333 0.0466667 -92.5041 -7.70868 
0.77 -82.7832 -6.8986 12 0.0764583 0.847083 0.0179583 -92.5041 -7.70868 
0.78 -82.5947 -6.88289 12 0.0759583 0.848083 0.0630417 -92.5041 -7.70868 
0.79 -82.6264 -6.88553 12 0.0768958 0.846208 0.0123333 -92.5041 -7.70868 
0.8 -82.3553 -6.86294 12 0.0785208 0.842958 0.042625 -92.5041 -7.70868 
0.81 -82.428 -6.869 12 0.0765417 0.846917 0.032625 -92.5041 -7.70868 
0.82 -82.063 -6.83858 12 0.07975 0.8405 -0.005625 -92.5041 -7.70868 
0.83 -82.2095 -6.85079 12 0.0789375 0.842125 -0.0415833 -92.5041 -7.70868 
0.84 -82.107 -6.84225 12 0.0792292 0.841542 -0.0358333 -92.5041 -7.70868 
0.85 -81.7642 -6.81368 12 0.080625 0.83875 0.0213333 -92.5041 -7.70868 
0.86 -81.7383 -6.81153 12 0.0808542 0.838292 -0.0149583 -92.5041 -7.70868 
0.87 -81.9569 -6.82974 12 0.0808125 0.838375 -0.016875 -92.5041 -7.70868 
0.88 -82.0808 -6.84007 12 0.0795208 0.840958 0.0700417 -92.5041 -7.70868 
0.89 -81.6387 -6.80323 12 0.0810208 0.837958 -0.015625 -92.5041 -7.70868 
0.9 -81.9017 -6.82514 12 0.079875 0.84025 0.0302917 -92.5041 -7.70868 
0.91 -81.3877 -6.7823 12 0.0825625 0.834875 -0.0254583 -92.5041 -7.70868 
0.92 -81.4996 -6.79164 12 0.0818333 0.836333 -0.0380417 -92.5041 -7.70868 
0.93 -81.663 -6.80525 12 0.0811042 0.837792 0.0130833 -92.5041 -7.70868 
0.94 -81.6216 -6.8018 12 0.0816458 0.836708 -0.00854167 -92.5041 -7.70868 
0.95 -81.3543 -6.77952 12 0.0830833 0.833833 0.0295417 -92.5041 -7.70868 
0.96 -81.3141 -6.77618 12 0.083375 0.83325 0.0307083 -92.5041 -7.70868 
0.97 -81.2201 -6.76834 12 0.0832083 0.833583 -0.0197083 -92.5041 -7.70868 
0.98 -81.2101 -6.76751 12 0.0836458 0.832708 0.0085 -92.5041 -7.70868 
0.99 -81.1792 -6.76493 12 0.08425 0.8315 0.0482917 -92.5041 -7.70868 
