#ClusterEigenvalue -11.1592
0 -22.3183 -1.85986 12 0.166542 0.666917 0.0100833 -22.3183 -1.85986 
0.01 -22.3432 -1.86193 12 0.166813 0.666375 -0.00275 -22.3183 -1.85986 
0.02 -22.4245 -1.8687 12 0.164792 0.670417 -0.00220833 -22.3183 -1.85986 
0.03 -22.4793 -1.87327 12 0.165667 0.668667 0.00733333 -22.3183 -1.85986 
0.04 -22.5267 -1.87723 12 0.165479 0.669042 0.006875 -22.3183 -1.85986 
0.05 -22.5266 -1.87722 12 0.16625 0.6675 0.00579167 -22.3183 -1.85986 
0.06 -22.547 -1.87892 12 0.164437 0.671125 0.00241667 -22.3183 -1.85986 
0.07 -22.6045 -1.88371 12 0.164667 0.670667 -0.0225 -22.3183 -1.85986 
0.08 -22.6544 -1.88787 12 0.165438 0.669125 0.00466667 -22.3183 -1.85986 
0.09 -22.6653 -1.88878 12 0.167333 0.665333 -0.00158333 -22.3183 -1.85986 
0.1 -22.7032 -1.89193 12 0.167542 0.664917 0.00866667 -22.3183 -1.85986 
0.11 -22.7198 -1.89332 12 0.166271 0.667458 0.000833333 -22.3183 -1.85986 
0.12 -22.7724 -1.8977 12 0.169292 0.661417 0.000375 -22.3183 -1.85986 
0.13 -22.8046 -1.90038 12 0.166167 0.667667 -0.00954167 -22.3183 -1.85986 
0.14 -22.8478 -1.90398 12 0.17025 0.6595 -0.001375 -22.3183 -1.85986 
0.15 -22.8346 -1.90288 12 0.167979 0.664042 -0.0115 -22.3183 -1.85986 
0.16 -22.8769 -1.9064 12 0.169375 0.66125 0.00279167 -22.3183 -1.85986 
0.17 -22.8718 -1.90598 12 0.168917 0.662167 0.005875 -22.3183 -1.85986 
0.18 -22.9138 -1.90948 12 0.169854 0.660292 0.00266667 -22.3183 -1.85986 
0.19 -22.934 -1.91116 12 0.168417 0.663167 -0.00729167 -22.3183 -1.85986 
0.2 -22.9438 -1.91198 12 0.168229 0.663542 0.000833333 -22.3183 -1.85986 
0.21 -22.9351 -1.91126 12 0.16925 0.6615 -0.005625 -22.3183 -1.85986 
0.22 -22.9557 -1.91298 12 0.168833 0.662333 0.00191667 -22.3183 -1.85986 
0.23 -22.9456 -1.91213 12 0.166792 0.666417 0.000791667 -22.3183 -1.85986 
0.24 -22.9713 -1.91427 12 0.168833 0.662333 -0.00220833 -22.3183 -1.85986 
0.25 -22.9653 -1.91378 12 0.170729 0.658542 0.00608333 -22.3183 -1.85986 
0.26 -22.9777 -1.91481 12 0.169062 0.661875 0.00458333 -22.3183 -1.85986 
0.27 -22.9695 -1.91413 12 0.171979 0.656042 0.00541667 -22.3183 -1.85986 
0.28 -22.9675 -1.91396 12 0.173146 0.653708 0.00354167 -22.3183 -1.85986 
0.29 -22.9813 -1.91511 12 0.172 0.656 -0.00904167 -22.3183 -1.85986 
0.3 -22.9809 -1.91508 12 0.173021 0.653958 0.006 -22.3183 -1.85986 
0.31 -22.9844 -1.91537 12 0.172937 0.654125 -0.00220833 -22.3183 -1.85986 
0.32 -22.9772 -1.91477 12 0.172188 0.655625 -0.000291667 -22.3183 -1.85986 
0.33 -22.9187 -1.90989 12 0.173667 0.652667 0.00233333 -22.3183 -1.85986 
0.34 -22.9126 -1.90938 12 0.176396 0.647208 -0.000666667 -22.3183 -1.85986 
0.35 -22.9293 -1.91078 12 0.174438 0.651125 -0.000791667 -22.3183 -1.85986 
0.36 -22.9533 -1.91277 12 0.17275 0.6545 0.000416667 -22.3183 -1.85986 
0.37 -22.9197 -1.90998 12 0.173354 0.653292 0.00166667 -22.3183 -1.85986 
0.38 -22.9328 -1.91107 12 0.176021 0.647958 0.00329167 -22.3183 -1.85986 
0.39 -22.8841 -1.90701 12 0.176437 0.647125 0.0115833 -22.3183 -1.85986 
0.4 -22.8862 -1.90718 12 0.174542 0.650917 0.00583333 -22.3183 -1.85986 
0.41 -22.8396 -1.9033 12 0.175979 0.648042 0.00995833 -22.3183 -1.85986 
0.42 -22.847 -1.90392 12 0.173 0.654 -0.00825 -22.3183 -1.85986 
0.43 -22.8332 -1.90276 12 0.175208 0.649583 -0.00104167 -22.3183 -1.85986 
0.44 -22.8051 -1.90042 12 0.177167 0.645667 0.0095 -22.3183 -1.85986 
0.45 -22.7584 -1.89653 12 0.176104 0.647792 -0.003375 -22.3183 -1.85986 
0.46 -22.7943 -1.89952 12 0.176479 0.647042 -0.00483333 -22.3183 -1.85986 
0.47 -22.7076 -1.8923 12 0.176333 0.647333 0.005 -22.3183 -1.85986 
0.48 -22.7225 -1.89354 12 0.177479 0.645042 -0.003125 -22.3183 -1.85986 
0.49 -22.6729 -1.88941 12 0.178292 0.643417 -0.000375 -22.3183 -1.85986 
0.5 -22.6555 -1.88796 12 0.180458 0.639083 0.000291667 -22.3183 -1.85986 
0.51 -22.5946 -1.88288 12 0.177167 0.645667 -0.00379167 -22.3183 -1.85986 
0.52 -22.6509 -1.88758 12 0.17875 0.6425 -0.000458333 -22.3183 -1.85986 
0.53 -22.5848 -1.88206 12 0.178729 0.642542 -0.000833333 -22.3183 -1.85986 
0.54 -22.5709 -1.88091 12 0.177146 0.645708 -0.00258333 -22.3183 -1.85986 
0.55 -22.5362 -1.87802 12 0.178438 0.643125 -0.00595833 -22.3183 -1.85986 
0.56 -22.4701 -1.8725 12 0.180896 0.638208 0.007 -22.3183 -1.85986 
0.57 -22.5056 -1.87547 12 0.178854 0.642292 -0.00241667 -22.3183 -1.85986 
0.58 -22.3926 -1.86605 12 0.178167 0.643667 0.000375 -22.3183 -1.85986 
0.59 -22.3711 -1.86426 12 0.181042 0.637917 -0.00645833 -22.3183 -1.85986 
0.6 -22.2703 -1.85586 12 0.179542 0.640917 -0.001375 -22.3183 -1.85986 
0.61 -22.3375 -1.86146 12 0.179875 0.64025 0.00341667 -22.3183 -1.85986 
0.62 -22.3618 -1.86348 12 0.180125 0.63975 -0.00683333 -22.3183 -1.85986 
0.63 -22.2191 -1.85159 12 0.181646 0.636708 -0.00370833 -22.3183 -1.85986 
0.64 -22.2161 -1.85134 12 0.180917 0.638167 -0.00208333 -22.3183 -1.85986 
0.65 -22.232 -1.85266 12 0.179646 0.640708 -0.00308333 -22.3183 -1.85986 
0.66 -22.2275 -1.85229 12 0.181854 0.636292 0.00545833 -22.3183 -1.85986 
0.67 -22.1513 -1.84595 12 0.182167 0.635667 -0.00108333 -22.3183 -1.85986 
0.68 -22.1394 -1.84495 12 0.180854 0.638292 -0.00229167 -22.3183 -1.85986 
0.69 -21.994 -1.83283 12 0.182583 0.634833 -0.003125 -22.3183 -1.85986 
0.7 -22.0005 -1.83338 12 0.181458 0.637083 -0.00708333 -22.3183 -1.85986 
0.71 -21.9647 -1.8304 12 0.185542 0.628917 -0.007625 -22.3183 -1.85986 
0.72 -21.9744 -1.8312 12 0.181083 0.637833 0.00258333 -22.3183 -1.85986 
0.73 -21.9196 -1.82663 12 0.181708 0.636583 -0.00125 -22.3183 -1.85986 
0.74 -21.8708 -1.82257 12 0.182167 0.635667 -0.00408333 -22.3183 -1.85986 
0.75 -21.7589 -1.81324 12 0.184021 0.631958 -0.006625 -22.3183 -1.85986 
0.76 -21.7582 -1.81318 12 0.181938 0.636125 0.00445833 -22.3183 -1.85986 
0.77 -21.7676 -1.81397 12 0.181354 0.637292 -0.003875 -22.3183 -1.85986 
0.78 -21.742 -1.81183 12 0.184167 0.631667 0.000583333 -22.3183 -1.85986 
0.79 -21.7443 -1.81203 12 0.181854 0.636292 0.000916667 -22.3183 -1.85986 
0.8 -21.6778 -1.80649 12 0.184167 0.631667 0.00670833 -22.3183 -1.85986 
0.81 -21.5531 -1.79609 12 0.1835 0.633 0.00241667 -22.3183 -1.85986 
0.82 -21.5722 -1.79768 12 0.183646 0.632708 0.00408333 -22.3183 -1.85986 
0.83 -21.5454 -1.79545 12 0.181312 0.637375 -0.000791667 -22.3183 -1.85986 
0.84 -21.489 -1.79075 12 0.182708 0.634583 0.00025 -22.3183 -1.85986 
0.85 -21.4842 -1.79035 12 0.18 0.64 -0.00108333 -22.3183 -1.85986 
0.86 -21.3892 -1.78243 12 0.182104 0.635792 0.0045 -22.3183 -1.85986 
0.87 -21.3603 -1.78003 12 0.182938 0.634125 0.00179167 -22.3183 -1.85986 
0.88 -21.4303 -1.78586 12 0.1805 0.639 0.00845833 -22.3183 -1.85986 
0.89 -21.3022 -1.77519 12 0.182958 0.634083 -0.00391667 -22.3183 -1.85986 
0.9 -21.3237 -1.77697 12 0.181271 0.637458 -0.003 -22.3183 -1.85986 
0.91 -21.2938 -1.77448 12 0.183271 0.633458 0.0095 -22.3183 -1.85986 
0.92 -21.2752 -1.77294 12 0.182521 0.634958 0.00483333 -22.3183 -1.85986 
0.93 -21.1052 -1.75877 12 0.184771 0.630458 -0.00366667 -22.3183 -1.85986 
0.94 -21.1155 -1.75962 12 0.181688 0.636625 0.00345833 -22.3183 -1.85986 
0.95 -21.0594 -1.75495 12 0.181646 0.636708 -0.00566667 -22.3183 -1.85986 
0.96 -21.0451 -1.75376 12 0.183729 0.632542 0.00341667 -22.3183 -1.85986 
0.97 -21.0342 -1.75285 12 0.181521 0.636958 0.00945833 -22.3183 -1.85986 
0.98 -21.0523 -1.75436 12 0.182125 0.63575 -0.006875 -22.3183 -1.85986 
0.99 -21.033 -1.75275 12 0.181875 0.63625 0.00116667 -22.3183 -1.85986 
