#ClusterEigenvalue -15.6193
0 -31.2387 -2.60322 12 0.0961667 0.807667 0.0216667 -31.2386 -2.60322 
0.01 -31.2621 -2.60517 12 0.0960625 0.807875 -0.0309583 -31.2386 -2.60322 
0.02 -31.364 -2.61367 12 0.0957708 0.808458 0.00158333 -31.2386 -2.60322 
0.03 -31.3486 -2.61238 12 0.0950208 0.809958 -0.0144583 -31.2386 -2.60322 
0.04 -31.3893 -2.61578 12 0.0959167 0.808167 -0.0204167 -31.2386 -2.60322 
0.05 -31.4307 -2.61923 12 0.0952917 0.809417 0.0156667 -31.2386 -2.60322 
0.06 -31.4529 -2.62107 12 0.0947083 0.810583 0.00758333 -31.2386 -2.60322 
0.07 -31.5223 -2.62686 12 0.0971042 0.805792 0.00791667 -31.2386 -2.60322 
0.08 -31.527 -2.62725 12 0.096125 0.80775 0.0116667 -31.2386 -2.60322 
0.09 -31.5593 -2.62994 12 0.0970625 0.805875 0.00108333 -31.2386 -2.60322 
0.1 -31.5737 -2.63115 12 0.0972708 0.805458 0.000416667 -31.2386 -2.60322 
0.11 -31.6087 -2.63406 12 0.0965208 0.806958 -0.018625 -31.2386 -2.60322 
0.12 -31.6274 -2.63562 12 0.099625 0.80075 0.00666667 -31.2386 -2.60322 
0.13 -31.6453 -2.63711 12 0.0964792 0.807042 0.00266667 -31.2386 -2.60322 
0.14 -31.649 -2.63742 12 0.0993542 0.801292 -0.0254583 -31.2386 -2.60322 
0.15 -31.665 -2.63875 12 0.0980417 0.803917 0.017625 -31.2386 -2.60322 
0.16 -31.6913 -2.64094 12 0.100604 0.798792 -0.02375 -31.2386 -2.60322 
0.17 -31.682 -2.64017 12 0.0980625 0.803875 0.00704167 -31.2386 -2.60322 
0.18 -31.6936 -2.64113 12 0.0978125 0.804375 -0.0145 -31.2386 -2.60322 
0.19 -31.7016 -2.6418 12 0.0985 0.803 -0.00145833 -31.2386 -2.60322 
0.2 -31.6806 -2.64005 12 0.0991458 0.801708 0.0254167 -31.2386 -2.60322 
0.21 -31.6924 -2.64103 12 0.100875 0.79825 -0.0085 -31.2386 -2.60322 
0.22 -31.6874 -2.64062 12 0.101917 0.796167 -0.00216667 -31.2386 -2.60322 
0.23 -31.7064 -2.6422 12 0.102833 0.794333 -0.0231667 -31.2386 -2.60322 
0.24 -31.6736 -2.63947 12 0.100187 0.799625 -0.0228333 -31.2386 -2.60322 
0.25 -31.6834 -2.64029 12 0.103896 0.792208 0.010625 -31.2386 -2.60322 
0.26 -31.624 -2.63533 12 0.105667 0.788667 0.00533333 -31.2386 -2.60322 
0.27 -31.633 -2.63608 12 0.107167 0.785667 -0.00366667 -31.2386 -2.60322 
0.28 -31.6285 -2.63571 12 0.103687 0.792625 -0.0158333 -31.2386 -2.60322 
0.29 -31.6141 -2.63451 12 0.103625 0.79275 0.01525 -31.2386 -2.60322 
0.3 -31.5879 -2.63232 12 0.109 0.782 0.00325 -31.2386 -2.60322 
0.31 -31.5755 -2.63129 12 0.105271 0.789458 0.00970833 -31.2386 -2.60322 
0.32 -31.5446 -2.62872 12 0.107833 0.784333 -0.0122917 -31.2386 -2.60322 
0.33 -31.5394 -2.62828 12 0.107542 0.784917 -0.000916667 -31.2386 -2.60322 
0.34 -31.5049 -2.62541 12 0.108438 0.783125 -0.002875 -31.2386 -2.60322 
0.35 -31.5495 -2.62912 12 0.108583 0.782833 -0.00025 -31.2386 -2.60322 
0.36 -31.421 -2.61842 12 0.11 0.78 -0.0108333 -31.2386 -2.60322 
0.37 -31.4275 -2.61895 12 0.109208 0.781583 -0.0138333 -31.2386 -2.60322 
0.38 -31.3877 -2.61564 12 0.111708 0.776583 -0.014 -31.2386 -2.60322 
0.39 -31.3098 -2.60915 12 0.112187 0.775625 -0.00370833 -31.2386 -2.60322 
0.4 -31.332 -2.611 12 0.112667 0.774667 0.00370833 -31.2386 -2.60322 
0.41 -31.2861 -2.60718 12 0.114042 0.771917 0.00220833 -31.2386 -2.60322 
0.42 -31.2731 -2.60609 12 0.1125 0.775 0.01 -31.2386 -2.60322 
0.43 -31.2006 -2.60005 12 0.113146 0.773708 0.0100417 -31.2386 -2.60322 
0.44 -31.1947 -2.59956 12 0.113146 0.773708 0.0210833 -31.2386 -2.60322 
0.45 -31.1474 -2.59561 12 0.115542 0.768917 0.0125833 -31.2386 -2.60322 
0.46 -31.1627 -2.59689 12 0.117042 0.765917 -0.000958333 -31.2386 -2.60322 
0.47 -31.0383 -2.58653 12 0.116229 0.767542 0.000208333 -31.2386 -2.60322 
0.48 -31.0265 -2.58554 12 0.115583 0.768833 0.00579167 -31.2386 -2.60322 
0.49 -30.917 -2.57642 12 0.118708 0.762583 4.16667e-05 -31.2386 -2.60322 
0.5 -30.8412 -2.5701 12 0.118396 0.763208 0.00408333 -31.2386 -2.60322 
0.51 -30.9115 -2.57596 12 0.119896 0.760208 -0.000458333 -31.2386 -2.60322 
0.52 -30.833 -2.56941 12 0.117875 0.76425 -0.00325 -31.2386 -2.60322 
0.53 -30.7797 -2.56498 12 0.119792 0.760417 0.00358333 -31.2386 -2.60322 
0.54 -30.8022 -2.56685 12 0.120125 0.75975 -0.0152917 -31.2386 -2.60322 
0.55 -30.6819 -2.55683 12 0.122 0.756 0.004 -31.2386 -2.60322 
0.56 -30.6734 -2.55612 12 0.119812 0.760375 -0.00329167 -31.2386 -2.60322 
0.57 -30.5905 -2.54921 12 0.122042 0.755917 -0.012875 -31.2386 -2.60322 
0.58 -30.506 -2.54216 12 0.123687 0.752625 -0.00504167 -31.2386 -2.60322 
0.59 -30.4335 -2.53613 12 0.120917 0.758167 -0.00241667 -31.2386 -2.60322 
0.6 -30.4631 -2.53859 12 0.124438 0.751125 -0.00929167 -31.2386 -2.60322 
0.61 -30.3808 -2.53173 12 0.124229 0.751542 -0.00495833 -31.2386 -2.60322 
0.62 -30.3084 -2.5257 12 0.122688 0.754625 -0.000666667 -31.2386 -2.60322 
0.63 -30.348 -2.529 12 0.123063 0.753875 0.00208333 -31.2386 -2.60322 
0.64 -30.1521 -2.51267 12 0.126042 0.747917 -0.00991667 -31.2386 -2.60322 
0.65 -30.2721 -2.52268 12 0.121521 0.756958 0.00166667 -31.2386 -2.60322 
0.66 -30.0664 -2.50553 12 0.126396 0.747208 0.00129167 -31.2386 -2.60322 
0.67 -30.1031 -2.50859 12 0.124979 0.750042 -0.0134583 -31.2386 -2.60322 
0.68 -30.028 -2.50234 12 0.125313 0.749375 0.015 -31.2386 -2.60322 
0.69 -29.9706 -2.49755 12 0.127438 0.745125 0.0157917 -31.2386 -2.60322 
0.7 -29.8423 -2.48686 12 0.127354 0.745292 -0.002125 -31.2386 -2.60322 
0.71 -29.8922 -2.49101 12 0.129167 0.741667 -0.000875 -31.2386 -2.60322 
0.72 -29.728 -2.47734 12 0.129083 0.741833 0.00120833 -31.2386 -2.60322 
0.73 -29.85 -2.4875 12 0.126312 0.747375 -0.00179167 -31.2386 -2.60322 
0.74 -29.7939 -2.48282 12 0.126396 0.747208 0.005375 -31.2386 -2.60322 
0.75 -29.7378 -2.47815 12 0.127375 0.74525 -0.0015 -31.2386 -2.60322 
0.76 -29.6996 -2.47496 12 0.126917 0.746167 -0.002125 -31.2386 -2.60322 
0.77 -29.5941 -2.46617 12 0.127729 0.744542 -0.00566667 -31.2386 -2.60322 
0.78 -29.5934 -2.46612 12 0.127188 0.745625 0.014125 -31.2386 -2.60322 
0.79 -29.3924 -2.44937 12 0.129458 0.741083 -0.013125 -31.2386 -2.60322 
0.8 -29.6825 -2.47354 12 0.127687 0.744625 -0.00704167 -31.2386 -2.60322 
0.81 -29.5154 -2.45962 12 0.127708 0.744583 0.000416667 -31.2386 -2.60322 
0.82 -29.4665 -2.45555 12 0.128292 0.743417 -0.00620833 -31.2386 -2.60322 
0.83 -29.4211 -2.45176 12 0.128187 0.743625 -0.00941667 -31.2386 -2.60322 
0.84 -29.3204 -2.44337 12 0.126417 0.747167 -0.0144583 -31.2386 -2.60322 
0.85 -29.161 -2.43009 12 0.13025 0.7395 -0.00770833 -31.2386 -2.60322 
0.86 -29.198 -2.43317 12 0.128958 0.742083 0.00470833 -31.2386 -2.60322 
0.87 -29.2238 -2.43532 12 0.131188 0.737625 -0.00791667 -31.2386 -2.60322 
0.88 -29.0189 -2.41824 12 0.129208 0.741583 -0.0117917 -31.2386 -2.60322 
0.89 -29.099 -2.42492 12 0.129938 0.740125 0.00558333 -31.2386 -2.60322 
0.9 -29.2011 -2.43343 12 0.129333 0.741333 -0.00025 -31.2386 -2.60322 
0.91 -29.0924 -2.42437 12 0.128542 0.742917 -0.00225 -31.2386 -2.60322 
0.92 -28.8621 -2.40518 12 0.131375 0.73725 -0.0005 -31.2386 -2.60322 
0.93 -28.9168 -2.40973 12 0.130479 0.739042 0.00358333 -31.2386 -2.60322 
0.94 -28.9779 -2.41482 12 0.127833 0.744333 0.00516667 -31.2386 -2.60322 
0.95 -28.7639 -2.39699 12 0.132729 0.734542 0.00995833 -31.2386 -2.60322 
0.96 -28.8055 -2.40046 12 0.131854 0.736292 0.003875 -31.2386 -2.60322 
0.97 -28.8154 -2.40128 12 0.129625 0.74075 -0.00025 -31.2386 -2.60322 
0.98 -28.831 -2.40258 12 0.129375 0.74125 0.00445833 -31.2386 -2.60322 
0.99 -28.7138 -2.39282 12 0.131062 0.737875 0.00295833 -31.2386 -2.60322 
