#ClusterEigenvalue -37.5356
0 -75.0711 -6.25592 12 0.0199375 0.960125 -0.00345833 -75.0711 -6.25593 
0.01 -75.1138 -6.25949 12 0.0195625 0.960875 0.011625 -75.0711 -6.25593 
0.02 -75.122 -6.26017 12 0.0180625 0.963875 0.030375 -75.0711 -6.25593 
0.03 -75.1904 -6.26586 12 0.0198958 0.960208 0.0387083 -75.0711 -6.25593 
0.04 -75.1952 -6.26627 12 0.0197708 0.960458 0.010625 -75.0711 -6.25593 
0.05 -75.223 -6.26859 12 0.0198333 0.960333 -0.0269583 -75.0711 -6.25593 
0.06 -75.2086 -6.26738 12 0.01975 0.9605 0.002875 -75.0711 -6.25593 
0.07 -75.2334 -6.26945 12 0.0191458 0.961708 -0.0285833 -75.0711 -6.25593 
0.08 -75.2258 -6.26882 12 0.0200417 0.959917 0.0242083 -75.0711 -6.25593 
0.09 -75.2253 -6.26878 12 0.0194167 0.961167 -0.107 -75.0711 -6.25593 
0.1 -75.2346 -6.26955 12 0.020125 0.95975 -0.032875 -75.0711 -6.25593 
0.11 -75.2229 -6.26857 12 0.0214583 0.957083 0.065 -75.0711 -6.25593 
0.12 -75.198 -6.2665 12 0.0197708 0.960458 0.0150833 -75.0711 -6.25593 
0.13 -75.1773 -6.26478 12 0.0210208 0.957958 0.0327917 -75.0711 -6.25593 
0.14 -75.1605 -6.26338 12 0.0231042 0.953792 0.059 -75.0711 -6.25593 
0.15 -75.1086 -6.25905 12 0.0240208 0.951958 0.03025 -75.0711 -6.25593 
0.16 -75.0974 -6.25812 12 0.0245625 0.950875 -0.0288333 -75.0711 -6.25593 
0.17 -75.0528 -6.2544 12 0.0245417 0.950917 -0.0219583 -75.0711 -6.25593 
0.18 -75.0543 -6.25452 12 0.0252917 0.949417 -0.00775 -75.0711 -6.25593 
0.19 -74.8868 -6.24056 12 0.0266667 0.946667 0.00658333 -75.0711 -6.25593 
0.2 -74.9363 -6.2447 12 0.0266042 0.946792 -0.0584583 -75.0711 -6.25593 
0.21 -74.7584 -6.22986 12 0.02775 0.9445 0.0272917 -75.0711 -6.25593 
0.22 -74.7989 -6.23324 12 0.0265833 0.946833 0.0327917 -75.0711 -6.25593 
0.23 -74.708 -6.22566 12 0.0277292 0.944542 -0.00225 -75.0711 -6.25593 
0.24 -74.5917 -6.21598 12 0.0292917 0.941417 -0.0359583 -75.0711 -6.25593 
0.25 -74.5126 -6.20939 12 0.03025 0.9395 0.0655417 -75.0711 -6.25593 
0.26 -74.3847 -6.19873 12 0.029875 0.94025 -0.0508333 -75.0711 -6.25593 
0.27 -74.3149 -6.19291 12 0.0308958 0.938208 -0.0145833 -75.0711 -6.25593 
0.28 -74.1747 -6.18122 12 0.0333958 0.933208 0.061875 -75.0711 -6.25593 
0.29 -73.9849 -6.16541 12 0.0346458 0.930708 0.00925 -75.0711 -6.25593 
0.3 -73.981 -6.16508 12 0.0355208 0.928958 -0.0281667 -75.0711 -6.25593 
0.31 -74.0033 -6.16694 12 0.0347083 0.930583 0.0135 -75.0711 -6.25593 
0.32 -73.6955 -6.14129 12 0.0368125 0.926375 -0.0197917 -75.0711 -6.25593 
0.33 -73.649 -6.13742 12 0.0380417 0.923917 0.0142083 -75.0711 -6.25593 
0.34 -73.5466 -6.12888 12 0.03775 0.9245 -0.0408333 -75.0711 -6.25593 
0.35 -73.3026 -6.10855 12 0.0391667 0.921667 0.0414167 -75.0711 -6.25593 
0.36 -73.3947 -6.11623 12 0.0393958 0.921208 0.0532083 -75.0711 -6.25593 
0.37 -72.9834 -6.08195 12 0.0412083 0.917583 -0.026375 -75.0711 -6.25593 
0.38 -72.8543 -6.07119 12 0.042875 0.91425 -0.0404583 -75.0711 -6.25593 
0.39 -72.6962 -6.05802 12 0.046 0.908 0.0119583 -75.0711 -6.25593 
0.4 -72.5857 -6.0488 12 0.04575 0.9085 -0.0142083 -75.0711 -6.25593 
0.41 -72.3804 -6.0317 12 0.0478542 0.904292 -0.0427917 -75.0711 -6.25593 
0.42 -72.5136 -6.0428 12 0.0464792 0.907042 0.0515 -75.0711 -6.25593 
0.43 -72.1277 -6.01064 12 0.0501875 0.899625 -0.0374167 -75.0711 -6.25593 
0.44 -72.1362 -6.01135 12 0.0495417 0.900917 -0.00483333 -75.0711 -6.25593 
0.45 -71.7009 -5.97507 12 0.0519792 0.896042 -0.01725 -75.0711 -6.25593 
0.46 -71.644 -5.97033 12 0.0521042 0.895792 -0.03425 -75.0711 -6.25593 
0.47 -71.3966 -5.94971 12 0.0551042 0.889792 -0.00608333 -75.0711 -6.25593 
0.48 -71.4656 -5.95546 12 0.0556042 0.888792 0.019375 -75.0711 -6.25593 
0.49 -71.3353 -5.94461 12 0.0557917 0.888417 0.000375 -75.0711 -6.25593 
0.5 -70.9268 -5.91057 12 0.057875 0.88425 0.0146667 -75.0711 -6.25593 
0.51 -71.2777 -5.93981 12 0.056625 0.88675 0.0284583 -75.0711 -6.25593 
0.52 -70.551 -5.87925 12 0.0615833 0.876833 0.0100833 -75.0711 -6.25593 
0.53 -70.8078 -5.90065 12 0.0587292 0.882542 0.002 -75.0711 -6.25593 
0.54 -70.6244 -5.88537 12 0.0600208 0.879958 0.013875 -75.0711 -6.25593 
0.55 -70.4081 -5.86734 12 0.06175 0.8765 0.010625 -75.0711 -6.25593 
0.56 -70.3129 -5.85941 12 0.0631875 0.873625 -0.00341667 -75.0711 -6.25593 
0.57 -69.9309 -5.82758 12 0.0640625 0.871875 -0.009375 -75.0711 -6.25593 
0.58 -69.7141 -5.8095 12 0.0664583 0.867083 -0.019875 -75.0711 -6.25593 
0.59 -69.7788 -5.8149 12 0.0668333 0.866333 0.0175833 -75.0711 -6.25593 
0.6 -69.7046 -5.80872 12 0.0671458 0.865708 0.02225 -75.0711 -6.25593 
0.61 -69.3938 -5.78282 12 0.0679792 0.864042 -0.000416667 -75.0711 -6.25593 
0.62 -69.1142 -5.75952 12 0.07075 0.8585 -0.0255417 -75.0711 -6.25593 
0.63 -68.9949 -5.74958 12 0.0719375 0.856125 -0.00816667 -75.0711 -6.25593 
0.64 -69.3027 -5.77523 12 0.07 0.86 -0.00804167 -75.0711 -6.25593 
0.65 -68.987 -5.74892 12 0.071 0.858 -0.01325 -75.0711 -6.25593 
0.66 -68.7649 -5.73041 12 0.0732292 0.853542 0.0365833 -75.0711 -6.25593 
0.67 -68.4645 -5.70537 12 0.0747708 0.850458 0.0347917 -75.0711 -6.25593 
0.68 -68.4086 -5.70072 12 0.0746458 0.850708 -0.00933333 -75.0711 -6.25593 
0.69 -68.7582 -5.72985 12 0.0725 0.855 0.022 -75.0711 -6.25593 
0.7 -68.2995 -5.69163 12 0.0752292 0.849542 -0.038125 -75.0711 -6.25593 
0.71 -68.129 -5.67742 12 0.0767292 0.846542 0.019125 -75.0711 -6.25593 
0.72 -68.0079 -5.66733 12 0.0778542 0.844292 -0.0232083 -75.0711 -6.25593 
0.73 -67.9597 -5.66331 12 0.0774792 0.845042 -0.0112917 -75.0711 -6.25593 
0.74 -68.0424 -5.6702 12 0.078 0.844 -0.02525 -75.0711 -6.25593 
0.75 -67.9548 -5.6629 12 0.0773542 0.845292 0.0163333 -75.0711 -6.25593 
0.76 -67.9249 -5.66041 12 0.0776042 0.844792 0.0231667 -75.0711 -6.25593 
0.77 -67.4831 -5.62359 12 0.0796458 0.840708 0.0432917 -75.0711 -6.25593 
0.78 -67.593 -5.63275 12 0.0795208 0.840958 0.00233333 -75.0711 -6.25593 
0.79 -67.3752 -5.6146 12 0.08075 0.8385 0.00783333 -75.0711 -6.25593 
0.8 -67.5426 -5.62855 12 0.0800625 0.839875 -0.0295417 -75.0711 -6.25593 
0.81 -67.2224 -5.60187 12 0.0832292 0.833542 -0.00670833 -75.0711 -6.25593 
0.82 -66.9342 -5.57785 12 0.0840417 0.831917 -0.0337917 -75.0711 -6.25593 
0.83 -67.0568 -5.58807 12 0.0833958 0.833208 0.0167083 -75.0711 -6.25593 
0.84 -67.1199 -5.59332 12 0.0820417 0.835917 0.023875 -75.0711 -6.25593 
0.85 -66.7612 -5.56343 12 0.0845833 0.830833 -0.0199167 -75.0711 -6.25593 
0.86 -66.9791 -5.58159 12 0.0837917 0.832417 0.0297083 -75.0711 -6.25593 
0.87 -67.0571 -5.58809 12 0.0839375 0.832125 -0.0581667 -75.0711 -6.25593 
0.88 -66.9305 -5.57754 12 0.0833125 0.833375 0.0504167 -75.0711 -6.25593 
0.89 -66.5122 -5.54268 12 0.0849167 0.830167 -0.0257083 -75.0711 -6.25593 
0.9 -66.945 -5.57875 12 0.0821458 0.835708 -0.0491667 -75.0711 -6.25593 
0.91 -66.7078 -5.55898 12 0.0838125 0.832375 -0.0170417 -75.0711 -6.25593 
0.92 -66.6178 -5.55148 12 0.0840833 0.831833 0.0381667 -75.0711 -6.25593 
0.93 -66.417 -5.53475 12 0.086 0.828 0.00704167 -75.0711 -6.25593 
0.94 -66.4883 -5.54069 12 0.08625 0.8275 -0.0272917 -75.0711 -6.25593 
0.95 -66.4802 -5.54002 12 0.0856458 0.828708 -0.00483333 -75.0711 -6.25593 
0.96 -66.4165 -5.53471 12 0.0853958 0.829208 -0.022375 -75.0711 -6.25593 
0.97 -66.3285 -5.52737 12 0.0859583 0.828083 0.0304583 -75.0711 -6.25593 
0.98 -66.676 -5.55633 12 0.0838333 0.832333 -0.020125 -75.0711 -6.25593 
0.99 -66.2734 -5.52279 12 0.0878958 0.824208 0.005875 -75.0711 -6.25593 
