#ClusterEigenvalue -40.4283
0 -80.8566 -6.73805 12 0.0162708 0.967458 0.02425 -80.8566 -6.73805 
0.01 -80.9192 -6.74326 12 0.0174375 0.965125 0.006875 -80.8566 -6.73805 
0.02 -80.9659 -6.74716 12 0.0168958 0.966208 0.0120417 -80.8566 -6.73805 
0.03 -80.9649 -6.74708 12 0.0173542 0.965292 -0.038875 -80.8566 -6.73805 
0.04 -80.9608 -6.74673 12 0.01675 0.9665 0.02475 -80.8566 -6.73805 
0.05 -80.9747 -6.7479 12 0.0169167 0.966167 0.121375 -80.8566 -6.73805 
0.06 -81.0054 -6.75045 12 0.0159792 0.968042 -0.002 -80.8566 -6.73805 
0.07 -81.02 -6.75167 12 0.01925 0.9615 -0.0225 -80.8566 -6.73805 
0.08 -81.0077 -6.75065 12 0.0185 0.963 0.00958333 -80.8566 -6.73805 
0.09 -81.0117 -6.75098 12 0.0183958 0.963208 -0.062875 -80.8566 -6.73805 
0.1 -80.9924 -6.74937 12 0.0177708 0.964458 0.015625 -80.8566 -6.73805 
0.11 -80.9663 -6.74719 12 0.0209167 0.958167 0.0340833 -80.8566 -6.73805 
0.12 -80.9354 -6.74461 12 0.0182708 0.963458 -0.0550417 -80.8566 -6.73805 
0.13 -80.9696 -6.74746 12 0.018875 0.96225 0.0233333 -80.8566 -6.73805 
0.14 -80.9079 -6.74233 12 0.020375 0.95925 -0.0314167 -80.8566 -6.73805 
0.15 -80.8628 -6.73856 12 0.0205208 0.958958 -0.044375 -80.8566 -6.73805 
0.16 -80.8241 -6.73534 12 0.0206458 0.958708 0.048125 -80.8566 -6.73805 
0.17 -80.7274 -6.72728 12 0.0204583 0.959083 0.0257083 -80.8566 -6.73805 
0.18 -80.7559 -6.72965 12 0.02075 0.9585 0.0630833 -80.8566 -6.73805 
0.19 -80.613 -6.71775 12 0.0234375 0.953125 -0.066 -80.8566 -6.73805 
0.2 -80.5837 -6.71531 12 0.022625 0.95475 0.024125 -80.8566 -6.73805 
0.21 -80.4497 -6.70414 12 0.0240208 0.951958 -0.00133333 -80.8566 -6.73805 
0.22 -80.415 -6.70125 12 0.0248125 0.950375 0.0304167 -80.8566 -6.73805 
0.23 -80.3041 -6.69201 12 0.0257292 0.948542 0.049375 -80.8566 -6.73805 
0.24 -80.2093 -6.68411 12 0.025625 0.94875 -0.0510417 -80.8566 -6.73805 
0.25 -80.192 -6.68267 12 0.0266042 0.946792 -0.056625 -80.8566 -6.73805 
0.26 -80.0042 -6.66702 12 0.0281042 0.943792 -0.038875 -80.8566 -6.73805 
0.27 -79.8835 -6.65696 12 0.0290208 0.941958 0.00829167 -80.8566 -6.73805 
0.28 -79.9116 -6.6593 12 0.029125 0.94175 -0.0149167 -80.8566 -6.73805 
0.29 -79.7895 -6.64913 12 0.0299792 0.940042 -0.0312083 -80.8566 -6.73805 
0.3 -79.682 -6.64017 12 0.0318542 0.936292 -0.0155 -80.8566 -6.73805 
0.31 -79.4992 -6.62494 12 0.0328333 0.934333 -0.0171667 -80.8566 -6.73805 
0.32 -79.2128 -6.60107 12 0.0360417 0.927917 0.00783333 -80.8566 -6.73805 
0.33 -79.1957 -6.59964 12 0.035 0.93 0.0236667 -80.8566 -6.73805 
0.34 -78.9879 -6.58233 12 0.0363333 0.927333 0.026875 -80.8566 -6.73805 
0.35 -78.6854 -6.55712 12 0.0381458 0.923708 -0.0232083 -80.8566 -6.73805 
0.36 -78.6463 -6.55386 12 0.03925 0.9215 -0.062375 -80.8566 -6.73805 
0.37 -78.6048 -6.5504 12 0.0393542 0.921292 -0.0151667 -80.8566 -6.73805 
0.38 -78.5361 -6.54467 12 0.04 0.92 0.0292083 -80.8566 -6.73805 
0.39 -78.304 -6.52533 12 0.0415417 0.916917 -0.0125417 -80.8566 -6.73805 
0.4 -78.0199 -6.50165 12 0.0437917 0.912417 0.00441667 -80.8566 -6.73805 
0.41 -77.8733 -6.48944 12 0.0463125 0.907375 -0.015625 -80.8566 -6.73805 
0.42 -77.8596 -6.4883 12 0.0456667 0.908667 0.000125 -80.8566 -6.73805 
0.43 -77.7382 -6.47818 12 0.0454167 0.909167 0.0135833 -80.8566 -6.73805 
0.44 -77.4215 -6.45179 12 0.0480208 0.903958 -0.0207083 -80.8566 -6.73805 
0.45 -77.4262 -6.45218 12 0.0484792 0.903042 -0.000541667 -80.8566 -6.73805 
0.46 -77.1418 -6.42848 12 0.051125 0.89775 -0.0148333 -80.8566 -6.73805 
0.47 -76.8258 -6.40215 12 0.0531667 0.893667 0.0255833 -80.8566 -6.73805 
0.48 -76.7308 -6.39423 12 0.0545 0.891 0.0259583 -80.8566 -6.73805 
0.49 -76.333 -6.36109 12 0.0562292 0.887542 0.0129583 -80.8566 -6.73805 
0.5 -76.3383 -6.36152 12 0.0562083 0.887583 0.0495417 -80.8566 -6.73805 
0.51 -76.1309 -6.34424 12 0.0569375 0.886125 -0.0234167 -80.8566 -6.73805 
0.52 -75.7505 -6.31255 12 0.059875 0.88025 -0.046875 -80.8566 -6.73805 
0.53 -75.7535 -6.31279 12 0.0604792 0.879042 0.0145833 -80.8566 -6.73805 
0.54 -75.54 -6.295 12 0.0607917 0.878417 -0.048875 -80.8566 -6.73805 
0.55 -75.4212 -6.2851 12 0.0615208 0.876958 0.0255 -80.8566 -6.73805 
0.56 -75.2501 -6.27084 12 0.0633333 0.873333 -0.020125 -80.8566 -6.73805 
0.57 -75.2664 -6.2722 12 0.0627708 0.874458 -0.0579167 -80.8566 -6.73805 
0.58 -75.0079 -6.25066 12 0.0638542 0.872292 -0.0166667 -80.8566 -6.73805 
0.59 -74.8776 -6.2398 12 0.0653333 0.869333 0.000583333 -80.8566 -6.73805 
0.6 -74.4008 -6.20007 12 0.0692083 0.861583 0.0128333 -80.8566 -6.73805 
0.61 -74.7486 -6.22905 12 0.0658125 0.868375 0.0228333 -80.8566 -6.73805 
0.62 -74.4628 -6.20524 12 0.0675833 0.864833 0.02175 -80.8566 -6.73805 
0.63 -73.9809 -6.16507 12 0.0706875 0.858625 -0.014375 -80.8566 -6.73805 
0.64 -74.1946 -6.18289 12 0.0689792 0.862042 -0.0150833 -80.8566 -6.73805 
0.65 -74.11 -6.17583 12 0.0696458 0.860708 0.0302083 -80.8566 -6.73805 
0.66 -74.0178 -6.16815 12 0.070875 0.85825 0.0119583 -80.8566 -6.73805 
0.67 -73.6462 -6.13719 12 0.0723958 0.855208 0.0272917 -80.8566 -6.73805 
0.68 -73.6452 -6.1371 12 0.0731042 0.853792 0.0782083 -80.8566 -6.73805 
0.69 -73.5666 -6.13055 12 0.0721667 0.855667 0.0209583 -80.8566 -6.73805 
0.7 -73.4483 -6.12069 12 0.074375 0.85125 0.04975 -80.8566 -6.73805 
0.71 -73.1709 -6.09758 12 0.0752083 0.849583 -0.097125 -80.8566 -6.73805 
0.72 -72.9982 -6.08319 12 0.0762917 0.847417 -0.0186667 -80.8566 -6.73805 
0.73 -73.0697 -6.08914 12 0.0758958 0.848208 0.0442917 -80.8566 -6.73805 
0.74 -72.9601 -6.08001 12 0.0759375 0.848125 0.0232917 -80.8566 -6.73805 
0.75 -73.1653 -6.09711 12 0.0752917 0.849417 0.026375 -80.8566 -6.73805 
0.76 -72.5129 -6.04274 12 0.0787917 0.842417 -0.044 -80.8566 -6.73805 
0.77 -72.6626 -6.05522 12 0.0785625 0.842875 -0.0444583 -80.8566 -6.73805 
0.78 -72.3034 -6.02528 12 0.080375 0.83925 -0.0152083 -80.8566 -6.73805 
0.79 -72.258 -6.0215 12 0.0807708 0.838458 -0.019875 -80.8566 -6.73805 
0.8 -72.3897 -6.03247 12 0.0793542 0.841292 -0.0605417 -80.8566 -6.73805 
0.81 -71.9278 -5.99398 12 0.0823542 0.835292 -0.0214583 -80.8566 -6.73805 
0.82 -72.466 -6.03883 12 0.0794375 0.841125 0.0025 -80.8566 -6.73805 
0.83 -72.009 -6.00075 12 0.0816875 0.836625 0.00866667 -80.8566 -6.73805 
0.84 -72.2692 -6.02243 12 0.0808125 0.838375 -0.004375 -80.8566 -6.73805 
0.85 -71.9492 -5.99577 12 0.0816458 0.836708 -0.0447083 -80.8566 -6.73805 
0.86 -72.1657 -6.0138 12 0.0806875 0.838625 0.0249167 -80.8566 -6.73805 
0.87 -71.7771 -5.98143 12 0.0830833 0.833833 -0.0149167 -80.8566 -6.73805 
0.88 -72.0237 -6.00198 12 0.0809167 0.838167 -0.0779583 -80.8566 -6.73805 
0.89 -71.7182 -5.97652 12 0.0826875 0.834625 -0.0136667 -80.8566 -6.73805 
0.9 -71.7185 -5.97654 12 0.0835208 0.832958 -0.0372083 -80.8566 -6.73805 
0.91 -71.5912 -5.96593 12 0.0842708 0.831458 -0.000875 -80.8566 -6.73805 
0.92 -71.6177 -5.96814 12 0.0843958 0.831208 -0.01 -80.8566 -6.73805 
0.93 -71.6012 -5.96677 12 0.0837292 0.832542 -0.00716667 -80.8566 -6.73805 
0.94 -71.7328 -5.97773 12 0.08175 0.8365 0.064625 -80.8566 -6.73805 
0.95 -71.3949 -5.94957 12 0.0857708 0.828458 -0.0116667 -80.8566 -6.73805 
0.96 -71.335 -5.94459 12 0.0844583 0.831083 0.00808333 -80.8566 -6.73805 
0.97 -71.3099 -5.94249 12 0.0856875 0.828625 0.0353333 -80.8566 -6.73805 
0.98 -71.5671 -5.96392 12 0.0833333 0.833333 -0.079625 -80.8566 -6.73805 
0.99 -71.139 -5.92825 12 0.0866458 0.826708 0.0380833 -80.8566 -6.73805 
