#ClusterEigenvalue -20.7308
0 -41.4617 -3.45514 12 0.0552292 0.889542 -0.00370833 -41.4617 -3.45514 
0.01 -41.5064 -3.45886 12 0.0574583 0.885083 -0.0301667 -41.4617 -3.45514 
0.02 -41.5394 -3.46161 12 0.0566667 0.886667 -0.0290833 -41.4617 -3.45514 
0.03 -41.5619 -3.46349 12 0.0567292 0.886542 -0.000666667 -41.4617 -3.45514 
0.04 -41.6147 -3.46789 12 0.0579583 0.884083 -0.001625 -41.4617 -3.45514 
0.05 -41.6295 -3.46912 12 0.0556458 0.888708 0.0206667 -41.4617 -3.45514 
0.06 -41.6613 -3.47177 12 0.0583542 0.883292 0.01625 -41.4617 -3.45514 
0.07 -41.685 -3.47375 12 0.05675 0.8865 0.0140833 -41.4617 -3.45514 
0.08 -41.7257 -3.47714 12 0.0578958 0.884208 -0.0125 -41.4617 -3.45514 
0.09 -41.7142 -3.47618 12 0.0582292 0.883542 0.00491667 -41.4617 -3.45514 
0.1 -41.7445 -3.47871 12 0.0587917 0.882417 0.0248333 -41.4617 -3.45514 
0.11 -41.7654 -3.48045 12 0.0604792 0.879042 -0.00958333 -41.4617 -3.45514 
0.12 -41.8091 -3.48409 12 0.059 0.882 0.022125 -41.4617 -3.45514 
0.13 -41.7717 -3.48097 12 0.0580208 0.883958 0.00266667 -41.4617 -3.45514 
0.14 -41.7589 -3.4799 12 0.0602083 0.879583 0.00545833 -41.4617 -3.45514 
0.15 -41.7733 -3.48111 12 0.0595 0.881 -0.000416667 -41.4617 -3.45514 
0.16 -41.7692 -3.48077 12 0.0629792 0.874042 -0.00133333 -41.4617 -3.45514 
0.17 -41.7939 -3.48282 12 0.0629167 0.874167 0.00875 -41.4617 -3.45514 
0.18 -41.7748 -3.48124 12 0.062375 0.87525 -0.002 -41.4617 -3.45514 
0.19 -41.7884 -3.48237 12 0.06175 0.8765 0.00433333 -41.4617 -3.45514 
0.2 -41.7525 -3.47938 12 0.0629792 0.874042 0.009875 -41.4617 -3.45514 
0.21 -41.7237 -3.47697 12 0.063125 0.87375 -0.0130833 -41.4617 -3.45514 
0.22 -41.6929 -3.47441 12 0.0660417 0.867917 0.02175 -41.4617 -3.45514 
0.23 -41.7328 -3.47773 12 0.0648542 0.870292 0.000666667 -41.4617 -3.45514 
0.24 -41.6818 -3.47348 12 0.065 0.87 -0.009625 -41.4617 -3.45514 
0.25 -41.6625 -3.47188 12 0.064875 0.87025 -0.0109583 -41.4617 -3.45514 
0.26 -41.6374 -3.46978 12 0.0672917 0.865417 0.024375 -41.4617 -3.45514 
0.27 -41.5829 -3.46525 12 0.0684375 0.863125 0.014 -41.4617 -3.45514 
0.28 -41.5606 -3.46339 12 0.0675833 0.864833 -0.0262083 -41.4617 -3.45514 
0.29 -41.5159 -3.45966 12 0.0677917 0.864417 0.02225 -41.4617 -3.45514 
0.3 -41.5547 -3.46289 12 0.0677917 0.864417 -0.0104167 -41.4617 -3.45514 
0.31 -41.4763 -3.45636 12 0.07075 0.8585 -0.0145 -41.4617 -3.45514 
0.32 -41.4396 -3.4533 12 0.0699583 0.860083 -0.0055 -41.4617 -3.45514 
0.33 -41.3354 -3.44461 12 0.0707917 0.858417 0.0428333 -41.4617 -3.45514 
0.34 -41.2954 -3.44129 12 0.0725417 0.854917 -0.0144583 -41.4617 -3.45514 
0.35 -41.1735 -3.43112 12 0.0742083 0.851583 0.0105833 -41.4617 -3.45514 
0.36 -41.202 -3.4335 12 0.074375 0.85125 -0.0121667 -41.4617 -3.45514 
0.37 -41.1717 -3.43097 12 0.075625 0.84875 -0.00791667 -41.4617 -3.45514 
0.38 -41.1203 -3.42669 12 0.0769167 0.846167 0.012 -41.4617 -3.45514 
0.39 -41.0505 -3.42087 12 0.0754792 0.849042 -0.0124167 -41.4617 -3.45514 
0.4 -41.0074 -3.41728 12 0.0765208 0.846958 -0.00620833 -41.4617 -3.45514 
0.41 -40.9038 -3.40865 12 0.0811667 0.837667 0.0045 -41.4617 -3.45514 
0.42 -40.8332 -3.40277 12 0.0785 0.843 0.00675 -41.4617 -3.45514 
0.43 -40.7832 -3.3986 12 0.079625 0.84075 0.00495833 -41.4617 -3.45514 
0.44 -40.5677 -3.38065 12 0.0830625 0.833875 0.004625 -41.4617 -3.45514 
0.45 -40.554 -3.3795 12 0.0829167 0.834167 -0.00125 -41.4617 -3.45514 
0.46 -40.5268 -3.37723 12 0.08275 0.8345 0.032625 -41.4617 -3.45514 
0.47 -40.4915 -3.37429 12 0.0835833 0.832833 0.00329167 -41.4617 -3.45514 
0.48 -40.3742 -3.36452 12 0.0853542 0.829292 -0.0197083 -41.4617 -3.45514 
0.49 -40.439 -3.36992 12 0.0843958 0.831208 -0.0124167 -41.4617 -3.45514 
0.5 -40.1725 -3.34771 12 0.0865 0.827 -0.0194167 -41.4617 -3.45514 
0.51 -40.3092 -3.3591 12 0.0864792 0.827042 -0.0085 -41.4617 -3.45514 
0.52 -40.1357 -3.34464 12 0.0878333 0.824333 0.002 -41.4617 -3.45514 
0.53 -40.1819 -3.3485 12 0.0861875 0.827625 -0.00691667 -41.4617 -3.45514 
0.54 -40.0021 -3.33351 12 0.089 0.822 0.0135 -41.4617 -3.45514 
0.55 -39.8075 -3.31729 12 0.0897292 0.820542 -0.00645833 -41.4617 -3.45514 
0.56 -39.9291 -3.32742 12 0.0888542 0.822292 0.0252083 -41.4617 -3.45514 
0.57 -39.8235 -3.31863 12 0.0921458 0.815708 0.0123333 -41.4617 -3.45514 
0.58 -39.8479 -3.32066 12 0.092 0.816 0.0120833 -41.4617 -3.45514 
0.59 -39.6498 -3.30415 12 0.092875 0.81425 0.016625 -41.4617 -3.45514 
0.6 -39.5306 -3.29422 12 0.095125 0.80975 -0.00866667 -41.4617 -3.45514 
0.61 -39.6481 -3.30401 12 0.0928542 0.814292 -0.00491667 -41.4617 -3.45514 
0.62 -39.3657 -3.28047 12 0.0936458 0.812708 0.00475 -41.4617 -3.45514 
0.63 -39.2592 -3.2716 12 0.0972917 0.805417 0.000291667 -41.4617 -3.45514 
0.64 -39.4204 -3.28503 12 0.094375 0.81125 0.00275 -41.4617 -3.45514 
0.65 -39.3027 -3.27522 12 0.0955625 0.808875 0.0202917 -41.4617 -3.45514 
0.66 -39.1788 -3.2649 12 0.0960833 0.807833 -0.01175 -41.4617 -3.45514 
0.67 -39.1319 -3.26099 12 0.0985208 0.802958 0.0210833 -41.4617 -3.45514 
0.68 -38.9818 -3.24849 12 0.0994792 0.801042 -0.001125 -41.4617 -3.45514 
0.69 -38.882 -3.24017 12 0.0989583 0.802083 -0.00904167 -41.4617 -3.45514 
0.7 -39.0634 -3.25528 12 0.0972292 0.805542 -0.00875 -41.4617 -3.45514 
0.71 -38.7606 -3.23005 12 0.0997708 0.800458 -0.0104583 -41.4617 -3.45514 
0.72 -38.7333 -3.22777 12 0.0992292 0.801542 -0.00320833 -41.4617 -3.45514 
0.73 -38.7719 -3.23099 12 0.0981875 0.803625 -0.014875 -41.4617 -3.45514 
0.74 -38.6631 -3.22193 12 0.098375 0.80325 0.01125 -41.4617 -3.45514 
0.75 -38.4125 -3.20104 12 0.102896 0.794208 0.007125 -41.4617 -3.45514 
0.76 -38.4914 -3.20761 12 0.101271 0.797458 -0.00175 -41.4617 -3.45514 
0.77 -38.4617 -3.20514 12 0.102479 0.795042 -0.0349167 -41.4617 -3.45514 
0.78 -38.3993 -3.19994 12 0.101437 0.797125 -0.0260417 -41.4617 -3.45514 
0.79 -38.2747 -3.18956 12 0.103208 0.793583 -0.006375 -41.4617 -3.45514 
0.8 -38.3298 -3.19415 12 0.103917 0.792167 0.00704167 -41.4617 -3.45514 
0.81 -38.1256 -3.17714 12 0.104312 0.791375 0.00916667 -41.4617 -3.45514 
0.82 -38.213 -3.18442 12 0.103021 0.793958 0.00366667 -41.4617 -3.45514 
0.83 -38.356 -3.19634 12 0.101688 0.796625 -0.0105833 -41.4617 -3.45514 
0.84 -38.0681 -3.17234 12 0.103063 0.793875 -0.0307917 -41.4617 -3.45514 
0.85 -38.0319 -3.16933 12 0.105708 0.788583 0.00325 -41.4617 -3.45514 
0.86 -38.1439 -3.17865 12 0.103458 0.793083 0.00808333 -41.4617 -3.45514 
0.87 -38.0113 -3.16761 12 0.104125 0.79175 0.00420833 -41.4617 -3.45514 
0.88 -37.795 -3.14958 12 0.105333 0.789333 -0.00075 -41.4617 -3.45514 
0.89 -37.9361 -3.16134 12 0.104188 0.791625 0.00520833 -41.4617 -3.45514 
0.9 -37.9017 -3.15847 12 0.1025 0.795 -0.022375 -41.4617 -3.45514 
0.91 -37.9209 -3.16008 12 0.106312 0.787375 0.00666667 -41.4617 -3.45514 
0.92 -37.7146 -3.14288 12 0.104021 0.791958 0.0231667 -41.4617 -3.45514 
0.93 -37.7308 -3.14423 12 0.104604 0.790792 0.00129167 -41.4617 -3.45514 
0.94 -37.5171 -3.12643 12 0.107125 0.78575 0.006625 -41.4617 -3.45514 
0.95 -37.6464 -3.1372 12 0.105563 0.788875 0.00983333 -41.4617 -3.45514 
0.96 -37.6434 -3.13695 12 0.104958 0.790083 -0.003 -41.4617 -3.45514 
0.97 -37.4567 -3.12139 12 0.105729 0.788542 -0.0344583 -41.4617 -3.45514 
0.98 -37.5223 -3.12686 12 0.106792 0.786417 0.0217083 -41.4617 -3.45514 
0.99 -37.361 -3.11341 12 0.106854 0.786292 0.0176667 -41.4617 -3.45514 
