#ClusterEigenvalue -43.3346
0 -86.6692 -7.22243 12 0.0147917 0.970417 0.0241667 -86.6692 -7.22243 
0.01 -86.6902 -7.22418 12 0.0148542 0.970292 0.042 -86.6692 -7.22243 
0.02 -86.748 -7.229 12 0.0138333 0.972333 -0.0572917 -86.6692 -7.22243 
0.03 -86.7561 -7.22968 12 0.0151458 0.969708 0.04975 -86.6692 -7.22243 
0.04 -86.7834 -7.23195 12 0.0150625 0.969875 0.0349583 -86.6692 -7.22243 
0.05 -86.8014 -7.23345 12 0.0146458 0.970708 -0.0325833 -86.6692 -7.22243 
0.06 -86.8257 -7.23548 12 0.0162708 0.967458 -0.025875 -86.6692 -7.22243 
0.07 -86.821 -7.23508 12 0.0151042 0.969792 0.0279583 -86.6692 -7.22243 
0.08 -86.7977 -7.23314 12 0.0153542 0.969292 0.014875 -86.6692 -7.22243 
0.09 -86.8083 -7.23402 12 0.0157083 0.968583 -0.0344167 -86.6692 -7.22243 
0.1 -86.7999 -7.23333 12 0.0160833 0.967833 0.0935417 -86.6692 -7.22243 
0.11 -86.7518 -7.22932 12 0.0166042 0.966792 -0.0228333 -86.6692 -7.22243 
0.12 -86.6862 -7.22385 12 0.0180208 0.963958 0.009 -86.6692 -7.22243 
0.13 -86.6736 -7.2228 12 0.0180208 0.963958 -0.008125 -86.6692 -7.22243 
0.14 -86.6659 -7.22216 12 0.018125 0.96375 -0.0555 -86.6692 -7.22243 
0.15 -86.5936 -7.21613 12 0.0185625 0.962875 0.0895 -86.6692 -7.22243 
0.16 -86.5822 -7.21519 12 0.019 0.962 0.000541667 -86.6692 -7.22243 
0.17 -86.4967 -7.20806 12 0.019375 0.96125 0.0220833 -86.6692 -7.22243 
0.18 -86.4664 -7.20553 12 0.0200833 0.959833 0.02025 -86.6692 -7.22243 
0.19 -86.241 -7.18675 12 0.0208958 0.958208 -0.0339167 -86.6692 -7.22243 
0.2 -86.2604 -7.18836 12 0.0219583 0.956083 -0.0570417 -86.6692 -7.22243 
0.21 -86.2191 -7.18493 12 0.0231458 0.953708 0.0144583 -86.6692 -7.22243 
0.22 -86.0968 -7.17473 12 0.0238125 0.952375 -0.00425 -86.6692 -7.22243 
0.23 -86.036 -7.16967 12 0.0228958 0.954208 -0.0349167 -86.6692 -7.22243 
0.24 -85.7622 -7.14685 12 0.026 0.948 -0.0350833 -86.6692 -7.22243 
0.25 -85.8848 -7.15706 12 0.0254583 0.949083 0.010625 -86.6692 -7.22243 
0.26 -85.7548 -7.14623 12 0.0260833 0.947833 0.00595833 -86.6692 -7.22243 
0.27 -85.5525 -7.12937 12 0.0283542 0.943292 0.050625 -86.6692 -7.22243 
0.28 -85.4481 -7.12067 12 0.0286667 0.942667 0.054 -86.6692 -7.22243 
0.29 -85.3612 -7.11343 12 0.0293542 0.941292 -0.0114167 -86.6692 -7.22243 
0.3 -85.2221 -7.10184 12 0.029875 0.94025 0.02875 -86.6692 -7.22243 
0.31 -84.954 -7.0795 12 0.0318125 0.936375 0.0737083 -86.6692 -7.22243 
0.32 -84.84 -7.07 12 0.0331667 0.933667 -0.027875 -86.6692 -7.22243 
0.33 -84.5812 -7.04843 12 0.0351667 0.929667 -0.0110833 -86.6692 -7.22243 
0.34 -84.6384 -7.0532 12 0.0351458 0.929708 -0.0277083 -86.6692 -7.22243 
0.35 -84.4008 -7.0334 12 0.036 0.928 -0.0159167 -86.6692 -7.22243 
0.36 -84.3671 -7.03059 12 0.0363125 0.927375 0.00558333 -86.6692 -7.22243 
0.37 -84.051 -7.00425 12 0.038375 0.92325 -0.0484167 -86.6692 -7.22243 
0.38 -84.1006 -7.00839 12 0.0380208 0.923958 0.0109167 -86.6692 -7.22243 
0.39 -83.7968 -6.98307 12 0.040125 0.91975 0.00916667 -86.6692 -7.22243 
0.4 -83.5776 -6.9648 12 0.0423333 0.915333 0.0224167 -86.6692 -7.22243 
0.41 -83.3128 -6.94274 12 0.0436458 0.912708 0.0724167 -86.6692 -7.22243 
0.42 -83.2679 -6.93899 12 0.0438333 0.912333 -0.068125 -86.6692 -7.22243 
0.43 -83.1451 -6.92876 12 0.045 0.91 -0.02525 -86.6692 -7.22243 
0.44 -82.5462 -6.87885 12 0.0482917 0.903417 -0.0602917 -86.6692 -7.22243 
0.45 -82.6483 -6.88736 12 0.0477708 0.904458 0.0697917 -86.6692 -7.22243 
0.46 -82.5923 -6.88269 12 0.049 0.902 -0.0645833 -86.6692 -7.22243 
0.47 -81.9328 -6.82773 12 0.05225 0.8955 0.0138333 -86.6692 -7.22243 
0.48 -81.8005 -6.81671 12 0.0533958 0.893208 -0.03825 -86.6692 -7.22243 
0.49 -81.9335 -6.82779 12 0.0525208 0.894958 0.108875 -86.6692 -7.22243 
0.5 -81.5951 -6.79959 12 0.054375 0.89125 -0.0189583 -86.6692 -7.22243 
0.51 -81.5143 -6.79285 12 0.0553958 0.889208 0.0499583 -86.6692 -7.22243 
0.52 -81.2709 -6.77258 12 0.05675 0.8865 -0.0325833 -86.6692 -7.22243 
0.53 -81.1156 -6.75963 12 0.0572083 0.885583 0.016125 -86.6692 -7.22243 
0.54 -80.7657 -6.73048 12 0.0595417 0.880917 0.037375 -86.6692 -7.22243 
0.55 -80.5399 -6.71165 12 0.0622917 0.875417 0.026 -86.6692 -7.22243 
0.56 -80.4038 -6.70032 12 0.0612292 0.877542 0.0448333 -86.6692 -7.22243 
0.57 -80.2239 -6.68532 12 0.0639583 0.872083 -0.017625 -86.6692 -7.22243 
0.58 -80.3113 -6.69261 12 0.0623958 0.875208 0.00245833 -86.6692 -7.22243 
0.59 -79.8547 -6.65456 12 0.0647083 0.870583 -0.0224167 -86.6692 -7.22243 
0.6 -79.8729 -6.65607 12 0.0647708 0.870458 0.03775 -86.6692 -7.22243 
0.61 -79.907 -6.65892 12 0.0661875 0.867625 -0.0215833 -86.6692 -7.22243 
0.62 -79.9086 -6.65905 12 0.0647917 0.870417 0.0264167 -86.6692 -7.22243 
0.63 -79.3469 -6.61224 12 0.0687917 0.862417 0.00816667 -86.6692 -7.22243 
0.64 -79.6038 -6.63365 12 0.0664792 0.867042 0.0530833 -86.6692 -7.22243 
0.65 -78.9017 -6.57514 12 0.0695 0.861 0.0244583 -86.6692 -7.22243 
0.66 -79.3561 -6.613 12 0.0680833 0.863833 0.00620833 -86.6692 -7.22243 
0.67 -78.7872 -6.5656 12 0.0706458 0.858708 0.00933333 -86.6692 -7.22243 
0.68 -78.2821 -6.52351 12 0.0735 0.853 0.062 -86.6692 -7.22243 
0.69 -78.4774 -6.53978 12 0.0732292 0.853542 0.00666667 -86.6692 -7.22243 
0.7 -78.5369 -6.54474 12 0.0723125 0.855375 -0.01875 -86.6692 -7.22243 
0.71 -78.2505 -6.52087 12 0.0747083 0.850583 -0.0215833 -86.6692 -7.22243 
0.72 -78.341 -6.52841 12 0.0737083 0.852583 0.023875 -86.6692 -7.22243 
0.73 -78.208 -6.51733 12 0.0745833 0.850833 0.0104583 -86.6692 -7.22243 
0.74 -78.3029 -6.52524 12 0.0745833 0.850833 0.027875 -86.6692 -7.22243 
0.75 -78.0919 -6.50766 12 0.076 0.848 -0.0337917 -86.6692 -7.22243 
0.76 -78.2917 -6.52431 12 0.0740417 0.851917 0.0196667 -86.6692 -7.22243 
0.77 -77.507 -6.45892 12 0.0782083 0.843583 0.0143333 -86.6692 -7.22243 
0.78 -77.7608 -6.48006 12 0.0773125 0.845375 -0.0102083 -86.6692 -7.22243 
0.79 -77.4773 -6.45644 12 0.0786458 0.842708 0.0120833 -86.6692 -7.22243 
0.8 -77.3704 -6.44753 12 0.0790833 0.841833 0.0319583 -86.6692 -7.22243 
0.81 -77.1433 -6.42861 12 0.0793958 0.841208 -0.002375 -86.6692 -7.22243 
0.82 -77.4427 -6.45356 12 0.0785833 0.842833 0.0509167 -86.6692 -7.22243 
0.83 -77.4031 -6.45026 12 0.079375 0.84125 -0.0227917 -86.6692 -7.22243 
0.84 -77.1326 -6.42772 12 0.0803333 0.839333 -0.00620833 -86.6692 -7.22243 
0.85 -76.8193 -6.40161 12 0.0816875 0.836625 0.00266667 -86.6692 -7.22243 
0.86 -77.1389 -6.42824 12 0.0797917 0.840417 -0.0395833 -86.6692 -7.22243 
0.87 -77.1082 -6.42569 12 0.0814583 0.837083 -0.00891667 -86.6692 -7.22243 
0.88 -76.6042 -6.38368 12 0.0825833 0.834833 0.0741667 -86.6692 -7.22243 
0.89 -76.9345 -6.41121 12 0.081125 0.83775 0.0272917 -86.6692 -7.22243 
0.9 -76.4353 -6.36961 12 0.0832083 0.833583 -0.0155833 -86.6692 -7.22243 
0.91 -76.7636 -6.39697 12 0.0802917 0.839417 0.0365833 -86.6692 -7.22243 
0.92 -76.8278 -6.40232 12 0.0806875 0.838625 0.009625 -86.6692 -7.22243 
0.93 -76.6002 -6.38335 12 0.08175 0.8365 -0.0341667 -86.6692 -7.22243 
0.94 -76.4219 -6.36849 12 0.084375 0.83125 -0.0119167 -86.6692 -7.22243 
0.95 -76.4484 -6.3707 12 0.083875 0.83225 -0.0266667 -86.6692 -7.22243 
0.96 -76.1387 -6.34489 12 0.0841042 0.831792 0.0148333 -86.6692 -7.22243 
0.97 -76.0759 -6.33966 12 0.0845625 0.830875 -0.007875 -86.6692 -7.22243 
0.98 -76.4227 -6.36856 12 0.0827708 0.834458 -0.0167917 -86.6692 -7.22243 
0.99 -76.5139 -6.37616 12 0.0834792 0.833042 -0.059125 -86.6692 -7.22243 
