#ClusterEigenvalue -49.1789
0 -98.3577 -8.19648 12 0.0118542 0.976292 0.0166667 -98.3578 -8.19648 
0.01 -98.4197 -8.20164 12 0.0117708 0.976458 0.039875 -98.3578 -8.19648 
0.02 -98.4209 -8.20174 12 0.0115625 0.976875 0.0464583 -98.3578 -8.19648 
0.03 -98.4342 -8.20285 12 0.012125 0.97575 0.075 -98.3578 -8.19648 
0.04 -98.4673 -8.2056 12 0.0114167 0.977167 -0.0960833 -98.3578 -8.19648 
0.05 -98.4766 -8.20638 12 0.0112708 0.977458 0.04425 -98.3578 -8.19648 
0.06 -98.4916 -8.20763 12 0.0124375 0.975125 -0.052 -98.3578 -8.19648 
0.07 -98.4845 -8.20704 12 0.0119375 0.976125 0.0123333 -98.3578 -8.19648 
0.08 -98.4691 -8.20576 12 0.0127083 0.974583 -0.0164583 -98.3578 -8.19648 
0.09 -98.4513 -8.20428 12 0.0135625 0.972875 -0.0128333 -98.3578 -8.19648 
0.1 -98.4779 -8.20649 12 0.0138333 0.972333 0.127042 -98.3578 -8.19648 
0.11 -98.3933 -8.19944 12 0.0145833 0.970833 -0.016375 -98.3578 -8.19648 
0.12 -98.3846 -8.19872 12 0.0141458 0.971708 -0.0610417 -98.3578 -8.19648 
0.13 -98.37 -8.1975 12 0.0134375 0.973125 -0.0609167 -98.3578 -8.19648 
0.14 -98.2764 -8.1897 12 0.014125 0.97175 0.032875 -98.3578 -8.19648 
0.15 -98.186 -8.18217 12 0.0149375 0.970125 -0.0317917 -98.3578 -8.19648 
0.16 -98.1665 -8.18054 12 0.0150833 0.969833 -0.0374583 -98.3578 -8.19648 
0.17 -98.0812 -8.17343 12 0.0160625 0.967875 0.00570833 -98.3578 -8.19648 
0.18 -98.032 -8.16933 12 0.0167708 0.966458 -0.005375 -98.3578 -8.19648 
0.19 -97.9119 -8.15932 12 0.0178125 0.964375 0.0289167 -98.3578 -8.19648 
0.2 -97.8182 -8.15151 12 0.0194375 0.961125 0.0212083 -98.3578 -8.19648 
0.21 -97.7736 -8.1478 12 0.0177708 0.964458 -0.0292083 -98.3578 -8.19648 
0.22 -97.6624 -8.13853 12 0.0189167 0.962167 0.0655833 -98.3578 -8.19648 
0.23 -97.485 -8.12375 12 0.02025 0.9595 -0.0388333 -98.3578 -8.19648 
0.24 -97.2801 -8.10668 12 0.0224375 0.955125 -0.0368333 -98.3578 -8.19648 
0.25 -97.2096 -8.1008 12 0.0219583 0.956083 0.0415 -98.3578 -8.19648 
0.26 -97.1884 -8.09903 12 0.0228958 0.954208 -0.00575 -98.3578 -8.19648 
0.27 -97.0465 -8.08721 12 0.0234583 0.953083 0.0176667 -98.3578 -8.19648 
0.28 -96.8274 -8.06895 12 0.0249167 0.950167 0.0128333 -98.3578 -8.19648 
0.29 -96.577 -8.04809 12 0.0278125 0.944375 0.0239583 -98.3578 -8.19648 
0.3 -96.3356 -8.02796 12 0.02775 0.9445 -0.0425 -98.3578 -8.19648 
0.31 -96.3858 -8.03215 12 0.0278125 0.944375 0.0185417 -98.3578 -8.19648 
0.32 -96.3608 -8.03006 12 0.0283958 0.943208 -0.024625 -98.3578 -8.19648 
0.33 -95.808 -7.984 12 0.0318125 0.936375 0.0367917 -98.3578 -8.19648 
0.34 -95.6972 -7.97476 12 0.0334792 0.933042 0.0251667 -98.3578 -8.19648 
0.35 -95.5211 -7.96009 12 0.0334167 0.933167 0.0167917 -98.3578 -8.19648 
0.36 -95.3303 -7.94419 12 0.0349792 0.930042 -0.0480417 -98.3578 -8.19648 
0.37 -94.9134 -7.90945 12 0.0373542 0.925292 -0.021 -98.3578 -8.19648 
0.38 -95.0899 -7.92416 12 0.0360625 0.927875 -0.0269167 -98.3578 -8.19648 
0.39 -94.9715 -7.91429 12 0.0377292 0.924542 0.0375833 -98.3578 -8.19648 
0.4 -94.3079 -7.85899 12 0.0417708 0.916458 -0.0177917 -98.3578 -8.19648 
0.41 -94.3165 -7.85971 12 0.0410833 0.917833 -0.130625 -98.3578 -8.19648 
0.42 -94.0515 -7.83762 12 0.0418542 0.916292 -0.047125 -98.3578 -8.19648 
0.43 -93.8279 -7.81899 12 0.0437083 0.912583 0.0524167 -98.3578 -8.19648 
0.44 -93.707 -7.80891 12 0.0452292 0.909542 -0.0248333 -98.3578 -8.19648 
0.45 -93.6168 -7.8014 12 0.0449167 0.910167 0.0167083 -98.3578 -8.19648 
0.46 -93.2972 -7.77476 12 0.0477083 0.904583 -0.0442083 -98.3578 -8.19648 
0.47 -92.9424 -7.7452 12 0.0491042 0.901792 -0.0322083 -98.3578 -8.19648 
0.48 -92.6885 -7.72405 12 0.0505 0.899 -0.0165417 -98.3578 -8.19648 
0.49 -92.8672 -7.73893 12 0.0494167 0.901167 0.00495833 -98.3578 -8.19648 
0.5 -92.1976 -7.68313 12 0.0534375 0.893125 -0.057375 -98.3578 -8.19648 
0.51 -91.9953 -7.66627 12 0.0530833 0.893833 -0.0109167 -98.3578 -8.19648 
0.52 -92.0143 -7.66786 12 0.0542083 0.891583 0.02 -98.3578 -8.19648 
0.53 -91.6183 -7.63485 12 0.0569375 0.886125 -0.0395833 -98.3578 -8.19648 
0.54 -91.4589 -7.62158 12 0.0572083 0.885583 0.0117083 -98.3578 -8.19648 
0.55 -91.3428 -7.6119 12 0.0571667 0.885667 -0.0324583 -98.3578 -8.19648 
0.56 -91.034 -7.58617 12 0.0591667 0.881667 0.0130417 -98.3578 -8.19648 
0.57 -90.984 -7.582 12 0.0591458 0.881708 0.00958333 -98.3578 -8.19648 
0.58 -90.4345 -7.53621 12 0.0628125 0.874375 0.00654167 -98.3578 -8.19648 
0.59 -90.146 -7.51216 12 0.0635625 0.872875 -0.057 -98.3578 -8.19648 
0.6 -90.4591 -7.53826 12 0.0629792 0.874042 0.046 -98.3578 -8.19648 
0.61 -90.4849 -7.5404 12 0.0619792 0.876042 -0.0897917 -98.3578 -8.19648 
0.62 -89.9312 -7.49427 12 0.0644167 0.871167 -0.0309167 -98.3578 -8.19648 
0.63 -89.9768 -7.49807 12 0.0644583 0.871083 -0.02425 -98.3578 -8.19648 
0.64 -89.4246 -7.45205 12 0.067625 0.86475 0.00570833 -98.3578 -8.19648 
0.65 -89.3138 -7.44282 12 0.068375 0.86325 0.03875 -98.3578 -8.19648 
0.66 -89.7486 -7.47905 12 0.0661042 0.867792 -0.0204167 -98.3578 -8.19648 
0.67 -89.0461 -7.42051 12 0.0698333 0.860333 0.0485 -98.3578 -8.19648 
0.68 -89.3988 -7.4499 12 0.0683333 0.863333 -0.0407917 -98.3578 -8.19648 
0.69 -88.759 -7.39658 12 0.0709792 0.858042 0.000333333 -98.3578 -8.19648 
0.7 -88.5392 -7.37827 12 0.0718125 0.856375 0.0307917 -98.3578 -8.19648 
0.71 -88.5114 -7.37595 12 0.0717708 0.856458 0.0610833 -98.3578 -8.19648 
0.72 -88.0229 -7.33524 12 0.0740833 0.851833 -0.01175 -98.3578 -8.19648 
0.73 -88.3357 -7.36131 12 0.0732917 0.853417 0.0281667 -98.3578 -8.19648 
0.74 -88.1015 -7.34179 12 0.074625 0.85075 0.0226667 -98.3578 -8.19648 
0.75 -87.7377 -7.31148 12 0.0767083 0.846583 -0.0075 -98.3578 -8.19648 
0.76 -88.0334 -7.33611 12 0.075625 0.84875 0.0379583 -98.3578 -8.19648 
0.77 -88.0824 -7.3402 12 0.0750208 0.849958 0.0355 -98.3578 -8.19648 
0.78 -87.6081 -7.30068 12 0.076875 0.84625 -0.0493333 -98.3578 -8.19648 
0.79 -87.5463 -7.29553 12 0.0765 0.847 0.00166667 -98.3578 -8.19648 
0.8 -87.3883 -7.28236 12 0.0773958 0.845208 0.008625 -98.3578 -8.19648 
0.81 -87.3031 -7.27526 12 0.079375 0.84125 -0.0224167 -98.3578 -8.19648 
0.82 -86.8089 -7.23408 12 0.0800833 0.839833 0.078 -98.3578 -8.19648 
0.83 -87.2181 -7.26817 12 0.0776667 0.844667 -0.0265417 -98.3578 -8.19648 
0.84 -87.1453 -7.26211 12 0.0799167 0.840167 -0.0170417 -98.3578 -8.19648 
0.85 -86.7466 -7.22889 12 0.0806458 0.838708 0.038875 -98.3578 -8.19648 
0.86 -87.2414 -7.27012 12 0.0785833 0.842833 -0.0124167 -98.3578 -8.19648 
0.87 -86.7092 -7.22577 12 0.0803542 0.839292 -0.07675 -98.3578 -8.19648 
0.88 -86.8 -7.23333 12 0.079625 0.84075 0.0512083 -98.3578 -8.19648 
0.89 -86.8238 -7.23532 12 0.0806875 0.838625 -0.0442917 -98.3578 -8.19648 
0.9 -86.6602 -7.22169 12 0.0807083 0.838583 0.0659167 -98.3578 -8.19648 
0.91 -86.708 -7.22567 12 0.0806875 0.838625 0.0734167 -98.3578 -8.19648 
0.92 -86.584 -7.21533 12 0.0817708 0.836458 -0.0595833 -98.3578 -8.19648 
0.93 -86.2219 -7.18516 12 0.0820833 0.835833 -0.0842917 -98.3578 -8.19648 
0.94 -86.3888 -7.19907 12 0.0823333 0.835333 0.0512917 -98.3578 -8.19648 
0.95 -86.6558 -7.22132 12 0.0806875 0.838625 0.0832917 -98.3578 -8.19648 
0.96 -86.301 -7.19175 12 0.0829167 0.834167 0.0172083 -98.3578 -8.19648 
0.97 -86.131 -7.17759 12 0.0836458 0.832708 0.061625 -98.3578 -8.19648 
0.98 -86.207 -7.18391 12 0.0827708 0.834458 0.0232083 -98.3578 -8.19648 
0.99 -86.2515 -7.18763 12 0.0829375 0.834125 0.00625 -98.3578 -8.19648 
