#ClusterEigenvalue -24.8814
# g emean emean / nmean nmean domean / config->nTotalSites s2mean / config->nTotalSites staggmag / config->nTotalSites epert / config->nTotalSites ess->getGroundStateEnergy() * config->nClusters ess->getGroundStateEnergy() * config->nClusters / nmean 
0 -74.2716 -6.1893 12 0.00479167 0.32375 2.96531e+18 0 -74.6442 -6.22035 
0.01 -74.4898 -6.20748 12 0.00513889 0.323056 2.97223e+18 -0.201402 -74.6442 -6.22035 
0.02 -74.5622 -6.21351 12 0.00506944 0.323194 2.97172e+18 -0.250981 -74.6442 -6.22035 
0.03 -74.664 -6.222 12 0.00493056 0.323472 2.99145e+18 -0.319173 -74.6442 -6.22035 
0.04 -74.8448 -6.23706 12 0.00518056 0.322972 2.92458e+18 -0.551902 -74.6442 -6.22035 
0.05 -74.7585 -6.22988 12 0.00518056 0.322972 2.92202e+18 -0.575453 -74.6442 -6.22035 
0.06 -74.9321 -6.24434 12 0.00455556 0.324222 2.99913e+18 -0.713919 -74.6442 -6.22035 
0.07 -75.0956 -6.25797 12 0.004875 0.323583 2.97428e+18 -0.894143 -74.6442 -6.22035 
0.08 -75.2068 -6.26724 12 0.00568056 0.321972 2.95174e+18 -1.09977 -74.6442 -6.22035 
0.09 -75.2694 -6.27245 12 0.00516667 0.323 2.98274e+18 -1.0522 -74.6442 -6.22035 
0.1 -75.3998 -6.28332 12 0.00522222 0.322889 2.96198e+18 -1.32923 -74.6442 -6.22035 
0.11 -75.2999 -6.27499 12 0.00522222 0.322889 2.93995e+18 -1.26065 -74.6442 -6.22035 
0.12 -75.5329 -6.2944 12 0.00576389 0.321806 2.97531e+18 -1.50478 -74.6442 -6.22035 
0.13 -75.5578 -6.29648 12 0.0055 0.322333 2.98607e+18 -1.63304 -74.6442 -6.22035 
0.14 -75.6463 -6.30386 12 0.00541667 0.3225 2.95378e+18 -1.74848 -74.6442 -6.22035 
0.15 -75.6599 -6.30499 12 0.0055 0.322333 2.95327e+18 -1.90296 -74.6442 -6.22035 
0.16 -75.7191 -6.30993 12 0.00623611 0.320861 2.99939e+18 -2.0568 -74.6442 -6.22035 
0.17 -75.7539 -6.31282 12 0.00631944 0.320694 2.97377e+18 -2.10877 -74.6442 -6.22035 
0.18 -75.8448 -6.3204 12 0.00569444 0.321944 2.95942e+18 -2.28408 -74.6442 -6.22035 
0.19 -75.8898 -6.32415 12 0.00583333 0.321667 2.97018e+18 -2.43148 -74.6442 -6.22035 
0.2 -75.9688 -6.33074 12 0.00613889 0.321056 2.96121e+18 -2.63677 -74.6442 -6.22035 
0.21 -75.9247 -6.32706 12 0.00619444 0.320944 2.97992e+18 -2.59044 -74.6442 -6.22035 
0.22 -75.897 -6.32475 12 0.00634722 0.320639 2.93278e+18 -2.73344 -74.6442 -6.22035 
0.23 -76.0019 -6.33349 12 0.00669444 0.319944 2.97146e+18 -2.89893 -74.6442 -6.22035 
0.24 -76.0772 -6.33977 12 0.00629167 0.32075 2.97172e+18 -2.95215 -74.6442 -6.22035 
0.25 -75.7842 -6.31535 12 0.007375 0.318583 2.93124e+18 -3.18388 -74.6442 -6.22035 
0.26 -76.0023 -6.33353 12 0.00713889 0.319056 2.91151e+18 -3.30957 -74.6442 -6.22035 
0.27 -76.0286 -6.33572 12 0.00683333 0.319667 2.96583e+18 -3.33133 -74.6442 -6.22035 
0.28 -75.9918 -6.33265 12 0.00765278 0.318028 2.94379e+18 -3.46039 -74.6442 -6.22035 
0.29 -75.9955 -6.33296 12 0.00726389 0.318806 2.95199e+18 -3.55519 -74.6442 -6.22035 
