#ClusterEigenvalue -10
# g emean emean / nmean nmean domean / config->nTotalSites s2mean / config->nTotalSites staggmag / config->nTotalSites epert / config->nTotalSites ess->getGroundStateEnergy() * config->nClusters ess->getGroundStateEnergy() * config->nClusters / nmean 
0.3 -31.8469 -2.65391 12 0.0317639 0.269806 2.48365e+18 -3.45408 -30 -2.5 
0.31 -31.8648 -2.6554 12 0.0319722 0.269389 2.48314e+18 -3.4708 -30 -2.5 
0.32 -31.8526 -2.65439 12 0.0306667 0.272 2.53745e+18 -3.63127 -30 -2.5 
0.33 -31.9081 -2.65901 12 0.0312222 0.270889 2.50953e+18 -3.75671 -30 -2.5 
0.34 -31.9286 -2.66072 12 0.0306389 0.272056 2.52106e+18 -3.94834 -30 -2.5 
0.35 -31.9646 -2.66372 12 0.031375 0.270583 2.53079e+18 -3.95264 -30 -2.5 
0.36 -31.8665 -2.65555 12 0.0308611 0.271611 2.52925e+18 -4.05335 -30 -2.5 
0.37 -31.921 -2.66008 12 0.0305139 0.272306 2.53207e+18 -4.22522 -30 -2.5 
0.38 -31.9579 -2.66316 12 0.0315556 0.270222 2.48672e+18 -4.33454 -30 -2.5 
0.39 -31.8853 -2.65711 12 0.03125 0.270833 2.51183e+18 -4.40278 -30 -2.5 
0.4 -31.9601 -2.66334 12 0.0312083 0.270917 2.50286e+18 -4.60461 -30 -2.5 
0.41 -31.8816 -2.6568 12 0.032 0.269333 2.5208e+18 -4.62089 -30 -2.5 
0.42 -31.8518 -2.65432 12 0.0303611 0.272611 2.52618e+18 -4.72876 -30 -2.5 
0.43 -31.7852 -2.64876 12 0.0313056 0.270722 2.46648e+18 -4.83874 -30 -2.5 
0.44 -31.7708 -2.64756 12 0.0323194 0.268694 2.43933e+18 -4.93659 -30 -2.5 
0.45 -31.73 -2.64417 12 0.03075 0.271833 2.53822e+18 -5.01455 -30 -2.5 
0.46 -31.7401 -2.64501 12 0.0315556 0.270222 2.51747e+18 -5.06743 -30 -2.5 
0.47 -31.6993 -2.64161 12 0.0315556 0.270222 2.45752e+18 -5.21726 -30 -2.5 
0.48 -31.5867 -2.63223 12 0.0313611 0.270611 2.53489e+18 -5.39333 -30 -2.5 
0.49 -31.588 -2.63233 12 0.0315139 0.270306 2.5372e+18 -5.42006 -30 -2.5 
0.5 -31.3827 -2.61523 12 0.0307639 0.271806 2.47494e+18 -5.4565 -30 -2.5 
0.51 -31.4943 -2.62453 12 0.0312361 0.270861 2.5354e+18 -5.55744 -30 -2.5 
0.52 -31.4086 -2.61738 12 0.0317917 0.26975 2.5249e+18 -5.63516 -30 -2.5 
0.53 -31.3094 -2.60912 12 0.0314861 0.270361 2.46905e+18 -5.72171 -30 -2.5 
0.54 -31.3241 -2.61034 12 0.0312361 0.270861 2.49287e+18 -5.7215 -30 -2.5 
0.55 -30.9724 -2.58103 12 0.0316667 0.27 2.45214e+18 -5.95036 -30 -2.5 
0.56 -31.0242 -2.58535 12 0.0319583 0.269417 2.49697e+18 -5.94974 -30 -2.5 
0.57 -30.9926 -2.58272 12 0.0315 0.270333 2.46008e+18 -5.97782 -30 -2.5 
0.58 -30.8613 -2.57178 12 0.0305 0.272333 2.54847e+18 -6.05632 -30 -2.5 
0.59 -30.7625 -2.56354 12 0.0318472 0.269639 2.52746e+18 -6.10109 -30 -2.5 
