#ClusterEigenvalue -31.3677
0 -62.7355 -3.92097 1 0.04675 0.9065 -62.7355 -3.92097 
0.0133333 -62.8506 -3.92816 1 0.0473925 0.905215 -62.7355 -3.92097 
0.0266667 -62.9161 -3.93226 1 0.0474062 0.905187 -62.7355 -3.92097 
0.04 -63.0056 -3.93785 1 0.0472762 0.905447 -62.7355 -3.92097 
0.0533333 -63.0744 -3.94215 1 0.0478925 0.904215 -62.7355 -3.92097 
0.0666667 -63.1427 -3.94642 1 0.0483613 0.903277 -62.7355 -3.92097 
0.08 -63.1803 -3.94877 1 0.048355 0.90329 -62.7355 -3.92097 
0.0933333 -63.2053 -3.95033 1 0.0486788 0.902643 -62.7355 -3.92097 
0.106667 -63.243 -3.95269 1 0.0491225 0.901755 -62.7355 -3.92097 
0.12 -63.259 -3.95369 1 0.0500125 0.899975 -62.7355 -3.92097 
0.133333 -63.254 -3.95337 1 0.0511075 0.897785 -62.7355 -3.92097 
0.146667 -63.2553 -3.95346 1 0.0513625 0.897275 -62.7355 -3.92097 
0.16 -63.2403 -3.95252 1 0.05284 0.89432 -62.7355 -3.92097 
0.173333 -63.2146 -3.95092 1 0.0535962 0.892807 -62.7355 -3.92097 
0.186667 -63.1692 -3.94807 1 0.0545037 0.890992 -62.7355 -3.92097 
0.2 -63.1368 -3.94605 1 0.0550275 0.889945 -62.7355 -3.92097 
0.213333 -63.0708 -3.94193 1 0.0568263 0.886347 -62.7355 -3.92097 
0.226667 -62.9864 -3.93665 1 0.0579287 0.884143 -62.7355 -3.92097 
0.24 -62.9224 -3.93265 1 0.0593225 0.881355 -62.7355 -3.92097 
0.253333 -62.852 -3.92825 1 0.0594838 0.881032 -62.7355 -3.92097 
0.266667 -62.7209 -3.92006 1 0.0617337 0.876533 -62.7355 -3.92097 
0.28 -62.6126 -3.91329 1 0.0630925 0.873815 -62.7355 -3.92097 
0.293333 -62.4785 -3.90491 1 0.06489 0.87022 -62.7355 -3.92097 
0.306667 -62.3522 -3.89701 1 0.066185 0.86763 -62.7355 -3.92097 
0.32 -62.2012 -3.88757 1 0.0680813 0.863838 -62.7355 -3.92097 
0.333333 -62.0622 -3.87888 1 0.0696575 0.860685 -62.7355 -3.92097 
0.346667 -61.866 -3.86662 1 0.071675 0.85665 -62.7355 -3.92097 
0.36 -61.7179 -3.85737 1 0.0732875 0.853425 -62.7355 -3.92097 
0.373333 -61.5224 -3.84515 1 0.0749188 0.850163 -62.7355 -3.92097 
0.386667 -61.3155 -3.83222 1 0.0771675 0.845665 -62.7355 -3.92097 
0.4 -61.1855 -3.8241 1 0.0777163 0.844567 -62.7355 -3.92097 
