#ClusterEigenvalue -24.3228
0 -48.6456 -3.04035 1 0.0749262 0.850147 -48.6456 -3.04035 
0.0133333 -48.7378 -3.04611 1 0.0747725 0.850455 -48.6456 -3.04035 
0.0266667 -48.8477 -3.05298 1 0.075195 0.84961 -48.6456 -3.04035 
0.04 -48.92 -3.0575 1 0.0750925 0.849815 -48.6456 -3.04035 
0.0533333 -49.0075 -3.06297 1 0.0761762 0.847647 -48.6456 -3.04035 
0.0666667 -49.0713 -3.06696 1 0.076355 0.84729 -48.6456 -3.04035 
0.08 -49.1267 -3.07042 1 0.0764212 0.847158 -48.6456 -3.04035 
0.0933333 -49.1824 -3.0739 1 0.0770862 0.845828 -48.6456 -3.04035 
0.106667 -49.2277 -3.07673 1 0.0773487 0.845303 -48.6456 -3.04035 
0.12 -49.2579 -3.07862 1 0.07738 0.84524 -48.6456 -3.04035 
0.133333 -49.2921 -3.08075 1 0.0782087 0.843582 -48.6456 -3.04035 
0.146667 -49.3048 -3.08155 1 0.0792525 0.841495 -48.6456 -3.04035 
0.16 -49.3118 -3.08199 1 0.0794187 0.841163 -48.6456 -3.04035 
0.173333 -49.3177 -3.08236 1 0.0806012 0.838798 -48.6456 -3.04035 
0.186667 -49.2979 -3.08112 1 0.080995 0.83801 -48.6456 -3.04035 
0.2 -49.2917 -3.08073 1 0.0821413 0.835718 -48.6456 -3.04035 
0.213333 -49.2661 -3.07913 1 0.08346 0.83308 -48.6456 -3.04035 
0.226667 -49.2299 -3.07687 1 0.0841425 0.831715 -48.6456 -3.04035 
0.24 -49.1929 -3.07456 1 0.0852663 0.829468 -48.6456 -3.04035 
0.253333 -49.1553 -3.07221 1 0.0866863 0.826628 -48.6456 -3.04035 
0.266667 -49.0918 -3.06823 1 0.08748 0.82504 -48.6456 -3.04035 
0.28 -49.0285 -3.06428 1 0.0893725 0.821255 -48.6456 -3.04035 
0.293333 -48.9614 -3.06009 1 0.090155 0.81969 -48.6456 -3.04035 
0.306667 -48.8849 -3.0553 1 0.0908188 0.818362 -48.6456 -3.04035 
0.32 -48.7674 -3.04796 1 0.0923588 0.815283 -48.6456 -3.04035 
0.333333 -48.6627 -3.04142 1 0.0934825 0.813035 -48.6456 -3.04035 
0.346667 -48.5867 -3.03667 1 0.0947038 0.810592 -48.6456 -3.04035 
0.36 -48.4922 -3.03076 1 0.0965275 0.806945 -48.6456 -3.04035 
0.373333 -48.3436 -3.02147 1 0.0977563 0.804487 -48.6456 -3.04035 
0.386667 -48.2058 -3.01286 1 0.0990875 0.801825 -48.6456 -3.04035 
0.4 -48.0804 -3.00503 1 0.100495 0.79901 -48.6456 -3.04035 
