#ClusterEigenvalue -46.3076
0 -92.6151 -5.78845 1 0.0232462 0.953507 -92.6151 -5.78845 
0.0133333 -92.7094 -5.79434 1 0.0231513 0.953697 -92.6151 -5.78845 
0.0266667 -92.8054 -5.80034 1 0.0233637 0.953272 -92.6151 -5.78845 
0.04 -92.8533 -5.80333 1 0.0236025 0.952795 -92.6151 -5.78845 
0.0533333 -92.9049 -5.80655 1 0.0238937 0.952213 -92.6151 -5.78845 
0.0666667 -92.9438 -5.80899 1 0.023995 0.95201 -92.6151 -5.78845 
0.08 -92.9631 -5.81019 1 0.0245837 0.950832 -92.6151 -5.78845 
0.0933333 -92.9682 -5.81051 1 0.0254887 0.949022 -92.6151 -5.78845 
0.106667 -92.9532 -5.80958 1 0.0257362 0.948527 -92.6151 -5.78845 
0.12 -92.9271 -5.80794 1 0.0266562 0.946688 -92.6151 -5.78845 
0.133333 -92.8772 -5.80482 1 0.0269887 0.946022 -92.6151 -5.78845 
0.146667 -92.8153 -5.80096 1 0.0281938 0.943613 -92.6151 -5.78845 
0.16 -92.7342 -5.79588 1 0.0291187 0.941763 -92.6151 -5.78845 
0.173333 -92.637 -5.78981 1 0.030155 0.93969 -92.6151 -5.78845 
0.186667 -92.5342 -5.78339 1 0.030945 0.93811 -92.6151 -5.78845 
0.2 -92.4062 -5.77539 1 0.0324525 0.935095 -92.6151 -5.78845 
0.213333 -92.2721 -5.76701 1 0.0339425 0.932115 -92.6151 -5.78845 
0.226667 -92.1092 -5.75682 1 0.0353163 0.929368 -92.6151 -5.78845 
0.24 -91.9043 -5.74402 1 0.0368262 0.926347 -92.6151 -5.78845 
0.253333 -91.7013 -5.73133 1 0.038615 0.92277 -92.6151 -5.78845 
0.266667 -91.4639 -5.71649 1 0.0404438 0.919112 -92.6151 -5.78845 
0.28 -91.292 -5.70575 1 0.04196 0.91608 -92.6151 -5.78845 
0.293333 -91.0144 -5.6884 1 0.043845 0.91231 -92.6151 -5.78845 
0.306667 -90.7557 -5.67223 1 0.0460263 0.907948 -92.6151 -5.78845 
0.32 -90.5094 -5.65684 1 0.04746 0.90508 -92.6151 -5.78845 
0.333333 -90.2411 -5.64007 1 0.0492437 0.901512 -92.6151 -5.78845 
0.346667 -89.8717 -5.61698 1 0.0517162 0.896567 -92.6151 -5.78845 
0.36 -89.5751 -5.59844 1 0.0538238 0.892352 -92.6151 -5.78845 
0.373333 -89.2366 -5.57729 1 0.0561113 0.887777 -92.6151 -5.78845 
0.386667 -88.9416 -5.55885 1 0.05766 0.88468 -92.6151 -5.78845 
0.4 -88.4655 -5.52909 1 0.0610187 0.877962 -92.6151 -5.78845 
