#ClusterEigenvalue -12.6328
0 -25.2656 -1.5791 1 0.210206 0.579587 -25.2656 -1.5791 
0.0133333 -25.3697 -1.5856 1 0.209807 0.580385 -25.2656 -1.5791 
0.0266667 -25.4753 -1.59221 1 0.209612 0.580775 -25.2656 -1.5791 
0.04 -25.5597 -1.59748 1 0.209316 0.581368 -25.2656 -1.5791 
0.0533333 -25.6312 -1.60195 1 0.209666 0.580668 -25.2656 -1.5791 
0.0666667 -25.7268 -1.60793 1 0.209958 0.580085 -25.2656 -1.5791 
0.08 -25.7964 -1.61228 1 0.21096 0.57808 -25.2656 -1.5791 
0.0933333 -25.8592 -1.6162 1 0.21029 0.57942 -25.2656 -1.5791 
0.106667 -25.9186 -1.61991 1 0.210574 0.578853 -25.2656 -1.5791 
0.12 -25.9765 -1.62353 1 0.209666 0.580668 -25.2656 -1.5791 
0.133333 -26.0306 -1.62691 1 0.210266 0.579468 -25.2656 -1.5791 
0.146667 -26.0699 -1.62937 1 0.210973 0.578055 -25.2656 -1.5791 
0.16 -26.1088 -1.6318 1 0.21099 0.57802 -25.2656 -1.5791 
0.173333 -26.1375 -1.63359 1 0.210956 0.578087 -25.2656 -1.5791 
0.186667 -26.1597 -1.63498 1 0.210754 0.578493 -25.2656 -1.5791 
0.2 -26.1736 -1.63585 1 0.211654 0.576692 -25.2656 -1.5791 
0.213333 -26.1907 -1.63692 1 0.211026 0.577947 -25.2656 -1.5791 
0.226667 -26.1968 -1.6373 1 0.211618 0.576765 -25.2656 -1.5791 
0.24 -26.2033 -1.6377 1 0.211954 0.576093 -25.2656 -1.5791 
0.253333 -26.1924 -1.63702 1 0.211482 0.577035 -25.2656 -1.5791 
0.266667 -26.1899 -1.63687 1 0.212296 0.575408 -25.2656 -1.5791 
0.28 -26.175 -1.63594 1 0.212485 0.57503 -25.2656 -1.5791 
0.293333 -26.1533 -1.63458 1 0.212212 0.575575 -25.2656 -1.5791 
0.306667 -26.1342 -1.63339 1 0.212542 0.574915 -25.2656 -1.5791 
0.32 -26.09 -1.63062 1 0.213487 0.573025 -25.2656 -1.5791 
0.333333 -26.0593 -1.62871 1 0.213369 0.573263 -25.2656 -1.5791 
0.346667 -26.0063 -1.62539 1 0.213706 0.572588 -25.2656 -1.5791 
0.36 -25.9622 -1.62263 1 0.21409 0.57182 -25.2656 -1.5791 
0.373333 -25.907 -1.61919 1 0.213894 0.572213 -25.2656 -1.5791 
0.386667 -25.8569 -1.61605 1 0.213999 0.572002 -25.2656 -1.5791 
0.4 -25.8054 -1.61283 1 0.214663 0.570675 -25.2656 -1.5791 
