#ClusterEigenvalue -15.1174
0 -30.2349 -1.88968 1 0.168707 0.662585 -30.2349 -1.88968 
0.0133333 -30.3444 -1.89652 1 0.169274 0.661452 -30.2349 -1.88968 
0.0266667 -30.436 -1.90225 1 0.16981 0.66038 -30.2349 -1.88968 
0.04 -30.521 -1.90756 1 0.169598 0.660805 -30.2349 -1.88968 
0.0533333 -30.6041 -1.91275 1 0.169112 0.661775 -30.2349 -1.88968 
0.0666667 -30.6827 -1.91767 1 0.169891 0.660218 -30.2349 -1.88968 
0.08 -30.7686 -1.92304 1 0.169731 0.660537 -30.2349 -1.88968 
0.0933333 -30.8305 -1.92691 1 0.170005 0.65999 -30.2349 -1.88968 
0.106667 -30.8916 -1.93072 1 0.170318 0.659365 -30.2349 -1.88968 
0.12 -30.933 -1.93331 1 0.170229 0.659543 -30.2349 -1.88968 
0.133333 -30.9817 -1.93636 1 0.170195 0.65961 -30.2349 -1.88968 
0.146667 -31.022 -1.93888 1 0.170992 0.658015 -30.2349 -1.88968 
0.16 -31.0483 -1.94052 1 0.170875 0.65825 -30.2349 -1.88968 
0.173333 -31.083 -1.94269 1 0.171226 0.657547 -30.2349 -1.88968 
0.186667 -31.1032 -1.94395 1 0.172019 0.655963 -30.2349 -1.88968 
0.2 -31.1269 -1.94543 1 0.171784 0.656432 -30.2349 -1.88968 
0.213333 -31.1273 -1.94545 1 0.172266 0.655467 -30.2349 -1.88968 
0.226667 -31.137 -1.94606 1 0.172582 0.654835 -30.2349 -1.88968 
0.24 -31.1175 -1.94484 1 0.173589 0.652823 -30.2349 -1.88968 
0.253333 -31.1124 -1.94452 1 0.173669 0.652663 -30.2349 -1.88968 
0.266667 -31.1003 -1.94377 1 0.174551 0.650897 -30.2349 -1.88968 
0.28 -31.0913 -1.94321 1 0.173966 0.652068 -30.2349 -1.88968 
0.293333 -31.0498 -1.94061 1 0.174764 0.650473 -30.2349 -1.88968 
0.306667 -31.0236 -1.93897 1 0.175611 0.648778 -30.2349 -1.88968 
0.32 -30.9933 -1.93708 1 0.176151 0.647697 -30.2349 -1.88968 
0.333333 -30.9376 -1.9336 1 0.176556 0.646887 -30.2349 -1.88968 
0.346667 -30.8873 -1.93046 1 0.17637 0.64726 -30.2349 -1.88968 
0.36 -30.8413 -1.92758 1 0.177234 0.645533 -30.2349 -1.88968 
0.373333 -30.792 -1.9245 1 0.17811 0.64378 -30.2349 -1.88968 
0.386667 -30.7405 -1.92128 1 0.178855 0.64229 -30.2349 -1.88968 
0.4 -30.6542 -1.91589 1 0.178865 0.64227 -30.2349 -1.88968 
