#ClusterEigenvalue -35.0259
0 -70.0519 -4.37824 1 0.0384787 0.923042 -70.0518 -4.37824 
0.0133333 -70.1462 -4.38414 1 0.0388338 0.922333 -70.0518 -4.37824 
0.0266667 -70.2468 -4.39043 1 0.038955 0.92209 -70.0518 -4.37824 
0.04 -70.3076 -4.39423 1 0.0388075 0.922385 -70.0518 -4.37824 
0.0533333 -70.3857 -4.3991 1 0.0392725 0.921455 -70.0518 -4.37824 
0.0666667 -70.4403 -4.40252 1 0.0402575 0.919485 -70.0518 -4.37824 
0.08 -70.4709 -4.40443 1 0.0401137 0.919772 -70.0518 -4.37824 
0.0933333 -70.5057 -4.4066 1 0.0408713 0.918257 -70.0518 -4.37824 
0.106667 -70.5198 -4.40749 1 0.0410888 0.917822 -70.0518 -4.37824 
0.12 -70.5218 -4.40761 1 0.0418063 0.916387 -70.0518 -4.37824 
0.133333 -70.5147 -4.40717 1 0.0424388 0.915123 -70.0518 -4.37824 
0.146667 -70.4932 -4.40582 1 0.0430863 0.913828 -70.0518 -4.37824 
0.16 -70.4474 -4.40296 1 0.0442813 0.911437 -70.0518 -4.37824 
0.173333 -70.4119 -4.40074 1 0.0449575 0.910085 -70.0518 -4.37824 
0.186667 -70.362 -4.39762 1 0.0463475 0.907305 -70.0518 -4.37824 
0.2 -70.2754 -4.39221 1 0.0478362 0.904327 -70.0518 -4.37824 
0.213333 -70.2121 -4.38826 1 0.0481488 0.903702 -70.0518 -4.37824 
0.226667 -70.1257 -4.38286 1 0.0497513 0.900497 -70.0518 -4.37824 
0.24 -70.0166 -4.37604 1 0.0510825 0.897835 -70.0518 -4.37824 
0.253333 -69.9042 -4.36901 1 0.052445 0.89511 -70.0518 -4.37824 
0.266667 -69.7875 -4.36172 1 0.0537512 0.892497 -70.0518 -4.37824 
0.28 -69.631 -4.35194 1 0.0557562 0.888488 -70.0518 -4.37824 
0.293333 -69.4667 -4.34167 1 0.05763 0.88474 -70.0518 -4.37824 
0.306667 -69.334 -4.33338 1 0.0590125 0.881975 -70.0518 -4.37824 
0.32 -69.1359 -4.32099 1 0.0608275 0.878345 -70.0518 -4.37824 
0.333333 -68.9416 -4.30885 1 0.0622088 0.875582 -70.0518 -4.37824 
0.346667 -68.8191 -4.3012 1 0.0635488 0.872903 -70.0518 -4.37824 
0.36 -68.5231 -4.28269 1 0.0662075 0.867585 -70.0518 -4.37824 
0.373333 -68.3113 -4.26946 1 0.068315 0.86337 -70.0518 -4.37824 
0.386667 -68.1149 -4.25718 1 0.070185 0.85963 -70.0518 -4.37824 
0.4 -67.8629 -4.24143 1 0.072065 0.85587 -70.0518 -4.37824 
