#ClusterEigenvalue -65.6403
0 -131.281 -8.20504 1 0.0119538 0.976093 -131.281 -8.20503 
0.0133333 -131.378 -8.21112 1 0.0119837 0.976032 -131.281 -8.20503 
0.0266667 -131.443 -8.21517 1 0.0119338 0.976132 -131.281 -8.20503 
0.04 -131.501 -8.21878 1 0.0124425 0.975115 -131.281 -8.20503 
0.0533333 -131.523 -8.22019 1 0.0125375 0.974925 -131.281 -8.20503 
0.0666667 -131.522 -8.22015 1 0.0130875 0.973825 -131.281 -8.20503 
0.08 -131.505 -8.21905 1 0.0133325 0.973335 -131.281 -8.20503 
0.0933333 -131.469 -8.21682 1 0.014155 0.97169 -131.281 -8.20503 
0.106667 -131.401 -8.21257 1 0.0144462 0.971108 -131.281 -8.20503 
0.12 -131.302 -8.20635 1 0.015785 0.96843 -131.281 -8.20503 
0.133333 -131.191 -8.19943 1 0.0162225 0.967555 -131.281 -8.20503 
0.146667 -131.055 -8.19096 1 0.0174562 0.965088 -131.281 -8.20503 
0.16 -130.852 -8.17823 1 0.0186788 0.962642 -131.281 -8.20503 
0.173333 -130.719 -8.16991 1 0.0194912 0.961017 -131.281 -8.20503 
0.186667 -130.538 -8.15863 1 0.0205425 0.958915 -131.281 -8.20503 
0.2 -130.27 -8.14189 1 0.021785 0.95643 -131.281 -8.20503 
0.213333 -129.961 -8.12257 1 0.0236713 0.952657 -131.281 -8.20503 
0.226667 -129.726 -8.10788 1 0.024715 0.95057 -131.281 -8.20503 
0.24 -129.4 -8.08748 1 0.0266637 0.946673 -131.281 -8.20503 
0.253333 -128.986 -8.06165 1 0.0286488 0.942702 -131.281 -8.20503 
0.266667 -128.643 -8.04022 1 0.0303475 0.939305 -131.281 -8.20503 
0.28 -128.244 -8.01523 1 0.03255 0.9349 -131.281 -8.20503 
0.293333 -127.856 -7.99102 1 0.0340425 0.931915 -131.281 -8.20503 
0.306667 -127.469 -7.96679 1 0.0358825 0.928235 -131.281 -8.20503 
0.32 -127.079 -7.94244 1 0.038035 0.92393 -131.281 -8.20503 
0.333333 -126.475 -7.9047 1 0.0407 0.9186 -131.281 -8.20503 
0.346667 -126.109 -7.8818 1 0.0423125 0.915375 -131.281 -8.20503 
0.36 -125.562 -7.8476 1 0.0447563 0.910488 -131.281 -8.20503 
0.373333 -125.004 -7.81277 1 0.047475 0.90505 -131.281 -8.20503 
0.386667 -124.463 -7.77893 1 0.0498087 0.900382 -131.281 -8.20503 
0.4 -123.863 -7.74142 1 0.052655 0.89469 -131.281 -8.20503 
