#ClusterEigenvalue -42.5079
0 -85.0157 -5.31348 1 0.0268838 0.946233 -85.0158 -5.31349 
0.0133333 -85.1139 -5.31962 1 0.0273887 0.945223 -85.0158 -5.31349 
0.0266667 -85.2015 -5.3251 1 0.0270813 0.945837 -85.0158 -5.31349 
0.04 -85.2706 -5.32941 1 0.0274575 0.945085 -85.0158 -5.31349 
0.0533333 -85.3264 -5.3329 1 0.0280663 0.943867 -85.0158 -5.31349 
0.0666667 -85.3567 -5.33479 1 0.0276137 0.944773 -85.0158 -5.31349 
0.08 -85.3942 -5.33714 1 0.0287975 0.942405 -85.0158 -5.31349 
0.0933333 -85.4009 -5.33756 1 0.0285162 0.942967 -85.0158 -5.31349 
0.106667 -85.3938 -5.33711 1 0.0300175 0.939965 -85.0158 -5.31349 
0.12 -85.3698 -5.33561 1 0.03049 0.93902 -85.0158 -5.31349 
0.133333 -85.3391 -5.3337 1 0.0308438 0.938312 -85.0158 -5.31349 
0.146667 -85.2888 -5.33055 1 0.0322937 0.935412 -85.0158 -5.31349 
0.16 -85.2478 -5.32799 1 0.0327712 0.934458 -85.0158 -5.31349 
0.173333 -85.1667 -5.32292 1 0.033725 0.93255 -85.0158 -5.31349 
0.186667 -85.0648 -5.31655 1 0.035585 0.92883 -85.0158 -5.31349 
0.2 -84.9654 -5.31034 1 0.0363562 0.927287 -85.0158 -5.31349 
0.213333 -84.8323 -5.30202 1 0.037525 0.92495 -85.0158 -5.31349 
0.226667 -84.6815 -5.2926 1 0.0388663 0.922268 -85.0158 -5.31349 
0.24 -84.5209 -5.28256 1 0.04036 0.91928 -85.0158 -5.31349 
0.253333 -84.3894 -5.27434 1 0.0417713 0.916457 -85.0158 -5.31349 
0.266667 -84.1726 -5.26079 1 0.0437137 0.912572 -85.0158 -5.31349 
0.28 -83.9708 -5.24818 1 0.0455375 0.908925 -85.0158 -5.31349 
0.293333 -83.7906 -5.23691 1 0.0471012 0.905798 -85.0158 -5.31349 
0.306667 -83.5268 -5.22043 1 0.049155 0.90169 -85.0158 -5.31349 
0.32 -83.3383 -5.20865 1 0.0508612 0.898278 -85.0158 -5.31349 
0.333333 -83.0441 -5.19026 1 0.0527925 0.894415 -85.0158 -5.31349 
0.346667 -82.7734 -5.17334 1 0.0549675 0.890065 -85.0158 -5.31349 
0.36 -82.4812 -5.15507 1 0.0570475 0.885905 -85.0158 -5.31349 
0.373333 -82.1865 -5.13665 1 0.0593788 0.881242 -85.0158 -5.31349 
0.386667 -81.9876 -5.12422 1 0.06067 0.87866 -85.0158 -5.31349 
0.4 -81.5834 -5.09896 1 0.0634338 0.873132 -85.0158 -5.31349 
