#ClusterEigenvalue -27.7899
0 -55.5797 -3.47373 1 0.0589775 0.882045 -55.5797 -3.47373 
0.0133333 -55.6926 -3.48079 1 0.0590825 0.881835 -55.5797 -3.47373 
0.0266667 -55.7713 -3.4857 1 0.0592413 0.881517 -55.5797 -3.47373 
0.04 -55.8592 -3.4912 1 0.0594462 0.881108 -55.5797 -3.47373 
0.0533333 -55.9277 -3.49548 1 0.0595762 0.880848 -55.5797 -3.47373 
0.0666667 -55.9886 -3.49928 1 0.0595362 0.880927 -55.5797 -3.47373 
0.08 -56.0413 -3.50258 1 0.0605387 0.878923 -55.5797 -3.47373 
0.0933333 -56.09 -3.50563 1 0.0610725 0.877855 -55.5797 -3.47373 
0.106667 -56.1173 -3.50733 1 0.0606025 0.878795 -55.5797 -3.47373 
0.12 -56.1493 -3.50933 1 0.0616125 0.876775 -55.5797 -3.47373 
0.133333 -56.1691 -3.51057 1 0.0623725 0.875255 -55.5797 -3.47373 
0.146667 -56.1759 -3.51099 1 0.0632613 0.873478 -55.5797 -3.47373 
0.16 -56.1722 -3.51076 1 0.06399 0.87202 -55.5797 -3.47373 
0.173333 -56.1554 -3.50971 1 0.0648112 0.870378 -55.5797 -3.47373 
0.186667 -56.1437 -3.50898 1 0.0654313 0.869138 -55.5797 -3.47373 
0.2 -56.1062 -3.50664 1 0.0664125 0.867175 -55.5797 -3.47373 
0.213333 -56.0738 -3.50461 1 0.0677025 0.864595 -55.5797 -3.47373 
0.226667 -56.0075 -3.50047 1 0.0684037 0.863193 -55.5797 -3.47373 
0.24 -55.9415 -3.49634 1 0.0701212 0.859758 -55.5797 -3.47373 
0.253333 -55.8878 -3.49299 1 0.071285 0.85743 -55.5797 -3.47373 
0.266667 -55.8066 -3.48791 1 0.07201 0.85598 -55.5797 -3.47373 
0.28 -55.722 -3.48262 1 0.074085 0.85183 -55.5797 -3.47373 
0.293333 -55.6437 -3.47773 1 0.07498 0.85004 -55.5797 -3.47373 
0.306667 -55.5315 -3.47072 1 0.0765087 0.846982 -55.5797 -3.47373 
0.32 -55.3878 -3.46174 1 0.07784 0.84432 -55.5797 -3.47373 
0.333333 -55.282 -3.45512 1 0.0794175 0.841165 -55.5797 -3.47373 
0.346667 -55.1342 -3.44589 1 0.0816138 0.836773 -55.5797 -3.47373 
0.36 -55.0025 -3.43765 1 0.0824425 0.835115 -55.5797 -3.47373 
0.373333 -54.8555 -3.42847 1 0.0838225 0.832355 -55.5797 -3.47373 
0.386667 -54.6893 -3.41808 1 0.0855887 0.828823 -55.5797 -3.47373 
0.4 -54.5646 -3.41029 1 0.0871938 0.825613 -55.5797 -3.47373 
