#ClusterEigenvalue -12
# g emean emean / nmean nmean domean / config->nTotalSites s2mean / config->nTotalSites staggmag / config->nTotalSites epert / config->nTotalSites ess->getGroundStateEnergy() * config->nClusters ess->getGroundStateEnergy() * config->nClusters / nmean 
0 -24 -1.5 16 0.250156 0.499687 4.58488e+18 0 -24 -1.5 
0.02 -24.3525 -1.52203 16 0.250656 0.498688 4.60765e+18 -0.360527 -24 -1.5 
0.04 -24.6154 -1.53847 16 0.250203 0.499594 4.62177e+18 -0.64119 -24 -1.5 
0.06 -24.8428 -1.55267 16 0.250469 0.499063 4.61918e+18 -0.892465 -24 -1.5 
0.08 -25.1142 -1.56964 16 0.249562 0.500875 4.62322e+18 -1.20527 -24 -1.5 
0.1 -25.4338 -1.58962 16 0.250656 0.498687 4.57393e+18 -1.5943 -24 -1.5 
0.12 -25.6185 -1.60116 16 0.249969 0.500062 4.61803e+18 -1.83062 -24 -1.5 
0.14 -25.891 -1.61819 16 0.249391 0.501219 4.65723e+18 -2.19918 -24 -1.5 
0.16 -26.0308 -1.62693 16 0.250547 0.498906 4.53156e+18 -2.39839 -24 -1.5 
0.18 -26.2949 -1.64343 16 0.250766 0.498469 4.62869e+18 -2.80133 -24 -1.5 
0.2 -26.45 -1.65312 16 0.252 0.496 4.57969e+18 -3.05708 -24 -1.5 
0.22 -26.5898 -1.66186 16 0.24825 0.5035 4.62523e+18 -3.30396 -24 -1.5 
0.24 -26.6582 -1.66614 16 0.250062 0.499875 4.59641e+18 -3.42829 -24 -1.5 
0.26 -26.8829 -1.68018 16 0.249297 0.501406 4.60996e+18 -3.89418 -24 -1.5 
0.28 -26.9403 -1.68377 16 0.248953 0.502094 4.62956e+18 -4.02841 -24 -1.5 
0.3 -27.0477 -1.69048 16 0.249312 0.501375 4.62898e+18 -4.30433 -24 -1.5 
0.32 -27.1348 -1.69592 16 0.250078 0.499844 4.55721e+18 -4.56449 -24 -1.5 
0.34 -27.1895 -1.69934 16 0.249656 0.500687 4.62379e+18 -4.75839 -24 -1.5 
0.36 -27.2176 -1.7011 16 0.250672 0.498656 4.58632e+18 -4.87071 -24 -1.5 
0.38 -27.2613 -1.70383 16 0.25075 0.4985 4.5745e+18 -5.08501 -24 -1.5 
0.4 -27.2942 -1.70589 16 0.250688 0.498625 4.59439e+18 -5.31542 -24 -1.5 
0.42 -27.3051 -1.70657 16 0.248641 0.502719 4.61601e+18 -5.42436 -24 -1.5 
0.44 -27.3137 -1.7071 16 0.248891 0.502219 4.66443e+18 -5.65392 -24 -1.5 
0.46 -27.3111 -1.70694 16 0.24925 0.5015 4.6212e+18 -5.78031 -24 -1.5 
0.48 -27.2952 -1.70595 16 0.24925 0.5015 4.65607e+18 -5.97124 -24 -1.5 
0.5 -27.2751 -1.7047 16 0.25325 0.4935 4.56125e+18 -6.10449 -24 -1.5 
0.52 -27.2477 -1.70298 16 0.248344 0.503313 4.66213e+18 -6.23417 -24 -1.5 
0.54 -27.2231 -1.70144 16 0.252375 0.49525 4.54828e+18 -6.3265 -24 -1.5 
0.56 -27.1712 -1.6982 16 0.250547 0.498906 4.64627e+18 -6.481 -24 -1.5 
0.58 -27.13 -1.69562 16 0.250516 0.498969 4.59295e+18 -6.58039 -24 -1.5 
