#ClusterEigenvalue -35.4672
# g emean emean / nmean nmean domean / config->nTotalSites s2mean / config->nTotalSites staggmag / config->nTotalSites epert / config->nTotalSites ess->getGroundStateEnergy() * config->nClusters ess->getGroundStateEnergy() * config->nClusters / nmean 
0 -70.9343 -4.4334 16 0.0449062 0.910188 8.38779e+18 0 -70.9343 -4.4334 
0.02 -71.169 -4.44807 16 0.0459844 0.908031 8.47023e+18 -0.251416 -70.9343 -4.4334 
0.04 -71.4322 -4.46452 16 0.0451719 0.909656 8.39385e+18 -0.594916 -70.9343 -4.4334 
0.06 -71.6307 -4.47692 16 0.0484687 0.903062 8.29585e+18 -0.899134 -70.9343 -4.4334 
0.08 -71.7556 -4.48473 16 0.0477031 0.904594 8.29729e+18 -1.218 -70.9343 -4.4334 
0.1 -71.8885 -4.49303 16 0.049875 0.90025 8.31545e+18 -1.57882 -70.9343 -4.4334 
0.12 -71.9485 -4.49678 16 0.0521406 0.895719 8.27481e+18 -1.98275 -70.9343 -4.4334 
0.14 -71.9734 -4.49834 16 0.0538594 0.892281 8.17594e+18 -2.40349 -70.9343 -4.4334 
0.16 -71.9314 -4.49571 16 0.0567813 0.886437 8.15663e+18 -2.78116 -70.9343 -4.4334 
0.18 -71.8541 -4.49088 16 0.0592344 0.881531 8.15894e+18 -3.17631 -70.9343 -4.4334 
0.2 -71.7192 -4.48245 16 0.0629531 0.874094 8.14683e+18 -3.75253 -70.9343 -4.4334 
0.22 -71.4867 -4.46792 16 0.0677656 0.864469 8.00099e+18 -4.26955 -70.9343 -4.4334 
0.24 -71.2865 -4.4554 16 0.0708437 0.858312 7.99205e+18 -4.80177 -70.9343 -4.4334 
0.26 -71.0079 -4.43799 16 0.0741719 0.851656 7.93556e+18 -5.10442 -70.9343 -4.4334 
0.28 -70.4993 -4.40621 16 0.08025 0.8395 7.82315e+18 -5.76535 -70.9343 -4.4334 
0.3 -69.9805 -4.37378 16 0.0860469 0.827906 7.63061e+18 -6.31765 -70.9343 -4.4334 
0.32 -69.3888 -4.3368 16 0.0934844 0.813031 7.50177e+18 -7.00037 -70.9343 -4.4334 
0.34 -68.9369 -4.30856 16 0.0986094 0.802781 7.39426e+18 -7.50905 -70.9343 -4.4334 
0.36 -68.0632 -4.25395 16 0.105219 0.789563 7.26542e+18 -8.12989 -70.9343 -4.4334 
0.38 -67.4294 -4.21434 16 0.114203 0.771594 7.14523e+18 -8.78896 -70.9343 -4.4334 
0.4 -66.9623 -4.18514 16 0.117297 0.765406 7.04262e+18 -9.123 -70.9343 -4.4334 
0.42 -65.8741 -4.11713 16 0.126766 0.746469 6.84317e+18 -9.7872 -70.9343 -4.4334 
0.44 -65.3619 -4.08512 16 0.131531 0.736938 6.81636e+18 -10.1584 -70.9343 -4.4334 
0.46 -64.4777 -4.02986 16 0.139 0.722 6.6267e+18 -10.6335 -70.9343 -4.4334 
0.48 -63.5999 -3.975 16 0.146703 0.706594 6.5558e+18 -11.167 -70.9343 -4.4334 
0.5 -62.9588 -3.93493 16 0.150062 0.699875 6.50104e+18 -11.614 -70.9343 -4.4334 
