#ClusterEigenvalue -58.1229
# g emean emean / nmean nmean domean / config->nTotalSites s2mean / config->nTotalSites staggmag / config->nTotalSites epert / config->nTotalSites ess->getGroundStateEnergy() * config->nClusters ess->getGroundStateEnergy() * config->nClusters / nmean 
0 -116.246 -7.26536 16 0.0169063 0.966188 8.804e+18 0 -116.246 -7.26536 
0.02 -116.502 -7.2814 16 0.0171719 0.965656 8.88672e+18 -0.291852 -116.246 -7.26536 
0.04 -116.708 -7.29424 16 0.0173594 0.965281 9.01181e+18 -0.671524 -116.246 -7.26536 
0.06 -116.783 -7.29894 16 0.0183437 0.963313 8.96598e+18 -0.902941 -116.246 -7.26536 
0.08 -116.846 -7.30285 16 0.0205781 0.958844 8.79881e+18 -1.23303 -116.246 -7.26536 
0.1 -116.773 -7.29832 16 0.0208906 0.958219 8.80054e+18 -1.63869 -116.246 -7.26536 
0.12 -116.612 -7.28826 16 0.02325 0.9535 8.8677e+18 -1.9204 -116.246 -7.26536 
0.14 -116.369 -7.27305 16 0.0270625 0.945875 8.7328e+18 -2.42492 -116.246 -7.26536 
0.16 -115.986 -7.24915 16 0.0305625 0.938875 8.63164e+18 -3.0979 -116.246 -7.26536 
0.18 -115.496 -7.21848 16 0.034 0.932 8.61982e+18 -3.40867 -116.246 -7.26536 
0.2 -115.016 -7.1885 16 0.037 0.926 8.51605e+18 -3.84782 -116.246 -7.26536 
0.22 -114.173 -7.13579 16 0.0435 0.913 8.35926e+18 -4.41694 -116.246 -7.26536 
0.24 -113.365 -7.0853 16 0.0485938 0.902813 8.31862e+18 -5.05449 -116.246 -7.26536 
0.26 -112.107 -7.0067 16 0.0566562 0.886688 8.13184e+18 -5.78672 -116.246 -7.26536 
0.28 -111.147 -6.94669 16 0.0619062 0.876187 8.1036e+18 -6.22365 -116.246 -7.26536 
0.3 -109.977 -6.87354 16 0.0691406 0.861719 7.8341e+18 -6.85865 -116.246 -7.26536 
0.32 -108.516 -6.78228 16 0.0771406 0.845719 7.80499e+18 -7.44704 -116.246 -7.26536 
0.34 -107.564 -6.72278 16 0.082625 0.83475 7.6407e+18 -8.03942 -116.246 -7.26536 
0.36 -105.411 -6.58821 16 0.09475 0.8105 7.48304e+18 -8.81829 -116.246 -7.26536 
0.38 -103.275 -6.45468 16 0.105641 0.788719 7.25101e+18 -9.57138 -116.246 -7.26536 
0.4 -102.505 -6.40656 16 0.110813 0.778375 7.09104e+18 -9.94725 -116.246 -7.26536 
0.42 -100.792 -6.29947 16 0.119422 0.761156 7.11208e+18 -10.4168 -116.246 -7.26536 
0.44 -99.008 -6.188 16 0.128406 0.743188 6.84864e+18 -10.9832 -116.246 -7.26536 
0.46 -97.281 -6.08006 16 0.136734 0.726531 6.61979e+18 -11.4932 -116.246 -7.26536 
0.48 -96.1152 -6.0072 16 0.142328 0.715344 6.56906e+18 -11.8642 -116.246 -7.26536 
0.5 -93.9492 -5.87182 16 0.152625 0.69475 6.36931e+18 -12.3576 -116.246 -7.26536 
0.52 -93.5652 -5.84782 16 0.154125 0.69175 6.34078e+18 -12.516 -116.246 -7.26536 
0.54 -91.7282 -5.73302 16 0.164469 0.671063 6.27132e+18 -13.0097 -116.246 -7.26536 
0.56 -90.3007 -5.64379 16 0.170656 0.658687 6.15343e+18 -13.2674 -116.246 -7.26536 
0.58 -88.9102 -5.55689 16 0.177609 0.644781 5.98683e+18 -13.649 -116.246 -7.26536 
