#ClusterEigenvalue -16.4783
# g emean emean / nmean nmean domean / config->nTotalSites s2mean / config->nTotalSites staggmag / config->nTotalSites epert / config->nTotalSites ess->getGroundStateEnergy() * config->nClusters ess->getGroundStateEnergy() * config->nClusters / nmean 
0 -32.9566 -2.05979 16 0.188344 0.623312 5.76403e+18 0 -32.9566 -2.05979 
0.02 -33.2682 -2.07927 16 0.191047 0.617906 5.68275e+18 -0.318442 -32.9566 -2.05979 
0.04 -33.5353 -2.09595 16 0.187813 0.624375 5.78248e+18 -0.606278 -32.9566 -2.05979 
0.06 -33.8195 -2.11372 16 0.189422 0.621156 5.76576e+18 -0.928643 -32.9566 -2.05979 
0.08 -34.0897 -2.13061 16 0.18925 0.6215 5.71964e+18 -1.26241 -32.9566 -2.05979 
0.1 -34.33 -2.14562 16 0.190016 0.619969 5.76086e+18 -1.56989 -32.9566 -2.05979 
0.12 -34.5461 -2.15913 16 0.194172 0.611656 5.65883e+18 -1.87561 -32.9566 -2.05979 
0.14 -34.7494 -2.17184 16 0.191375 0.61725 5.7329e+18 -2.17792 -32.9566 -2.05979 
0.16 -34.963 -2.18519 16 0.195016 0.609969 5.60233e+18 -2.51657 -32.9566 -2.05979 
0.18 -35.1018 -2.19386 16 0.192063 0.615875 5.67987e+18 -2.73104 -32.9566 -2.05979 
0.2 -35.2271 -2.20169 16 0.192359 0.615281 5.69716e+18 -2.98479 -32.9566 -2.05979 
0.22 -35.3927 -2.21205 16 0.195266 0.609469 5.6251e+18 -3.33981 -32.9566 -2.05979 
0.24 -35.471 -2.21694 16 0.194578 0.610844 5.61156e+18 -3.50447 -32.9566 -2.05979 
0.26 -35.6022 -2.22514 16 0.196453 0.607094 5.59052e+18 -3.90489 -32.9566 -2.05979 
0.28 -35.7081 -2.23176 16 0.198484 0.603031 5.54872e+18 -4.17272 -32.9566 -2.05979 
0.3 -35.7582 -2.23489 16 0.199563 0.600875 5.55852e+18 -4.40409 -32.9566 -2.05979 
0.32 -35.7719 -2.23575 16 0.200078 0.599844 5.52048e+18 -4.61749 -32.9566 -2.05979 
0.34 -35.8083 -2.23802 16 0.201828 0.596344 5.51817e+18 -4.91928 -32.9566 -2.05979 
0.36 -35.8345 -2.23966 16 0.201031 0.597938 5.51125e+18 -5.09325 -32.9566 -2.05979 
0.38 -35.8123 -2.23827 16 0.202609 0.594781 5.49338e+18 -5.35926 -32.9566 -2.05979 
0.4 -35.8287 -2.23929 16 0.202 0.596 5.48791e+18 -5.59103 -32.9566 -2.05979 
0.42 -35.8055 -2.23784 16 0.203656 0.592688 5.44208e+18 -5.83259 -32.9566 -2.05979 
0.44 -35.725 -2.23281 16 0.202875 0.59425 5.5052e+18 -5.99593 -32.9566 -2.05979 
0.46 -35.6614 -2.22884 16 0.203969 0.592062 5.4343e+18 -6.27376 -32.9566 -2.05979 
