#ClusterEigenvalue -14.1188
# g emean emean / nmean nmean domean / config->nTotalSites s2mean / config->nTotalSites staggmag / config->nTotalSites epert / config->nTotalSites ess->getGroundStateEnergy() * config->nClusters ess->getGroundStateEnergy() * config->nClusters / nmean 
0 -28.2375 -1.76485 16 0.221266 0.557469 5.14779e+18 0 -28.2375 -1.76485 
0.02 -28.5399 -1.78374 16 0.220203 0.559594 5.16653e+18 -0.308499 -28.2375 -1.76485 
0.04 -28.8402 -1.80251 16 0.219703 0.560594 5.15731e+18 -0.62918 -28.2375 -1.76485 
0.06 -29.1581 -1.82238 16 0.221844 0.556312 5.10571e+18 -0.984549 -28.2375 -1.76485 
0.08 -29.3709 -1.83568 16 0.220391 0.559219 5.22129e+18 -1.23741 -28.2375 -1.76485 
0.1 -29.6149 -1.85093 16 0.222828 0.554344 5.10225e+18 -1.54298 -28.2375 -1.76485 
0.12 -29.8598 -1.86624 16 0.222234 0.555531 5.10571e+18 -1.84354 -28.2375 -1.76485 
0.14 -30.0956 -1.88098 16 0.221062 0.557875 5.15068e+18 -2.17427 -28.2375 -1.76485 
0.16 -30.3417 -1.89636 16 0.221422 0.557156 5.11724e+18 -2.54813 -28.2375 -1.76485 
0.18 -30.4816 -1.9051 16 0.222453 0.555094 5.07948e+18 -2.75398 -28.2375 -1.76485 
0.2 -30.7146 -1.91966 16 0.222188 0.555625 5.11897e+18 -3.16617 -28.2375 -1.76485 
0.22 -30.7782 -1.92364 16 0.222578 0.554844 5.09505e+18 -3.29749 -28.2375 -1.76485 
0.24 -30.8855 -1.93034 16 0.22325 0.5535 5.09937e+18 -3.54168 -28.2375 -1.76485 
0.26 -31.0563 -1.94102 16 0.222219 0.555563 5.09591e+18 -3.87277 -28.2375 -1.76485 
0.28 -31.1272 -1.94545 16 0.223797 0.552406 5.10225e+18 -4.04181 -28.2375 -1.76485 
0.3 -31.2129 -1.95081 16 0.226594 0.546812 5.05268e+18 -4.30797 -28.2375 -1.76485 
0.32 -31.2932 -1.95583 16 0.227125 0.54575 5.06738e+18 -4.56104 -28.2375 -1.76485 
0.34 -31.3408 -1.9588 16 0.227094 0.545813 5.02213e+18 -4.78925 -28.2375 -1.76485 
0.36 -31.3963 -1.96227 16 0.226656 0.546687 5.07372e+18 -4.99742 -28.2375 -1.76485 
0.38 -31.406 -1.96288 16 0.227281 0.545438 5.06623e+18 -5.19607 -28.2375 -1.76485 
0.4 -31.4357 -1.96473 16 0.226797 0.546406 5.03971e+18 -5.37098 -28.2375 -1.76485 
0.42 -31.4223 -1.9639 16 0.227125 0.54575 5.04518e+18 -5.51764 -28.2375 -1.76485 
0.44 -31.4293 -1.96433 16 0.227375 0.54525 5.04951e+18 -5.78302 -28.2375 -1.76485 
0.46 -31.4011 -1.96257 16 0.228984 0.542031 5.04518e+18 -5.96756 -28.2375 -1.76485 
0.48 -31.3831 -1.96144 16 0.228875 0.54225 4.97543e+18 -6.10887 -28.2375 -1.76485 
0.5 -31.349 -1.95931 16 0.227531 0.544938 4.99849e+18 -6.24641 -28.2375 -1.76485 
0.52 -31.2612 -1.95382 16 0.227297 0.545406 4.96448e+18 -6.42523 -28.2375 -1.76485 
0.54 -31.247 -1.95293 16 0.228453 0.543094 4.99244e+18 -6.51122 -28.2375 -1.76485 
0.56 -31.1883 -1.94927 16 0.227203 0.545594 5.03481e+18 -6.68054 -28.2375 -1.76485 
0.58 -31.0513 -1.94071 16 0.228813 0.542375 4.95756e+18 -6.85811 -28.2375 -1.76485 
