#ClusterEigenvalue -61.9927
# g emean emean / nmean nmean domean / config->nTotalSites s2mean / config->nTotalSites staggmag / config->nTotalSites epert / config->nTotalSites ess->getGroundStateEnergy() * config->nClusters ess->getGroundStateEnergy() * config->nClusters / nmean 
0 -123.985 -7.74909 16 0.0145156 0.970969 8.78123e+18 0 -123.985 -7.74909 
0.02 -124.224 -7.76398 16 0.0159219 0.968156 9.08819e+18 -0.27139 -123.985 -7.74909 
0.04 -124.446 -7.77788 16 0.0157813 0.968438 8.99452e+18 -0.67891 -123.985 -7.74909 
0.06 -124.519 -7.78241 16 0.0165312 0.966938 8.84521e+18 -0.939156 -123.985 -7.74909 
0.08 -124.457 -7.77859 16 0.0190469 0.961906 9.18878e+18 -1.24437 -123.985 -7.74909 
0.1 -124.461 -7.77879 16 0.0199063 0.960187 8.88009e+18 -1.64363 -123.985 -7.74909 
0.12 -124.225 -7.76404 16 0.0222656 0.955469 8.75384e+18 -2.04535 -123.985 -7.74909 
0.14 -123.917 -7.74484 16 0.0255 0.949 8.76595e+18 -2.47114 -123.985 -7.74909 
0.16 -123.443 -7.71516 16 0.0291406 0.941719 8.59474e+18 -3.02141 -123.985 -7.74909 
0.18 -122.896 -7.68103 16 0.0324531 0.935094 8.5051e+18 -3.44176 -123.985 -7.74909 
0.2 -122.369 -7.64805 16 0.0354219 0.929156 8.5002e+18 -3.83181 -123.985 -7.74909 
0.22 -121.319 -7.58242 16 0.0431719 0.913656 8.42324e+18 -4.6474 -123.985 -7.74909 
0.24 -120.36 -7.52247 16 0.04825 0.9035 8.40134e+18 -5.09044 -123.985 -7.74909 
0.26 -119.152 -7.44697 16 0.0543281 0.891344 8.23128e+18 -5.69125 -123.985 -7.74909 
0.28 -118.251 -7.39071 16 0.0599844 0.880031 8.16124e+18 -6.20099 -123.985 -7.74909 
0.3 -116.973 -7.31079 16 0.0666563 0.866688 8.0177e+18 -6.71333 -123.985 -7.74909 
0.32 -114.763 -7.17269 16 0.0782969 0.843406 7.82661e+18 -7.66129 -123.985 -7.74909 
0.34 -113.719 -7.10742 16 0.0840937 0.831813 7.73466e+18 -8.00173 -123.985 -7.74909 
0.36 -112.122 -7.00761 16 0.0911875 0.817625 7.51791e+18 -8.65575 -123.985 -7.74909 
0.38 -110.142 -6.88385 16 0.101391 0.797219 7.39282e+18 -9.35841 -123.985 -7.74909 
0.4 -108.273 -6.76706 16 0.110984 0.778031 7.21152e+18 -9.87727 -123.985 -7.74909 
0.42 -107.05 -6.69065 16 0.116812 0.766375 7.13053e+18 -10.3867 -123.985 -7.74909 
0.44 -105.349 -6.58432 16 0.124609 0.750781 6.88381e+18 -10.8978 -123.985 -7.74909 
0.46 -103.416 -6.46351 16 0.133422 0.733156 6.7763e+18 -11.2823 -123.985 -7.74909 
0.48 -102.3 -6.39373 16 0.139422 0.721156 6.5656e+18 -11.7365 -123.985 -7.74909 
