#ClusterEigenvalue -39.1376
# g emean emean / nmean nmean domean / config->nTotalSites s2mean / config->nTotalSites staggmag / config->nTotalSites epert / config->nTotalSites ess->getGroundStateEnergy() * config->nClusters ess->getGroundStateEnergy() * config->nClusters / nmean 
0 -78.2753 -4.8922 16 0.0376406 0.924719 8.52614e+18 0 -78.2752 -4.8922 
0.02 -78.5616 -4.9101 16 0.0373438 0.925312 8.54545e+18 -0.318373 -78.2752 -4.8922 
0.04 -78.7589 -4.92243 16 0.0369688 0.926063 8.52614e+18 -0.581575 -78.2752 -4.8922 
0.06 -78.9821 -4.93638 16 0.0401719 0.919656 8.42757e+18 -0.997263 -78.2752 -4.8922 
0.08 -79.0268 -4.93918 16 0.0402812 0.919437 8.44746e+18 -1.15696 -78.2752 -4.8922 
0.1 -79.192 -4.9495 16 0.0419844 0.916031 8.46994e+18 -1.70527 -78.2752 -4.8922 
0.12 -79.1788 -4.94868 16 0.0429688 0.914062 8.43103e+18 -1.9277 -78.2752 -4.8922 
0.14 -79.1496 -4.94685 16 0.0463594 0.907281 8.35955e+18 -2.42238 -78.2752 -4.8922 
0.16 -79.1076 -4.94422 16 0.0462969 0.907406 8.38347e+18 -2.75032 -78.2752 -4.8922 
0.18 -78.9199 -4.93249 16 0.0525781 0.894844 8.25636e+18 -3.36012 -78.2752 -4.8922 
0.2 -78.7191 -4.91994 16 0.0560781 0.887844 8.1722e+18 -3.81854 -78.2752 -4.8922 
0.22 -78.4285 -4.90178 16 0.0611563 0.877687 8.11253e+18 -4.26062 -78.2752 -4.8922 
0.24 -78.1518 -4.88449 16 0.0633906 0.873219 8.01079e+18 -4.77013 -78.2752 -4.8922 
0.26 -77.7068 -4.85667 16 0.0679844 0.864031 7.98312e+18 -5.38544 -78.2752 -4.8922 
0.28 -77.286 -4.83037 16 0.0734375 0.853125 7.8831e+18 -5.82022 -78.2752 -4.8922 
0.3 -76.5473 -4.78421 16 0.0802812 0.839437 7.72169e+18 -6.4997 -78.2752 -4.8922 
0.32 -75.7225 -4.73266 16 0.088875 0.82225 7.63839e+18 -7.19113 -78.2752 -4.8922 
0.34 -75.0117 -4.68823 16 0.0943906 0.811219 7.44816e+18 -7.73871 -78.2752 -4.8922 
0.36 -74.1796 -4.63623 16 0.102922 0.794156 7.3052e+18 -8.30117 -78.2752 -4.8922 
0.38 -73.3098 -4.58186 16 0.110203 0.779594 7.15705e+18 -8.90672 -78.2752 -4.8922 
0.4 -72.4457 -4.52786 16 0.118281 0.763437 7.12448e+18 -9.44407 -78.2752 -4.8922 
0.42 -71.4318 -4.46449 16 0.124141 0.751719 7.00486e+18 -10.0114 -78.2752 -4.8922 
0.44 -70.6302 -4.41439 16 0.132141 0.735719 6.80858e+18 -10.5502 -78.2752 -4.8922 
0.46 -70.1207 -4.38255 16 0.136406 0.727187 6.67224e+18 -10.8733 -78.2752 -4.8922 
0.48 -69.2616 -4.32885 16 0.142969 0.714062 6.60566e+18 -11.4182 -78.2752 -4.8922 
0.5 -68.0324 -4.25203 16 0.150625 0.69875 6.48057e+18 -11.7856 -78.2752 -4.8922 
0.52 -67.3005 -4.20628 16 0.156531 0.686937 6.32435e+18 -12.015 -78.2752 -4.8922 
0.54 -66.1178 -4.13236 16 0.164781 0.670437 6.17361e+18 -12.573 -78.2752 -4.8922 
0.56 -65.3897 -4.08686 16 0.170563 0.658875 6.02574e+18 -12.8865 -78.2752 -4.8922 
0.58 -64.4697 -4.02935 16 0.176969 0.646062 5.95686e+18 -13.1992 -78.2752 -4.8922 
