#ClusterEigenvalue -19.0875
# g emean emean / nmean nmean domean / config->nTotalSites s2mean / config->nTotalSites staggmag / config->nTotalSites epert / config->nTotalSites ess->getGroundStateEnergy() * config->nClusters ess->getGroundStateEnergy() * config->nClusters / nmean 
0 -38.175 -2.38594 16 0.157422 0.685156 6.31974e+18 0 -38.175 -2.38593 
0.02 -38.5201 -2.40751 16 0.157281 0.685437 6.33703e+18 -0.355988 -38.175 -2.38593 
0.04 -38.7914 -2.42446 16 0.158844 0.682312 6.37076e+18 -0.663469 -38.175 -2.38593 
0.06 -38.9849 -2.43656 16 0.157844 0.684312 6.28919e+18 -0.889636 -38.175 -2.38593 
0.08 -39.2391 -2.45244 16 0.158984 0.682031 6.32089e+18 -1.20186 -38.175 -2.38593 
0.1 -39.4605 -2.46628 16 0.160016 0.679969 6.26988e+18 -1.50923 -38.175 -2.38593 
0.12 -39.7016 -2.48135 16 0.161 0.678 6.2497e+18 -1.86847 -38.175 -2.38593 
0.14 -39.8548 -2.49093 16 0.160094 0.679812 6.25777e+18 -2.14788 -38.175 -2.38593 
0.16 -39.9894 -2.49934 16 0.161844 0.676313 6.23903e+18 -2.36281 -38.175 -2.38593 
0.18 -40.1603 -2.51002 16 0.161734 0.676531 6.26036e+18 -2.7171 -38.175 -2.38593 
0.2 -40.2623 -2.51639 16 0.166687 0.666625 6.11481e+18 -3.00603 -38.175 -2.38593 
0.22 -40.4158 -2.52599 16 0.165281 0.669438 6.20474e+18 -3.42532 -38.175 -2.38593 
0.24 -40.4835 -2.53022 16 0.166875 0.66625 6.16294e+18 -3.70483 -38.175 -2.38593 
0.26 -40.5606 -2.53504 16 0.167797 0.664406 6.08224e+18 -4.00455 -38.175 -2.38593 
0.28 -40.6012 -2.53758 16 0.169297 0.661406 6.08281e+18 -4.20139 -38.175 -2.38593 
0.3 -40.645 -2.54031 16 0.172266 0.655469 6.02286e+18 -4.61844 -38.175 -2.38593 
0.32 -40.6393 -2.53996 16 0.173797 0.652406 6.01508e+18 -4.90715 -38.175 -2.38593 
0.34 -40.6805 -2.54253 16 0.174141 0.651719 5.99923e+18 -5.15515 -38.175 -2.38593 
0.36 -40.6022 -2.53764 16 0.175031 0.649938 5.93466e+18 -5.44523 -38.175 -2.38593 
0.38 -40.5357 -2.53348 16 0.176234 0.647531 5.96032e+18 -5.74325 -38.175 -2.38593 
0.4 -40.3935 -2.52459 16 0.177031 0.645937 5.98626e+18 -6.15862 -38.175 -2.38593 
0.42 -40.3235 -2.52022 16 0.178891 0.642219 5.89287e+18 -6.362 -38.175 -2.38593 
0.44 -40.1409 -2.50881 16 0.181422 0.637156 5.84646e+18 -6.74238 -38.175 -2.38593 
0.46 -40.042 -2.50262 16 0.183687 0.632625 5.85454e+18 -6.99829 -38.175 -2.38593 
0.48 -39.921 -2.49506 16 0.182453 0.635094 5.86866e+18 -7.23718 -38.175 -2.38593 
0.5 -39.6414 -2.47759 16 0.183703 0.632594 5.85771e+18 -7.74498 -38.175 -2.38593 
0.52 -39.3722 -2.46076 16 0.185328 0.629344 5.74241e+18 -8.10226 -38.175 -2.38593 
0.54 -39.1656 -2.44785 16 0.185688 0.628625 5.78738e+18 -8.47511 -38.175 -2.38593 
0.56 -38.8985 -2.43116 16 0.187984 0.624031 5.77556e+18 -8.74848 -38.175 -2.38593 
0.58 -38.5223 -2.40764 16 0.189734 0.620531 5.7917e+18 -9.20686 -38.175 -2.38593 
