#ClusterEigenvalue -28.3937
# g emean emean / nmean nmean domean / config->nTotalSites s2mean / config->nTotalSites staggmag / config->nTotalSites epert / config->nTotalSites ess->getGroundStateEnergy() * config->nClusters ess->getGroundStateEnergy() * config->nClusters / nmean 
0 -56.7873 -3.54921 16 0.0723281 0.855344 7.89722e+18 0 -56.7874 -3.54921 
0.02 -57.0612 -3.56633 16 0.0732031 0.853594 7.83785e+18 -0.293188 -56.7874 -3.54921 
0.04 -57.3166 -3.58229 16 0.0738281 0.852344 7.8243e+18 -0.598809 -56.7874 -3.54921 
0.06 -57.4667 -3.59167 16 0.0737969 0.852406 7.83843e+18 -0.807301 -56.7874 -3.54921 
0.08 -57.7192 -3.60745 16 0.0765938 0.846812 7.79029e+18 -1.22444 -56.7874 -3.54921 
0.1 -57.8734 -3.61709 16 0.0775781 0.844844 7.7851e+18 -1.56172 -56.7874 -3.54921 
0.12 -57.9927 -3.62455 16 0.0781094 0.843781 7.80903e+18 -1.8666 -56.7874 -3.54921 
0.14 -58.121 -3.63256 16 0.0800469 0.839906 7.741e+18 -2.24656 -56.7874 -3.54921 
0.16 -58.1648 -3.6353 16 0.0833438 0.833313 7.68883e+18 -2.6683 -56.7874 -3.54921 
0.18 -58.1876 -3.63673 16 0.0860937 0.827812 7.56144e+18 -3.0592 -56.7874 -3.54921 
0.2 -58.1711 -3.63569 16 0.0852188 0.829562 7.67154e+18 -3.49832 -56.7874 -3.54921 
0.22 -58.1703 -3.63564 16 0.09175 0.8165 7.54529e+18 -3.93896 -56.7874 -3.54921 
0.24 -58.0294 -3.62684 16 0.094375 0.81125 7.52368e+18 -4.39357 -56.7874 -3.54921 
0.26 -57.8882 -3.61801 16 0.0970625 0.805875 7.44268e+18 -4.796 -56.7874 -3.54921 
0.28 -57.7133 -3.60708 16 0.100922 0.798156 7.32682e+18 -5.27076 -56.7874 -3.54921 
0.3 -57.5399 -3.59625 16 0.104422 0.791156 7.30001e+18 -5.8444 -56.7874 -3.54921 
0.32 -57.3068 -3.58168 16 0.108109 0.783781 7.27465e+18 -6.26966 -56.7874 -3.54921 
0.34 -56.8788 -3.55493 16 0.113563 0.772875 7.09594e+18 -6.82213 -56.7874 -3.54921 
