#ClusterEigenvalue -46.6359
# g emean emean / nmean nmean domean / config->nTotalSites s2mean / config->nTotalSites staggmag / config->nTotalSites epert / config->nTotalSites ess->getGroundStateEnergy() * config->nClusters ess->getGroundStateEnergy() * config->nClusters / nmean 
0 -93.2716 -5.82947 16 0.0261719 0.947656 8.83974e+18 0 -93.2718 -5.82949 
0.02 -93.6177 -5.85111 16 0.0257031 0.948594 8.78959e+18 -0.391915 -93.2718 -5.82949 
0.04 -93.7349 -5.85843 16 0.0261719 0.947656 8.64316e+18 -0.602344 -93.2718 -5.82949 
0.06 -93.9114 -5.86947 16 0.0272812 0.945437 8.78036e+18 -0.961455 -93.2718 -5.82949 
0.08 -93.9647 -5.87279 16 0.0281875 0.943625 8.79852e+18 -1.24809 -93.2718 -5.82949 
0.1 -94.0371 -5.87732 16 0.0304062 0.939187 8.70485e+18 -1.63082 -93.2718 -5.82949 
0.12 -93.9988 -5.87492 16 0.0326562 0.934688 8.61031e+18 -1.98244 -93.2718 -5.82949 
0.14 -93.9079 -5.86925 16 0.0362656 0.927469 8.55727e+18 -2.61727 -93.2718 -5.82949 
0.16 -93.6377 -5.85236 16 0.0393281 0.921344 8.40249e+18 -2.92975 -93.2718 -5.82949 
0.18 -93.3939 -5.83712 16 0.0409375 0.918125 8.32698e+18 -3.35192 -93.2718 -5.82949 
0.2 -92.8811 -5.80507 16 0.0485781 0.902844 8.3901e+18 -4.02031 -93.2718 -5.82949 
0.22 -92.5763 -5.78602 16 0.051 0.898 8.25175e+18 -4.26631 -93.2718 -5.82949 
0.24 -91.9314 -5.74571 16 0.0561719 0.887656 8.18286e+18 -4.90819 -93.2718 -5.82949 
0.26 -91.2047 -5.70029 16 0.0617656 0.876469 8.05316e+18 -5.52632 -93.2718 -5.82949 
0.28 -90.5614 -5.66008 16 0.0666406 0.866719 8.00502e+18 -5.98453 -93.2718 -5.82949 
0.3 -89.6205 -5.60128 16 0.0752656 0.849469 7.76666e+18 -6.82122 -93.2718 -5.82949 
0.32 -88.8487 -5.55304 16 0.081375 0.83725 7.7508e+18 -7.3614 -93.2718 -5.82949 
0.34 -87.511 -5.46944 16 0.0916406 0.816719 7.49975e+18 -8.052 -93.2718 -5.82949 
0.36 -86.7065 -5.41915 16 0.0974687 0.805063 7.44009e+18 -8.60647 -93.2718 -5.82949 
0.38 -85.589 -5.34931 16 0.104953 0.790094 7.24006e+18 -9.02659 -93.2718 -5.82949 
0.4 -84.322 -5.27013 16 0.112594 0.774812 7.14984e+18 -9.70656 -93.2718 -5.82949 
0.42 -83.33 -5.20812 16 0.120313 0.759375 7.01899e+18 -10.1322 -93.2718 -5.82949 
