#ClusterEigenvalue -21.9542
# g emean emean / nmean nmean domean / config->nTotalSites s2mean / config->nTotalSites staggmag / config->nTotalSites epert / config->nTotalSites ess->getGroundStateEnergy() * config->nClusters ess->getGroundStateEnergy() * config->nClusters / nmean 
0 -43.9085 -2.74428 16 0.127359 0.745281 6.87689e+18 0 -43.9085 -2.74428 
0.02 -44.1779 -2.76112 16 0.124516 0.750969 6.96192e+18 -0.277222 -43.9085 -2.74428 
0.04 -44.5038 -2.78149 16 0.125688 0.748625 6.90888e+18 -0.642224 -43.9085 -2.74428 
0.06 -44.6667 -2.79167 16 0.126578 0.746844 6.86277e+18 -0.84963 -43.9085 -2.74428 
0.08 -44.9331 -2.80832 16 0.126531 0.746938 6.85671e+18 -1.2238 -43.9085 -2.74428 
0.1 -45.1375 -2.82109 16 0.127859 0.744281 6.84518e+18 -1.52152 -43.9085 -2.74428 
0.12 -45.2886 -2.83054 16 0.127828 0.744344 6.84345e+18 -1.77853 -43.9085 -2.74428 
0.14 -45.4897 -2.84311 16 0.131094 0.737812 6.78783e+18 -2.14195 -43.9085 -2.74428 
0.16 -45.6029 -2.85018 16 0.130875 0.73825 6.83365e+18 -2.44268 -43.9085 -2.74428 
0.18 -45.7423 -2.85889 16 0.133609 0.732781 6.80195e+18 -2.84539 -43.9085 -2.74428 
0.2 -45.8452 -2.86532 16 0.135437 0.729125 6.72182e+18 -3.16704 -43.9085 -2.74428 
0.22 -45.8853 -2.86783 16 0.136563 0.726875 6.62786e+18 -3.42401 -43.9085 -2.74428 
0.24 -45.9842 -2.87401 16 0.139313 0.721375 6.68262e+18 -3.80216 -43.9085 -2.74428 
0.26 -45.9807 -2.87379 16 0.139437 0.721125 6.69617e+18 -4.15638 -43.9085 -2.74428 
0.28 -45.942 -2.87137 16 0.141344 0.717313 6.6195e+18 -4.54954 -43.9085 -2.74428 
0.3 -45.9261 -2.87038 16 0.143344 0.713313 6.55984e+18 -4.90259 -43.9085 -2.74428 
0.32 -45.9356 -2.87097 16 0.146141 0.707719 6.47942e+18 -5.25144 -43.9085 -2.74428 
0.34 -45.7447 -2.85904 16 0.149125 0.70175 6.47164e+18 -5.69282 -43.9085 -2.74428 
0.36 -45.6484 -2.85302 16 0.150047 0.699906 6.48288e+18 -6.08824 -43.9085 -2.74428 
0.38 -45.5086 -2.84429 16 0.151891 0.696219 6.41514e+18 -6.50929 -43.9085 -2.74428 
0.4 -45.386 -2.83663 16 0.154875 0.69025 6.32983e+18 -6.79345 -43.9085 -2.74428 
0.42 -45.085 -2.81781 16 0.158109 0.683781 6.32781e+18 -7.26113 -43.9085 -2.74428 
0.44 -44.8775 -2.80484 16 0.158969 0.682063 6.33819e+18 -7.70958 -43.9085 -2.74428 
0.46 -44.4748 -2.77968 16 0.164938 0.670125 6.20618e+18 -8.07237 -43.9085 -2.74428 
0.48 -44.2191 -2.76369 16 0.164422 0.671156 6.14104e+18 -8.53325 -43.9085 -2.74428 
0.5 -43.7383 -2.73365 16 0.169313 0.661375 6.10299e+18 -9.14958 -43.9085 -2.74428 
