#ClusterEigenvalue -4.47214
# g emean emean / nmean nmean domean / config->nTotalSites s2mean / config->nTotalSites staggmag / config->nTotalSites epert / config->nTotalSites ess->getGroundStateEnergy() * config->nClusters ess->getGroundStateEnergy() * config->nClusters / nmean 
0 -8.94427 -1.11803 8 0.250375 0.49925 4.57306e+18 0 -8.94427 -1.11803 
0.02 -8.9886 -1.12357 8 0.250344 0.499312 4.68749e+18 -0.0449082 -8.94427 -1.11803 
0.04 -9.04518 -1.13065 8 0.252328 0.495344 4.53761e+18 -0.105514 -8.94427 -1.11803 
0.06 -9.06432 -1.13304 8 0.249672 0.500656 4.63042e+18 -0.127034 -8.94427 -1.11803 
0.08 -9.0937 -1.13671 8 0.249063 0.501875 4.61572e+18 -0.160815 -8.94427 -1.11803 
0.1 -9.13245 -1.14156 8 0.250406 0.499187 4.56153e+18 -0.207609 -8.94427 -1.11803 
0.12 -9.15389 -1.14424 8 0.251281 0.497437 4.62898e+18 -0.235114 -8.94427 -1.11803 
0.14 -9.18207 -1.14776 8 0.250156 0.499688 4.67769e+18 -0.271356 -8.94427 -1.11803 
0.16 -9.20158 -1.1502 8 0.249656 0.500687 4.62466e+18 -0.298162 -8.94427 -1.11803 
0.18 -9.23274 -1.15409 8 0.250344 0.499313 4.631e+18 -0.340959 -8.94427 -1.11803 
0.2 -9.26214 -1.15777 8 0.250234 0.499531 4.65924e+18 -0.384136 -8.94427 -1.11803 
0.22 -9.29597 -1.162 8 0.251484 0.497031 4.55692e+18 -0.43718 -8.94427 -1.11803 
0.24 -9.31571 -1.16446 8 0.250766 0.498469 4.59699e+18 -0.474677 -8.94427 -1.11803 
0.26 -9.33831 -1.16729 8 0.250328 0.499344 4.6163e+18 -0.51433 -8.94427 -1.11803 
0.28 -9.34584 -1.16823 8 0.246766 0.506469 4.64051e+18 -0.526457 -8.94427 -1.11803 
0.3 -9.36355 -1.17044 8 0.251141 0.497719 4.5696e+18 -0.569691 -8.94427 -1.11803 
0.32 -9.39117 -1.1739 8 0.2495 0.501 4.53127e+18 -0.629999 -8.94427 -1.11803 
0.34 -9.40742 -1.17593 8 0.251125 0.49775 4.51916e+18 -0.668927 -8.94427 -1.11803 
0.36 -9.40592 -1.17574 8 0.251312 0.497375 4.57998e+18 -0.665251 -8.94427 -1.11803 
0.38 -9.42467 -1.17808 8 0.249109 0.501781 4.66818e+18 -0.717251 -8.94427 -1.11803 
0.4 -9.44118 -1.18015 8 0.249266 0.501469 4.60592e+18 -0.778391 -8.94427 -1.11803 
0.42 -9.44873 -1.18109 8 0.247937 0.504125 4.65982e+18 -0.801089 -8.94427 -1.11803 
0.44 -9.45075 -1.18134 8 0.250172 0.499656 4.57335e+18 -0.831687 -8.94427 -1.11803 
0.46 -9.45452 -1.18181 8 0.249437 0.501125 4.5869e+18 -0.852718 -8.94427 -1.11803 
0.48 -9.46141 -1.18268 8 0.251547 0.496906 4.57133e+18 -0.905326 -8.94427 -1.11803 
0.5 -9.46653 -1.18332 8 0.248422 0.503156 4.68951e+18 -0.923324 -8.94427 -1.11803 
0.52 -9.47017 -1.18377 8 0.251437 0.497125 4.60131e+18 -0.93425 -8.94427 -1.11803 
0.54 -9.46455 -1.18307 8 0.247891 0.504219 4.70046e+18 -0.974029 -8.94427 -1.11803 
0.56 -9.46011 -1.18251 8 0.248359 0.503281 4.56557e+18 -1.00802 -8.94427 -1.11803 
0.58 -9.46335 -1.18292 8 0.250672 0.498656 4.57854e+18 -1.05029 -8.94427 -1.11803 
0.6 -9.45587 -1.18198 8 0.250906 0.498187 4.62062e+18 -1.06496 -8.94427 -1.11803 
0.62 -9.45171 -1.18146 8 0.250766 0.498469 4.61053e+18 -1.09119 -8.94427 -1.11803 
0.64 -9.45708 -1.18213 8 0.252078 0.495844 4.50648e+18 -1.11416 -8.94427 -1.11803 
0.66 -9.43387 -1.17923 8 0.249078 0.501844 4.65694e+18 -1.17316 -8.94427 -1.11803 
0.68 -9.4385 -1.17981 8 0.251875 0.49625 4.62293e+18 -1.17825 -8.94427 -1.11803 
0.7 -9.42517 -1.17815 8 0.251125 0.49775 4.5402e+18 -1.19541 -8.94427 -1.11803 
0.72 -9.41039 -1.1763 8 0.249141 0.501719 4.5696e+18 -1.2394 -8.94427 -1.11803 
0.74 -9.40635 -1.17579 8 0.249312 0.501375 4.6627e+18 -1.25147 -8.94427 -1.11803 
0.76 -9.38751 -1.17344 8 0.251875 0.49625 4.55087e+18 -1.28322 -8.94427 -1.11803 
0.78 -9.38604 -1.17325 8 0.250531 0.498937 4.63186e+18 -1.29787 -8.94427 -1.11803 
0.8 -9.37232 -1.17154 8 0.249437 0.501125 4.59382e+18 -1.33223 -8.94427 -1.11803 
0.82 -9.35096 -1.16887 8 0.250484 0.499031 4.58603e+18 -1.35694 -8.94427 -1.11803 
0.84 -9.34031 -1.16754 8 0.248609 0.502781 4.61774e+18 -1.37958 -8.94427 -1.11803 
0.86 -9.32333 -1.16542 8 0.249391 0.501219 4.599e+18 -1.40001 -8.94427 -1.11803 
0.88 -9.3055 -1.16319 8 0.252875 0.49425 4.5085e+18 -1.42016 -8.94427 -1.11803 
0.9 -9.29066 -1.16133 8 0.249828 0.500344 4.68144e+18 -1.43668 -8.94427 -1.11803 
0.92 -9.27373 -1.15922 8 0.249359 0.501281 4.61399e+18 -1.45312 -8.94427 -1.11803 
0.94 -9.26993 -1.15874 8 0.250312 0.499375 4.56211e+18 -1.46161 -8.94427 -1.11803 
0.96 -9.23415 -1.15427 8 0.2505 0.499 4.57335e+18 -1.49263 -8.94427 -1.11803 
0.98 -9.23754 -1.15469 8 0.250078 0.499844 4.60909e+18 -1.49529 -8.94427 -1.11803 
