#ClusterEigenvalue -26.7117
# g emean emean / nmean nmean domean / config->nTotalSites s2mean / config->nTotalSites staggmag / config->nTotalSites epert / config->nTotalSites ess->getGroundStateEnergy() * config->nClusters ess->getGroundStateEnergy() * config->nClusters / nmean 
0 -53.4233 -6.67792 8 0.0135312 0.972938 9.03516e+18 0 -53.4234 -6.67792 
0.02 -53.4665 -6.68332 8 0.0133125 0.973375 8.84147e+18 -0.0508141 -53.4234 -6.67792 
0.04 -53.4918 -6.68647 8 0.0135 0.973 9.0487e+18 -0.0999051 -53.4234 -6.67792 
0.06 -53.4968 -6.6871 8 0.0132656 0.973469 9.04755e+18 -0.122349 -53.4234 -6.67792 
0.08 -53.5021 -6.68776 8 0.0131562 0.973688 8.78094e+18 -0.156815 -53.4234 -6.67792 
0.1 -53.4936 -6.6867 8 0.0135937 0.972812 9.1761e+18 -0.195034 -53.4234 -6.67792 
0.12 -53.4787 -6.68484 8 0.0151562 0.969688 9.21011e+18 -0.24877 -53.4234 -6.67792 
0.14 -53.4566 -6.68207 8 0.0150469 0.969906 9.19282e+18 -0.287298 -53.4234 -6.67792 
0.16 -53.4346 -6.67933 8 0.0155781 0.968844 9.00345e+18 -0.316965 -53.4234 -6.67792 
0.18 -53.3562 -6.66953 8 0.0170469 0.965906 9.36778e+18 -0.375485 -53.4234 -6.67792 
0.2 -53.3089 -6.66361 8 0.0186094 0.962781 8.77027e+18 -0.4203 -53.4234 -6.67792 
0.22 -53.252 -6.6565 8 0.0188125 0.962375 8.91641e+18 -0.457775 -53.4234 -6.67792 
0.24 -53.1978 -6.64973 8 0.0198438 0.960313 8.87288e+18 -0.487898 -53.4234 -6.67792 
0.26 -53.1204 -6.64005 8 0.0200938 0.959812 9.08185e+18 -0.536774 -53.4234 -6.67792 
0.28 -53.0137 -6.62671 8 0.0214687 0.957062 8.79247e+18 -0.587572 -53.4234 -6.67792 
0.3 -52.9782 -6.62227 8 0.0237031 0.952594 8.65181e+18 -0.614449 -53.4234 -6.67792 
0.32 -52.8651 -6.60814 8 0.0245 0.951 8.65931e+18 -0.661399 -53.4234 -6.67792 
0.34 -52.7969 -6.59961 8 0.0251563 0.949688 8.86741e+18 -0.700783 -53.4234 -6.67792 
0.36 -52.6502 -6.58128 8 0.0271562 0.945688 8.79852e+18 -0.766111 -53.4234 -6.67792 
0.38 -52.5663 -6.57079 8 0.0278906 0.944219 8.51923e+18 -0.79213 -53.4234 -6.67792 
0.4 -52.4909 -6.56137 8 0.02875 0.9425 8.56361e+18 -0.812239 -53.4234 -6.67792 
0.42 -52.3369 -6.54212 8 0.0309375 0.938125 8.34456e+18 -0.885579 -53.4234 -6.67792 
0.44 -52.1489 -6.51861 8 0.0325156 0.934969 8.50453e+18 -0.943889 -53.4234 -6.67792 
0.46 -52.0457 -6.50571 8 0.0342969 0.931406 8.61146e+18 -0.995727 -53.4234 -6.67792 
0.48 -51.9019 -6.48774 8 0.0366406 0.926719 8.78987e+18 -1.04026 -53.4234 -6.67792 
0.5 -51.8358 -6.47947 8 0.0367344 0.926531 8.67343e+18 -1.07099 -53.4234 -6.67792 
0.52 -51.5564 -6.44455 8 0.0403281 0.919344 8.67689e+18 -1.12841 -53.4234 -6.67792 
0.54 -51.6618 -6.45772 8 0.0389375 0.922125 8.2725e+18 -1.10928 -53.4234 -6.67792 
0.56 -51.3312 -6.4164 8 0.0431719 0.913656 8.5077e+18 -1.19433 -53.4234 -6.67792 
0.58 -51.3836 -6.42295 8 0.0422344 0.915531 8.52124e+18 -1.23319 -53.4234 -6.67792 
0.6 -51.1834 -6.39793 8 0.0440469 0.911906 8.60339e+18 -1.26642 -53.4234 -6.67792 
0.62 -51.0822 -6.38528 8 0.0459688 0.908062 8.19208e+18 -1.29579 -53.4234 -6.67792 
0.64 -50.9416 -6.3677 8 0.0475781 0.904844 8.55525e+18 -1.35271 -53.4234 -6.67792 
0.66 -50.7639 -6.34549 8 0.0500469 0.899906 8.20765e+18 -1.38973 -53.4234 -6.67792 
0.68 -50.6647 -6.33309 8 0.0504687 0.899063 8.25377e+18 -1.41615 -53.4234 -6.67792 
0.7 -50.6754 -6.33442 8 0.0501719 0.899656 8.41863e+18 -1.43402 -53.4234 -6.67792 
0.72 -50.5141 -6.31427 8 0.0513906 0.897219 8.19958e+18 -1.46357 -53.4234 -6.67792 
0.74 -50.3144 -6.2893 8 0.05425 0.8915 8.05719e+18 -1.51219 -53.4234 -6.67792 
0.76 -50.2805 -6.28507 8 0.0541563 0.891687 8.44515e+18 -1.5385 -53.4234 -6.67792 
0.78 -50.2208 -6.2776 8 0.0551406 0.889719 7.92086e+18 -1.55751 -53.4234 -6.67792 
0.8 -50.0653 -6.25816 8 0.0563125 0.887375 8.36243e+18 -1.5864 -53.4234 -6.67792 
0.82 -50.0132 -6.25165 8 0.0574531 0.885094 8.22379e+18 -1.62264 -53.4234 -6.67792 
0.84 -49.9763 -6.24704 8 0.0577188 0.884563 8.03385e+18 -1.63518 -53.4234 -6.67792 
0.86 -49.8835 -6.23544 8 0.0583437 0.883313 8.15058e+18 -1.64181 -53.4234 -6.67792 
0.88 -49.8262 -6.22828 8 0.0598906 0.880219 7.8831e+18 -1.67603 -53.4234 -6.67792 
0.9 -49.7308 -6.21635 8 0.06075 0.8785 8.17047e+18 -1.67774 -53.4234 -6.67792 
0.92 -49.7594 -6.21993 8 0.0595781 0.880844 8.3705e+18 -1.71368 -53.4234 -6.67792 
0.94 -49.6532 -6.20665 8 0.0607969 0.878406 8.60829e+18 -1.74099 -53.4234 -6.67792 
0.96 -49.5003 -6.18754 8 0.063125 0.87375 7.85802e+18 -1.76723 -53.4234 -6.67792 
0.98 -49.506 -6.18826 8 0.0620156 0.875969 8.09956e+18 -1.78004 -53.4234 -6.67792 
