#ClusterEigenvalue -22.8338
# g emean emean / nmean nmean domean / config->nTotalSites s2mean / config->nTotalSites staggmag / config->nTotalSites epert / config->nTotalSites ess->getGroundStateEnergy() * config->nClusters ess->getGroundStateEnergy() * config->nClusters / nmean 
0 -45.6677 -5.70846 8 0.0177656 0.964469 8.89133e+18 0 -45.6677 -5.70846 
0.02 -45.7068 -5.71335 8 0.0183906 0.963219 8.94177e+18 -0.0447132 -45.6677 -5.70846 
0.04 -45.7292 -5.71615 8 0.0182187 0.963562 8.98385e+18 -0.0769939 -45.6677 -5.70846 
0.06 -45.7509 -5.71886 8 0.0187969 0.962406 8.66334e+18 -0.128289 -45.6677 -5.70846 
0.08 -45.7586 -5.71982 8 0.0178125 0.964375 8.94235e+18 -0.179614 -45.6677 -5.70846 
0.1 -45.755 -5.71938 8 0.0187344 0.962531 8.65931e+18 -0.209179 -45.6677 -5.70846 
0.12 -45.7527 -5.71909 8 0.0193594 0.961281 8.98702e+18 -0.248639 -45.6677 -5.70846 
0.14 -45.7322 -5.71653 8 0.0196719 0.960656 8.91612e+18 -0.277786 -45.6677 -5.70846 
0.16 -45.7105 -5.71381 8 0.0203438 0.959313 8.9386e+18 -0.332085 -45.6677 -5.70846 
0.18 -45.6842 -5.71053 8 0.0228594 0.954281 8.73799e+18 -0.372899 -45.6677 -5.70846 
0.2 -45.6372 -5.70465 8 0.0223281 0.955344 8.80111e+18 -0.411697 -45.6677 -5.70846 
0.22 -45.5995 -5.69994 8 0.0234219 0.953156 8.6619e+18 -0.444425 -45.6677 -5.70846 
0.24 -45.5626 -5.69533 8 0.0241875 0.951625 8.79276e+18 -0.480267 -45.6677 -5.70846 
0.26 -45.4977 -5.68722 8 0.0256875 0.948625 8.67746e+18 -0.52796 -45.6677 -5.70846 
0.28 -45.419 -5.67738 8 0.0264219 0.947156 8.77172e+18 -0.594521 -45.6677 -5.70846 
0.3 -45.3196 -5.66496 8 0.0299844 0.940031 8.363e+18 -0.623768 -45.6677 -5.70846 
0.32 -45.3267 -5.66584 8 0.0285 0.943 8.80688e+18 -0.646574 -45.6677 -5.70846 
0.34 -45.2146 -5.65182 8 0.0300937 0.939812 8.78151e+18 -0.697546 -45.6677 -5.70846 
0.36 -45.0714 -5.63393 8 0.0320938 0.935812 8.67689e+18 -0.765469 -45.6677 -5.70846 
0.38 -45.0005 -5.62507 8 0.0332344 0.933531 8.5639e+18 -0.809843 -45.6677 -5.70846 
0.4 -44.9499 -5.61874 8 0.0341094 0.931781 8.53767e+18 -0.847198 -45.6677 -5.70846 
0.42 -44.8292 -5.60365 8 0.036125 0.92775 8.59589e+18 -0.895882 -45.6677 -5.70846 
0.44 -44.8134 -5.60168 8 0.0352969 0.929406 8.39154e+18 -0.906107 -45.6677 -5.70846 
0.46 -44.6543 -5.58179 8 0.0386562 0.922687 8.40739e+18 -0.953762 -45.6677 -5.70846 
0.48 -44.5616 -5.5702 8 0.0402031 0.919594 8.47714e+18 -0.980223 -45.6677 -5.70846 
0.5 -44.4977 -5.56222 8 0.0417344 0.916531 8.48118e+18 -1.05253 -45.6677 -5.70846 
0.52 -44.3616 -5.5452 8 0.0434531 0.913094 8.52499e+18 -1.07231 -45.6677 -5.70846 
0.54 -44.138 -5.51725 8 0.0452969 0.909406 8.63423e+18 -1.1585 -45.6677 -5.70846 
0.56 -44.2539 -5.53174 8 0.0439375 0.912125 8.58148e+18 -1.14312 -45.6677 -5.70846 
0.58 -44.0665 -5.50831 8 0.0463906 0.907219 8.31919e+18 -1.21006 -45.6677 -5.70846 
0.6 -43.9379 -5.49224 8 0.0490156 0.901969 8.14395e+18 -1.26926 -45.6677 -5.70846 
0.62 -43.8457 -5.48071 8 0.0495313 0.900937 8.28778e+18 -1.28518 -45.6677 -5.70846 
0.64 -43.7595 -5.46993 8 0.0518281 0.896344 8.05114e+18 -1.32845 -45.6677 -5.70846 
0.66 -43.7142 -5.46427 8 0.0514687 0.897063 8.16643e+18 -1.3437 -45.6677 -5.70846 
0.68 -43.5744 -5.44679 8 0.0543125 0.891375 8.30075e+18 -1.38976 -45.6677 -5.70846 
0.7 -43.4607 -5.43259 8 0.0549531 0.890094 8.02347e+18 -1.43527 -45.6677 -5.70846 
0.72 -43.3216 -5.4152 8 0.0561875 0.887625 8.3362e+18 -1.49338 -45.6677 -5.70846 
0.74 -43.359 -5.41988 8 0.0555312 0.888937 8.03932e+18 -1.47839 -45.6677 -5.70846 
0.76 -43.1715 -5.39644 8 0.0587344 0.882531 8.14078e+18 -1.52649 -45.6677 -5.70846 
0.78 -43.0985 -5.38731 8 0.0596719 0.880656 8.11657e+18 -1.55695 -45.6677 -5.70846 
0.8 -43.0738 -5.38422 8 0.0590312 0.881938 8.13213e+18 -1.56159 -45.6677 -5.70846 
0.82 -42.9806 -5.37258 8 0.0616406 0.876719 8.05344e+18 -1.61812 -45.6677 -5.70846 
0.84 -42.9156 -5.36445 8 0.0624062 0.875188 8.27365e+18 -1.6202 -45.6677 -5.70846 
0.86 -42.7613 -5.34516 8 0.0640625 0.871875 8.02895e+18 -1.65934 -45.6677 -5.70846 
0.88 -42.8237 -5.35297 8 0.0634844 0.873031 7.9517e+18 -1.68001 -45.6677 -5.70846 
0.9 -42.6912 -5.3364 8 0.064875 0.87025 7.74244e+18 -1.68878 -45.6677 -5.70846 
0.92 -42.6854 -5.33568 8 0.0650937 0.869813 7.97879e+18 -1.71761 -45.6677 -5.70846 
0.94 -42.6993 -5.33741 8 0.0649219 0.870156 8.23186e+18 -1.71937 -45.6677 -5.70846 
0.96 -42.6267 -5.32833 8 0.0654375 0.869125 7.88137e+18 -1.7275 -45.6677 -5.70846 
0.98 -42.4942 -5.31177 8 0.0675156 0.864969 7.78539e+18 -1.77163 -45.6677 -5.70846 
