#ClusterEigenvalue -15.2565
# g emean emean / nmean nmean domean / config->nTotalSites s2mean / config->nTotalSites staggmag / config->nTotalSites epert / config->nTotalSites ess->getGroundStateEnergy() * config->nClusters ess->getGroundStateEnergy() * config->nClusters / nmean 
0 -30.513 -3.81413 8 0.0401406 0.919719 8.3558e+18 0 -30.513 -3.81413 
0.02 -30.576 -3.822 8 0.0391094 0.921781 8.53306e+18 -0.0697015 -30.513 -3.81413 
0.04 -30.5737 -3.82171 8 0.0385781 0.922844 8.5737e+18 -0.0682686 -30.513 -3.81413 
0.06 -30.6025 -3.82532 8 0.0389531 0.922094 8.58523e+18 -0.11125 -30.513 -3.81413 
0.08 -30.6385 -3.82982 8 0.0393906 0.921219 8.53998e+18 -0.18836 -30.513 -3.81413 
0.1 -30.6534 -3.83168 8 0.0392813 0.921438 8.61059e+18 -0.22807 -30.513 -3.81413 
0.12 -30.6574 -3.83217 8 0.0395 0.921 8.50798e+18 -0.247356 -30.513 -3.81413 
0.14 -30.6611 -3.83263 8 0.0415156 0.916969 8.51778e+18 -0.265255 -30.513 -3.81413 
0.16 -30.6576 -3.83221 8 0.0427031 0.914594 8.43823e+18 -0.323733 -30.513 -3.81413 
0.18 -30.658 -3.83225 8 0.0418594 0.916281 8.46331e+18 -0.352523 -30.513 -3.81413 
0.2 -30.6412 -3.83016 8 0.0434219 0.913156 8.32726e+18 -0.416566 -30.513 -3.81413 
0.22 -30.6344 -3.82931 8 0.0432344 0.913531 8.45581e+18 -0.453373 -30.513 -3.81413 
0.24 -30.608 -3.826 8 0.0454219 0.909156 8.26674e+18 -0.502764 -30.513 -3.81413 
0.26 -30.5906 -3.82383 8 0.045875 0.90825 8.31516e+18 -0.520339 -30.513 -3.81413 
0.28 -30.5541 -3.81926 8 0.0466562 0.906687 8.42843e+18 -0.595422 -30.513 -3.81413 
0.3 -30.5315 -3.81644 8 0.0469844 0.906031 8.33793e+18 -0.618819 -30.513 -3.81413 
0.32 -30.492 -3.8115 8 0.049125 0.90175 8.34398e+18 -0.65699 -30.513 -3.81413 
0.34 -30.4708 -3.80885 8 0.0510469 0.897906 8.36963e+18 -0.691575 -30.513 -3.81413 
0.36 -30.4342 -3.80427 8 0.0515156 0.896969 8.21168e+18 -0.741154 -30.513 -3.81413 
0.38 -30.3617 -3.79521 8 0.0544219 0.891156 8.24195e+18 -0.789537 -30.513 -3.81413 
0.4 -30.3794 -3.79743 8 0.053875 0.89225 8.23589e+18 -0.813659 -30.513 -3.81413 
0.42 -30.3167 -3.78959 8 0.0538281 0.892344 8.31718e+18 -0.874525 -30.513 -3.81413 
0.44 -30.2483 -3.78104 8 0.057625 0.88475 7.94882e+18 -0.918155 -30.513 -3.81413 
0.46 -30.2053 -3.77566 8 0.0570313 0.885938 8.11686e+18 -0.952652 -30.513 -3.81413 
0.48 -30.1362 -3.76703 8 0.0589219 0.882156 7.87935e+18 -0.996646 -30.513 -3.81413 
0.5 -30.0896 -3.7612 8 0.0583125 0.883375 8.33735e+18 -1.02708 -30.513 -3.81413 
0.52 -30.0389 -3.75486 8 0.0611719 0.877656 8.02462e+18 -1.09405 -30.513 -3.81413 
0.54 -29.9788 -3.74735 8 0.0615781 0.876844 8.07622e+18 -1.12058 -30.513 -3.81413 
0.56 -29.9048 -3.7381 8 0.0639844 0.872031 8.15951e+18 -1.16612 -30.513 -3.81413 
0.58 -29.8796 -3.73494 8 0.0644531 0.871094 8.21572e+18 -1.17992 -30.513 -3.81413 
0.6 -29.8339 -3.72924 8 0.0651875 0.869625 8.04912e+18 -1.22929 -30.513 -3.81413 
0.62 -29.7045 -3.71307 8 0.0678906 0.864219 7.98196e+18 -1.28803 -30.513 -3.81413 
0.64 -29.6791 -3.70989 8 0.0683281 0.863344 7.87186e+18 -1.30497 -30.513 -3.81413 
0.66 -29.7298 -3.71622 8 0.0688125 0.862375 7.79692e+18 -1.33307 -30.513 -3.81413 
0.68 -29.5812 -3.69765 8 0.0713594 0.857281 8.05056e+18 -1.35604 -30.513 -3.81413 
0.7 -29.4722 -3.68402 8 0.073 0.854 7.74792e+18 -1.42024 -30.513 -3.81413 
0.72 -29.4785 -3.68481 8 0.0735312 0.852937 7.8661e+18 -1.4438 -30.513 -3.81413 
0.74 -29.4248 -3.6781 8 0.0739687 0.852063 7.8978e+18 -1.47181 -30.513 -3.81413 
0.76 -29.4432 -3.6804 8 0.074875 0.85025 7.74273e+18 -1.48583 -30.513 -3.81413 
0.78 -29.3569 -3.66961 8 0.0755469 0.848906 7.95112e+18 -1.52367 -30.513 -3.81413 
0.8 -29.34 -3.6675 8 0.0766719 0.846656 7.78626e+18 -1.54268 -30.513 -3.81413 
0.82 -29.3251 -3.66564 8 0.0776094 0.844781 7.73783e+18 -1.55628 -30.513 -3.81413 
0.84 -29.2163 -3.65203 8 0.0774375 0.845125 7.88281e+18 -1.59101 -30.513 -3.81413 
0.86 -29.1557 -3.64447 8 0.0795625 0.840875 7.81911e+18 -1.61862 -30.513 -3.81413 
0.88 -29.1882 -3.64852 8 0.0779531 0.844094 7.82891e+18 -1.63996 -30.513 -3.81413 
0.9 -29.0844 -3.63555 8 0.0804844 0.839031 7.76262e+18 -1.66125 -30.513 -3.81413 
0.92 -29.0663 -3.63329 8 0.0800937 0.839812 7.64589e+18 -1.69409 -30.513 -3.81413 
0.94 -29.0619 -3.63274 8 0.0808281 0.838344 7.62456e+18 -1.69431 -30.513 -3.81413 
0.96 -28.9813 -3.62267 8 0.0824531 0.835094 7.80211e+18 -1.71307 -30.513 -3.81413 
0.98 -28.9486 -3.61857 8 0.0821094 0.835781 7.66088e+18 -1.72135 -30.513 -3.81413 
