#ClusterEigenvalue -30.6202
# g emean emean / nmean nmean domean / config->nTotalSites s2mean / config->nTotalSites staggmag / config->nTotalSites epert / config->nTotalSites ess->getGroundStateEnergy() * config->nClusters ess->getGroundStateEnergy() * config->nClusters / nmean 
0 -61.2404 -7.65505 8 0.00978125 0.980437 9.11673e+18 0 -61.2404 -7.65505 
0.02 -61.2783 -7.65978 8 0.00978125 0.980437 8.81898e+18 -0.0454706 -61.2404 -7.65505 
0.04 -61.2951 -7.66188 8 0.00954687 0.980906 9.35769e+18 -0.0774737 -61.2404 -7.65505 
0.06 -61.3061 -7.66326 8 0.009875 0.98025 9.0807e+18 -0.117133 -61.2404 -7.65505 
0.08 -61.3023 -7.66279 8 0.0112344 0.977531 8.98731e+18 -0.181948 -61.2404 -7.65505 
0.1 -61.2917 -7.66146 8 0.0121719 0.975656 9.08906e+18 -0.212601 -61.2404 -7.65505 
0.12 -61.274 -7.65924 8 0.0118281 0.976344 8.93082e+18 -0.242401 -61.2404 -7.65505 
0.14 -61.2283 -7.65353 8 0.0125625 0.974875 8.86078e+18 -0.285647 -61.2404 -7.65505 
0.16 -61.2084 -7.65105 8 0.0120625 0.975875 9.0072e+18 -0.303246 -61.2404 -7.65505 
0.18 -61.14 -7.6425 8 0.013625 0.97275 8.78814e+18 -0.368358 -61.2404 -7.65505 
0.2 -61.0725 -7.63406 8 0.0140469 0.971906 8.92361e+18 -0.404936 -61.2404 -7.65505 
0.22 -61.008 -7.626 8 0.0154687 0.969063 9.115e+18 -0.434809 -61.2404 -7.65505 
0.24 -60.8916 -7.61146 8 0.0169219 0.966156 8.83484e+18 -0.498366 -61.2404 -7.65505 
0.26 -60.8109 -7.60137 8 0.0175312 0.964938 9.09424e+18 -0.539626 -61.2404 -7.65505 
0.28 -60.6931 -7.58664 8 0.0197813 0.960437 9.36374e+18 -0.586636 -61.2404 -7.65505 
0.3 -60.6372 -7.57965 8 0.0191094 0.961781 8.88067e+18 -0.616113 -61.2404 -7.65505 
0.32 -60.4494 -7.55618 8 0.0220937 0.955812 8.70427e+18 -0.683666 -61.2404 -7.65505 
0.34 -60.4263 -7.55329 8 0.0215781 0.956844 8.62443e+18 -0.694322 -61.2404 -7.65505 
0.36 -60.2629 -7.53287 8 0.0237344 0.952531 9.02363e+18 -0.761131 -61.2404 -7.65505 
0.38 -60.1923 -7.52403 8 0.0241875 0.951625 8.95993e+18 -0.774608 -61.2404 -7.65505 
0.4 -59.8859 -7.48573 8 0.0270156 0.945969 8.82533e+18 -0.85724 -61.2404 -7.65505 
0.42 -59.8154 -7.47693 8 0.0282969 0.943406 8.48896e+18 -0.870661 -61.2404 -7.65505 
0.44 -59.6667 -7.45833 8 0.0298125 0.940375 8.7648e+18 -0.928161 -61.2404 -7.65505 
0.46 -59.4932 -7.43665 8 0.03075 0.9385 8.77085e+18 -0.982336 -61.2404 -7.65505 
0.48 -59.3051 -7.41314 8 0.0336094 0.932781 8.55122e+18 -1.03075 -61.2404 -7.65505 
0.5 -59.0967 -7.38708 8 0.0357656 0.928469 8.43794e+18 -1.08428 -61.2404 -7.65505 
0.52 -59.0205 -7.37756 8 0.0363438 0.927312 8.44371e+18 -1.12661 -61.2404 -7.65505 
0.54 -58.8745 -7.35932 8 0.0379063 0.924187 8.78238e+18 -1.15675 -61.2404 -7.65505 
0.56 -58.63 -7.32875 8 0.0406719 0.918656 8.17565e+18 -1.23789 -61.2404 -7.65505 
0.58 -58.6883 -7.33603 8 0.0397969 0.920406 8.82965e+18 -1.18016 -61.2404 -7.65505 
0.6 -58.4249 -7.30311 8 0.0422187 0.915563 8.2039e+18 -1.28663 -61.2404 -7.65505 
0.62 -58.3624 -7.2953 8 0.0427344 0.914531 8.53508e+18 -1.28508 -61.2404 -7.65505 
0.64 -58.3262 -7.29078 8 0.043125 0.91375 8.49069e+18 -1.34519 -61.2404 -7.65505 
0.66 -57.916 -7.23949 8 0.0477656 0.904469 8.53911e+18 -1.38711 -61.2404 -7.65505 
0.68 -58.0442 -7.25553 8 0.0456094 0.908781 8.22408e+18 -1.39302 -61.2404 -7.65505 
0.7 -57.841 -7.23013 8 0.0476719 0.904656 8.31487e+18 -1.43973 -61.2404 -7.65505 
0.72 -57.7443 -7.21803 8 0.04825 0.9035 8.53537e+18 -1.47788 -61.2404 -7.65505 
0.74 -57.5868 -7.19835 8 0.050875 0.89825 8.44111e+18 -1.51647 -61.2404 -7.65505 
0.76 -57.419 -7.17738 8 0.05225 0.8955 8.21716e+18 -1.53262 -61.2404 -7.65505 
0.78 -57.4038 -7.17547 8 0.0520313 0.895937 8.55381e+18 -1.53636 -61.2404 -7.65505 
0.8 -57.186 -7.14825 8 0.0540781 0.891844 8.62241e+18 -1.59496 -61.2404 -7.65505 
0.82 -57.2101 -7.15126 8 0.0536719 0.892656 8.3411e+18 -1.61219 -61.2404 -7.65505 
0.84 -56.9602 -7.12002 8 0.05575 0.8885 8.35032e+18 -1.62442 -61.2404 -7.65505 
0.86 -56.9895 -7.12368 8 0.0565625 0.886875 8.03039e+18 -1.64742 -61.2404 -7.65505 
0.88 -56.6354 -7.07943 8 0.0591875 0.881625 8.40624e+18 -1.69098 -61.2404 -7.65505 
0.9 -56.7652 -7.09565 8 0.0578906 0.884219 8.08919e+18 -1.70063 -61.2404 -7.65505 
0.92 -56.7365 -7.09207 8 0.058 0.884 7.86004e+18 -1.72284 -61.2404 -7.65505 
0.94 -56.5064 -7.0633 8 0.0602656 0.879469 8.02837e+18 -1.75231 -61.2404 -7.65505 
0.96 -56.5362 -7.06703 8 0.06025 0.8795 8.12723e+18 -1.74806 -61.2404 -7.65505 
0.98 -56.491 -7.06137 8 0.0600625 0.879875 8.03442e+18 -1.76947 -61.2404 -7.65505 
