#ClusterEigenvalue -11.6574
# g emean emean / nmean nmean domean / config->nTotalSites s2mean / config->nTotalSites staggmag / config->nTotalSites epert / config->nTotalSites ess->getGroundStateEnergy() * config->nClusters ess->getGroundStateEnergy() * config->nClusters / nmean 
0 -23.3148 -2.91435 8 0.0635156 0.872969 8.05892e+18 0 -23.3148 -2.91435 
0.02 -23.357 -2.91962 8 0.0647969 0.870406 8.10331e+18 -0.0447382 -23.3148 -2.91435 
0.04 -23.3824 -2.9228 8 0.0628125 0.874375 7.94997e+18 -0.0745819 -23.3148 -2.91435 
0.06 -23.415 -2.92688 8 0.0662969 0.867406 7.92489e+18 -0.11768 -23.3148 -2.91435 
0.08 -23.4354 -2.92942 8 0.0658438 0.868313 8.05748e+18 -0.145455 -23.3148 -2.91435 
0.1 -23.4583 -2.93229 8 0.0641562 0.871687 7.90616e+18 -0.184743 -23.3148 -2.91435 
0.12 -23.4826 -2.93532 8 0.0645937 0.870813 7.99493e+18 -0.238939 -23.3148 -2.91435 
0.14 -23.5043 -2.93804 8 0.0660938 0.867813 7.9517e+18 -0.291294 -23.3148 -2.91435 
0.16 -23.506 -2.93825 8 0.0670625 0.865875 7.95545e+18 -0.315418 -23.3148 -2.91435 
0.18 -23.5186 -2.93983 8 0.0682656 0.863469 8.05316e+18 -0.380517 -23.3148 -2.91435 
0.2 -23.5232 -2.9404 8 0.06825 0.8635 7.80441e+18 -0.413244 -23.3148 -2.91435 
0.22 -23.5215 -2.94019 8 0.0677031 0.864594 8.00531e+18 -0.437515 -23.3148 -2.91435 
0.24 -23.519 -2.93987 8 0.0695938 0.860812 7.84851e+18 -0.485868 -23.3148 -2.91435 
0.26 -23.5196 -2.93995 8 0.06925 0.8615 7.85255e+18 -0.507049 -23.3148 -2.91435 
0.28 -23.5019 -2.93774 8 0.0712031 0.857594 7.85889e+18 -0.566292 -23.3148 -2.91435 
0.3 -23.4824 -2.9353 8 0.0729219 0.854156 7.89838e+18 -0.635286 -23.3148 -2.91435 
0.32 -23.4855 -2.93568 8 0.0742031 0.851594 7.89521e+18 -0.642875 -23.3148 -2.91435 
0.34 -23.4751 -2.93438 8 0.073125 0.85375 7.85947e+18 -0.677113 -23.3148 -2.91435 
0.36 -23.4452 -2.93065 8 0.0757969 0.848406 7.74071e+18 -0.738811 -23.3148 -2.91435 
0.38 -23.4218 -2.92773 8 0.0762812 0.847437 7.82747e+18 -0.767118 -23.3148 -2.91435 
0.4 -23.402 -2.92525 8 0.0763281 0.847344 7.79634e+18 -0.804815 -23.3148 -2.91435 
0.42 -23.3637 -2.92047 8 0.0787656 0.842469 7.80989e+18 -0.870327 -23.3148 -2.91435 
0.44 -23.3574 -2.91968 8 0.0777656 0.844469 7.87532e+18 -0.880769 -23.3148 -2.91435 
0.46 -23.3034 -2.91292 8 0.0810469 0.837906 7.7116e+18 -0.939386 -23.3148 -2.91435 
0.48 -23.2883 -2.91104 8 0.0800469 0.839906 7.64589e+18 -0.984562 -23.3148 -2.91435 
0.5 -23.263 -2.90787 8 0.0829063 0.834188 7.66088e+18 -1.0148 -23.3148 -2.91435 
0.52 -23.2394 -2.90493 8 0.0844219 0.831156 7.65943e+18 -1.06273 -23.3148 -2.91435 
0.54 -23.1817 -2.89771 8 0.0868437 0.826313 7.70987e+18 -1.10535 -23.3148 -2.91435 
0.56 -23.1579 -2.89474 8 0.0861563 0.827688 7.59401e+18 -1.13803 -23.3148 -2.91435 
0.58 -23.1132 -2.88915 8 0.0869219 0.826156 7.58651e+18 -1.15926 -23.3148 -2.91435 
0.6 -23.091 -2.88637 8 0.0890469 0.821906 7.69835e+18 -1.2072 -23.3148 -2.91435 
0.62 -23.0291 -2.87864 8 0.0907188 0.818562 7.59112e+18 -1.25429 -23.3148 -2.91435 
0.64 -23.0522 -2.88152 8 0.0900625 0.819875 7.49889e+18 -1.26906 -23.3148 -2.91435 
0.66 -22.9583 -2.86979 8 0.0909844 0.818031 7.63897e+18 -1.30863 -23.3148 -2.91435 
0.68 -22.9671 -2.87089 8 0.091 0.818 7.45191e+18 -1.33577 -23.3148 -2.91435 
0.7 -22.8981 -2.86226 8 0.0935781 0.812844 7.4986e+18 -1.39002 -23.3148 -2.91435 
0.72 -22.9081 -2.86351 8 0.0933437 0.813312 7.63148e+18 -1.39436 -23.3148 -2.91435 
0.74 -22.8296 -2.8537 8 0.0937969 0.812406 7.46545e+18 -1.43517 -23.3148 -2.91435 
0.76 -22.8196 -2.85245 8 0.0955938 0.808812 7.42943e+18 -1.44867 -23.3148 -2.91435 
0.78 -22.784 -2.84801 8 0.0959219 0.808156 7.49111e+18 -1.48124 -23.3148 -2.91435 
0.8 -22.755 -2.84438 8 0.0960469 0.807906 7.528e+18 -1.49708 -23.3148 -2.91435 
0.82 -22.6951 -2.83689 8 0.0970781 0.805844 7.41386e+18 -1.53636 -23.3148 -2.91435 
0.84 -22.6588 -2.83235 8 0.0974375 0.805125 7.43606e+18 -1.57107 -23.3148 -2.91435 
0.86 -22.6652 -2.83315 8 0.0982187 0.803562 7.53578e+18 -1.58029 -23.3148 -2.91435 
0.88 -22.6141 -2.82676 8 0.0993281 0.801344 7.3663e+18 -1.61222 -23.3148 -2.91435 
0.9 -22.6204 -2.82755 8 0.0970781 0.805844 7.41934e+18 -1.61711 -23.3148 -2.91435 
0.92 -22.5729 -2.82161 8 0.0998437 0.800313 7.42741e+18 -1.64389 -23.3148 -2.91435 
0.94 -22.597 -2.82462 8 0.0973125 0.805375 7.47093e+18 -1.66556 -23.3148 -2.91435 
0.96 -22.5225 -2.81531 8 0.0987031 0.802594 7.4424e+18 -1.68887 -23.3148 -2.91435 
0.98 -22.5477 -2.81846 8 0.0994531 0.801094 7.4349e+18 -1.68103 -23.3148 -2.91435 
