#ClusterEigenvalue -9.95315
# g emean emean / nmean nmean domean / config->nTotalSites s2mean / config->nTotalSites staggmag / config->nTotalSites epert / config->nTotalSites ess->getGroundStateEnergy() * config->nClusters ess->getGroundStateEnergy() * config->nClusters / nmean 
0 -19.9063 -2.48829 8 0.0848281 0.830344 7.72054e+18 0 -19.9063 -2.48829 
0.02 -19.9377 -2.49221 8 0.0834688 0.833062 7.67154e+18 -0.0325365 -19.9063 -2.48829 
0.04 -19.9724 -2.49656 8 0.0861406 0.827719 7.64099e+18 -0.0713853 -19.9063 -2.48829 
0.06 -20.012 -2.5015 8 0.0863281 0.827344 7.63119e+18 -0.12044 -19.9063 -2.48829 
0.08 -20.0473 -2.50591 8 0.0860781 0.827844 7.68682e+18 -0.167806 -19.9063 -2.48829 
0.1 -20.0639 -2.50798 8 0.0836094 0.832781 7.66808e+18 -0.198585 -19.9063 -2.48829 
0.12 -20.091 -2.51137 8 0.0873281 0.825344 7.70209e+18 -0.250033 -19.9063 -2.48829 
0.14 -20.1035 -2.51294 8 0.0876094 0.824781 7.62744e+18 -0.273744 -19.9063 -2.48829 
0.16 -20.1245 -2.51557 8 0.0879687 0.824063 7.62831e+18 -0.318415 -19.9063 -2.48829 
0.18 -20.1404 -2.51755 8 0.0881562 0.823688 7.45911e+18 -0.369071 -19.9063 -2.48829 
0.2 -20.1478 -2.51847 8 0.0888594 0.822281 7.60669e+18 -0.409806 -19.9063 -2.48829 
0.22 -20.1549 -2.51936 8 0.088125 0.82375 7.69921e+18 -0.455177 -19.9063 -2.48829 
0.24 -20.1614 -2.52017 8 0.0897969 0.820406 7.61361e+18 -0.490855 -19.9063 -2.48829 
0.26 -20.1685 -2.52106 8 0.0910312 0.817937 7.69114e+18 -0.533519 -19.9063 -2.48829 
0.28 -20.1651 -2.52064 8 0.0902031 0.819594 7.5133e+18 -0.561035 -19.9063 -2.48829 
0.3 -20.1674 -2.52092 8 0.0929062 0.814188 7.47381e+18 -0.616642 -19.9063 -2.48829 
0.32 -20.1549 -2.51936 8 0.0935469 0.812906 7.34901e+18 -0.650727 -19.9063 -2.48829 
0.34 -20.1369 -2.51711 8 0.09475 0.8105 7.40435e+18 -0.689999 -19.9063 -2.48829 
0.36 -20.1276 -2.51595 8 0.0945625 0.810875 7.47612e+18 -0.736927 -19.9063 -2.48829 
0.38 -20.1106 -2.51383 8 0.0983594 0.803281 7.43721e+18 -0.784277 -19.9063 -2.48829 
0.4 -20.0985 -2.51231 8 0.0956719 0.808656 7.3738e+18 -0.813291 -19.9063 -2.48829 
0.42 -20.1016 -2.5127 8 0.0989219 0.802156 7.30923e+18 -0.858986 -19.9063 -2.48829 
0.44 -20.0967 -2.51209 8 0.0989063 0.802188 7.32566e+18 -0.864616 -19.9063 -2.48829 
0.46 -20.0645 -2.50806 8 0.0985781 0.802844 7.3859e+18 -0.930506 -19.9063 -2.48829 
0.48 -20.0613 -2.50766 8 0.100437 0.799125 7.32076e+18 -0.95899 -19.9063 -2.48829 
0.5 -20.0274 -2.50342 8 0.101312 0.797375 7.37812e+18 -0.985366 -19.9063 -2.48829 
0.52 -19.9968 -2.4996 8 0.10175 0.7965 7.34757e+18 -1.0396 -19.9063 -2.48829 
0.54 -19.9849 -2.49812 8 0.103141 0.793719 7.39628e+18 -1.08672 -19.9063 -2.48829 
0.56 -19.9637 -2.49546 8 0.103984 0.792031 7.37207e+18 -1.09272 -19.9063 -2.48829 
0.58 -19.9345 -2.49181 8 0.10425 0.7915 7.3444e+18 -1.1518 -19.9063 -2.48829 
0.6 -19.9017 -2.48771 8 0.105203 0.789594 7.23429e+18 -1.18059 -19.9063 -2.48829 
0.62 -19.8883 -2.48604 8 0.108219 0.783562 7.31068e+18 -1.21603 -19.9063 -2.48829 
0.64 -19.8677 -2.48347 8 0.107484 0.785031 7.26398e+18 -1.24667 -19.9063 -2.48829 
0.66 -19.8201 -2.47751 8 0.109906 0.780188 7.24726e+18 -1.29136 -19.9063 -2.48829 
0.68 -19.8337 -2.47921 8 0.107281 0.785438 7.3199e+18 -1.31876 -19.9063 -2.48829 
0.7 -19.7734 -2.47167 8 0.11025 0.7795 7.23458e+18 -1.34867 -19.9063 -2.48829 
0.72 -19.7416 -2.46771 8 0.112359 0.775281 7.24842e+18 -1.37873 -19.9063 -2.48829 
0.74 -19.702 -2.46275 8 0.112266 0.775469 7.13255e+18 -1.40413 -19.9063 -2.48829 
0.76 -19.7101 -2.46376 8 0.111312 0.777375 7.14264e+18 -1.42415 -19.9063 -2.48829 
0.78 -19.6547 -2.45683 8 0.113453 0.773094 7.19192e+18 -1.44722 -19.9063 -2.48829 
0.8 -19.6445 -2.45556 8 0.114672 0.770656 7.06453e+18 -1.47918 -19.9063 -2.48829 
0.82 -19.6312 -2.4539 8 0.115141 0.769719 7.08614e+18 -1.48986 -19.9063 -2.48829 
0.84 -19.5797 -2.44746 8 0.113984 0.772031 7.20461e+18 -1.52134 -19.9063 -2.48829 
0.86 -19.5267 -2.44083 8 0.115609 0.768781 7.05156e+18 -1.56579 -19.9063 -2.48829 
0.88 -19.5569 -2.44461 8 0.115172 0.769656 7.14523e+18 -1.56385 -19.9063 -2.48829 
0.9 -19.5274 -2.44092 8 0.114984 0.770031 7.11439e+18 -1.5861 -19.9063 -2.48829 
0.92 -19.475 -2.43438 8 0.116797 0.766406 7.0726e+18 -1.6154 -19.9063 -2.48829 
0.94 -19.4527 -2.43159 8 0.116141 0.767719 7.13543e+18 -1.62876 -19.9063 -2.48829 
0.96 -19.4355 -2.42943 8 0.114906 0.770187 7.06309e+18 -1.65291 -19.9063 -2.48829 
0.98 -19.3847 -2.42309 8 0.117125 0.76575 7.07836e+18 -1.67194 -19.9063 -2.48829 
