#ClusterEigenvalue -6.87594
# g emean emean / nmean nmean domean / config->nTotalSites s2mean / config->nTotalSites staggmag / config->nTotalSites epert / config->nTotalSites ess->getGroundStateEnergy() * config->nClusters ess->getGroundStateEnergy() * config->nClusters / nmean 
0 -13.7519 -1.71899 8 0.154922 0.690156 6.43532e+18 0 -13.7519 -1.71899 
0.02 -13.7781 -1.72227 8 0.152328 0.695344 6.4555e+18 -0.0263657 -13.7519 -1.71899 
0.04 -13.8434 -1.73043 8 0.151969 0.696063 6.35404e+18 -0.0964286 -13.7519 -1.71899 
0.06 -13.8627 -1.73284 8 0.151813 0.696375 6.36672e+18 -0.120567 -13.7519 -1.71899 
0.08 -13.9005 -1.73756 8 0.151781 0.696437 6.4016e+18 -0.165243 -13.7519 -1.71899 
0.1 -13.9386 -1.74233 8 0.150969 0.698063 6.4823e+18 -0.215574 -13.7519 -1.71899 
0.12 -13.9518 -1.74398 8 0.152484 0.695031 6.39698e+18 -0.233631 -13.7519 -1.71899 
0.14 -13.9828 -1.74785 8 0.152422 0.695156 6.39468e+18 -0.282 -13.7519 -1.71899 
0.16 -14.0024 -1.7503 8 0.153453 0.693094 6.28688e+18 -0.309099 -13.7519 -1.71899 
0.18 -14.0238 -1.75297 8 0.153781 0.692438 6.39093e+18 -0.345907 -13.7519 -1.71899 
0.2 -14.0566 -1.75708 8 0.1515 0.697 6.42235e+18 -0.414617 -13.7519 -1.71899 
0.22 -14.0666 -1.75832 8 0.154094 0.691812 6.33069e+18 -0.422648 -13.7519 -1.71899 
0.24 -14.0869 -1.76086 8 0.154203 0.691594 6.36643e+18 -0.480012 -13.7519 -1.71899 
0.26 -14.1091 -1.76363 8 0.154906 0.690188 6.37277e+18 -0.540413 -13.7519 -1.71899 
0.28 -14.1111 -1.76388 8 0.155813 0.688375 6.30706e+18 -0.544456 -13.7519 -1.71899 
0.3 -14.1272 -1.7659 8 0.155625 0.68875 6.36816e+18 -0.595301 -13.7519 -1.71899 
0.32 -14.1387 -1.76734 8 0.157703 0.684594 6.37335e+18 -0.631999 -13.7519 -1.71899 
0.34 -14.1522 -1.76902 8 0.158438 0.683125 6.22606e+18 -0.68886 -13.7519 -1.71899 
0.36 -14.1521 -1.76901 8 0.159203 0.681594 6.35404e+18 -0.714376 -13.7519 -1.71899 
0.38 -14.1559 -1.76949 8 0.158312 0.683375 6.3843e+18 -0.750452 -13.7519 -1.71899 
0.4 -14.1621 -1.77026 8 0.159187 0.681625 6.24393e+18 -0.773245 -13.7519 -1.71899 
0.42 -14.1605 -1.77006 8 0.157922 0.684156 6.29495e+18 -0.815037 -13.7519 -1.71899 
0.44 -14.1673 -1.77092 8 0.159125 0.68175 6.20819e+18 -0.841607 -13.7519 -1.71899 
0.46 -14.1534 -1.76918 8 0.161375 0.67725 6.29437e+18 -0.890488 -13.7519 -1.71899 
0.48 -14.1501 -1.76877 8 0.162562 0.674875 6.22837e+18 -0.921884 -13.7519 -1.71899 
0.5 -14.1512 -1.76891 8 0.163016 0.673969 6.23759e+18 -0.961935 -13.7519 -1.71899 
0.52 -14.159 -1.76987 8 0.163219 0.673563 6.22693e+18 -0.989625 -13.7519 -1.71899 
0.54 -14.1428 -1.76785 8 0.163594 0.672813 6.17303e+18 -1.02431 -13.7519 -1.71899 
0.56 -14.1271 -1.76589 8 0.162781 0.674438 6.14536e+18 -1.04936 -13.7519 -1.71899 
0.58 -14.1244 -1.76555 8 0.163109 0.673781 6.19436e+18 -1.08155 -13.7519 -1.71899 
0.6 -14.115 -1.76438 8 0.164438 0.671125 6.21396e+18 -1.11911 -13.7519 -1.71899 
0.62 -14.0967 -1.76209 8 0.164188 0.671625 6.16611e+18 -1.16354 -13.7519 -1.71899 
0.64 -14.0838 -1.76048 8 0.164438 0.671125 6.22174e+18 -1.18498 -13.7519 -1.71899 
0.66 -14.0931 -1.76163 8 0.166641 0.666719 6.13239e+18 -1.18757 -13.7519 -1.71899 
0.68 -14.0626 -1.75782 8 0.166063 0.667875 6.11769e+18 -1.24653 -13.7519 -1.71899 
0.7 -14.0612 -1.75764 8 0.164859 0.670281 6.16006e+18 -1.25087 -13.7519 -1.71899 
0.72 -14.0309 -1.75386 8 0.165703 0.668594 6.21511e+18 -1.29224 -13.7519 -1.71899 
0.74 -14.0458 -1.75573 8 0.16525 0.6695 6.14565e+18 -1.29647 -13.7519 -1.71899 
0.76 -14.0123 -1.75154 8 0.167344 0.665312 6.12634e+18 -1.3379 -13.7519 -1.71899 
0.78 -13.9776 -1.74719 8 0.167969 0.664062 6.10011e+18 -1.37212 -13.7519 -1.71899 
0.8 -13.9742 -1.74677 8 0.167609 0.664781 6.12749e+18 -1.39426 -13.7519 -1.71899 
0.82 -13.9604 -1.74505 8 0.169672 0.660656 6.16035e+18 -1.41431 -13.7519 -1.71899 
0.84 -13.939 -1.74238 8 0.169156 0.661687 6.06956e+18 -1.43781 -13.7519 -1.71899 
0.86 -13.9089 -1.73861 8 0.171781 0.656438 6.05053e+18 -1.45516 -13.7519 -1.71899 
0.88 -13.893 -1.73662 8 0.168703 0.662594 6.11308e+18 -1.48085 -13.7519 -1.71899 
0.9 -13.8824 -1.7353 8 0.167703 0.664594 6.12317e+18 -1.49438 -13.7519 -1.71899 
0.92 -13.8666 -1.73333 8 0.169891 0.660219 6.04621e+18 -1.52201 -13.7519 -1.71899 
0.94 -13.8584 -1.73229 8 0.169391 0.661219 6.04707e+18 -1.52627 -13.7519 -1.71899 
0.96 -13.8154 -1.72693 8 0.170234 0.659531 5.98482e+18 -1.55254 -13.7519 -1.71899 
0.98 -13.7867 -1.72333 8 0.169406 0.661188 6.12691e+18 -1.57775 -13.7519 -1.71899 
