#ClusterEigenvalue -24.7681
# g emean emean / nmean nmean domean / config->nTotalSites s2mean / config->nTotalSites staggmag / config->nTotalSites epert / config->nTotalSites ess->getGroundStateEnergy() * config->nClusters ess->getGroundStateEnergy() * config->nClusters / nmean 
0 -49.5361 -6.19202 8 0.0154219 0.969156 8.8553e+18 0 -49.5361 -6.19202 
0.02 -49.5794 -6.19743 8 0.0157344 0.968531 8.78324e+18 -0.050984 -49.5361 -6.19202 
0.04 -49.5997 -6.19996 8 0.0152969 0.969406 8.94292e+18 -0.0859692 -49.5361 -6.19202 
0.06 -49.6164 -6.20205 8 0.0160156 0.967969 9.00835e+18 -0.131086 -49.5361 -6.19202 
0.08 -49.6187 -6.20233 8 0.0160156 0.967969 9.01441e+18 -0.158889 -49.5361 -6.19202 
0.1 -49.617 -6.20212 8 0.0165781 0.966844 8.84867e+18 -0.204499 -49.5361 -6.19202 
0.12 -49.5987 -6.19984 8 0.0162344 0.967531 8.94955e+18 -0.25663 -49.5361 -6.19202 
0.14 -49.6018 -6.20022 8 0.0172188 0.965562 9.10116e+18 -0.255301 -49.5361 -6.19202 
0.16 -49.5523 -6.19404 8 0.0184375 0.963125 8.8798e+18 -0.336812 -49.5361 -6.19202 
0.18 -49.507 -6.18837 8 0.0192969 0.961406 8.70859e+18 -0.392482 -49.5361 -6.19202 
0.2 -49.4527 -6.18159 8 0.0199375 0.960125 8.99221e+18 -0.433501 -49.5361 -6.19202 
0.22 -49.4383 -6.17979 8 0.0202344 0.959531 8.73828e+18 -0.440546 -49.5361 -6.19202 
0.24 -49.3416 -6.1677 8 0.0217656 0.956469 8.97722e+18 -0.497484 -49.5361 -6.19202 
0.26 -49.3105 -6.16381 8 0.0235 0.953 8.83311e+18 -0.533567 -49.5361 -6.19202 
0.28 -49.2279 -6.15348 8 0.0236094 0.952781 8.89681e+18 -0.555045 -49.5361 -6.19202 
0.3 -49.1703 -6.14629 8 0.025 0.95 8.70023e+18 -0.608457 -49.5361 -6.19202 
0.32 -49.1037 -6.13797 8 0.0250937 0.949812 8.45639e+18 -0.648584 -49.5361 -6.19202 
0.34 -49.0083 -6.12604 8 0.0276719 0.944656 8.73684e+18 -0.718522 -49.5361 -6.19202 
0.36 -48.8641 -6.10802 8 0.0298281 0.940344 8.57514e+18 -0.748424 -49.5361 -6.19202 
0.38 -48.8119 -6.10148 8 0.0297813 0.940438 8.87e+18 -0.798575 -49.5361 -6.19202 
0.4 -48.6405 -6.08007 8 0.0314844 0.937031 8.91352e+18 -0.861705 -49.5361 -6.19202 
0.42 -48.5564 -6.06955 8 0.0340937 0.931813 8.49098e+18 -0.907871 -49.5361 -6.19202 
0.44 -48.4228 -6.05285 8 0.0349062 0.930188 8.48204e+18 -0.936263 -49.5361 -6.19202 
0.46 -48.2633 -6.03292 8 0.0371875 0.925625 8.58292e+18 -0.989926 -49.5361 -6.19202 
0.48 -48.2452 -6.03065 8 0.0370469 0.925906 8.68208e+18 -1.01053 -49.5361 -6.19202 
0.5 -48.1819 -6.02274 8 0.0384375 0.923125 8.62962e+18 -1.03776 -49.5361 -6.19202 
0.52 -48.0835 -6.01044 8 0.0400938 0.919813 8.45293e+18 -1.08527 -49.5361 -6.19202 
0.54 -47.8969 -5.98712 8 0.0420937 0.915813 8.30421e+18 -1.14489 -49.5361 -6.19202 
0.56 -47.7291 -5.96614 8 0.0435 0.913 8.133e+18 -1.19722 -49.5361 -6.19202 
0.58 -47.6376 -5.9547 8 0.0440781 0.911844 8.3875e+18 -1.21378 -49.5361 -6.19202 
0.6 -47.5629 -5.94536 8 0.0462188 0.907563 8.38895e+18 -1.2488 -49.5361 -6.19202 
0.62 -47.4151 -5.92688 8 0.0473125 0.905375 8.26443e+18 -1.30355 -49.5361 -6.19202 
0.64 -47.4506 -5.93132 8 0.0475156 0.904969 8.33995e+18 -1.32607 -49.5361 -6.19202 
0.66 -47.2547 -5.90684 8 0.0503281 0.899344 8.20304e+18 -1.38239 -49.5361 -6.19202 
0.68 -47.2714 -5.90893 8 0.0499062 0.900187 8.35724e+18 -1.38317 -49.5361 -6.19202 
0.7 -47.0183 -5.87729 8 0.0537344 0.892531 8.13674e+18 -1.46493 -49.5361 -6.19202 
0.72 -46.9524 -5.86905 8 0.0535781 0.892844 8.16038e+18 -1.46599 -49.5361 -6.19202 
0.74 -46.8153 -5.85192 8 0.05525 0.8895 8.2163e+18 -1.49158 -49.5361 -6.19202 
0.76 -46.7889 -5.84862 8 0.0552656 0.889469 7.92547e+18 -1.52111 -49.5361 -6.19202 
0.78 -46.7731 -5.84663 8 0.0559688 0.888062 8.26126e+18 -1.52469 -49.5361 -6.19202 
0.8 -46.6156 -5.82695 8 0.0577656 0.884469 8.17364e+18 -1.57884 -49.5361 -6.19202 
0.82 -46.4743 -5.80929 8 0.0587031 0.882594 8.1036e+18 -1.61433 -49.5361 -6.19202 
0.84 -46.4222 -5.80278 8 0.0592188 0.881563 8.20967e+18 -1.63091 -49.5361 -6.19202 
0.86 -46.3066 -5.78832 8 0.0615781 0.876844 7.93729e+18 -1.65967 -49.5361 -6.19202 
0.88 -46.4232 -5.8029 8 0.0597813 0.880437 8.26414e+18 -1.64992 -49.5361 -6.19202 
0.9 -46.2697 -5.78371 8 0.0621094 0.875781 8.28778e+18 -1.68831 -49.5361 -6.19202 
0.92 -46.0931 -5.76163 8 0.0643594 0.871281 7.99148e+18 -1.71508 -49.5361 -6.19202 
0.94 -46.1166 -5.76457 8 0.06275 0.8745 8.2725e+18 -1.72394 -49.5361 -6.19202 
0.96 -45.9094 -5.73868 8 0.0651562 0.869688 7.96063e+18 -1.75321 -49.5361 -6.19202 
0.98 -45.9783 -5.74728 8 0.0640156 0.871969 8.03413e+18 -1.76441 -49.5361 -6.19202 
