#ClusterEigenvalue -19.0044
# g emean emean / nmean nmean domean / config->nTotalSites s2mean / config->nTotalSites staggmag / config->nTotalSites epert / config->nTotalSites ess->getGroundStateEnergy() * config->nClusters ess->getGroundStateEnergy() * config->nClusters / nmean 
0 -38.0088 -4.7511 8 0.0266719 0.946656 9.22654e+18 0 -38.0088 -4.75109 
0.02 -38.0441 -4.75551 8 0.0251406 0.949719 8.56678e+18 -0.0388448 -38.0088 -4.75109 
0.04 -38.077 -4.75962 8 0.0255938 0.948813 8.79103e+18 -0.0840768 -38.0088 -4.75109 
0.06 -38.1043 -4.76303 8 0.0266875 0.946625 8.78296e+18 -0.138908 -38.0088 -4.75109 
0.08 -38.1155 -4.76444 8 0.0259844 0.948031 8.82446e+18 -0.162969 -38.0088 -4.75109 
0.1 -38.1187 -4.76484 8 0.0270937 0.945812 8.92102e+18 -0.20883 -38.0088 -4.75109 
0.12 -38.1246 -4.76558 8 0.0275313 0.944937 8.66276e+18 -0.245662 -38.0088 -4.75109 
0.14 -38.1145 -4.76432 8 0.0278594 0.944281 8.85761e+18 -0.284598 -38.0088 -4.75109 
0.16 -38.109 -4.76362 8 0.0278281 0.944344 8.6913e+18 -0.316317 -38.0088 -4.75109 
0.18 -38.0845 -4.76057 8 0.0291406 0.941719 8.57226e+18 -0.3645 -38.0088 -4.75109 
0.2 -38.061 -4.75763 8 0.0307344 0.938531 8.62529e+18 -0.401951 -38.0088 -4.75109 
0.22 -38.0387 -4.75484 8 0.0307187 0.938562 8.461e+18 -0.459534 -38.0088 -4.75109 
0.24 -37.9957 -4.74946 8 0.0312187 0.937562 8.72704e+18 -0.501996 -38.0088 -4.75109 
0.26 -37.9537 -4.74421 8 0.0331406 0.933719 8.55352e+18 -0.544114 -38.0088 -4.75109 
0.28 -37.8949 -4.73686 8 0.0345937 0.930812 8.69879e+18 -0.593507 -38.0088 -4.75109 
0.3 -37.8953 -4.73691 8 0.0342969 0.931406 8.5322e+18 -0.617476 -38.0088 -4.75109 
0.32 -37.8459 -4.73074 8 0.0350156 0.929969 8.6521e+18 -0.657427 -38.0088 -4.75109 
0.34 -37.7766 -4.72208 8 0.0363906 0.927219 8.52413e+18 -0.694218 -38.0088 -4.75109 
0.36 -37.6665 -4.70832 8 0.039 0.922 8.59417e+18 -0.767062 -38.0088 -4.75109 
0.38 -37.6253 -4.70316 8 0.0405781 0.918844 8.4538e+18 -0.804743 -38.0088 -4.75109 
0.4 -37.5452 -4.69315 8 0.04175 0.9165 8.44746e+18 -0.839734 -38.0088 -4.75109 
0.42 -37.4787 -4.68484 8 0.0427656 0.914469 8.38347e+18 -0.883782 -38.0088 -4.75109 
0.44 -37.4336 -4.67919 8 0.0433438 0.913312 8.55958e+18 -0.911815 -38.0088 -4.75109 
0.46 -37.3924 -4.67406 8 0.0446875 0.910625 8.2627e+18 -0.981716 -38.0088 -4.75109 
0.48 -37.2938 -4.66173 8 0.0477188 0.904563 8.32784e+18 -1.01525 -38.0088 -4.75109 
0.5 -37.1981 -4.64976 8 0.0490937 0.901813 8.20361e+18 -1.05013 -38.0088 -4.75109 
0.52 -37.0878 -4.63597 8 0.0499062 0.900187 8.37684e+18 -1.0848 -38.0088 -4.75109 
0.54 -37.105 -4.63812 8 0.049375 0.90125 8.38376e+18 -1.11417 -38.0088 -4.75109 
0.56 -36.9998 -4.62497 8 0.0522813 0.895438 8.30853e+18 -1.17466 -38.0088 -4.75109 
0.58 -36.8615 -4.60769 8 0.0535469 0.892906 8.36704e+18 -1.2277 -38.0088 -4.75109 
0.6 -36.7963 -4.59954 8 0.0551406 0.889719 8.23935e+18 -1.25237 -38.0088 -4.75109 
0.62 -36.7152 -4.58941 8 0.0571094 0.885781 8.08169e+18 -1.29648 -38.0088 -4.75109 
0.64 -36.686 -4.58575 8 0.0570156 0.885969 8.19237e+18 -1.32626 -38.0088 -4.75109 
0.66 -36.5656 -4.5707 8 0.0595 0.881 7.97533e+18 -1.36089 -38.0088 -4.75109 
0.68 -36.5179 -4.56474 8 0.0601562 0.879687 8.12176e+18 -1.39019 -38.0088 -4.75109 
0.7 -36.4766 -4.55958 8 0.0593125 0.881375 8.20332e+18 -1.43405 -38.0088 -4.75109 
0.72 -36.3823 -4.54778 8 0.0615 0.877 7.88397e+18 -1.45486 -38.0088 -4.75109 
0.74 -36.3579 -4.54474 8 0.0619531 0.876094 8.14424e+18 -1.48582 -38.0088 -4.75109 
0.76 -36.215 -4.52687 8 0.0646094 0.870781 7.94939e+18 -1.52409 -38.0088 -4.75109 
0.78 -36.2063 -4.52579 8 0.0647969 0.870406 8.17825e+18 -1.53664 -38.0088 -4.75109 
0.8 -36.2131 -4.52664 8 0.0650937 0.869812 8.14885e+18 -1.54457 -38.0088 -4.75109 
0.82 -36.0057 -4.50071 8 0.0672344 0.865531 7.96409e+18 -1.59818 -38.0088 -4.75109 
0.84 -36.0008 -4.50009 8 0.0677187 0.864563 8.00272e+18 -1.61392 -38.0088 -4.75109 
0.86 -35.8586 -4.48232 8 0.0702187 0.859563 8.05517e+18 -1.64131 -38.0088 -4.75109 
0.88 -35.9183 -4.48979 8 0.0687031 0.862594 7.95343e+18 -1.65082 -38.0088 -4.75109 
0.9 -35.7838 -4.47298 8 0.0716094 0.856781 7.98023e+18 -1.67555 -38.0088 -4.75109 
0.92 -35.7473 -4.46841 8 0.0701563 0.859687 7.90241e+18 -1.70509 -38.0088 -4.75109 
0.94 -35.7622 -4.47028 8 0.0706406 0.858719 7.83814e+18 -1.70669 -38.0088 -4.75109 
0.96 -35.6382 -4.45478 8 0.0728594 0.854281 7.9883e+18 -1.73578 -38.0088 -4.75109 
0.98 -35.5127 -4.43909 8 0.0751719 0.849656 7.9517e+18 -1.76172 -38.0088 -4.75109 
