#ClusterEigenvalue -17.1172
# g emean emean / nmean nmean domean / config->nTotalSites s2mean / config->nTotalSites staggmag / config->nTotalSites epert / config->nTotalSites ess->getGroundStateEnergy() * config->nClusters ess->getGroundStateEnergy() * config->nClusters / nmean 
0 -34.2344 -4.2793 8 0.0312812 0.937438 8.65383e+18 0 -34.2343 -4.27929 
0.02 -34.2599 -4.28248 8 0.0302656 0.939469 8.57139e+18 -0.0266006 -34.2343 -4.27929 
0.04 -34.2919 -4.28648 8 0.0323125 0.935375 8.8063e+18 -0.0659365 -34.2343 -4.27929 
0.06 -34.339 -4.29237 8 0.0321875 0.935625 8.76364e+18 -0.139399 -34.2343 -4.27929 
0.08 -34.3428 -4.29285 8 0.0314062 0.937188 8.57889e+18 -0.157573 -34.2343 -4.27929 
0.1 -34.3514 -4.29393 8 0.0328438 0.934312 8.5541e+18 -0.189802 -34.2343 -4.27929 
0.12 -34.3591 -4.29489 8 0.0324531 0.935094 8.6985e+18 -0.234661 -34.2343 -4.27929 
0.14 -34.3605 -4.29506 8 0.0329531 0.934094 8.49415e+18 -0.279884 -34.2343 -4.27929 
0.16 -34.3548 -4.29435 8 0.0340469 0.931906 8.54545e+18 -0.311295 -34.2343 -4.27929 
0.18 -34.3453 -4.29317 8 0.0352344 0.929531 8.41402e+18 -0.350942 -34.2343 -4.27929 
0.2 -34.3419 -4.29274 8 0.0346406 0.930719 8.5688e+18 -0.391044 -34.2343 -4.27929 
0.22 -34.3045 -4.28806 8 0.03575 0.9285 8.76826e+18 -0.446409 -34.2343 -4.27929 
0.24 -34.2632 -4.2829 8 0.0368906 0.926219 8.39183e+18 -0.501527 -34.2343 -4.27929 
0.26 -34.2594 -4.28243 8 0.0387969 0.922406 8.51923e+18 -0.529055 -34.2343 -4.27929 
0.28 -34.2061 -4.27576 8 0.0386562 0.922687 8.4757e+18 -0.583465 -34.2343 -4.27929 
0.3 -34.1974 -4.27468 8 0.0405625 0.918875 8.55842e+18 -0.604972 -34.2343 -4.27929 
0.32 -34.1306 -4.26632 8 0.0415 0.917 8.55929e+18 -0.6635 -34.2343 -4.27929 
0.34 -34.0683 -4.25853 8 0.0420312 0.915938 8.45322e+18 -0.711237 -34.2343 -4.27929 
0.36 -34.0181 -4.25226 8 0.0449844 0.910031 8.27365e+18 -0.756287 -34.2343 -4.27929 
0.38 -33.9725 -4.24657 8 0.0456563 0.908687 8.26933e+18 -0.782326 -34.2343 -4.27929 
0.4 -33.8925 -4.23656 8 0.0470156 0.905969 8.52758e+18 -0.832541 -34.2343 -4.27929 
0.42 -33.8486 -4.23107 8 0.0481719 0.903656 8.21428e+18 -0.888102 -34.2343 -4.27929 
0.44 -33.8254 -4.22818 8 0.0487969 0.902406 8.49011e+18 -0.9034 -34.2343 -4.27929 
0.46 -33.7248 -4.2156 8 0.0504063 0.899187 8.38549e+18 -0.950184 -34.2343 -4.27929 
0.48 -33.6918 -4.21147 8 0.0515625 0.896875 8.34456e+18 -0.99841 -34.2343 -4.27929 
0.5 -33.5816 -4.1977 8 0.0540781 0.891844 8.035e+18 -1.04902 -34.2343 -4.27929 
0.52 -33.5543 -4.19429 8 0.0553281 0.889344 8.02722e+18 -1.09647 -34.2343 -4.27929 
0.54 -33.4741 -4.18426 8 0.05625 0.8875 8.13386e+18 -1.13923 -34.2343 -4.27929 
0.56 -33.4231 -4.17789 8 0.0577656 0.884469 8.21284e+18 -1.17293 -34.2343 -4.27929 
0.58 -33.3738 -4.17172 8 0.0582812 0.883437 8.29988e+18 -1.19927 -34.2343 -4.27929 
0.6 -33.2723 -4.15903 8 0.0597969 0.880406 8.08429e+18 -1.24041 -34.2343 -4.27929 
0.62 -33.2702 -4.15878 8 0.0600156 0.879969 8.18834e+18 -1.2601 -34.2343 -4.27929 
0.64 -33.2044 -4.15055 8 0.0604844 0.879031 8.07362e+18 -1.30345 -34.2343 -4.27929 
0.66 -33.1145 -4.13932 8 0.0626875 0.874625 8.22206e+18 -1.33333 -34.2343 -4.27929 
0.68 -33.0358 -4.12947 8 0.0646406 0.870719 7.97562e+18 -1.39008 -34.2343 -4.27929 
0.7 -32.9909 -4.12386 8 0.0655781 0.868844 8.0765e+18 -1.40707 -34.2343 -4.27929 
0.72 -32.8605 -4.10756 8 0.067375 0.86525 8.1108e+18 -1.44396 -34.2343 -4.27929 
0.74 -32.8481 -4.10601 8 0.0685469 0.862906 7.80758e+18 -1.48878 -34.2343 -4.27929 
0.76 -32.761 -4.09512 8 0.0687031 0.862594 7.95343e+18 -1.50818 -34.2343 -4.27929 
0.78 -32.7752 -4.0969 8 0.0690156 0.861969 8.0471e+18 -1.53955 -34.2343 -4.27929 
0.8 -32.7186 -4.08983 8 0.0690937 0.861813 7.95718e+18 -1.56433 -34.2343 -4.27929 
0.82 -32.5732 -4.07165 8 0.0728906 0.854219 8.04826e+18 -1.57519 -34.2343 -4.27929 
0.84 -32.6581 -4.08226 8 0.0721563 0.855687 7.88714e+18 -1.59961 -34.2343 -4.27929 
0.86 -32.5022 -4.06277 8 0.0735469 0.852906 7.93585e+18 -1.62209 -34.2343 -4.27929 
0.88 -32.4749 -4.05937 8 0.0755781 0.848844 7.66722e+18 -1.65587 -34.2343 -4.27929 
0.9 -32.4586 -4.05732 8 0.0745156 0.850969 7.86206e+18 -1.67384 -34.2343 -4.27929 
0.92 -32.4418 -4.05522 8 0.0750938 0.849812 7.92172e+18 -1.67722 -34.2343 -4.27929 
0.94 -32.3642 -4.04552 8 0.0749375 0.850125 7.90645e+18 -1.70985 -34.2343 -4.27929 
0.96 -32.35 -4.04376 8 0.076375 0.84725 7.80355e+18 -1.72256 -34.2343 -4.27929 
0.98 -32.2736 -4.0342 8 0.076375 0.84725 7.6456e+18 -1.74308 -34.2343 -4.27929 
