#ClusterEigenvalue -13.4319
# g emean emean / nmean nmean domean / config->nTotalSites s2mean / config->nTotalSites staggmag / config->nTotalSites epert / config->nTotalSites ess->getGroundStateEnergy() * config->nClusters ess->getGroundStateEnergy() * config->nClusters / nmean 
0 -26.8639 -3.35799 8 0.0492187 0.901562 8.40336e+18 0 -26.8639 -3.35798 
0.02 -26.8943 -3.36178 8 0.0495938 0.900813 8.30939e+18 -0.0320491 -26.8639 -3.35798 
0.04 -26.9406 -3.36757 8 0.0496406 0.900719 8.1794e+18 -0.0870036 -26.8639 -3.35798 
0.06 -26.9708 -3.37134 8 0.049375 0.90125 8.42065e+18 -0.13534 -26.8639 -3.35798 
0.08 -26.975 -3.37188 8 0.0495156 0.900969 8.21428e+18 -0.141715 -26.8639 -3.35798 
0.1 -27.0029 -3.37536 8 0.0506562 0.898687 8.22754e+18 -0.20476 -26.8639 -3.35798 
0.12 -27.0215 -3.37768 8 0.0514844 0.897031 8.20621e+18 -0.246296 -26.8639 -3.35798 
0.14 -27.0251 -3.37814 8 0.0525937 0.894813 8.28461e+18 -0.280875 -26.8639 -3.35798 
0.16 -27.033 -3.37913 8 0.0517812 0.896437 8.34773e+18 -0.322399 -26.8639 -3.35798 
0.18 -27.0305 -3.37881 8 0.0532344 0.893531 8.25463e+18 -0.36924 -26.8639 -3.35798 
0.2 -27.0341 -3.37927 8 0.0526563 0.894688 8.11023e+18 -0.402559 -26.8639 -3.35798 
0.22 -27.0291 -3.37864 8 0.0534531 0.893094 8.23128e+18 -0.443072 -26.8639 -3.35798 
0.24 -27.014 -3.37675 8 0.0568437 0.886313 8.21687e+18 -0.488648 -26.8639 -3.35798 
0.26 -27.0041 -3.37551 8 0.0556719 0.888656 8.21716e+18 -0.53908 -26.8639 -3.35798 
0.28 -26.9741 -3.37176 8 0.0572656 0.885469 8.10965e+18 -0.588049 -26.8639 -3.35798 
0.3 -26.9708 -3.37135 8 0.0587969 0.882406 8.20592e+18 -0.610251 -26.8639 -3.35798 
0.32 -26.9215 -3.36518 8 0.0598906 0.880219 8.08256e+18 -0.654933 -26.8639 -3.35798 
0.34 -26.8995 -3.36244 8 0.0605938 0.878812 8.13732e+18 -0.716832 -26.8639 -3.35798 
0.36 -26.8698 -3.35873 8 0.0607969 0.878406 8.12983e+18 -0.752563 -26.8639 -3.35798 
0.38 -26.8563 -3.35704 8 0.0629844 0.874031 8.12666e+18 -0.786416 -26.8639 -3.35798 
0.4 -26.8154 -3.35192 8 0.0637031 0.872594 7.95285e+18 -0.809021 -26.8639 -3.35798 
0.42 -26.7786 -3.34732 8 0.0667656 0.866469 7.83698e+18 -0.861792 -26.8639 -3.35798 
0.44 -26.7675 -3.34594 8 0.0649844 0.870031 8.10734e+18 -0.901757 -26.8639 -3.35798 
0.46 -26.681 -3.33512 8 0.0675156 0.864969 7.96006e+18 -0.949701 -26.8639 -3.35798 
0.48 -26.689 -3.33613 8 0.0691563 0.861687 7.90068e+18 -0.993709 -26.8639 -3.35798 
0.5 -26.68 -3.335 8 0.0683281 0.863344 7.87993e+18 -1.01907 -26.8639 -3.35798 
0.52 -26.5732 -3.32165 8 0.07125 0.8575 7.90414e+18 -1.07161 -26.8639 -3.35798 
0.54 -26.5436 -3.31795 8 0.0719063 0.856187 7.74648e+18 -1.10025 -26.8639 -3.35798 
0.56 -26.5207 -3.31509 8 0.0710781 0.857844 8.04595e+18 -1.13513 -26.8639 -3.35798 
0.58 -26.45 -3.30626 8 0.0755 0.849 7.68105e+18 -1.19729 -26.8639 -3.35798 
0.6 -26.3816 -3.2977 8 0.0756563 0.848688 7.75224e+18 -1.23194 -26.8639 -3.35798 
0.62 -26.3391 -3.29238 8 0.0758281 0.848344 7.7998e+18 -1.27256 -26.8639 -3.35798 
0.64 -26.3115 -3.28894 8 0.0773125 0.845375 7.71449e+18 -1.28366 -26.8639 -3.35798 
0.66 -26.2707 -3.28384 8 0.0789844 0.842031 7.81652e+18 -1.3442 -26.8639 -3.35798 
0.68 -26.2521 -3.28151 8 0.0796562 0.840688 7.6603e+18 -1.35588 -26.8639 -3.35798 
0.7 -26.1384 -3.2673 8 0.081875 0.83625 7.76118e+18 -1.38953 -26.8639 -3.35798 
0.72 -26.1046 -3.26308 8 0.0823594 0.835281 7.79461e+18 -1.42896 -26.8639 -3.35798 
0.74 -26.0841 -3.26052 8 0.0832656 0.833469 7.75657e+18 -1.44697 -26.8639 -3.35798 
0.76 -26.026 -3.25326 8 0.0837344 0.832531 7.63378e+18 -1.48229 -26.8639 -3.35798 
0.78 -26.0073 -3.25091 8 0.0837031 0.832594 7.60525e+18 -1.49931 -26.8639 -3.35798 
0.8 -26.0044 -3.25055 8 0.0838906 0.832219 7.56144e+18 -1.52357 -26.8639 -3.35798 
0.82 -25.9506 -3.24382 8 0.0860469 0.827906 7.65511e+18 -1.55934 -26.8639 -3.35798 
0.84 -25.9326 -3.24158 8 0.0846875 0.830625 7.74014e+18 -1.56343 -26.8639 -3.35798 
0.86 -25.8518 -3.23148 8 0.0888281 0.822344 7.4937e+18 -1.59544 -26.8639 -3.35798 
0.88 -25.8365 -3.22956 8 0.0877344 0.824531 7.53607e+18 -1.62856 -26.8639 -3.35798 
0.9 -25.8497 -3.23121 8 0.0867344 0.826531 7.66981e+18 -1.6302 -26.8639 -3.35798 
0.92 -25.7547 -3.21934 8 0.0902656 0.819469 7.54414e+18 -1.66566 -26.8639 -3.35798 
0.94 -25.7448 -3.2181 8 0.0893437 0.821313 7.69085e+18 -1.6899 -26.8639 -3.35798 
0.96 -25.6942 -3.21177 8 0.0904062 0.819187 7.43519e+18 -1.69277 -26.8639 -3.35798 
0.98 -25.6809 -3.21011 8 0.0903281 0.819344 7.49255e+18 -1.7091 -26.8639 -3.35798 
