#ClusterEigenvalue -28.6629
# g emean emean / nmean nmean domean / config->nTotalSites s2mean / config->nTotalSites staggmag / config->nTotalSites epert / config->nTotalSites ess->getGroundStateEnergy() * config->nClusters ess->getGroundStateEnergy() * config->nClusters / nmean 
0 -57.3257 -7.16572 8 0.0116875 0.976625 9.08877e+18 0 -57.3257 -7.16572 
0.02 -57.3544 -7.1693 8 0.0107812 0.978438 9.14209e+18 -0.0321715 -57.3257 -7.16572 
0.04 -57.3855 -7.17319 8 0.0112969 0.977406 8.86395e+18 -0.0864739 -57.3257 -7.16572 
0.06 -57.3914 -7.17393 8 0.011625 0.97675 8.7942e+18 -0.0959716 -57.3257 -7.16572 
0.08 -57.3933 -7.17416 8 0.0126563 0.974688 8.7256e+18 -0.163506 -57.3257 -7.16572 
0.1 -57.3843 -7.17304 8 0.0123438 0.975312 9.27122e+18 -0.190628 -57.3257 -7.16572 
0.12 -57.3715 -7.17144 8 0.0131406 0.973719 8.91237e+18 -0.234782 -57.3257 -7.16572 
0.14 -57.33 -7.16626 8 0.0145312 0.970938 9.34212e+18 -0.297712 -57.3257 -7.16572 
0.16 -57.3122 -7.16402 8 0.0144062 0.971187 9.22683e+18 -0.314601 -57.3257 -7.16572 
0.18 -57.2523 -7.15654 8 0.0147656 0.970469 8.97319e+18 -0.3751 -57.3257 -7.16572 
0.2 -57.1877 -7.14846 8 0.0161094 0.967781 8.92304e+18 -0.413202 -57.3257 -7.16572 
0.22 -57.1231 -7.14039 8 0.0171562 0.965688 8.76537e+18 -0.462764 -57.3257 -7.16572 
0.24 -57.0163 -7.12704 8 0.0189687 0.962063 9.09511e+18 -0.509469 -57.3257 -7.16572 
0.26 -56.9722 -7.12152 8 0.0198281 0.960344 8.97722e+18 -0.52081 -57.3257 -7.16572 
0.28 -56.8336 -7.1042 8 0.0209531 0.958094 8.89191e+18 -0.599711 -57.3257 -7.16572 
0.3 -56.7592 -7.0949 8 0.0211875 0.957625 8.94638e+18 -0.621067 -57.3257 -7.16572 
0.32 -56.6836 -7.08545 8 0.0225625 0.954875 8.83686e+18 -0.654817 -57.3257 -7.16572 
0.34 -56.5769 -7.07211 8 0.0232969 0.953406 8.66248e+18 -0.717429 -57.3257 -7.16572 
0.36 -56.481 -7.06013 8 0.0248906 0.950219 8.72185e+18 -0.761666 -57.3257 -7.16572 
0.38 -56.2355 -7.02944 8 0.0281875 0.943625 8.38722e+18 -0.814503 -57.3257 -7.16572 
0.4 -56.2015 -7.02518 8 0.0272812 0.945437 8.65671e+18 -0.820838 -57.3257 -7.16572 
0.42 -56.0183 -7.00229 8 0.0298125 0.940375 8.39212e+18 -0.900525 -57.3257 -7.16572 
0.44 -55.9069 -6.98836 8 0.0305781 0.938844 8.67516e+18 -0.909164 -57.3257 -7.16572 
0.46 -55.8024 -6.9753 8 0.0331875 0.933625 8.69505e+18 -0.984555 -57.3257 -7.16572 
0.48 -55.6656 -6.95819 8 0.0335 0.933 8.56938e+18 -0.996188 -57.3257 -7.16572 
0.5 -55.4474 -6.93092 8 0.0367344 0.926531 8.48493e+18 -1.08906 -57.3257 -7.16572 
0.52 -55.3604 -6.92005 8 0.0377656 0.924469 8.51836e+18 -1.11399 -57.3257 -7.16572 
0.54 -55.3152 -6.9144 8 0.0385625 0.922875 8.66593e+18 -1.1299 -57.3257 -7.16572 
0.56 -55.1288 -6.8911 8 0.0398594 0.920281 8.48867e+18 -1.18715 -57.3257 -7.16572 
0.58 -54.8729 -6.85911 8 0.0421719 0.915656 8.4146e+18 -1.22626 -57.3257 -7.16572 
0.6 -54.7731 -6.84664 8 0.0423125 0.915375 8.59359e+18 -1.25414 -57.3257 -7.16572 
0.62 -54.7691 -6.84614 8 0.0445781 0.910844 8.41575e+18 -1.31505 -57.3257 -7.16572 
0.64 -54.6537 -6.83171 8 0.0448125 0.910375 8.24224e+18 -1.32937 -57.3257 -7.16572 
0.66 -54.3647 -6.79559 8 0.0474531 0.905094 8.67083e+18 -1.3788 -57.3257 -7.16572 
0.68 -54.4338 -6.80423 8 0.0464531 0.907094 8.58725e+18 -1.38537 -57.3257 -7.16572 
0.7 -54.2416 -6.7802 8 0.04875 0.9025 8.20822e+18 -1.41639 -57.3257 -7.16572 
0.72 -54.1894 -6.77367 8 0.0494063 0.901188 8.38549e+18 -1.48063 -57.3257 -7.16572 
0.74 -53.9432 -6.74291 8 0.0521406 0.895719 8.27567e+18 -1.50427 -57.3257 -7.16572 
0.76 -53.8252 -6.72815 8 0.0534062 0.893188 8.12666e+18 -1.54961 -57.3257 -7.16572 
0.78 -53.7916 -6.72395 8 0.0533125 0.893375 8.12723e+18 -1.55783 -57.3257 -7.16572 
0.8 -53.6062 -6.70077 8 0.0552344 0.889531 8.24742e+18 -1.58538 -57.3257 -7.16572 
0.82 -53.6433 -6.70541 8 0.0552344 0.889531 8.44371e+18 -1.61599 -57.3257 -7.16572 
0.84 -53.496 -6.687 8 0.0563438 0.887312 8.06469e+18 -1.64803 -57.3257 -7.16572 
0.86 -53.4145 -6.67681 8 0.0574063 0.885188 8.363e+18 -1.66073 -57.3257 -7.16572 
0.88 -53.3059 -6.66324 8 0.0582969 0.883406 8.2186e+18 -1.66656 -57.3257 -7.16572 
0.9 -53.0496 -6.6312 8 0.0607813 0.878437 7.93296e+18 -1.72707 -57.3257 -7.16572 
0.92 -53.2147 -6.65183 8 0.0582656 0.883469 8.09985e+18 -1.70656 -57.3257 -7.16572 
0.94 -53.1493 -6.64367 8 0.0599375 0.880125 7.91884e+18 -1.72753 -57.3257 -7.16572 
0.96 -52.9811 -6.62264 8 0.0618594 0.876281 8.13415e+18 -1.76034 -57.3257 -7.16572 
0.98 -52.8371 -6.60464 8 0.0630469 0.873906 7.74994e+18 -1.7706 -57.3257 -7.16572 
