#ClusterEigenvalue -5.57537
# g emean emean / nmean nmean domean / config->nTotalSites s2mean / config->nTotalSites staggmag / config->nTotalSites epert / config->nTotalSites ess->getGroundStateEnergy() * config->nClusters ess->getGroundStateEnergy() * config->nClusters / nmean 
0 -11.1507 -1.39384 8 0.198031 0.603938 5.65393e+18 0 -11.1507 -1.39384 
0.02 -11.1831 -1.39789 8 0.196859 0.606281 5.59282e+18 -0.032694 -11.1507 -1.39384 
0.04 -11.2281 -1.40351 8 0.200547 0.598906 5.51904e+18 -0.0807203 -11.1507 -1.39384 
0.06 -11.2693 -1.40866 8 0.198188 0.603625 5.55276e+18 -0.125525 -11.1507 -1.39384 
0.08 -11.3011 -1.41263 8 0.197828 0.604344 5.57149e+18 -0.162759 -11.1507 -1.39384 
0.1 -11.3422 -1.41777 8 0.196953 0.606094 5.5859e+18 -0.213473 -11.1507 -1.39384 
0.12 -11.3682 -1.42103 8 0.198109 0.603781 5.52365e+18 -0.24848 -11.1507 -1.39384 
0.14 -11.3856 -1.42321 8 0.20025 0.5995 5.45908e+18 -0.271785 -11.1507 -1.39384 
0.16 -11.4234 -1.42793 8 0.202078 0.595844 5.54988e+18 -0.323847 -11.1507 -1.39384 
0.18 -11.453 -1.43163 8 0.198781 0.602437 5.55939e+18 -0.367854 -11.1507 -1.39384 
0.2 -11.4727 -1.43409 8 0.201953 0.596094 5.55506e+18 -0.399072 -11.1507 -1.39384 
0.22 -11.4833 -1.43541 8 0.198313 0.603375 5.62943e+18 -0.419355 -11.1507 -1.39384 
0.24 -11.5062 -1.43827 8 0.20125 0.5975 5.52538e+18 -0.464679 -11.1507 -1.39384 
0.26 -11.5355 -1.44194 8 0.200828 0.598344 5.43228e+18 -0.520604 -11.1507 -1.39384 
0.28 -11.5541 -1.44426 8 0.199062 0.601875 5.5395e+18 -0.552754 -11.1507 -1.39384 
0.3 -11.5642 -1.44553 8 0.202 0.596 5.59888e+18 -0.589218 -11.1507 -1.39384 
0.32 -11.5779 -1.44724 8 0.202578 0.594844 5.51471e+18 -0.619595 -11.1507 -1.39384 
0.34 -11.5926 -1.44908 8 0.201922 0.596156 5.466e+18 -0.663625 -11.1507 -1.39384 
0.36 -11.6017 -1.45022 8 0.202422 0.595156 5.51125e+18 -0.678155 -11.1507 -1.39384 
0.38 -11.6105 -1.45131 8 0.202172 0.595656 5.53056e+18 -0.722483 -11.1507 -1.39384 
0.4 -11.6222 -1.45277 8 0.201875 0.59625 5.39366e+18 -0.767519 -11.1507 -1.39384 
0.42 -11.6318 -1.45397 8 0.201953 0.596094 5.49021e+18 -0.80049 -11.1507 -1.39384 
0.44 -11.6373 -1.45466 8 0.202484 0.595031 5.52163e+18 -0.847355 -11.1507 -1.39384 
0.46 -11.6366 -1.45457 8 0.205078 0.589844 5.45101e+18 -0.859976 -11.1507 -1.39384 
0.48 -11.635 -1.45438 8 0.205359 0.589281 5.41729e+18 -0.902855 -11.1507 -1.39384 
0.5 -11.6412 -1.45515 8 0.205266 0.589469 5.417e+18 -0.921512 -11.1507 -1.39384 
0.52 -11.6384 -1.4548 8 0.202703 0.594594 5.42334e+18 -0.969969 -11.1507 -1.39384 
0.54 -11.6335 -1.45418 8 0.205984 0.588031 5.36137e+18 -1.01818 -11.1507 -1.39384 
0.56 -11.6293 -1.45367 8 0.204687 0.590625 5.36512e+18 -1.03649 -11.1507 -1.39384 
0.58 -11.6362 -1.45452 8 0.205406 0.589187 5.417e+18 -1.06554 -11.1507 -1.39384 
0.6 -11.6233 -1.45291 8 0.206469 0.587063 5.35273e+18 -1.09224 -11.1507 -1.39384 
0.62 -11.6223 -1.45279 8 0.205031 0.589937 5.38847e+18 -1.09691 -11.1507 -1.39384 
0.64 -11.6205 -1.45257 8 0.204969 0.590062 5.34783e+18 -1.14049 -11.1507 -1.39384 
0.66 -11.5957 -1.44946 8 0.205234 0.589531 5.41037e+18 -1.1812 -11.1507 -1.39384 
0.68 -11.5966 -1.44957 8 0.205672 0.588656 5.48848e+18 -1.19489 -11.1507 -1.39384 
0.7 -11.5863 -1.44828 8 0.205797 0.588406 5.37146e+18 -1.21976 -11.1507 -1.39384 
0.72 -11.5707 -1.44633 8 0.205313 0.589375 5.38357e+18 -1.26247 -11.1507 -1.39384 
0.74 -11.5734 -1.44667 8 0.206 0.588 5.37723e+18 -1.26548 -11.1507 -1.39384 
0.76 -11.5505 -1.44382 8 0.20625 0.5875 5.35273e+18 -1.28711 -11.1507 -1.39384 
0.78 -11.5239 -1.44049 8 0.205766 0.588469 5.45303e+18 -1.32642 -11.1507 -1.39384 
0.8 -11.5246 -1.44057 8 0.207734 0.584531 5.39567e+18 -1.35415 -11.1507 -1.39384 
0.82 -11.5063 -1.43829 8 0.205063 0.589875 5.45447e+18 -1.37115 -11.1507 -1.39384 
0.84 -11.5063 -1.43829 8 0.206859 0.586281 5.41383e+18 -1.39568 -11.1507 -1.39384 
0.86 -11.4802 -1.43502 8 0.208672 0.582656 5.40201e+18 -1.40945 -11.1507 -1.39384 
0.88 -11.4677 -1.43346 8 0.205828 0.588344 5.40807e+18 -1.42668 -11.1507 -1.39384 
0.9 -11.4252 -1.42815 8 0.20575 0.5885 5.42651e+18 -1.46712 -11.1507 -1.39384 
0.92 -11.4267 -1.42833 8 0.207437 0.585125 5.3337e+18 -1.47744 -11.1507 -1.39384 
0.94 -11.4097 -1.42622 8 0.206797 0.586406 5.38616e+18 -1.49784 -11.1507 -1.39384 
0.96 -11.4074 -1.42593 8 0.206906 0.586188 5.39164e+18 -1.49632 -11.1507 -1.39384 
0.98 -11.3747 -1.42183 8 0.207797 0.584406 5.43343e+18 -1.52711 -11.1507 -1.39384 
