#ClusterEigenvalue -32.5826
# g emean emean / nmean nmean domean / config->nTotalSites s2mean / config->nTotalSites staggmag / config->nTotalSites epert / config->nTotalSites ess->getGroundStateEnergy() * config->nClusters ess->getGroundStateEnergy() * config->nClusters / nmean 
0 -65.1653 -8.14566 8 0.00826563 0.983469 9.10923e+18 0 -65.1653 -8.14566 
0.02 -65.1901 -8.14876 8 0.00848438 0.983031 8.98068e+18 -0.0269081 -65.1653 -8.14566 
0.04 -65.2139 -8.15174 8 0.00925 0.9815 9.31445e+18 -0.0669393 -65.1653 -8.14566 
0.06 -65.2265 -8.15331 8 0.00875 0.9825 8.74203e+18 -0.132206 -65.1653 -8.14566 
0.08 -65.2235 -8.15293 8 0.010125 0.97975 8.98183e+18 -0.172116 -65.1653 -8.14566 
0.1 -65.2144 -8.1518 8 0.00951563 0.980969 8.92477e+18 -0.196608 -65.1653 -8.14566 
0.12 -65.1818 -8.14773 8 0.0106094 0.978781 9.17408e+18 -0.240624 -65.1653 -8.14566 
0.14 -65.1335 -8.14169 8 0.0110625 0.977875 9.1983e+18 -0.27545 -65.1653 -8.14566 
0.16 -65.093 -8.13663 8 0.0114844 0.977031 9.26747e+18 -0.331987 -65.1653 -8.14566 
0.18 -65.0487 -8.13109 8 0.013 0.974 8.75702e+18 -0.372147 -65.1653 -8.14566 
0.2 -64.976 -8.122 8 0.0125625 0.974875 9.11759e+18 -0.392566 -65.1653 -8.14566 
0.22 -64.8951 -8.11189 8 0.0146094 0.970781 8.93255e+18 -0.441133 -65.1653 -8.14566 
0.24 -64.7608 -8.0951 8 0.0163438 0.967313 8.96022e+18 -0.496074 -65.1653 -8.14566 
0.26 -64.6761 -8.08451 8 0.0163281 0.967344 8.78411e+18 -0.522146 -65.1653 -8.14566 
0.28 -64.5894 -8.07368 8 0.0174531 0.965094 8.98356e+18 -0.563013 -65.1653 -8.14566 
0.3 -64.4809 -8.06011 8 0.0185 0.963 8.84031e+18 -0.617569 -65.1653 -8.14566 
0.32 -64.2745 -8.03431 8 0.0208281 0.958344 8.87375e+18 -0.674603 -65.1653 -8.14566 
0.34 -64.2224 -8.0278 8 0.0209844 0.958031 9.16832e+18 -0.701039 -65.1653 -8.14566 
0.36 -64.054 -8.00675 8 0.0234844 0.953031 8.62126e+18 -0.734995 -65.1653 -8.14566 
0.38 -63.9225 -7.99031 8 0.0241719 0.951656 8.80688e+18 -0.783269 -65.1653 -8.14566 
0.4 -63.7301 -7.96626 8 0.0260938 0.947812 8.99769e+18 -0.855217 -65.1653 -8.14566 
0.42 -63.5144 -7.9393 8 0.02825 0.9435 8.69908e+18 -0.904783 -65.1653 -8.14566 
0.44 -63.4673 -7.93341 8 0.0290156 0.941969 9.01441e+18 -0.928337 -65.1653 -8.14566 
0.46 -63.2155 -7.90193 8 0.0312344 0.937531 8.46706e+18 -0.995635 -65.1653 -8.14566 
0.48 -63.0048 -7.8756 8 0.0332656 0.933469 8.33274e+18 -1.04844 -65.1653 -8.14566 
0.5 -63.0116 -7.87645 8 0.0327031 0.934594 8.65037e+18 -1.0608 -65.1653 -8.14566 
0.52 -62.8245 -7.85306 8 0.0341875 0.931625 8.58033e+18 -1.10771 -65.1653 -8.14566 
0.54 -62.5958 -7.82448 8 0.0363125 0.927375 8.20707e+18 -1.17019 -65.1653 -8.14566 
0.56 -62.457 -7.80713 8 0.0379062 0.924188 8.81495e+18 -1.19012 -65.1653 -8.14566 
0.58 -62.3591 -7.79489 8 0.0391563 0.921687 8.40682e+18 -1.22474 -65.1653 -8.14566 
0.6 -62.214 -7.77676 8 0.0403125 0.919375 8.38116e+18 -1.27463 -65.1653 -8.14566 
0.62 -62.0236 -7.75296 8 0.0416875 0.916625 8.5224e+18 -1.31032 -65.1653 -8.14566 
0.64 -61.7887 -7.72359 8 0.0434844 0.913031 8.27048e+18 -1.32978 -65.1653 -8.14566 
0.66 -61.5616 -7.6952 8 0.0459375 0.908125 8.64201e+18 -1.41279 -65.1653 -8.14566 
0.68 -61.5999 -7.69998 8 0.0448594 0.910281 8.5665e+18 -1.38137 -65.1653 -8.14566 
0.7 -61.4183 -7.67729 8 0.0471562 0.905687 8.31112e+18 -1.45262 -65.1653 -8.14566 
0.72 -61.2824 -7.6603 8 0.0486562 0.902687 8.03932e+18 -1.45964 -65.1653 -8.14566 
0.74 -61.1223 -7.64029 8 0.0498594 0.900281 8.29585e+18 -1.50372 -65.1653 -8.14566 
0.76 -60.7232 -7.5904 8 0.0527031 0.894594 8.47599e+18 -1.55679 -65.1653 -8.14566 
0.78 -60.7564 -7.59455 8 0.0534063 0.893188 8.28345e+18 -1.57048 -65.1653 -8.14566 
0.8 -60.7895 -7.59868 8 0.0522656 0.895469 8.20938e+18 -1.5623 -65.1653 -8.14566 
0.82 -60.6644 -7.58305 8 0.0538125 0.892375 8.035e+18 -1.61899 -65.1653 -8.14566 
0.84 -60.5066 -7.56332 8 0.0550781 0.889844 8.33562e+18 -1.63783 -65.1653 -8.14566 
0.86 -60.5255 -7.56569 8 0.0551406 0.889719 8.2065e+18 -1.64258 -65.1653 -8.14566 
0.88 -60.3 -7.5375 8 0.0570469 0.885906 8.07506e+18 -1.68363 -65.1653 -8.14566 
0.9 -60.1973 -7.52466 8 0.0575 0.885 8.49473e+18 -1.70749 -65.1653 -8.14566 
0.92 -60.1214 -7.51517 8 0.0581719 0.883656 7.90011e+18 -1.7281 -65.1653 -8.14566 
0.94 -60.1555 -7.51944 8 0.0582656 0.883469 8.12377e+18 -1.73588 -65.1653 -8.14566 
0.96 -59.9606 -7.49507 8 0.0592656 0.881469 8.39932e+18 -1.7531 -65.1653 -8.14566 
0.98 -59.9201 -7.49002 8 0.0605156 0.878969 8.19958e+18 -1.77269 -65.1653 -8.14566 
