#ClusterEigenvalue -8.34743
# g emean emean / nmean nmean domean / config->nTotalSites s2mean / config->nTotalSites staggmag / config->nTotalSites epert / config->nTotalSites ess->getGroundStateEnergy() * config->nClusters ess->getGroundStateEnergy() * config->nClusters / nmean 
0 -16.6949 -2.08686 8 0.115891 0.768219 7.10863e+18 0 -16.6949 -2.08686 
0.02 -16.7266 -2.09082 8 0.113703 0.772594 7.16483e+18 -0.032759 -16.6949 -2.08686 
0.04 -16.759 -2.09488 8 0.1125 0.775 7.17434e+18 -0.0680487 -16.6949 -2.08686 
0.06 -16.8106 -2.10133 8 0.113656 0.772687 7.05012e+18 -0.128371 -16.6949 -2.08686 
0.08 -16.8419 -2.10524 8 0.113437 0.773125 7.1092e+18 -0.169831 -16.6949 -2.08686 
0.1 -16.8693 -2.10866 8 0.114359 0.771281 7.14754e+18 -0.209391 -16.6949 -2.08686 
0.12 -16.8823 -2.11029 8 0.114109 0.771781 7.13399e+18 -0.230105 -16.6949 -2.08686 
0.14 -16.9123 -2.11404 8 0.115703 0.768594 7.14465e+18 -0.280122 -16.6949 -2.08686 
0.16 -16.9377 -2.11721 8 0.116203 0.767594 7.0579e+18 -0.333376 -16.6949 -2.08686 
0.18 -16.9519 -2.11899 8 0.115703 0.768594 7.08297e+18 -0.36271 -16.6949 -2.08686 
0.2 -16.9651 -2.12063 8 0.114094 0.771812 7.09594e+18 -0.391794 -16.6949 -2.08686 
0.22 -16.9815 -2.12269 8 0.115266 0.769469 7.053e+18 -0.437199 -16.6949 -2.08686 
0.24 -16.9894 -2.12368 8 0.11725 0.7655 7.08038e+18 -0.473398 -16.6949 -2.08686 
0.26 -17.0073 -2.12591 8 0.117875 0.76425 7.0357e+18 -0.526569 -16.6949 -2.08686 
0.28 -17.0104 -2.12629 8 0.117531 0.764938 7.04204e+18 -0.554627 -16.6949 -2.08686 
0.3 -17.015 -2.12688 8 0.121828 0.756344 6.92992e+18 -0.593091 -16.6949 -2.08686 
0.32 -17.0138 -2.12672 8 0.119938 0.760125 7.01927e+18 -0.635198 -16.6949 -2.08686 
0.34 -17.0231 -2.12789 8 0.121234 0.757531 6.95558e+18 -0.68266 -16.6949 -2.08686 
0.36 -17.0207 -2.12758 8 0.123016 0.753969 6.88669e+18 -0.707494 -16.6949 -2.08686 
0.38 -17.007 -2.12587 8 0.123453 0.753094 7.08153e+18 -0.745916 -16.6949 -2.08686 
0.4 -17.0118 -2.12647 8 0.123859 0.752281 6.99391e+18 -0.794317 -16.6949 -2.08686 
0.42 -17.0189 -2.12736 8 0.123859 0.752281 6.89591e+18 -0.838358 -16.6949 -2.08686 
0.44 -16.9916 -2.12395 8 0.123844 0.752313 6.98382e+18 -0.886584 -16.6949 -2.08686 
0.46 -16.9858 -2.12323 8 0.126156 0.747688 6.88035e+18 -0.919411 -16.6949 -2.08686 
0.48 -16.9736 -2.1217 8 0.127125 0.74575 6.84057e+18 -0.934784 -16.6949 -2.08686 
0.5 -16.969 -2.12112 8 0.127781 0.744438 6.80829e+18 -0.97567 -16.6949 -2.08686 
0.52 -16.9768 -2.1221 8 0.127062 0.745875 6.90052e+18 -0.995795 -16.6949 -2.08686 
0.54 -16.9361 -2.11701 8 0.130188 0.739625 6.85498e+18 -1.04883 -16.6949 -2.08686 
0.56 -16.9175 -2.11469 8 0.130203 0.739594 6.83452e+18 -1.0794 -16.6949 -2.08686 
0.58 -16.9079 -2.11349 8 0.129469 0.741063 6.82328e+18 -1.10777 -16.6949 -2.08686 
0.6 -16.8943 -2.11178 8 0.130391 0.739219 6.83221e+18 -1.13929 -16.6949 -2.08686 
0.62 -16.866 -2.10825 8 0.130891 0.738219 6.69876e+18 -1.18643 -16.6949 -2.08686 
0.64 -16.8504 -2.1063 8 0.131937 0.736125 6.76592e+18 -1.219 -16.6949 -2.08686 
0.66 -16.8295 -2.10368 8 0.134141 0.731719 6.72211e+18 -1.26268 -16.6949 -2.08686 
0.68 -16.8259 -2.10323 8 0.134969 0.730062 6.71461e+18 -1.27904 -16.6949 -2.08686 
0.7 -16.7964 -2.09955 8 0.136625 0.72675 6.661e+18 -1.30276 -16.6949 -2.08686 
0.72 -16.787 -2.09837 8 0.136359 0.727281 6.67397e+18 -1.32019 -16.6949 -2.08686 
0.74 -16.729 -2.09112 8 0.138172 0.723656 6.59442e+18 -1.37128 -16.6949 -2.08686 
0.76 -16.7184 -2.0898 8 0.136172 0.727656 6.7714e+18 -1.40637 -16.6949 -2.08686 
0.78 -16.7217 -2.09021 8 0.134766 0.730469 6.70712e+18 -1.4026 -16.6949 -2.08686 
0.8 -16.7032 -2.0879 8 0.136453 0.727094 6.73047e+18 -1.42395 -16.6949 -2.08686 
0.82 -16.6435 -2.08044 8 0.13675 0.7265 6.65582e+18 -1.46865 -16.6949 -2.08686 
0.84 -16.6594 -2.08242 8 0.136828 0.726344 6.74286e+18 -1.47941 -16.6949 -2.08686 
0.86 -16.6082 -2.07602 8 0.136391 0.727219 6.71606e+18 -1.52174 -16.6949 -2.08686 
0.88 -16.5886 -2.07357 8 0.138609 0.722781 6.66417e+18 -1.5423 -16.6949 -2.08686 
0.9 -16.5902 -2.07377 8 0.13825 0.7235 6.67887e+18 -1.56043 -16.6949 -2.08686 
0.92 -16.5399 -2.06749 8 0.139156 0.721687 6.63852e+18 -1.58292 -16.6949 -2.08686 
0.94 -16.5284 -2.06605 8 0.140156 0.719687 6.62786e+18 -1.59509 -16.6949 -2.08686 
0.96 -16.5153 -2.06441 8 0.137016 0.725969 6.65582e+18 -1.6081 -16.6949 -2.08686 
0.98 -16.5031 -2.06289 8 0.138266 0.723469 6.67945e+18 -1.62398 -16.6949 -2.08686 
