#ClusterEigenvalue -20.9115
# g emean emean / nmean nmean domean / config->nTotalSites s2mean / config->nTotalSites staggmag / config->nTotalSites epert / config->nTotalSites ess->getGroundStateEnergy() * config->nClusters ess->getGroundStateEnergy() * config->nClusters / nmean 
0 -41.823 -5.22787 8 0.0212188 0.957562 8.84262e+18 0 -41.823 -5.22787 
0.02 -41.8475 -5.23093 8 0.0206563 0.958688 8.84954e+18 -0.0258107 -41.823 -5.22787 
0.04 -41.8905 -5.23631 8 0.021125 0.95775 8.82648e+18 -0.083692 -41.823 -5.22787 
0.06 -41.9045 -5.23806 8 0.0213125 0.957375 8.86625e+18 -0.110677 -41.823 -5.22787 
0.08 -41.9144 -5.23929 8 0.0210938 0.957812 8.72992e+18 -0.125009 -41.823 -5.22787 
0.1 -41.9239 -5.24049 8 0.0217812 0.956437 8.67948e+18 -0.220811 -41.823 -5.22787 
0.12 -41.9218 -5.24022 8 0.021875 0.95625 8.95301e+18 -0.245395 -41.823 -5.22787 
0.14 -41.9053 -5.23816 8 0.0231563 0.953688 8.99653e+18 -0.294703 -41.823 -5.22787 
0.16 -41.8906 -5.23633 8 0.0236875 0.952625 8.74894e+18 -0.343871 -41.823 -5.22787 
0.18 -41.8723 -5.23403 8 0.0255937 0.948813 8.83887e+18 -0.363935 -41.823 -5.22787 
0.2 -41.8423 -5.23029 8 0.0252812 0.949437 8.74116e+18 -0.419856 -41.823 -5.22787 
0.22 -41.7866 -5.22333 8 0.0263125 0.947375 8.60281e+18 -0.4651 -41.823 -5.22787 
0.24 -41.772 -5.2215 8 0.0274063 0.945188 8.75384e+18 -0.481297 -41.823 -5.22787 
0.26 -41.7039 -5.21299 8 0.0285469 0.942906 8.92995e+18 -0.542156 -41.823 -5.22787 
0.28 -41.6338 -5.20422 8 0.0304219 0.939156 8.70946e+18 -0.592127 -41.823 -5.22787 
0.3 -41.6019 -5.20024 8 0.0302812 0.939437 8.63653e+18 -0.624247 -41.823 -5.22787 
0.32 -41.5434 -5.19293 8 0.03275 0.9345 8.64518e+18 -0.65582 -41.823 -5.22787 
0.34 -41.4732 -5.18415 8 0.0333281 0.933344 8.76134e+18 -0.69317 -41.823 -5.22787 
0.36 -41.4731 -5.18414 8 0.0340156 0.931969 8.58494e+18 -0.730845 -41.823 -5.22787 
0.38 -41.3298 -5.16623 8 0.0349687 0.930063 8.43045e+18 -0.791822 -41.823 -5.22787 
0.4 -41.2283 -5.15354 8 0.0373125 0.925375 8.54632e+18 -0.859989 -41.823 -5.22787 
0.42 -41.1838 -5.14797 8 0.0380937 0.923812 8.40682e+18 -0.869729 -41.823 -5.22787 
0.44 -41.0725 -5.13406 8 0.0405313 0.918938 8.43477e+18 -0.932782 -41.823 -5.22787 
0.46 -40.9611 -5.12014 8 0.0417344 0.916531 8.5051e+18 -0.961455 -41.823 -5.22787 
0.48 -40.9048 -5.1131 8 0.0422344 0.915531 8.27279e+18 -1.01183 -41.823 -5.22787 
0.5 -40.7785 -5.09731 8 0.0455313 0.908937 8.35839e+18 -1.05881 -41.823 -5.22787 
0.52 -40.7516 -5.09395 8 0.0457344 0.908531 8.45437e+18 -1.08479 -41.823 -5.22787 
0.54 -40.63 -5.07876 8 0.0458594 0.908281 8.54632e+18 -1.14336 -41.823 -5.22787 
0.56 -40.5687 -5.07109 8 0.0476719 0.904656 7.96496e+18 -1.16839 -41.823 -5.22787 
0.58 -40.4476 -5.05595 8 0.0494531 0.901094 8.59935e+18 -1.21854 -41.823 -5.22787 
0.6 -40.393 -5.04913 8 0.0509063 0.898187 8.35148e+18 -1.25194 -41.823 -5.22787 
0.62 -40.2385 -5.02981 8 0.0535781 0.892844 8.32092e+18 -1.29106 -41.823 -5.22787 
0.64 -40.2085 -5.02606 8 0.0531875 0.893625 8.03067e+18 -1.33485 -41.823 -5.22787 
0.66 -40.0791 -5.00988 8 0.054875 0.89025 8.14568e+18 -1.34926 -41.823 -5.22787 
0.68 -40.0593 -5.00741 8 0.055875 0.88825 8.45091e+18 -1.40141 -41.823 -5.22787 
0.7 -39.9331 -4.99163 8 0.0571875 0.885625 7.95804e+18 -1.42081 -41.823 -5.22787 
0.72 -39.9033 -4.98792 8 0.0580781 0.883844 8.3215e+18 -1.47011 -41.823 -5.22787 
0.74 -39.7132 -4.96415 8 0.0613125 0.877375 7.99465e+18 -1.50212 -41.823 -5.22787 
0.76 -39.6519 -4.95649 8 0.0615781 0.876844 8.10821e+18 -1.5429 -41.823 -5.22787 
0.78 -39.6284 -4.95355 8 0.0614844 0.877031 7.94046e+18 -1.54485 -41.823 -5.22787 
0.8 -39.6185 -4.95232 8 0.0631562 0.873687 8.07045e+18 -1.56302 -41.823 -5.22787 
0.82 -39.5094 -4.93868 8 0.0635469 0.872906 8.3558e+18 -1.61513 -41.823 -5.22787 
0.84 -39.4955 -4.93694 8 0.06375 0.8725 8.08947e+18 -1.62001 -41.823 -5.22787 
0.86 -39.3558 -4.91947 8 0.0656406 0.868719 8.09726e+18 -1.64895 -41.823 -5.22787 
0.88 -39.2403 -4.90504 8 0.0662031 0.867594 8.00041e+18 -1.6795 -41.823 -5.22787 
0.9 -39.2889 -4.91111 8 0.0662188 0.867563 8.15087e+18 -1.68122 -41.823 -5.22787 
0.92 -39.2592 -4.9074 8 0.0668281 0.866344 8.09812e+18 -1.71175 -41.823 -5.22787 
0.94 -39.0658 -4.88323 8 0.0697344 0.860531 7.83151e+18 -1.73986 -41.823 -5.22787 
0.96 -39.1583 -4.89479 8 0.0681563 0.863688 8.11455e+18 -1.73679 -41.823 -5.22787 
0.98 -38.9838 -4.87298 8 0.0701875 0.859625 8.21572e+18 -1.7491 -41.823 -5.22787 
