#ClusterEigenvalue -42.8652
# g emean emean / nmean nmean domean / config->nTotalSites s2mean / config->nTotalSites staggmag / config->nTotalSites epert / config->nTotalSites ess->getGroundStateEnergy() * config->nClusters ess->getGroundStateEnergy() * config->nClusters / nmean 
0 -85.7304 -5.35815 16 0.0310156 0.937969 8.69966e+18 0 -85.7304 -5.35815 
0.01 -85.843 -5.36519 16 0.0314609 0.937078 8.64706e+18 -0.118006 -85.7304 -5.35815 
0.02 -85.9745 -5.3734 16 0.0314219 0.937156 8.82086e+18 -0.270183 -85.7304 -5.35815 
0.03 -86.0647 -5.37904 16 0.0305937 0.938813 8.8027e+18 -0.394407 -85.7304 -5.35815 
0.04 -86.1169 -5.38231 16 0.0298828 0.940234 8.5982e+18 -0.474915 -85.7304 -5.35815 
0.05 -86.2157 -5.38848 16 0.0331953 0.933609 8.55381e+18 -0.630718 -85.7304 -5.35815 
0.06 -86.2847 -5.39279 16 0.0319922 0.936016 8.60786e+18 -0.816496 -85.7304 -5.35815 
0.07 -86.3693 -5.39808 16 0.0328594 0.934281 8.61175e+18 -0.99178 -85.7304 -5.35815 
0.08 -86.3736 -5.39835 16 0.0330703 0.933859 8.57053e+18 -1.10239 -85.7304 -5.35815 
0.09 -86.4037 -5.40023 16 0.0335703 0.932859 8.59878e+18 -1.24513 -85.7304 -5.35815 
0.1 -86.4337 -5.40211 16 0.0344453 0.931109 8.51937e+18 -1.43274 -85.7304 -5.35815 
0.11 -86.4482 -5.40302 16 0.0350937 0.929813 8.60425e+18 -1.62255 -85.7304 -5.35815 
0.12 -86.4453 -5.40283 16 0.03625 0.9275 8.60512e+18 -1.81265 -85.7304 -5.35815 
0.13 -86.3573 -5.39733 16 0.0358828 0.928234 8.63409e+18 -1.88658 -85.7304 -5.35815 
0.14 -86.3704 -5.39815 16 0.0386484 0.922703 8.48723e+18 -2.16592 -85.7304 -5.35815 
0.15 -86.2689 -5.3918 16 0.038875 0.92225 8.47801e+18 -2.31356 -85.7304 -5.35815 
0.16 -86.2572 -5.39108 16 0.0387969 0.922406 8.52658e+18 -2.49617 -85.7304 -5.35815 
0.17 -86.157 -5.38481 16 0.0438594 0.912281 8.42238e+18 -2.92704 -85.7304 -5.35815 
0.18 -86.0501 -5.37813 16 0.0444297 0.911141 8.39255e+18 -3.07931 -85.7304 -5.35815 
0.19 -85.9095 -5.36934 16 0.0446797 0.910641 8.43247e+18 -3.24253 -85.7304 -5.35815 
0.2 -85.7755 -5.36097 16 0.0465938 0.906813 8.37799e+18 -3.56688 -85.7304 -5.35815 
0.21 -85.6335 -5.35209 16 0.0485937 0.902813 8.29945e+18 -3.66436 -85.7304 -5.35815 
0.22 -85.4254 -5.33909 16 0.0521797 0.895641 8.26054e+18 -4.13001 -85.7304 -5.35815 
0.23 -85.1867 -5.32417 16 0.0530781 0.893844 8.26039e+18 -4.25518 -85.7304 -5.35815 
0.24 -84.858 -5.30363 16 0.0546406 0.890719 8.28749e+18 -4.51799 -85.7304 -5.35815 
0.25 -84.8037 -5.30023 16 0.0568984 0.886203 8.15231e+18 -4.71077 -85.7304 -5.35815 
0.26 -84.5666 -5.28541 16 0.0588906 0.882219 8.06987e+18 -4.98166 -85.7304 -5.35815 
0.27 -84.2933 -5.26833 16 0.0610547 0.877891 8.08818e+18 -5.30062 -85.7304 -5.35815 
0.28 -83.9369 -5.24605 16 0.0646016 0.870797 8.06526e+18 -5.60975 -85.7304 -5.35815 
