#ClusterEigenvalue -12
# g emean emean / nmean nmean domean / config->nTotalSites s2mean / config->nTotalSites staggmag / config->nTotalSites epert / config->nTotalSites ess->getGroundStateEnergy() * config->nClusters ess->getGroundStateEnergy() * config->nClusters / nmean 
0 0 0 16 0.1875 0.625 1.06338e+38 0 -24 -1.5 
0.01 0 0 16 0.21875 0.5625 9.57044e+37 0 -24 -1.5 
0.02 0 0 16 0.28125 0.4375 7.44368e+37 0 -24 -1.5 
0.03 0 0 16 0.1875 0.625 1.06338e+38 0 -24 -1.5 
0.04 0 0 16 0.21875 0.5625 9.57044e+37 0 -24 -1.5 
0.05 0 0 16 0.25 0.5 8.50706e+37 0 -24 -1.5 
0.06 0 0 16 0.25 0.5 8.50706e+37 0 -24 -1.5 
0.07 0 0 16 0.15625 0.6875 1.16972e+38 0 -24 -1.5 
0.08 0 0 16 0.21875 0.5625 9.57044e+37 0 -24 -1.5 
0.09 0 0 16 0.3125 0.375 6.38029e+37 0 -24 -1.5 
0.1 0 0 16 0.28125 0.4375 7.44368e+37 0 -24 -1.5 
0.11 0 0 16 0.21875 0.5625 9.57044e+37 0 -24 -1.5 
0.12 0 0 16 0.28125 0.4375 7.44368e+37 0 -24 -1.5 
0.13 0 0 16 0.15625 0.6875 1.16972e+38 0 -24 -1.5 
0.14 0 0 16 0.25 0.5 8.50706e+37 0 -24 -1.5 
0.15 0 0 16 0.21875 0.5625 9.57044e+37 0 -24 -1.5 
0.16 0 0 16 0.21875 0.5625 9.57044e+37 0 -24 -1.5 
0.17 0 0 16 0.28125 0.4375 7.44368e+37 0 -24 -1.5 
0.18 0 0 16 0.28125 0.4375 7.44368e+37 0 -24 -1.5 
0.19 0 0 16 0.25 0.5 8.50706e+37 0 -24 -1.5 
0.2 0 0 16 0.28125 0.4375 7.44368e+37 0 -24 -1.5 
0.21 0 0 16 0.25 0.5 8.50706e+37 0 -24 -1.5 
0.22 0 0 16 0.25 0.5 8.50706e+37 0 -24 -1.5 
0.23 0 0 16 0.34375 0.3125 5.31691e+37 0 -24 -1.5 
0.24 0 0 16 0.28125 0.4375 7.44368e+37 0 -24 -1.5 
0.25 0 0 16 0.25 0.5 8.50706e+37 0 -24 -1.5 
0.26 0 0 16 0.28125 0.4375 7.44368e+37 0 -24 -1.5 
0.27 0 0 16 0.28125 0.4375 7.44368e+37 0 -24 -1.5 
0.28 0 0 16 0.21875 0.5625 9.57044e+37 0 -24 -1.5 
0.29 0 0 16 0.25 0.5 8.50706e+37 0 -24 -1.5 
